Making install in .
make[1]: Entering directory '/home/bert/build_qemu_images/clfs_cross_tools/system/mips64-64/sources/step_12_isl-0.12.2-build'
make[2]: Entering directory '/home/bert/build_qemu_images/clfs_cross_tools/system/mips64-64/sources/step_12_isl-0.12.2-build'
 /bin/mkdir -p '/cross-tools/lib'
 /bin/bash ./libtool   --mode=install /usr/bin/install -c   libisl.la '/cross-tools/lib'
libtool: install: /usr/bin/install -c .libs/libisl.so.10.2.2 /cross-tools/lib/libisl.so.10.2.2
libtool: install: (cd /cross-tools/lib && { ln -s -f libisl.so.10.2.2 libisl.so.10 || { rm -f libisl.so.10 && ln -s libisl.so.10.2.2 libisl.so.10; }; })
libtool: install: (cd /cross-tools/lib && { ln -s -f libisl.so.10.2.2 libisl.so || { rm -f libisl.so && ln -s libisl.so.10.2.2 libisl.so; }; })
libtool: install: /usr/bin/install -c .libs/libisl.lai /cross-tools/lib/libisl.la
libtool: finish: PATH="/cross-tools/bin:/usr/local/sbin:/usr/local/bin:/usr/sbin:/usr/bin:/sbin:/bin:/sbin" ldconfig -n /cross-tools/lib
----------------------------------------------------------------------
Libraries have been installed in:
   /cross-tools/lib

If you ever happen to want to link against installed libraries
in a given directory, LIBDIR, you must either use libtool, and
specify the full pathname of the library, or use the '-LLIBDIR'
flag during linking and do at least one of the following:
   - add LIBDIR to the 'LD_LIBRARY_PATH' environment variable
     during execution
   - add LIBDIR to the 'LD_RUN_PATH' environment variable
     during linking
   - use the '-Wl,-rpath -Wl,LIBDIR' linker flag
   - have your system administrator add LIBDIR to '/etc/ld.so.conf'

See any operating system documentation about shared libraries for
more information, such as the ld(1) and ld.so(8) manual pages.
----------------------------------------------------------------------
/usr/bin/install -c -m 644 ../isl-0.12.2/isl.py /cross-tools/lib/libisl.so.10.2.2-gdb.py
 /bin/mkdir -p '/cross-tools/include/isl'
 /usr/bin/install -c -m 644 include/isl/config.h include/isl/stdint.h '/cross-tools/include/isl'
 /bin/mkdir -p '/cross-tools/lib/pkgconfig'
 /usr/bin/install -c -m 644 isl.pc '/cross-tools/lib/pkgconfig'
 /bin/mkdir -p '/cross-tools/include/isl'
 /usr/bin/install -c -m 644 ../isl-0.12.2/include/isl/aff.h ../isl-0.12.2/include/isl/aff_type.h ../isl-0.12.2/include/isl/arg.h ../isl-0.12.2/include/isl/ast.h ../isl-0.12.2/include/isl/ast_build.h ../isl-0.12.2/include/isl/band.h ../isl-0.12.2/include/isl/blk.h ../isl-0.12.2/include/isl/constraint.h ../isl-0.12.2/include/isl/ctx.h ../isl-0.12.2/include/isl/dim.h ../isl-0.12.2/include/isl/flow.h ../isl-0.12.2/include/isl/id.h ../isl-0.12.2/include/isl/ilp.h ../isl-0.12.2/include/isl/int.h ../isl-0.12.2/include/isl/hash.h ../isl-0.12.2/include/isl/list.h ../isl-0.12.2/include/isl/local_space.h ../isl-0.12.2/include/isl/lp.h ../isl-0.12.2/include/isl/mat.h ../isl-0.12.2/include/isl/map.h ../isl-0.12.2/include/isl/map_type.h ../isl-0.12.2/include/isl/multi.h ../isl-0.12.2/include/isl/obj.h ../isl-0.12.2/include/isl/options.h ../isl-0.12.2/include/isl/point.h ../isl-0.12.2/include/isl/polynomial.h ../isl-0.12.2/include/isl/polynomial_type.h ../isl-0.12.2/include/isl/printer.h ../isl-0.12.2/include/isl/schedule.h ../isl-0.12.2/include/isl/seq.h ../isl-0.12.2/include/isl/set.h ../isl-0.12.2/include/isl/set_type.h ../isl-0.12.2/include/isl/space.h ../isl-0.12.2/include/isl/stream.h ../isl-0.12.2/include/isl/union_map.h ../isl-0.12.2/include/isl/union_map_type.h ../isl-0.12.2/include/isl/union_set.h ../isl-0.12.2/include/isl/union_set_type.h ../isl-0.12.2/include/isl/val.h ../isl-0.12.2/include/isl/val_gmp.h '/cross-tools/include/isl'
 /usr/bin/install -c -m 644 ../isl-0.12.2/include/isl/val_int.h ../isl-0.12.2/include/isl/vec.h ../isl-0.12.2/include/isl/version.h ../isl-0.12.2/include/isl/vertices.h '/cross-tools/include/isl'
make[2]: Leaving directory '/home/bert/build_qemu_images/clfs_cross_tools/system/mips64-64/sources/step_12_isl-0.12.2-build'
make[1]: Leaving directory '/home/bert/build_qemu_images/clfs_cross_tools/system/mips64-64/sources/step_12_isl-0.12.2-build'
Making install in doc
make[1]: Entering directory '/home/bert/build_qemu_images/clfs_cross_tools/system/mips64-64/sources/step_12_isl-0.12.2-build/doc'
make[2]: Entering directory '/home/bert/build_qemu_images/clfs_cross_tools/system/mips64-64/sources/step_12_isl-0.12.2-build/doc'
make[2]: Nothing to be done for 'install-exec-am'.
make[2]: Nothing to be done for 'install-data-am'.
make[2]: Leaving directory '/home/bert/build_qemu_images/clfs_cross_tools/system/mips64-64/sources/step_12_isl-0.12.2-build/doc'
make[1]: Leaving directory '/home/bert/build_qemu_images/clfs_cross_tools/system/mips64-64/sources/step_12_isl-0.12.2-build/doc'
