  CHK     include/generated/uapi/linux/version.h
  INSTALL include/asm-generic (35 files)
  INSTALL include/drm (18 files)
  INSTALL include/linux/byteorder (2 files)
  INSTALL include/linux/caif (2 files)
  INSTALL include/linux/can (5 files)
  INSTALL include/linux/dvb (8 files)
  INSTALL include/linux/hdlc (1 file)
  INSTALL include/linux/hsi (1 file)
  INSTALL include/linux/isdn (1 file)
  INSTALL include/linux/mmc (1 file)
  INSTALL include/linux/netfilter/ipset (4 files)
  INSTALL include/linux/netfilter (85 files)
  INSTALL include/linux/netfilter_arp (2 files)
  INSTALL include/linux/netfilter_bridge (18 files)
  INSTALL include/linux/netfilter_ipv4 (10 files)
  INSTALL include/linux/netfilter_ipv6 (12 files)
  INSTALL include/linux/nfsd (5 files)
  INSTALL include/linux/raid (2 files)
  INSTALL include/linux/spi (1 file)
  INSTALL include/linux/sunrpc (1 file)
  INSTALL include/linux/tc_act (8 files)
  INSTALL include/linux/tc_ematch (4 files)
  INSTALL include/linux/usb (11 files)
  INSTALL include/linux/wimax (1 file)
  INSTALL include/linux (391 files)
  INSTALL include/mtd (5 files)
  INSTALL include/rdma (6 files)
  INSTALL include/scsi/fc (4 files)
  INSTALL include/scsi (3 files)
  INSTALL include/sound (11 files)
  INSTALL include/video (3 files)
  INSTALL include/xen (4 files)
  INSTALL include/uapi (0 file)
  INSTALL include/asm (37 files)
