make: Entering directory '/home/bert/build_qemu_images/clfs_cross_tools/system/alpha/sources/step_7_ncurses-5.9-build/progs'
echo "#ifndef __TRANSFORM_H"					>transform.h
echo "#define __TRANSFORM_H 1"					>>transform.h
echo "#include <progs.priv.h>"					>>transform.h
echo "extern bool same_program(const char *, const char *);"	>>transform.h
sh -c 'if test -n "" ; then echo "#define SUFFIX_IGNORED \"\"">>transform.h; fi'
echo "#define PROG_CAPTOINFO \"`echo captoinfo|   sed 's/$//'|sed 's,x,x,'|sed 's/$//'`\""		>>transform.h
echo "#define PROG_INFOTOCAP \"`echo infotocap|   sed 's/$//'|sed 's,x,x,'|sed 's/$//'`\""		>>transform.h
echo "#define PROG_RESET     \"`echo reset|       sed 's/$//'|sed 's,x,x,'|sed 's/$//'`\""		>>transform.h
echo "#define PROG_INIT      \"`echo init|        sed 's/$//'|sed 's,x,x,'|sed 's/$//'`\""		>>transform.h
echo "#endif /* __TRANSFORM_H */"				>>transform.h
gcc -I../progs -I../../ncurses-5.9/progs -DHAVE_CONFIG_H  -D_GNU_SOURCE -DNDEBUG -I. -I../include -I../../ncurses-5.9/progs/../include -I/cross-tools/include/ncurses -O2 --param max-inline-insns-single=1200 -c ../../ncurses-5.9/progs/tic.c -o ../objects/tic.o
sh ../../ncurses-5.9/progs/MKtermsort.sh mawk ../../ncurses-5.9/progs/../include/Caps >termsort.c
gcc -I../progs -I../../ncurses-5.9/progs -DHAVE_CONFIG_H  -D_GNU_SOURCE -DNDEBUG -I. -I../include -I../../ncurses-5.9/progs/../include -I/cross-tools/include/ncurses -O2 --param max-inline-insns-single=1200 -c ../../ncurses-5.9/progs/dump_entry.c -o ../objects/dump_entry.o
gcc -I../progs -I../../ncurses-5.9/progs -DHAVE_CONFIG_H  -D_GNU_SOURCE -DNDEBUG -I. -I../include -I../../ncurses-5.9/progs/../include -I/cross-tools/include/ncurses -O2 --param max-inline-insns-single=1200 -c ../../ncurses-5.9/progs/transform.c -o ../objects/transform.o
cd ../ncurses; make 
make[1]: Entering directory '/home/bert/build_qemu_images/clfs_cross_tools/system/alpha/sources/step_7_ncurses-5.9-build/ncurses'
mawk -f ../../ncurses-5.9/ncurses/tinfo/MKcodes.awk bigstrings=1 ../../ncurses-5.9/ncurses/../include/Caps >codes.c
gcc -o make_hash -DHAVE_CONFIG_H -I../ncurses -I../../ncurses-5.9/ncurses -I../../ncurses-5.9/ncurses/../include -I../include -DUSE_BUILD_CC -DHAVE_CONFIG_H -I../ncurses -I../../ncurses-5.9/ncurses  -D_GNU_SOURCE -DNDEBUG -I. -I../include -I../../ncurses-5.9/ncurses/../include -I/cross-tools/include/ncurses -O2 --param max-inline-insns-single=1200 ../../ncurses-5.9/ncurses/tinfo/make_hash.c  
sh -e ../../ncurses-5.9/ncurses/tinfo/MKcaptab.sh mawk 1 ../../ncurses-5.9/ncurses/tinfo/MKcaptab.awk ../../ncurses-5.9/ncurses/../include/Caps > comp_captab.c
sh -e ../../ncurses-5.9/ncurses/tty/MKexpanded.sh "gcc -E" -DHAVE_CONFIG_H -I../ncurses -I../../ncurses-5.9/ncurses  -D_GNU_SOURCE -DNDEBUG -I. -I../include -I../../ncurses-5.9/ncurses/../include -I/cross-tools/include/ncurses > expanded.c
sh -e ../../ncurses-5.9/ncurses/tinfo/MKfallback.sh /cross-tools/share/terminfo ../../ncurses-5.9/misc/terminfo.src /usr/bin/tic  >fallback.c
sh -e ../../ncurses-5.9/ncurses/base/MKlib_gen.sh "gcc -E -DHAVE_CONFIG_H -I../ncurses -I../../ncurses-5.9/ncurses  -D_GNU_SOURCE -DNDEBUG -I. -I../include -I../../ncurses-5.9/ncurses/../include -I/cross-tools/include/ncurses" "mawk" generated <../include/curses.h >lib_gen.c
AWK=mawk sh ../../ncurses-5.9/ncurses/tinfo/MKkeys_list.sh ../../ncurses-5.9/include/Caps | sort >keys.list
mawk -f ../../ncurses-5.9/ncurses/base/MKkeyname.awk bigstrings=1 keys.list > lib_keyname.c
sh -e ../../ncurses-5.9/ncurses/base/MKlib_gen.sh "gcc -E -DHAVE_CONFIG_H -I../ncurses -I../../ncurses-5.9/ncurses  -D_GNU_SOURCE -DNDEBUG -I. -I../include -I../../ncurses-5.9/ncurses/../include -I/cross-tools/include/ncurses" "mawk" implemented <../include/curses.h >link_test.c
mawk -f ../../ncurses-5.9/ncurses/tinfo/MKnames.awk bigstrings=1 ../../ncurses-5.9/ncurses/../include/Caps >names.c
echo | mawk -f ../../ncurses-5.9/ncurses/base/MKunctrl.awk bigstrings=1 >unctrl.c
gcc -o make_keys -DHAVE_CONFIG_H -I../ncurses -I../../ncurses-5.9/ncurses -I../../ncurses-5.9/ncurses/../include -I../include -DUSE_BUILD_CC -DHAVE_CONFIG_H -I../ncurses -I../../ncurses-5.9/ncurses  -D_GNU_SOURCE -DNDEBUG -I. -I../include -I../../ncurses-5.9/ncurses/../include -I/cross-tools/include/ncurses -O2 --param max-inline-insns-single=1200 ../../ncurses-5.9/ncurses/tinfo/make_keys.c  
./make_keys keys.list > init_keytry.h
gcc -DHAVE_CONFIG_H -I../ncurses -I../../ncurses-5.9/ncurses  -D_GNU_SOURCE -DNDEBUG -I. -I../include -I../../ncurses-5.9/ncurses/../include -I/cross-tools/include/ncurses -O2 --param max-inline-insns-single=1200 -c ../../ncurses-5.9/ncurses/tty/hardscroll.c -o ../objects/hardscroll.o
gcc -DHAVE_CONFIG_H -I../ncurses -I../../ncurses-5.9/ncurses  -D_GNU_SOURCE -DNDEBUG -I. -I../include -I../../ncurses-5.9/ncurses/../include -I/cross-tools/include/ncurses -O2 --param max-inline-insns-single=1200 -c ../../ncurses-5.9/ncurses/tty/hashmap.c -o ../objects/hashmap.o
gcc -DHAVE_CONFIG_H -I../ncurses -I../../ncurses-5.9/ncurses  -D_GNU_SOURCE -DNDEBUG -I. -I../include -I../../ncurses-5.9/ncurses/../include -I/cross-tools/include/ncurses -O2 --param max-inline-insns-single=1200 -c ../../ncurses-5.9/ncurses/base/lib_addch.c -o ../objects/lib_addch.o
gcc -DHAVE_CONFIG_H -I../ncurses -I../../ncurses-5.9/ncurses  -D_GNU_SOURCE -DNDEBUG -I. -I../include -I../../ncurses-5.9/ncurses/../include -I/cross-tools/include/ncurses -O2 --param max-inline-insns-single=1200 -c ../../ncurses-5.9/ncurses/base/lib_addstr.c -o ../objects/lib_addstr.o
gcc -DHAVE_CONFIG_H -I../ncurses -I../../ncurses-5.9/ncurses  -D_GNU_SOURCE -DNDEBUG -I. -I../include -I../../ncurses-5.9/ncurses/../include -I/cross-tools/include/ncurses -O2 --param max-inline-insns-single=1200 -c ../../ncurses-5.9/ncurses/base/lib_beep.c -o ../objects/lib_beep.o
gcc -DHAVE_CONFIG_H -I../ncurses -I../../ncurses-5.9/ncurses  -D_GNU_SOURCE -DNDEBUG -I. -I../include -I../../ncurses-5.9/ncurses/../include -I/cross-tools/include/ncurses -O2 --param max-inline-insns-single=1200 -c ../../ncurses-5.9/ncurses/base/lib_bkgd.c -o ../objects/lib_bkgd.o
gcc -DHAVE_CONFIG_H -I../ncurses -I../../ncurses-5.9/ncurses  -D_GNU_SOURCE -DNDEBUG -I. -I../include -I../../ncurses-5.9/ncurses/../include -I/cross-tools/include/ncurses -O2 --param max-inline-insns-single=1200 -c ../../ncurses-5.9/ncurses/base/lib_box.c -o ../objects/lib_box.o
gcc -DHAVE_CONFIG_H -I../ncurses -I../../ncurses-5.9/ncurses  -D_GNU_SOURCE -DNDEBUG -I. -I../include -I../../ncurses-5.9/ncurses/../include -I/cross-tools/include/ncurses -O2 --param max-inline-insns-single=1200 -c ../../ncurses-5.9/ncurses/base/lib_chgat.c -o ../objects/lib_chgat.o
gcc -DHAVE_CONFIG_H -I../ncurses -I../../ncurses-5.9/ncurses  -D_GNU_SOURCE -DNDEBUG -I. -I../include -I../../ncurses-5.9/ncurses/../include -I/cross-tools/include/ncurses -O2 --param max-inline-insns-single=1200 -c ../../ncurses-5.9/ncurses/base/lib_clear.c -o ../objects/lib_clear.o
gcc -DHAVE_CONFIG_H -I../ncurses -I../../ncurses-5.9/ncurses  -D_GNU_SOURCE -DNDEBUG -I. -I../include -I../../ncurses-5.9/ncurses/../include -I/cross-tools/include/ncurses -O2 --param max-inline-insns-single=1200 -c ../../ncurses-5.9/ncurses/base/lib_clearok.c -o ../objects/lib_clearok.o
gcc -DHAVE_CONFIG_H -I../ncurses -I../../ncurses-5.9/ncurses  -D_GNU_SOURCE -DNDEBUG -I. -I../include -I../../ncurses-5.9/ncurses/../include -I/cross-tools/include/ncurses -O2 --param max-inline-insns-single=1200 -c ../../ncurses-5.9/ncurses/base/lib_clrbot.c -o ../objects/lib_clrbot.o
gcc -DHAVE_CONFIG_H -I../ncurses -I../../ncurses-5.9/ncurses  -D_GNU_SOURCE -DNDEBUG -I. -I../include -I../../ncurses-5.9/ncurses/../include -I/cross-tools/include/ncurses -O2 --param max-inline-insns-single=1200 -c ../../ncurses-5.9/ncurses/base/lib_clreol.c -o ../objects/lib_clreol.o
gcc -DHAVE_CONFIG_H -I../ncurses -I../../ncurses-5.9/ncurses  -D_GNU_SOURCE -DNDEBUG -I. -I../include -I../../ncurses-5.9/ncurses/../include -I/cross-tools/include/ncurses -O2 --param max-inline-insns-single=1200 -c ../../ncurses-5.9/ncurses/base/lib_color.c -o ../objects/lib_color.o
gcc -DHAVE_CONFIG_H -I../ncurses -I../../ncurses-5.9/ncurses  -D_GNU_SOURCE -DNDEBUG -I. -I../include -I../../ncurses-5.9/ncurses/../include -I/cross-tools/include/ncurses -O2 --param max-inline-insns-single=1200 -c ../../ncurses-5.9/ncurses/base/lib_colorset.c -o ../objects/lib_colorset.o
gcc -DHAVE_CONFIG_H -I../ncurses -I../../ncurses-5.9/ncurses  -D_GNU_SOURCE -DNDEBUG -I. -I../include -I../../ncurses-5.9/ncurses/../include -I/cross-tools/include/ncurses -O2 --param max-inline-insns-single=1200 -c ../../ncurses-5.9/ncurses/base/lib_delch.c -o ../objects/lib_delch.o
gcc -DHAVE_CONFIG_H -I../ncurses -I../../ncurses-5.9/ncurses  -D_GNU_SOURCE -DNDEBUG -I. -I../include -I../../ncurses-5.9/ncurses/../include -I/cross-tools/include/ncurses -O2 --param max-inline-insns-single=1200 -c ../../ncurses-5.9/ncurses/base/lib_delwin.c -o ../objects/lib_delwin.o
gcc -DHAVE_CONFIG_H -I../ncurses -I../../ncurses-5.9/ncurses  -D_GNU_SOURCE -DNDEBUG -I. -I../include -I../../ncurses-5.9/ncurses/../include -I/cross-tools/include/ncurses -O2 --param max-inline-insns-single=1200 -c ../../ncurses-5.9/ncurses/base/lib_echo.c -o ../objects/lib_echo.o
gcc -DHAVE_CONFIG_H -I../ncurses -I../../ncurses-5.9/ncurses  -D_GNU_SOURCE -DNDEBUG -I. -I../include -I../../ncurses-5.9/ncurses/../include -I/cross-tools/include/ncurses -O2 --param max-inline-insns-single=1200 -c ../../ncurses-5.9/ncurses/base/lib_endwin.c -o ../objects/lib_endwin.o
gcc -DHAVE_CONFIG_H -I../ncurses -I../../ncurses-5.9/ncurses  -D_GNU_SOURCE -DNDEBUG -I. -I../include -I../../ncurses-5.9/ncurses/../include -I/cross-tools/include/ncurses -O2 --param max-inline-insns-single=1200 -c ../../ncurses-5.9/ncurses/base/lib_erase.c -o ../objects/lib_erase.o
gcc -DHAVE_CONFIG_H -I../ncurses -I../../ncurses-5.9/ncurses  -D_GNU_SOURCE -DNDEBUG -I. -I../include -I../../ncurses-5.9/ncurses/../include -I/cross-tools/include/ncurses -O2 --param max-inline-insns-single=1200 -c ../../ncurses-5.9/ncurses/base/lib_flash.c -o ../objects/lib_flash.o
gcc -DHAVE_CONFIG_H -I../ncurses -I../../ncurses-5.9/ncurses  -D_GNU_SOURCE -DNDEBUG -I. -I../include -I../../ncurses-5.9/ncurses/../include -I/cross-tools/include/ncurses -O2 --param max-inline-insns-single=1200 -c ../ncurses/lib_gen.c -o ../objects/lib_gen.o
gcc -DHAVE_CONFIG_H -I../ncurses -I../../ncurses-5.9/ncurses  -D_GNU_SOURCE -DNDEBUG -I. -I../include -I../../ncurses-5.9/ncurses/../include -I/cross-tools/include/ncurses -O2 --param max-inline-insns-single=1200 -c ../../ncurses-5.9/ncurses/base/lib_getch.c -o ../objects/lib_getch.o
gcc -DHAVE_CONFIG_H -I../ncurses -I../../ncurses-5.9/ncurses  -D_GNU_SOURCE -DNDEBUG -I. -I../include -I../../ncurses-5.9/ncurses/../include -I/cross-tools/include/ncurses -O2 --param max-inline-insns-single=1200 -c ../../ncurses-5.9/ncurses/base/lib_getstr.c -o ../objects/lib_getstr.o
gcc -DHAVE_CONFIG_H -I../ncurses -I../../ncurses-5.9/ncurses  -D_GNU_SOURCE -DNDEBUG -I. -I../include -I../../ncurses-5.9/ncurses/../include -I/cross-tools/include/ncurses -O2 --param max-inline-insns-single=1200 -c ../../ncurses-5.9/ncurses/base/lib_hline.c -o ../objects/lib_hline.o
gcc -DHAVE_CONFIG_H -I../ncurses -I../../ncurses-5.9/ncurses  -D_GNU_SOURCE -DNDEBUG -I. -I../include -I../../ncurses-5.9/ncurses/../include -I/cross-tools/include/ncurses -O2 --param max-inline-insns-single=1200 -c ../../ncurses-5.9/ncurses/base/lib_immedok.c -o ../objects/lib_immedok.o
gcc -DHAVE_CONFIG_H -I../ncurses -I../../ncurses-5.9/ncurses  -D_GNU_SOURCE -DNDEBUG -I. -I../include -I../../ncurses-5.9/ncurses/../include -I/cross-tools/include/ncurses -O2 --param max-inline-insns-single=1200 -c ../../ncurses-5.9/ncurses/base/lib_inchstr.c -o ../objects/lib_inchstr.o
gcc -DHAVE_CONFIG_H -I../ncurses -I../../ncurses-5.9/ncurses  -D_GNU_SOURCE -DNDEBUG -I. -I../include -I../../ncurses-5.9/ncurses/../include -I/cross-tools/include/ncurses -O2 --param max-inline-insns-single=1200 -c ../../ncurses-5.9/ncurses/base/lib_initscr.c -o ../objects/lib_initscr.o
gcc -DHAVE_CONFIG_H -I../ncurses -I../../ncurses-5.9/ncurses  -D_GNU_SOURCE -DNDEBUG -I. -I../include -I../../ncurses-5.9/ncurses/../include -I/cross-tools/include/ncurses -O2 --param max-inline-insns-single=1200 -c ../../ncurses-5.9/ncurses/base/lib_insch.c -o ../objects/lib_insch.o
gcc -DHAVE_CONFIG_H -I../ncurses -I../../ncurses-5.9/ncurses  -D_GNU_SOURCE -DNDEBUG -I. -I../include -I../../ncurses-5.9/ncurses/../include -I/cross-tools/include/ncurses -O2 --param max-inline-insns-single=1200 -c ../../ncurses-5.9/ncurses/base/lib_insdel.c -o ../objects/lib_insdel.o
gcc -DHAVE_CONFIG_H -I../ncurses -I../../ncurses-5.9/ncurses  -D_GNU_SOURCE -DNDEBUG -I. -I../include -I../../ncurses-5.9/ncurses/../include -I/cross-tools/include/ncurses -O2 --param max-inline-insns-single=1200 -c ../../ncurses-5.9/ncurses/base/lib_insnstr.c -o ../objects/lib_insnstr.o
gcc -DHAVE_CONFIG_H -I../ncurses -I../../ncurses-5.9/ncurses  -D_GNU_SOURCE -DNDEBUG -I. -I../include -I../../ncurses-5.9/ncurses/../include -I/cross-tools/include/ncurses -O2 --param max-inline-insns-single=1200 -c ../../ncurses-5.9/ncurses/base/lib_instr.c -o ../objects/lib_instr.o
gcc -DHAVE_CONFIG_H -I../ncurses -I../../ncurses-5.9/ncurses  -D_GNU_SOURCE -DNDEBUG -I. -I../include -I../../ncurses-5.9/ncurses/../include -I/cross-tools/include/ncurses -O2 --param max-inline-insns-single=1200 -c ../../ncurses-5.9/ncurses/base/lib_isendwin.c -o ../objects/lib_isendwin.o
gcc -DHAVE_CONFIG_H -I../ncurses -I../../ncurses-5.9/ncurses  -D_GNU_SOURCE -DNDEBUG -I. -I../include -I../../ncurses-5.9/ncurses/../include -I/cross-tools/include/ncurses -O2 --param max-inline-insns-single=1200 -c ../../ncurses-5.9/ncurses/base/lib_leaveok.c -o ../objects/lib_leaveok.o
gcc -DHAVE_CONFIG_H -I../ncurses -I../../ncurses-5.9/ncurses  -D_GNU_SOURCE -DNDEBUG -I. -I../include -I../../ncurses-5.9/ncurses/../include -I/cross-tools/include/ncurses -O2 --param max-inline-insns-single=1200 -c ../../ncurses-5.9/ncurses/base/lib_mouse.c -o ../objects/lib_mouse.o
gcc -DHAVE_CONFIG_H -I../ncurses -I../../ncurses-5.9/ncurses  -D_GNU_SOURCE -DNDEBUG -I. -I../include -I../../ncurses-5.9/ncurses/../include -I/cross-tools/include/ncurses -O2 --param max-inline-insns-single=1200 -c ../../ncurses-5.9/ncurses/base/lib_move.c -o ../objects/lib_move.o
gcc -DHAVE_CONFIG_H -I../ncurses -I../../ncurses-5.9/ncurses  -D_GNU_SOURCE -DNDEBUG -I. -I../include -I../../ncurses-5.9/ncurses/../include -I/cross-tools/include/ncurses -O2 --param max-inline-insns-single=1200 -c ../../ncurses-5.9/ncurses/tty/lib_mvcur.c -o ../objects/lib_mvcur.o
gcc -DHAVE_CONFIG_H -I../ncurses -I../../ncurses-5.9/ncurses  -D_GNU_SOURCE -DNDEBUG -I. -I../include -I../../ncurses-5.9/ncurses/../include -I/cross-tools/include/ncurses -O2 --param max-inline-insns-single=1200 -c ../../ncurses-5.9/ncurses/base/lib_mvwin.c -o ../objects/lib_mvwin.o
gcc -DHAVE_CONFIG_H -I../ncurses -I../../ncurses-5.9/ncurses  -D_GNU_SOURCE -DNDEBUG -I. -I../include -I../../ncurses-5.9/ncurses/../include -I/cross-tools/include/ncurses -O2 --param max-inline-insns-single=1200 -c ../../ncurses-5.9/ncurses/base/lib_newterm.c -o ../objects/lib_newterm.o
gcc -DHAVE_CONFIG_H -I../ncurses -I../../ncurses-5.9/ncurses  -D_GNU_SOURCE -DNDEBUG -I. -I../include -I../../ncurses-5.9/ncurses/../include -I/cross-tools/include/ncurses -O2 --param max-inline-insns-single=1200 -c ../../ncurses-5.9/ncurses/base/lib_newwin.c -o ../objects/lib_newwin.o
gcc -DHAVE_CONFIG_H -I../ncurses -I../../ncurses-5.9/ncurses  -D_GNU_SOURCE -DNDEBUG -I. -I../include -I../../ncurses-5.9/ncurses/../include -I/cross-tools/include/ncurses -O2 --param max-inline-insns-single=1200 -c ../../ncurses-5.9/ncurses/base/lib_nl.c -o ../objects/lib_nl.o
gcc -DHAVE_CONFIG_H -I../ncurses -I../../ncurses-5.9/ncurses  -D_GNU_SOURCE -DNDEBUG -I. -I../include -I../../ncurses-5.9/ncurses/../include -I/cross-tools/include/ncurses -O2 --param max-inline-insns-single=1200 -c ../../ncurses-5.9/ncurses/base/lib_overlay.c -o ../objects/lib_overlay.o
gcc -DHAVE_CONFIG_H -I../ncurses -I../../ncurses-5.9/ncurses  -D_GNU_SOURCE -DNDEBUG -I. -I../include -I../../ncurses-5.9/ncurses/../include -I/cross-tools/include/ncurses -O2 --param max-inline-insns-single=1200 -c ../../ncurses-5.9/ncurses/base/lib_pad.c -o ../objects/lib_pad.o
gcc -DHAVE_CONFIG_H -I../ncurses -I../../ncurses-5.9/ncurses  -D_GNU_SOURCE -DNDEBUG -I. -I../include -I../../ncurses-5.9/ncurses/../include -I/cross-tools/include/ncurses -O2 --param max-inline-insns-single=1200 -c ../../ncurses-5.9/ncurses/base/lib_printw.c -o ../objects/lib_printw.o
gcc -DHAVE_CONFIG_H -I../ncurses -I../../ncurses-5.9/ncurses  -D_GNU_SOURCE -DNDEBUG -I. -I../include -I../../ncurses-5.9/ncurses/../include -I/cross-tools/include/ncurses -O2 --param max-inline-insns-single=1200 -c ../../ncurses-5.9/ncurses/base/lib_redrawln.c -o ../objects/lib_redrawln.o
gcc -DHAVE_CONFIG_H -I../ncurses -I../../ncurses-5.9/ncurses  -D_GNU_SOURCE -DNDEBUG -I. -I../include -I../../ncurses-5.9/ncurses/../include -I/cross-tools/include/ncurses -O2 --param max-inline-insns-single=1200 -c ../../ncurses-5.9/ncurses/base/lib_refresh.c -o ../objects/lib_refresh.o
gcc -DHAVE_CONFIG_H -I../ncurses -I../../ncurses-5.9/ncurses  -D_GNU_SOURCE -DNDEBUG -I. -I../include -I../../ncurses-5.9/ncurses/../include -I/cross-tools/include/ncurses -O2 --param max-inline-insns-single=1200 -c ../../ncurses-5.9/ncurses/base/lib_restart.c -o ../objects/lib_restart.o
gcc -DHAVE_CONFIG_H -I../ncurses -I../../ncurses-5.9/ncurses  -D_GNU_SOURCE -DNDEBUG -I. -I../include -I../../ncurses-5.9/ncurses/../include -I/cross-tools/include/ncurses -O2 --param max-inline-insns-single=1200 -c ../../ncurses-5.9/ncurses/base/lib_scanw.c -o ../objects/lib_scanw.o
gcc -DHAVE_CONFIG_H -I../ncurses -I../../ncurses-5.9/ncurses  -D_GNU_SOURCE -DNDEBUG -I. -I../include -I../../ncurses-5.9/ncurses/../include -I/cross-tools/include/ncurses -O2 --param max-inline-insns-single=1200 -c ../../ncurses-5.9/ncurses/base/lib_screen.c -o ../objects/lib_screen.o
gcc -DHAVE_CONFIG_H -I../ncurses -I../../ncurses-5.9/ncurses  -D_GNU_SOURCE -DNDEBUG -I. -I../include -I../../ncurses-5.9/ncurses/../include -I/cross-tools/include/ncurses -O2 --param max-inline-insns-single=1200 -c ../../ncurses-5.9/ncurses/base/lib_scroll.c -o ../objects/lib_scroll.o
gcc -DHAVE_CONFIG_H -I../ncurses -I../../ncurses-5.9/ncurses  -D_GNU_SOURCE -DNDEBUG -I. -I../include -I../../ncurses-5.9/ncurses/../include -I/cross-tools/include/ncurses -O2 --param max-inline-insns-single=1200 -c ../../ncurses-5.9/ncurses/base/lib_scrollok.c -o ../objects/lib_scrollok.o
gcc -DHAVE_CONFIG_H -I../ncurses -I../../ncurses-5.9/ncurses  -D_GNU_SOURCE -DNDEBUG -I. -I../include -I../../ncurses-5.9/ncurses/../include -I/cross-tools/include/ncurses -O2 --param max-inline-insns-single=1200 -c ../../ncurses-5.9/ncurses/base/lib_scrreg.c -o ../objects/lib_scrreg.o
gcc -DHAVE_CONFIG_H -I../ncurses -I../../ncurses-5.9/ncurses  -D_GNU_SOURCE -DNDEBUG -I. -I../include -I../../ncurses-5.9/ncurses/../include -I/cross-tools/include/ncurses -O2 --param max-inline-insns-single=1200 -c ../../ncurses-5.9/ncurses/base/lib_set_term.c -o ../objects/lib_set_term.o
gcc -DHAVE_CONFIG_H -I../ncurses -I../../ncurses-5.9/ncurses  -D_GNU_SOURCE -DNDEBUG -I. -I../include -I../../ncurses-5.9/ncurses/../include -I/cross-tools/include/ncurses -O2 --param max-inline-insns-single=1200 -c ../../ncurses-5.9/ncurses/base/lib_slk.c -o ../objects/lib_slk.o
gcc -DHAVE_CONFIG_H -I../ncurses -I../../ncurses-5.9/ncurses  -D_GNU_SOURCE -DNDEBUG -I. -I../include -I../../ncurses-5.9/ncurses/../include -I/cross-tools/include/ncurses -O2 --param max-inline-insns-single=1200 -c ../../ncurses-5.9/ncurses/base/lib_slkatr_set.c -o ../objects/lib_slkatr_set.o
gcc -DHAVE_CONFIG_H -I../ncurses -I../../ncurses-5.9/ncurses  -D_GNU_SOURCE -DNDEBUG -I. -I../include -I../../ncurses-5.9/ncurses/../include -I/cross-tools/include/ncurses -O2 --param max-inline-insns-single=1200 -c ../../ncurses-5.9/ncurses/base/lib_slkatrof.c -o ../objects/lib_slkatrof.o
gcc -DHAVE_CONFIG_H -I../ncurses -I../../ncurses-5.9/ncurses  -D_GNU_SOURCE -DNDEBUG -I. -I../include -I../../ncurses-5.9/ncurses/../include -I/cross-tools/include/ncurses -O2 --param max-inline-insns-single=1200 -c ../../ncurses-5.9/ncurses/base/lib_slkatron.c -o ../objects/lib_slkatron.o
gcc -DHAVE_CONFIG_H -I../ncurses -I../../ncurses-5.9/ncurses  -D_GNU_SOURCE -DNDEBUG -I. -I../include -I../../ncurses-5.9/ncurses/../include -I/cross-tools/include/ncurses -O2 --param max-inline-insns-single=1200 -c ../../ncurses-5.9/ncurses/base/lib_slkatrset.c -o ../objects/lib_slkatrset.o
gcc -DHAVE_CONFIG_H -I../ncurses -I../../ncurses-5.9/ncurses  -D_GNU_SOURCE -DNDEBUG -I. -I../include -I../../ncurses-5.9/ncurses/../include -I/cross-tools/include/ncurses -O2 --param max-inline-insns-single=1200 -c ../../ncurses-5.9/ncurses/base/lib_slkattr.c -o ../objects/lib_slkattr.o
gcc -DHAVE_CONFIG_H -I../ncurses -I../../ncurses-5.9/ncurses  -D_GNU_SOURCE -DNDEBUG -I. -I../include -I../../ncurses-5.9/ncurses/../include -I/cross-tools/include/ncurses -O2 --param max-inline-insns-single=1200 -c ../../ncurses-5.9/ncurses/base/lib_slkclear.c -o ../objects/lib_slkclear.o
gcc -DHAVE_CONFIG_H -I../ncurses -I../../ncurses-5.9/ncurses  -D_GNU_SOURCE -DNDEBUG -I. -I../include -I../../ncurses-5.9/ncurses/../include -I/cross-tools/include/ncurses -O2 --param max-inline-insns-single=1200 -c ../../ncurses-5.9/ncurses/base/lib_slkcolor.c -o ../objects/lib_slkcolor.o
gcc -DHAVE_CONFIG_H -I../ncurses -I../../ncurses-5.9/ncurses  -D_GNU_SOURCE -DNDEBUG -I. -I../include -I../../ncurses-5.9/ncurses/../include -I/cross-tools/include/ncurses -O2 --param max-inline-insns-single=1200 -c ../../ncurses-5.9/ncurses/base/lib_slkinit.c -o ../objects/lib_slkinit.o
gcc -DHAVE_CONFIG_H -I../ncurses -I../../ncurses-5.9/ncurses  -D_GNU_SOURCE -DNDEBUG -I. -I../include -I../../ncurses-5.9/ncurses/../include -I/cross-tools/include/ncurses -O2 --param max-inline-insns-single=1200 -c ../../ncurses-5.9/ncurses/base/lib_slklab.c -o ../objects/lib_slklab.o
gcc -DHAVE_CONFIG_H -I../ncurses -I../../ncurses-5.9/ncurses  -D_GNU_SOURCE -DNDEBUG -I. -I../include -I../../ncurses-5.9/ncurses/../include -I/cross-tools/include/ncurses -O2 --param max-inline-insns-single=1200 -c ../../ncurses-5.9/ncurses/base/lib_slkrefr.c -o ../objects/lib_slkrefr.o
gcc -DHAVE_CONFIG_H -I../ncurses -I../../ncurses-5.9/ncurses  -D_GNU_SOURCE -DNDEBUG -I. -I../include -I../../ncurses-5.9/ncurses/../include -I/cross-tools/include/ncurses -O2 --param max-inline-insns-single=1200 -c ../../ncurses-5.9/ncurses/base/lib_slkset.c -o ../objects/lib_slkset.o
gcc -DHAVE_CONFIG_H -I../ncurses -I../../ncurses-5.9/ncurses  -D_GNU_SOURCE -DNDEBUG -I. -I../include -I../../ncurses-5.9/ncurses/../include -I/cross-tools/include/ncurses -O2 --param max-inline-insns-single=1200 -c ../../ncurses-5.9/ncurses/base/lib_slktouch.c -o ../objects/lib_slktouch.o
gcc -DHAVE_CONFIG_H -I../ncurses -I../../ncurses-5.9/ncurses  -D_GNU_SOURCE -DNDEBUG -I. -I../include -I../../ncurses-5.9/ncurses/../include -I/cross-tools/include/ncurses -O2 --param max-inline-insns-single=1200 -c ../../ncurses-5.9/ncurses/base/lib_touch.c -o ../objects/lib_touch.o
gcc -DHAVE_CONFIG_H -I../ncurses -I../../ncurses-5.9/ncurses  -D_GNU_SOURCE -DNDEBUG -I. -I../include -I../../ncurses-5.9/ncurses/../include -I/cross-tools/include/ncurses -O2 --param max-inline-insns-single=1200 -c ../../ncurses-5.9/ncurses/tty/lib_tstp.c -o ../objects/lib_tstp.o
gcc -DHAVE_CONFIG_H -I../ncurses -I../../ncurses-5.9/ncurses  -D_GNU_SOURCE -DNDEBUG -I. -I../include -I../../ncurses-5.9/ncurses/../include -I/cross-tools/include/ncurses -O2 --param max-inline-insns-single=1200 -c ../../ncurses-5.9/ncurses/base/lib_ungetch.c -o ../objects/lib_ungetch.o
gcc -DHAVE_CONFIG_H -I../ncurses -I../../ncurses-5.9/ncurses  -D_GNU_SOURCE -DNDEBUG -I. -I../include -I../../ncurses-5.9/ncurses/../include -I/cross-tools/include/ncurses -O2 --param max-inline-insns-single=1200 -c ../../ncurses-5.9/ncurses/tty/lib_vidattr.c -o ../objects/lib_vidattr.o
gcc -DHAVE_CONFIG_H -I../ncurses -I../../ncurses-5.9/ncurses  -D_GNU_SOURCE -DNDEBUG -I. -I../include -I../../ncurses-5.9/ncurses/../include -I/cross-tools/include/ncurses -O2 --param max-inline-insns-single=1200 -c ../../ncurses-5.9/ncurses/base/lib_vline.c -o ../objects/lib_vline.o
gcc -DHAVE_CONFIG_H -I../ncurses -I../../ncurses-5.9/ncurses  -D_GNU_SOURCE -DNDEBUG -I. -I../include -I../../ncurses-5.9/ncurses/../include -I/cross-tools/include/ncurses -O2 --param max-inline-insns-single=1200 -c ../../ncurses-5.9/ncurses/base/lib_wattroff.c -o ../objects/lib_wattroff.o
gcc -DHAVE_CONFIG_H -I../ncurses -I../../ncurses-5.9/ncurses  -D_GNU_SOURCE -DNDEBUG -I. -I../include -I../../ncurses-5.9/ncurses/../include -I/cross-tools/include/ncurses -O2 --param max-inline-insns-single=1200 -c ../../ncurses-5.9/ncurses/base/lib_wattron.c -o ../objects/lib_wattron.o
gcc -DHAVE_CONFIG_H -I../ncurses -I../../ncurses-5.9/ncurses  -D_GNU_SOURCE -DNDEBUG -I. -I../include -I../../ncurses-5.9/ncurses/../include -I/cross-tools/include/ncurses -O2 --param max-inline-insns-single=1200 -c ../../ncurses-5.9/ncurses/base/lib_winch.c -o ../objects/lib_winch.o
gcc -DHAVE_CONFIG_H -I../ncurses -I../../ncurses-5.9/ncurses  -D_GNU_SOURCE -DNDEBUG -I. -I../include -I../../ncurses-5.9/ncurses/../include -I/cross-tools/include/ncurses -O2 --param max-inline-insns-single=1200 -c ../../ncurses-5.9/ncurses/base/lib_window.c -o ../objects/lib_window.o
gcc -DHAVE_CONFIG_H -I../ncurses -I../../ncurses-5.9/ncurses  -D_GNU_SOURCE -DNDEBUG -I. -I../include -I../../ncurses-5.9/ncurses/../include -I/cross-tools/include/ncurses -O2 --param max-inline-insns-single=1200 -c ../../ncurses-5.9/ncurses/base/nc_panel.c -o ../objects/nc_panel.o
gcc -DHAVE_CONFIG_H -I../ncurses -I../../ncurses-5.9/ncurses  -D_GNU_SOURCE -DNDEBUG -I. -I../include -I../../ncurses-5.9/ncurses/../include -I/cross-tools/include/ncurses -O2 --param max-inline-insns-single=1200 -c ../../ncurses-5.9/ncurses/base/safe_sprintf.c -o ../objects/safe_sprintf.o
gcc -DHAVE_CONFIG_H -I../ncurses -I../../ncurses-5.9/ncurses  -D_GNU_SOURCE -DNDEBUG -I. -I../include -I../../ncurses-5.9/ncurses/../include -I/cross-tools/include/ncurses -O2 --param max-inline-insns-single=1200 -c ../../ncurses-5.9/ncurses/tty/tty_update.c -o ../objects/tty_update.o
gcc -DHAVE_CONFIG_H -I../ncurses -I../../ncurses-5.9/ncurses  -D_GNU_SOURCE -DNDEBUG -I. -I../include -I../../ncurses-5.9/ncurses/../include -I/cross-tools/include/ncurses -O2 --param max-inline-insns-single=1200 -c ../../ncurses-5.9/ncurses/trace/varargs.c -o ../objects/varargs.o
gcc -DHAVE_CONFIG_H -I../ncurses -I../../ncurses-5.9/ncurses  -D_GNU_SOURCE -DNDEBUG -I. -I../include -I../../ncurses-5.9/ncurses/../include -I/cross-tools/include/ncurses -O2 --param max-inline-insns-single=1200 -c ../../ncurses-5.9/ncurses/base/memmove.c -o ../objects/memmove.o
gcc -DHAVE_CONFIG_H -I../ncurses -I../../ncurses-5.9/ncurses  -D_GNU_SOURCE -DNDEBUG -I. -I../include -I../../ncurses-5.9/ncurses/../include -I/cross-tools/include/ncurses -O2 --param max-inline-insns-single=1200 -c ../../ncurses-5.9/ncurses/base/vsscanf.c -o ../objects/vsscanf.o
gcc -DHAVE_CONFIG_H -I../ncurses -I../../ncurses-5.9/ncurses  -D_GNU_SOURCE -DNDEBUG -I. -I../include -I../../ncurses-5.9/ncurses/../include -I/cross-tools/include/ncurses -O2 --param max-inline-insns-single=1200 -c ../../ncurses-5.9/ncurses/base/lib_freeall.c -o ../objects/lib_freeall.o
gcc -DHAVE_CONFIG_H -I../ncurses -I../../ncurses-5.9/ncurses  -D_GNU_SOURCE -DNDEBUG -I. -I../include -I../../ncurses-5.9/ncurses/../include -I/cross-tools/include/ncurses -O2 --param max-inline-insns-single=1200 -c ../ncurses/expanded.c -o ../objects/expanded.o
gcc -DHAVE_CONFIG_H -I../ncurses -I../../ncurses-5.9/ncurses  -D_GNU_SOURCE -DNDEBUG -I. -I../include -I../../ncurses-5.9/ncurses/../include -I/cross-tools/include/ncurses -O2 --param max-inline-insns-single=1200 -c ../../ncurses-5.9/ncurses/base/legacy_coding.c -o ../objects/legacy_coding.o
gcc -DHAVE_CONFIG_H -I../ncurses -I../../ncurses-5.9/ncurses  -D_GNU_SOURCE -DNDEBUG -I. -I../include -I../../ncurses-5.9/ncurses/../include -I/cross-tools/include/ncurses -O2 --param max-inline-insns-single=1200 -c ../../ncurses-5.9/ncurses/base/lib_dft_fgbg.c -o ../objects/lib_dft_fgbg.o
gcc -DHAVE_CONFIG_H -I../ncurses -I../../ncurses-5.9/ncurses  -D_GNU_SOURCE -DNDEBUG -I. -I../include -I../../ncurses-5.9/ncurses/../include -I/cross-tools/include/ncurses -O2 --param max-inline-insns-single=1200 -c ../../ncurses-5.9/ncurses/tinfo/lib_print.c -o ../objects/lib_print.o
gcc -DHAVE_CONFIG_H -I../ncurses -I../../ncurses-5.9/ncurses  -D_GNU_SOURCE -DNDEBUG -I. -I../include -I../../ncurses-5.9/ncurses/../include -I/cross-tools/include/ncurses -O2 --param max-inline-insns-single=1200 -c ../../ncurses-5.9/ncurses/base/resizeterm.c -o ../objects/resizeterm.o
gcc -DHAVE_CONFIG_H -I../ncurses -I../../ncurses-5.9/ncurses  -D_GNU_SOURCE -DNDEBUG -I. -I../include -I../../ncurses-5.9/ncurses/../include -I/cross-tools/include/ncurses -O2 --param max-inline-insns-single=1200 -c ../../ncurses-5.9/ncurses/tinfo/use_screen.c -o ../objects/use_screen.o
gcc -DHAVE_CONFIG_H -I../ncurses -I../../ncurses-5.9/ncurses  -D_GNU_SOURCE -DNDEBUG -I. -I../include -I../../ncurses-5.9/ncurses/../include -I/cross-tools/include/ncurses -O2 --param max-inline-insns-single=1200 -c ../../ncurses-5.9/ncurses/base/use_window.c -o ../objects/use_window.o
gcc -DHAVE_CONFIG_H -I../ncurses -I../../ncurses-5.9/ncurses  -D_GNU_SOURCE -DNDEBUG -I. -I../include -I../../ncurses-5.9/ncurses/../include -I/cross-tools/include/ncurses -O2 --param max-inline-insns-single=1200 -c ../../ncurses-5.9/ncurses/base/wresize.c -o ../objects/wresize.o
gcc -DHAVE_CONFIG_H -I../ncurses -I../../ncurses-5.9/ncurses  -D_GNU_SOURCE -DNDEBUG -I. -I../include -I../../ncurses-5.9/ncurses/../include -I/cross-tools/include/ncurses -O2 --param max-inline-insns-single=1200 -c ../../ncurses-5.9/ncurses/tinfo/access.c -o ../objects/access.o
gcc -DHAVE_CONFIG_H -I../ncurses -I../../ncurses-5.9/ncurses  -D_GNU_SOURCE -DNDEBUG -I. -I../include -I../../ncurses-5.9/ncurses/../include -I/cross-tools/include/ncurses -O2 --param max-inline-insns-single=1200 -c ../../ncurses-5.9/ncurses/tinfo/add_tries.c -o ../objects/add_tries.o
gcc -DHAVE_CONFIG_H -I../ncurses -I../../ncurses-5.9/ncurses  -D_GNU_SOURCE -DNDEBUG -I. -I../include -I../../ncurses-5.9/ncurses/../include -I/cross-tools/include/ncurses -O2 --param max-inline-insns-single=1200 -c ../../ncurses-5.9/ncurses/tinfo/alloc_ttype.c -o ../objects/alloc_ttype.o
gcc -DHAVE_CONFIG_H -I../ncurses -I../../ncurses-5.9/ncurses  -D_GNU_SOURCE -DNDEBUG -I. -I../include -I../../ncurses-5.9/ncurses/../include -I/cross-tools/include/ncurses -O2 --param max-inline-insns-single=1200 -c ../ncurses/codes.c -o ../objects/codes.o
gcc -DHAVE_CONFIG_H -I../ncurses -I../../ncurses-5.9/ncurses  -D_GNU_SOURCE -DNDEBUG -I. -I../include -I../../ncurses-5.9/ncurses/../include -I/cross-tools/include/ncurses -O2 --param max-inline-insns-single=1200 -c ../ncurses/comp_captab.c -o ../objects/comp_captab.o
gcc -DHAVE_CONFIG_H -I../ncurses -I../../ncurses-5.9/ncurses  -D_GNU_SOURCE -DNDEBUG -I. -I../include -I../../ncurses-5.9/ncurses/../include -I/cross-tools/include/ncurses -O2 --param max-inline-insns-single=1200 -c ../../ncurses-5.9/ncurses/tinfo/comp_error.c -o ../objects/comp_error.o
gcc -DHAVE_CONFIG_H -I../ncurses -I../../ncurses-5.9/ncurses  -D_GNU_SOURCE -DNDEBUG -I. -I../include -I../../ncurses-5.9/ncurses/../include -I/cross-tools/include/ncurses -O2 --param max-inline-insns-single=1200 -c ../../ncurses-5.9/ncurses/tinfo/comp_hash.c -o ../objects/comp_hash.o
gcc -DHAVE_CONFIG_H -I../ncurses -I../../ncurses-5.9/ncurses  -D_GNU_SOURCE -DNDEBUG -I. -I../include -I../../ncurses-5.9/ncurses/../include -I/cross-tools/include/ncurses -O2 --param max-inline-insns-single=1200 -c ../../ncurses-5.9/ncurses/tinfo/db_iterator.c -o ../objects/db_iterator.o
gcc -DHAVE_CONFIG_H -I../ncurses -I../../ncurses-5.9/ncurses  -D_GNU_SOURCE -DNDEBUG -I. -I../include -I../../ncurses-5.9/ncurses/../include -I/cross-tools/include/ncurses -O2 --param max-inline-insns-single=1200 -c ../../ncurses-5.9/ncurses/tinfo/doalloc.c -o ../objects/doalloc.o
gcc -DHAVE_CONFIG_H -I../ncurses -I../../ncurses-5.9/ncurses  -D_GNU_SOURCE -DNDEBUG -I. -I../include -I../../ncurses-5.9/ncurses/../include -I/cross-tools/include/ncurses -O2 --param max-inline-insns-single=1200 -c ../../ncurses-5.9/ncurses/tinfo/entries.c -o ../objects/entries.o
gcc -DHAVE_CONFIG_H -I../ncurses -I../../ncurses-5.9/ncurses  -D_GNU_SOURCE -DNDEBUG -I. -I../include -I../../ncurses-5.9/ncurses/../include -I/cross-tools/include/ncurses -O2 --param max-inline-insns-single=1200 -c ../ncurses/fallback.c -o ../objects/fallback.o
gcc -DHAVE_CONFIG_H -I../ncurses -I../../ncurses-5.9/ncurses  -D_GNU_SOURCE -DNDEBUG -I. -I../include -I../../ncurses-5.9/ncurses/../include -I/cross-tools/include/ncurses -O2 --param max-inline-insns-single=1200 -c ../../ncurses-5.9/ncurses/tinfo/free_ttype.c -o ../objects/free_ttype.o
gcc -DHAVE_CONFIG_H -I../ncurses -I../../ncurses-5.9/ncurses  -D_GNU_SOURCE -DNDEBUG -I. -I../include -I../../ncurses-5.9/ncurses/../include -I/cross-tools/include/ncurses -O2 --param max-inline-insns-single=1200 -c ../../ncurses-5.9/ncurses/tinfo/getenv_num.c -o ../objects/getenv_num.o
gcc -DHAVE_CONFIG_H -I../ncurses -I../../ncurses-5.9/ncurses  -D_GNU_SOURCE -DNDEBUG -I. -I../include -I../../ncurses-5.9/ncurses/../include -I/cross-tools/include/ncurses -O2 --param max-inline-insns-single=1200 -c ../../ncurses-5.9/ncurses/tinfo/home_terminfo.c -o ../objects/home_terminfo.o
gcc -DHAVE_CONFIG_H -I../ncurses -I../../ncurses-5.9/ncurses  -D_GNU_SOURCE -DNDEBUG -I. -I../include -I../../ncurses-5.9/ncurses/../include -I/cross-tools/include/ncurses -O2 --param max-inline-insns-single=1200 -c ../../ncurses-5.9/ncurses/tinfo/init_keytry.c -o ../objects/init_keytry.o
gcc -DHAVE_CONFIG_H -I../ncurses -I../../ncurses-5.9/ncurses  -D_GNU_SOURCE -DNDEBUG -I. -I../include -I../../ncurses-5.9/ncurses/../include -I/cross-tools/include/ncurses -O2 --param max-inline-insns-single=1200 -c ../../ncurses-5.9/ncurses/tinfo/lib_acs.c -o ../objects/lib_acs.o
gcc -DHAVE_CONFIG_H -I../ncurses -I../../ncurses-5.9/ncurses  -D_GNU_SOURCE -DNDEBUG -I. -I../include -I../../ncurses-5.9/ncurses/../include -I/cross-tools/include/ncurses -O2 --param max-inline-insns-single=1200 -c ../../ncurses-5.9/ncurses/tinfo/lib_baudrate.c -o ../objects/lib_baudrate.o
gcc -DHAVE_CONFIG_H -I../ncurses -I../../ncurses-5.9/ncurses  -D_GNU_SOURCE -DNDEBUG -I. -I../include -I../../ncurses-5.9/ncurses/../include -I/cross-tools/include/ncurses -O2 --param max-inline-insns-single=1200 -c ../../ncurses-5.9/ncurses/tinfo/lib_cur_term.c -o ../objects/lib_cur_term.o
gcc -DHAVE_CONFIG_H -I../ncurses -I../../ncurses-5.9/ncurses  -D_GNU_SOURCE -DNDEBUG -I. -I../include -I../../ncurses-5.9/ncurses/../include -I/cross-tools/include/ncurses -O2 --param max-inline-insns-single=1200 -c ../../ncurses-5.9/ncurses/tinfo/lib_data.c -o ../objects/lib_data.o
gcc -DHAVE_CONFIG_H -I../ncurses -I../../ncurses-5.9/ncurses  -D_GNU_SOURCE -DNDEBUG -I. -I../include -I../../ncurses-5.9/ncurses/../include -I/cross-tools/include/ncurses -O2 --param max-inline-insns-single=1200 -c ../../ncurses-5.9/ncurses/tinfo/lib_has_cap.c -o ../objects/lib_has_cap.o
gcc -DHAVE_CONFIG_H -I../ncurses -I../../ncurses-5.9/ncurses  -D_GNU_SOURCE -DNDEBUG -I. -I../include -I../../ncurses-5.9/ncurses/../include -I/cross-tools/include/ncurses -O2 --param max-inline-insns-single=1200 -c ../../ncurses-5.9/ncurses/tinfo/lib_kernel.c -o ../objects/lib_kernel.o
gcc -DHAVE_CONFIG_H -I../ncurses -I../../ncurses-5.9/ncurses  -D_GNU_SOURCE -DNDEBUG -I. -I../include -I../../ncurses-5.9/ncurses/../include -I/cross-tools/include/ncurses -O2 --param max-inline-insns-single=1200 -c ../ncurses/lib_keyname.c -o ../objects/lib_keyname.o
gcc -DHAVE_CONFIG_H -I../ncurses -I../../ncurses-5.9/ncurses  -D_GNU_SOURCE -DNDEBUG -I. -I../include -I../../ncurses-5.9/ncurses/../include -I/cross-tools/include/ncurses -O2 --param max-inline-insns-single=1200 -c ../../ncurses-5.9/ncurses/tinfo/lib_longname.c -o ../objects/lib_longname.o
gcc -DHAVE_CONFIG_H -I../ncurses -I../../ncurses-5.9/ncurses  -D_GNU_SOURCE -DNDEBUG -I. -I../include -I../../ncurses-5.9/ncurses/../include -I/cross-tools/include/ncurses -O2 --param max-inline-insns-single=1200 -c ../../ncurses-5.9/ncurses/tinfo/lib_napms.c -o ../objects/lib_napms.o
gcc -DHAVE_CONFIG_H -I../ncurses -I../../ncurses-5.9/ncurses  -D_GNU_SOURCE -DNDEBUG -I. -I../include -I../../ncurses-5.9/ncurses/../include -I/cross-tools/include/ncurses -O2 --param max-inline-insns-single=1200 -c ../../ncurses-5.9/ncurses/tinfo/lib_options.c -o ../objects/lib_options.o
gcc -DHAVE_CONFIG_H -I../ncurses -I../../ncurses-5.9/ncurses  -D_GNU_SOURCE -DNDEBUG -I. -I../include -I../../ncurses-5.9/ncurses/../include -I/cross-tools/include/ncurses -O2 --param max-inline-insns-single=1200 -c ../../ncurses-5.9/ncurses/tinfo/lib_raw.c -o ../objects/lib_raw.o
gcc -DHAVE_CONFIG_H -I../ncurses -I../../ncurses-5.9/ncurses  -D_GNU_SOURCE -DNDEBUG -I. -I../include -I../../ncurses-5.9/ncurses/../include -I/cross-tools/include/ncurses -O2 --param max-inline-insns-single=1200 -c ../../ncurses-5.9/ncurses/tinfo/lib_setup.c -o ../objects/lib_setup.o
gcc -DHAVE_CONFIG_H -I../ncurses -I../../ncurses-5.9/ncurses  -D_GNU_SOURCE -DNDEBUG -I. -I../include -I../../ncurses-5.9/ncurses/../include -I/cross-tools/include/ncurses -O2 --param max-inline-insns-single=1200 -c ../../ncurses-5.9/ncurses/tinfo/lib_termcap.c -o ../objects/lib_termcap.o
gcc -DHAVE_CONFIG_H -I../ncurses -I../../ncurses-5.9/ncurses  -D_GNU_SOURCE -DNDEBUG -I. -I../include -I../../ncurses-5.9/ncurses/../include -I/cross-tools/include/ncurses -O2 --param max-inline-insns-single=1200 -c ../../ncurses-5.9/ncurses/tinfo/lib_termname.c -o ../objects/lib_termname.o
gcc -DHAVE_CONFIG_H -I../ncurses -I../../ncurses-5.9/ncurses  -D_GNU_SOURCE -DNDEBUG -I. -I../include -I../../ncurses-5.9/ncurses/../include -I/cross-tools/include/ncurses -O2 --param max-inline-insns-single=1200 -c ../../ncurses-5.9/ncurses/tinfo/lib_tgoto.c -o ../objects/lib_tgoto.o
gcc -DHAVE_CONFIG_H -I../ncurses -I../../ncurses-5.9/ncurses  -D_GNU_SOURCE -DNDEBUG -I. -I../include -I../../ncurses-5.9/ncurses/../include -I/cross-tools/include/ncurses -O2 --param max-inline-insns-single=1200 -c ../../ncurses-5.9/ncurses/tinfo/lib_ti.c -o ../objects/lib_ti.o
gcc -DHAVE_CONFIG_H -I../ncurses -I../../ncurses-5.9/ncurses  -D_GNU_SOURCE -DNDEBUG -I. -I../include -I../../ncurses-5.9/ncurses/../include -I/cross-tools/include/ncurses -O2 --param max-inline-insns-single=1200 -c ../../ncurses-5.9/ncurses/tinfo/lib_tparm.c -o ../objects/lib_tparm.o
gcc -DHAVE_CONFIG_H -I../ncurses -I../../ncurses-5.9/ncurses  -D_GNU_SOURCE -DNDEBUG -I. -I../include -I../../ncurses-5.9/ncurses/../include -I/cross-tools/include/ncurses -O2 --param max-inline-insns-single=1200 -c ../../ncurses-5.9/ncurses/tinfo/lib_tputs.c -o ../objects/lib_tputs.o
gcc -DHAVE_CONFIG_H -I../ncurses -I../../ncurses-5.9/ncurses  -D_GNU_SOURCE -DNDEBUG -I. -I../include -I../../ncurses-5.9/ncurses/../include -I/cross-tools/include/ncurses -O2 --param max-inline-insns-single=1200 -c ../../ncurses-5.9/ncurses/trace/lib_trace.c -o ../objects/lib_trace.o
gcc -DHAVE_CONFIG_H -I../ncurses -I../../ncurses-5.9/ncurses  -D_GNU_SOURCE -DNDEBUG -I. -I../include -I../../ncurses-5.9/ncurses/../include -I/cross-tools/include/ncurses -O2 --param max-inline-insns-single=1200 -c ../../ncurses-5.9/ncurses/tinfo/lib_ttyflags.c -o ../objects/lib_ttyflags.o
gcc -DHAVE_CONFIG_H -I../ncurses -I../../ncurses-5.9/ncurses  -D_GNU_SOURCE -DNDEBUG -I. -I../include -I../../ncurses-5.9/ncurses/../include -I/cross-tools/include/ncurses -O2 --param max-inline-insns-single=1200 -c ../../ncurses-5.9/ncurses/tty/lib_twait.c -o ../objects/lib_twait.o
gcc -DHAVE_CONFIG_H -I../ncurses -I../../ncurses-5.9/ncurses  -D_GNU_SOURCE -DNDEBUG -I. -I../include -I../../ncurses-5.9/ncurses/../include -I/cross-tools/include/ncurses -O2 --param max-inline-insns-single=1200 -c ../../ncurses-5.9/ncurses/tinfo/name_match.c -o ../objects/name_match.o
gcc -DHAVE_CONFIG_H -I../ncurses -I../../ncurses-5.9/ncurses  -D_GNU_SOURCE -DNDEBUG -I. -I../include -I../../ncurses-5.9/ncurses/../include -I/cross-tools/include/ncurses -O2 --param max-inline-insns-single=1200 -c ../ncurses/names.c -o ../objects/names.o
gcc -DHAVE_CONFIG_H -I../ncurses -I../../ncurses-5.9/ncurses  -D_GNU_SOURCE -DNDEBUG -I. -I../include -I../../ncurses-5.9/ncurses/../include -I/cross-tools/include/ncurses -O2 --param max-inline-insns-single=1200 -c ../../ncurses-5.9/ncurses/tinfo/read_entry.c -o ../objects/read_entry.o
gcc -DHAVE_CONFIG_H -I../ncurses -I../../ncurses-5.9/ncurses  -D_GNU_SOURCE -DNDEBUG -I. -I../include -I../../ncurses-5.9/ncurses/../include -I/cross-tools/include/ncurses -O2 --param max-inline-insns-single=1200 -c ../../ncurses-5.9/ncurses/tinfo/read_termcap.c -o ../objects/read_termcap.o
gcc -DHAVE_CONFIG_H -I../ncurses -I../../ncurses-5.9/ncurses  -D_GNU_SOURCE -DNDEBUG -I. -I../include -I../../ncurses-5.9/ncurses/../include -I/cross-tools/include/ncurses -O2 --param max-inline-insns-single=1200 -c ../../ncurses-5.9/ncurses/tinfo/setbuf.c -o ../objects/setbuf.o
gcc -DHAVE_CONFIG_H -I../ncurses -I../../ncurses-5.9/ncurses  -D_GNU_SOURCE -DNDEBUG -I. -I../include -I../../ncurses-5.9/ncurses/../include -I/cross-tools/include/ncurses -O2 --param max-inline-insns-single=1200 -c ../../ncurses-5.9/ncurses/tinfo/strings.c -o ../objects/strings.o
gcc -DHAVE_CONFIG_H -I../ncurses -I../../ncurses-5.9/ncurses  -D_GNU_SOURCE -DNDEBUG -I. -I../include -I../../ncurses-5.9/ncurses/../include -I/cross-tools/include/ncurses -O2 --param max-inline-insns-single=1200 -c ../../ncurses-5.9/ncurses/base/tries.c -o ../objects/tries.o
gcc -DHAVE_CONFIG_H -I../ncurses -I../../ncurses-5.9/ncurses  -D_GNU_SOURCE -DNDEBUG -I. -I../include -I../../ncurses-5.9/ncurses/../include -I/cross-tools/include/ncurses -O2 --param max-inline-insns-single=1200 -c ../../ncurses-5.9/ncurses/tinfo/trim_sgr0.c -o ../objects/trim_sgr0.o
gcc -DHAVE_CONFIG_H -I../ncurses -I../../ncurses-5.9/ncurses  -D_GNU_SOURCE -DNDEBUG -I. -I../include -I../../ncurses-5.9/ncurses/../include -I/cross-tools/include/ncurses -O2 --param max-inline-insns-single=1200 -c ../ncurses/unctrl.c -o ../objects/unctrl.o
gcc -DHAVE_CONFIG_H -I../ncurses -I../../ncurses-5.9/ncurses  -D_GNU_SOURCE -DNDEBUG -I. -I../include -I../../ncurses-5.9/ncurses/../include -I/cross-tools/include/ncurses -O2 --param max-inline-insns-single=1200 -c ../../ncurses-5.9/ncurses/trace/visbuf.c -o ../objects/visbuf.o
gcc -DHAVE_CONFIG_H -I../ncurses -I../../ncurses-5.9/ncurses  -D_GNU_SOURCE -DNDEBUG -I. -I../include -I../../ncurses-5.9/ncurses/../include -I/cross-tools/include/ncurses -O2 --param max-inline-insns-single=1200 -c ../../ncurses-5.9/ncurses/tinfo/alloc_entry.c -o ../objects/alloc_entry.o
gcc -DHAVE_CONFIG_H -I../ncurses -I../../ncurses-5.9/ncurses  -D_GNU_SOURCE -DNDEBUG -I. -I../include -I../../ncurses-5.9/ncurses/../include -I/cross-tools/include/ncurses -O2 --param max-inline-insns-single=1200 -c ../../ncurses-5.9/ncurses/tinfo/captoinfo.c -o ../objects/captoinfo.o
gcc -DHAVE_CONFIG_H -I../ncurses -I../../ncurses-5.9/ncurses  -D_GNU_SOURCE -DNDEBUG -I. -I../include -I../../ncurses-5.9/ncurses/../include -I/cross-tools/include/ncurses -O2 --param max-inline-insns-single=1200 -c ../../ncurses-5.9/ncurses/tinfo/comp_expand.c -o ../objects/comp_expand.o
gcc -DHAVE_CONFIG_H -I../ncurses -I../../ncurses-5.9/ncurses  -D_GNU_SOURCE -DNDEBUG -I. -I../include -I../../ncurses-5.9/ncurses/../include -I/cross-tools/include/ncurses -O2 --param max-inline-insns-single=1200 -c ../../ncurses-5.9/ncurses/tinfo/comp_parse.c -o ../objects/comp_parse.o
gcc -DHAVE_CONFIG_H -I../ncurses -I../../ncurses-5.9/ncurses  -D_GNU_SOURCE -DNDEBUG -I. -I../include -I../../ncurses-5.9/ncurses/../include -I/cross-tools/include/ncurses -O2 --param max-inline-insns-single=1200 -c ../../ncurses-5.9/ncurses/tinfo/comp_scan.c -o ../objects/comp_scan.o
gcc -DHAVE_CONFIG_H -I../ncurses -I../../ncurses-5.9/ncurses  -D_GNU_SOURCE -DNDEBUG -I. -I../include -I../../ncurses-5.9/ncurses/../include -I/cross-tools/include/ncurses -O2 --param max-inline-insns-single=1200 -c ../../ncurses-5.9/ncurses/tinfo/parse_entry.c -o ../objects/parse_entry.o
gcc -DHAVE_CONFIG_H -I../ncurses -I../../ncurses-5.9/ncurses  -D_GNU_SOURCE -DNDEBUG -I. -I../include -I../../ncurses-5.9/ncurses/../include -I/cross-tools/include/ncurses -O2 --param max-inline-insns-single=1200 -c ../../ncurses-5.9/ncurses/tinfo/write_entry.c -o ../objects/write_entry.o
gcc -DHAVE_CONFIG_H -I../ncurses -I../../ncurses-5.9/ncurses  -D_GNU_SOURCE -DNDEBUG -I. -I../include -I../../ncurses-5.9/ncurses/../include -I/cross-tools/include/ncurses -O2 --param max-inline-insns-single=1200 -c ../../ncurses-5.9/ncurses/base/define_key.c -o ../objects/define_key.o
gcc -DHAVE_CONFIG_H -I../ncurses -I../../ncurses-5.9/ncurses  -D_GNU_SOURCE -DNDEBUG -I. -I../include -I../../ncurses-5.9/ncurses/../include -I/cross-tools/include/ncurses -O2 --param max-inline-insns-single=1200 -c ../../ncurses-5.9/ncurses/tinfo/hashed_db.c -o ../objects/hashed_db.o
gcc -DHAVE_CONFIG_H -I../ncurses -I../../ncurses-5.9/ncurses  -D_GNU_SOURCE -DNDEBUG -I. -I../include -I../../ncurses-5.9/ncurses/../include -I/cross-tools/include/ncurses -O2 --param max-inline-insns-single=1200 -c ../../ncurses-5.9/ncurses/base/key_defined.c -o ../objects/key_defined.o
gcc -DHAVE_CONFIG_H -I../ncurses -I../../ncurses-5.9/ncurses  -D_GNU_SOURCE -DNDEBUG -I. -I../include -I../../ncurses-5.9/ncurses/../include -I/cross-tools/include/ncurses -O2 --param max-inline-insns-single=1200 -c ../../ncurses-5.9/ncurses/base/keybound.c -o ../objects/keybound.o
gcc -DHAVE_CONFIG_H -I../ncurses -I../../ncurses-5.9/ncurses  -D_GNU_SOURCE -DNDEBUG -I. -I../include -I../../ncurses-5.9/ncurses/../include -I/cross-tools/include/ncurses -O2 --param max-inline-insns-single=1200 -c ../../ncurses-5.9/ncurses/base/keyok.c -o ../objects/keyok.o
gcc -DHAVE_CONFIG_H -I../ncurses -I../../ncurses-5.9/ncurses  -D_GNU_SOURCE -DNDEBUG -I. -I../include -I../../ncurses-5.9/ncurses/../include -I/cross-tools/include/ncurses -O2 --param max-inline-insns-single=1200 -c ../../ncurses-5.9/ncurses/base/version.c -o ../objects/version.o
ar -curv ../lib/libncurses.a ../objects/hardscroll.o ../objects/hashmap.o ../objects/lib_addch.o ../objects/lib_addstr.o ../objects/lib_beep.o ../objects/lib_bkgd.o ../objects/lib_box.o ../objects/lib_chgat.o ../objects/lib_clear.o ../objects/lib_clearok.o ../objects/lib_clrbot.o ../objects/lib_clreol.o ../objects/lib_color.o ../objects/lib_colorset.o ../objects/lib_delch.o ../objects/lib_delwin.o ../objects/lib_echo.o ../objects/lib_endwin.o ../objects/lib_erase.o ../objects/lib_flash.o ../objects/lib_gen.o ../objects/lib_getch.o ../objects/lib_getstr.o ../objects/lib_hline.o ../objects/lib_immedok.o ../objects/lib_inchstr.o ../objects/lib_initscr.o ../objects/lib_insch.o ../objects/lib_insdel.o ../objects/lib_insnstr.o ../objects/lib_instr.o ../objects/lib_isendwin.o ../objects/lib_leaveok.o ../objects/lib_mouse.o ../objects/lib_move.o ../objects/lib_mvcur.o ../objects/lib_mvwin.o ../objects/lib_newterm.o ../objects/lib_newwin.o ../objects/lib_nl.o ../objects/lib_overlay.o ../objects/lib_pad.o ../objects/lib_printw.o ../objects/lib_redrawln.o ../objects/lib_refresh.o ../objects/lib_restart.o ../objects/lib_scanw.o ../objects/lib_screen.o ../objects/lib_scroll.o ../objects/lib_scrollok.o ../objects/lib_scrreg.o ../objects/lib_set_term.o ../objects/lib_slk.o ../objects/lib_slkatr_set.o ../objects/lib_slkatrof.o ../objects/lib_slkatron.o ../objects/lib_slkatrset.o ../objects/lib_slkattr.o ../objects/lib_slkclear.o ../objects/lib_slkcolor.o ../objects/lib_slkinit.o ../objects/lib_slklab.o ../objects/lib_slkrefr.o ../objects/lib_slkset.o ../objects/lib_slktouch.o ../objects/lib_touch.o ../objects/lib_tstp.o ../objects/lib_ungetch.o ../objects/lib_vidattr.o ../objects/lib_vline.o ../objects/lib_wattroff.o ../objects/lib_wattron.o ../objects/lib_winch.o ../objects/lib_window.o ../objects/nc_panel.o ../objects/safe_sprintf.o ../objects/tty_update.o ../objects/varargs.o ../objects/memmove.o ../objects/vsscanf.o ../objects/lib_freeall.o ../objects/expanded.o ../objects/legacy_coding.o ../objects/lib_dft_fgbg.o ../objects/lib_print.o ../objects/resizeterm.o ../objects/use_screen.o ../objects/use_window.o ../objects/wresize.o ../objects/access.o ../objects/add_tries.o ../objects/alloc_ttype.o ../objects/codes.o ../objects/comp_captab.o ../objects/comp_error.o ../objects/comp_hash.o ../objects/db_iterator.o ../objects/doalloc.o ../objects/entries.o ../objects/fallback.o ../objects/free_ttype.o ../objects/getenv_num.o ../objects/home_terminfo.o ../objects/init_keytry.o ../objects/lib_acs.o ../objects/lib_baudrate.o ../objects/lib_cur_term.o ../objects/lib_data.o ../objects/lib_has_cap.o ../objects/lib_kernel.o ../objects/lib_keyname.o ../objects/lib_longname.o ../objects/lib_napms.o ../objects/lib_options.o ../objects/lib_raw.o ../objects/lib_setup.o ../objects/lib_termcap.o ../objects/lib_termname.o ../objects/lib_tgoto.o ../objects/lib_ti.o ../objects/lib_tparm.o ../objects/lib_tputs.o ../objects/lib_trace.o ../objects/lib_ttyflags.o ../objects/lib_twait.o ../objects/name_match.o ../objects/names.o ../objects/read_entry.o ../objects/read_termcap.o ../objects/setbuf.o ../objects/strings.o ../objects/tries.o ../objects/trim_sgr0.o ../objects/unctrl.o ../objects/visbuf.o ../objects/alloc_entry.o ../objects/captoinfo.o ../objects/comp_expand.o ../objects/comp_parse.o ../objects/comp_scan.o ../objects/parse_entry.o ../objects/write_entry.o ../objects/define_key.o ../objects/hashed_db.o ../objects/key_defined.o ../objects/keybound.o ../objects/keyok.o ../objects/version.o
a - ../objects/hardscroll.o
a - ../objects/hashmap.o
a - ../objects/lib_addch.o
a - ../objects/lib_addstr.o
a - ../objects/lib_beep.o
a - ../objects/lib_bkgd.o
a - ../objects/lib_box.o
a - ../objects/lib_chgat.o
a - ../objects/lib_clear.o
a - ../objects/lib_clearok.o
a - ../objects/lib_clrbot.o
a - ../objects/lib_clreol.o
a - ../objects/lib_color.o
a - ../objects/lib_colorset.o
a - ../objects/lib_delch.o
a - ../objects/lib_delwin.o
a - ../objects/lib_echo.o
a - ../objects/lib_endwin.o
a - ../objects/lib_erase.o
a - ../objects/lib_flash.o
a - ../objects/lib_gen.o
a - ../objects/lib_getch.o
a - ../objects/lib_getstr.o
a - ../objects/lib_hline.o
a - ../objects/lib_immedok.o
a - ../objects/lib_inchstr.o
a - ../objects/lib_initscr.o
a - ../objects/lib_insch.o
a - ../objects/lib_insdel.o
a - ../objects/lib_insnstr.o
a - ../objects/lib_instr.o
a - ../objects/lib_isendwin.o
a - ../objects/lib_leaveok.o
a - ../objects/lib_mouse.o
a - ../objects/lib_move.o
a - ../objects/lib_mvcur.o
a - ../objects/lib_mvwin.o
a - ../objects/lib_newterm.o
a - ../objects/lib_newwin.o
a - ../objects/lib_nl.o
a - ../objects/lib_overlay.o
a - ../objects/lib_pad.o
a - ../objects/lib_printw.o
a - ../objects/lib_redrawln.o
a - ../objects/lib_refresh.o
a - ../objects/lib_restart.o
a - ../objects/lib_scanw.o
a - ../objects/lib_screen.o
a - ../objects/lib_scroll.o
a - ../objects/lib_scrollok.o
a - ../objects/lib_scrreg.o
a - ../objects/lib_set_term.o
a - ../objects/lib_slk.o
a - ../objects/lib_slkatr_set.o
a - ../objects/lib_slkatrof.o
a - ../objects/lib_slkatron.o
a - ../objects/lib_slkatrset.o
a - ../objects/lib_slkattr.o
a - ../objects/lib_slkclear.o
a - ../objects/lib_slkcolor.o
a - ../objects/lib_slkinit.o
a - ../objects/lib_slklab.o
a - ../objects/lib_slkrefr.o
a - ../objects/lib_slkset.o
a - ../objects/lib_slktouch.o
a - ../objects/lib_touch.o
a - ../objects/lib_tstp.o
a - ../objects/lib_ungetch.o
a - ../objects/lib_vidattr.o
a - ../objects/lib_vline.o
a - ../objects/lib_wattroff.o
a - ../objects/lib_wattron.o
a - ../objects/lib_winch.o
a - ../objects/lib_window.o
a - ../objects/nc_panel.o
a - ../objects/safe_sprintf.o
a - ../objects/tty_update.o
a - ../objects/varargs.o
a - ../objects/memmove.o
a - ../objects/vsscanf.o
a - ../objects/lib_freeall.o
a - ../objects/expanded.o
a - ../objects/legacy_coding.o
a - ../objects/lib_dft_fgbg.o
a - ../objects/lib_print.o
a - ../objects/resizeterm.o
a - ../objects/use_screen.o
a - ../objects/use_window.o
a - ../objects/wresize.o
a - ../objects/access.o
a - ../objects/add_tries.o
a - ../objects/alloc_ttype.o
a - ../objects/codes.o
a - ../objects/comp_captab.o
a - ../objects/comp_error.o
a - ../objects/comp_hash.o
a - ../objects/db_iterator.o
a - ../objects/doalloc.o
a - ../objects/entries.o
a - ../objects/fallback.o
a - ../objects/free_ttype.o
a - ../objects/getenv_num.o
a - ../objects/home_terminfo.o
a - ../objects/init_keytry.o
a - ../objects/lib_acs.o
a - ../objects/lib_baudrate.o
a - ../objects/lib_cur_term.o
a - ../objects/lib_data.o
a - ../objects/lib_has_cap.o
a - ../objects/lib_kernel.o
a - ../objects/lib_keyname.o
a - ../objects/lib_longname.o
a - ../objects/lib_napms.o
a - ../objects/lib_options.o
a - ../objects/lib_raw.o
a - ../objects/lib_setup.o
a - ../objects/lib_termcap.o
a - ../objects/lib_termname.o
a - ../objects/lib_tgoto.o
a - ../objects/lib_ti.o
a - ../objects/lib_tparm.o
a - ../objects/lib_tputs.o
a - ../objects/lib_trace.o
a - ../objects/lib_ttyflags.o
a - ../objects/lib_twait.o
a - ../objects/name_match.o
a - ../objects/names.o
a - ../objects/read_entry.o
a - ../objects/read_termcap.o
a - ../objects/setbuf.o
a - ../objects/strings.o
a - ../objects/tries.o
a - ../objects/trim_sgr0.o
a - ../objects/unctrl.o
a - ../objects/visbuf.o
a - ../objects/alloc_entry.o
a - ../objects/captoinfo.o
a - ../objects/comp_expand.o
a - ../objects/comp_parse.o
a - ../objects/comp_scan.o
a - ../objects/parse_entry.o
a - ../objects/write_entry.o
a - ../objects/define_key.o
a - ../objects/hashed_db.o
a - ../objects/key_defined.o
a - ../objects/keybound.o
a - ../objects/keyok.o
a - ../objects/version.o
ranlib ../lib/libncurses.a
make[1]: Leaving directory '/home/bert/build_qemu_images/clfs_cross_tools/system/alpha/sources/step_7_ncurses-5.9-build/ncurses'
gcc ../objects/tic.o ../objects/dump_entry.o ../objects/transform.o  -I../progs -I../../ncurses-5.9/progs -DHAVE_CONFIG_H  -D_GNU_SOURCE -DNDEBUG -I. -I../include -I../../ncurses-5.9/progs/../include -I/cross-tools/include/ncurses -O2 --param max-inline-insns-single=1200 -static -L../lib -lncurses -L../lib -lncurses -dynamic   -o tic
make: Leaving directory '/home/bert/build_qemu_images/clfs_cross_tools/system/alpha/sources/step_7_ncurses-5.9-build/progs'
