checking for a BSD-compatible install... /usr/bin/install -c
checking whether build environment is sane... yes
checking for a thread-safe mkdir -p... /bin/mkdir -p
checking for gawk... gawk
checking whether make sets $(MAKE)... yes
checking whether make supports nested variables... yes
checking for gcc... gcc
checking whether the C compiler works... yes
checking for C compiler default output file name... a.out
checking for suffix of executables... 
checking whether we are cross compiling... no
checking for suffix of object files... o
checking whether we are using the GNU C compiler... yes
checking whether gcc accepts -g... yes
checking for gcc option to accept ISO C89... none needed
checking for style of include used by make... GNU
checking dependency style of gcc... gcc3
checking for g++... g++
checking whether we are using the GNU C++ compiler... yes
checking whether g++ accepts -g... yes
checking dependency style of g++... gcc3
checking for C compiler vendor... gnu
checking build system type... x86_64-unknown-linux-gnu
checking host system type... x86_64-unknown-linux-gnu
checking whether C compiler accepts -malign-double... yes
checking whether C compiler accepts -fstrict-aliasing... yes
checking whether C compiler accepts -ffast-math... yes
checking for gcc architecture flag... 
checking for x86 cpuid 0 output... d:756e6547:6c65746e:49656e69
checking for x86 cpuid 1 output... 1067a:2010800:8d282201:fabfbff
checking whether C compiler accepts -march=pentium3... no
checking whether C compiler accepts -mcpu=pentium3... no
checking whether C compiler accepts -mpentium3... no
checking whether C compiler accepts -march=pentiumpro... no
checking whether C compiler accepts -mcpu=pentiumpro... no
checking whether C compiler accepts -mpentiumpro... no
checking for gcc architecture flag... unknown
checking whether C compiler accepts -O3 -fomit-frame-pointer -malign-double -fstrict-aliasing -ffast-math... yes
checking whether the compiler supports function __attribute__((__warn_unused_result__))... yes
checking for __attribute__... yes
checking how to print strings... printf
checking for a sed that does not truncate output... /bin/sed
checking for grep that handles long lines and -e... /bin/grep
checking for egrep... /bin/grep -E
checking for fgrep... /bin/grep -F
checking for ld used by gcc... /usr/bin/ld
checking if the linker (/usr/bin/ld) is GNU ld... yes
checking for BSD- or MS-compatible name lister (nm)... /usr/bin/nm -B
checking the name lister (/usr/bin/nm -B) interface... BSD nm
checking whether ln -s works... yes
checking the maximum length of command line arguments... 1572864
checking how to convert x86_64-unknown-linux-gnu file names to x86_64-unknown-linux-gnu format... func_convert_file_noop
checking how to convert x86_64-unknown-linux-gnu file names to toolchain format... func_convert_file_noop
checking for /usr/bin/ld option to reload object files... -r
checking for objdump... objdump
checking how to recognize dependent libraries... pass_all
checking for dlltool... no
checking how to associate runtime and link libraries... printf %s\n
checking for ar... ar
checking for archiver @FILE support... @
checking for strip... strip
checking for ranlib... ranlib
checking command to parse /usr/bin/nm -B output from gcc object... ok
checking for sysroot... no
checking for mt... mt
checking if mt is a manifest tool... no
checking how to run the C preprocessor... gcc -E
checking for ANSI C header files... yes
checking for sys/types.h... yes
checking for sys/stat.h... yes
checking for stdlib.h... yes
checking for string.h... yes
checking for memory.h... yes
checking for strings.h... yes
checking for inttypes.h... yes
checking for stdint.h... yes
checking for unistd.h... yes
checking for dlfcn.h... yes
checking for objdir... .libs
checking if gcc supports -fno-rtti -fno-exceptions... no
checking for gcc option to produce PIC... -fPIC -DPIC
checking if gcc PIC flag -fPIC -DPIC works... yes
checking if gcc static flag -static works... yes
checking if gcc supports -c -o file.o... yes
checking if gcc supports -c -o file.o... (cached) yes
checking whether the gcc linker (/usr/bin/ld -m elf_x86_64) supports shared libraries... yes
checking whether -lc should be explicitly linked in... no
checking dynamic linker characteristics... GNU/Linux ld.so
checking how to hardcode library paths into programs... immediate
checking whether stripping libraries is possible... yes
checking if libtool supports shared libraries... yes
checking whether to build shared libraries... yes
checking whether to build static libraries... no
checking how to run the C++ preprocessor... g++ -E
checking for ld used by g++... /usr/bin/ld -m elf_x86_64
checking if the linker (/usr/bin/ld -m elf_x86_64) is GNU ld... yes
checking whether the g++ linker (/usr/bin/ld -m elf_x86_64) supports shared libraries... yes
checking for g++ option to produce PIC... -fPIC -DPIC
checking if g++ PIC flag -fPIC -DPIC works... yes
checking if g++ static flag -static works... yes
checking if g++ supports -c -o file.o... yes
checking if g++ supports -c -o file.o... (cached) yes
checking whether the g++ linker (/usr/bin/ld -m elf_x86_64) supports shared libraries... yes
checking dynamic linker characteristics... (cached) GNU/Linux ld.so
checking how to hardcode library paths into programs... immediate
checking for perl... perl
checking for pdflatex... no
checking for pod2html... pod2html
checking for stdint types... stdint.h (shortcircuit)
make use of stdint.h in include/isl/stdint.h (assuming C99 compatible system)
checking which gmp to use... system
checking gmp.h usability... yes
checking gmp.h presence... yes
checking for gmp.h... yes
checking for main in -lgmp... yes
checking whether mp_get_memory_functions is declared... yes
checking whether ffs is declared... yes
checking whether __builtin_ffs is declared... yes
checking which piplib to use... no
checking which clang to use... no
checking for C compiler vendor... (cached) gnu
checking our pkgconfig libname... isl
checking our pkgconfig version... 0.12.2
checking our pkgconfig_libdir... ${libdir}/pkgconfig
expanded our pkgconfig_libdir... /cross-tools/lib/pkgconfig
checking our pkgconfig_libfile... isl.pc
checking our package / suffix... isl / 
checking our pkgconfig description... isl Library
checking our pkgconfig requires... 
checking our pkgconfig ext libs... -lisl -lgmp
checking our pkgconfig cppflags... -I/cross-tools/include
checking our pkgconfig ldflags... -L/cross-tools/lib
noninstalled pkgconfig -L /home/bert/build_qemu_images/clfs_cross_tools/system/sparc64-64/sources/step_12_isl-0.12.2-build/.libs
noninstalled pkgconfig -I /home/bert/build_qemu_images/clfs_cross_tools/system/sparc64-64/sources/step_12_isl-0.12.2-build/../isl-0.12.2/include
configure: creating ./config.status
config.status: creating Makefile
config.status: creating doc/Makefile
config.status: creating bound_test.sh
config.status: creating codegen_test.sh
config.status: creating pip_test.sh
config.status: creating isl_config.h
config.status: creating include/isl/config.h
config.status: executing depfiles commands
config.status: executing libtool commands
config.status: executing include/isl/stdint.h commands
config.status: creating include/isl/stdint.h : _ISL_INCLUDE_ISL_STDINT_H
config.status: executing isl.pc commands
config.status: creating isl.pc.in
config.status: creating isl.pc
config.status: creating isl-uninstalled.pc
config.status: creating isl-uninstalled.sh
