This file contains any messages produced by compilers while
running configure, to aid debugging if configure makes a mistake.

It was created by GNU C Library configure (see version.h), which was
generated by GNU Autoconf 2.68.  Invocation command line was

  $ ../glibc-2.19/configure --prefix=/tools --host=mips64el-unknown-linux-gnu --build= --disable-profile --enable-kernel=2.6.32 --with-binutils=/cross-tools/bin --with-headers=/tools/include --enable-obsolete-rpc --cache-file=config.cache

## --------- ##
## Platform. ##
## --------- ##

hostname = debian
uname -m = x86_64
uname -r = 3.16.0-4-amd64
uname -s = Linux
uname -v = #1 SMP Debian 3.16.7-ckt11-1+deb8u4 (2015-09-19)

/usr/bin/uname -p = unknown
/bin/uname -X     = unknown

/bin/arch              = unknown
/usr/bin/arch -k       = unknown
/usr/convex/getsysinfo = unknown
/usr/bin/hostinfo      = unknown
/bin/machine           = unknown
/usr/bin/oslevel       = unknown
/bin/universe          = unknown

PATH: /cross-tools/bin
PATH: /usr/local/sbin
PATH: /usr/local/bin
PATH: /usr/sbin
PATH: /usr/bin
PATH: /sbin
PATH: /bin


## ----------- ##
## Core tests. ##
## ----------- ##

configure:2150: loading cache config.cache
configure:2344: checking build system type
configure:2358: result: x86_64-unknown-linux-gnu
configure:2378: checking host system type
configure:2391: result: mips64el-unknown-linux-gnu
configure:2420: checking for mips64el-unknown-linux-gnu-gcc
configure:2447: result: mips64el-unknown-linux-gnu-gcc -march=5kc -mtune=5kc -mabi=64
configure:2716: checking for C compiler version
configure:2725: mips64el-unknown-linux-gnu-gcc -march=5kc -mtune=5kc -mabi=64 --version >&5
mips64el-unknown-linux-gnu-gcc (GCC) 4.8.3
Copyright (C) 2013 Free Software Foundation, Inc.
This is free software; see the source for copying conditions.  There is NO
warranty; not even for MERCHANTABILITY or FITNESS FOR A PARTICULAR PURPOSE.

configure:2736: $? = 0
configure:2725: mips64el-unknown-linux-gnu-gcc -march=5kc -mtune=5kc -mabi=64 -v >&5
Using built-in specs.
COLLECT_GCC=mips64el-unknown-linux-gnu-gcc
COLLECT_LTO_WRAPPER=/home/bert/build_qemu_images/clfs_cross_tools/system/mips64-64/cross-tools/bin/../libexec/gcc/mips64el-unknown-linux-gnu/4.8.3/lto-wrapper
Target: mips64el-unknown-linux-gnu
Configured with: ../gcc-4.8.3/configure --prefix=/cross-tools --build= --host= --target=mips64el-unknown-linux-gnu --with-sysroot=/home/bert/build_qemu_images/clfs_cross_tools/system/mips64-64 --with-local-prefix=/tools --with-native-system-header-dir=/tools/include --disable-nls --disable-shared --with-mpfr=/cross-tools --with-gmp=/cross-tools --with-isl=/cross-tools --with-cloog=/cross-tools --with-mpc=/cross-tools --without-headers --with-newlib --disable-decimal-float --disable-libgomp --disable-libmudflap --disable-libssp --disable-libatomic --disable-libitm --disable-libsanitizer --disable-libquadmath --disable-threads --disable-multilib --disable-target-zlib --with-system-zlib --with-abi=64 --enable-languages=c --enable-checking=release
Thread model: single
gcc version 4.8.3 (GCC) 
configure:2736: $? = 0
configure:2725: mips64el-unknown-linux-gnu-gcc -march=5kc -mtune=5kc -mabi=64 -V >&5
mips64el-unknown-linux-gnu-gcc: error: unrecognized command line option '-V'
mips64el-unknown-linux-gnu-gcc: fatal error: no input files
compilation terminated.
configure:2736: $? = 1
configure:2725: mips64el-unknown-linux-gnu-gcc -march=5kc -mtune=5kc -mabi=64 -qversion >&5
mips64el-unknown-linux-gnu-gcc: error: unrecognized command line option '-qversion'
mips64el-unknown-linux-gnu-gcc: fatal error: no input files
compilation terminated.
configure:2736: $? = 1
configure:2741: checking for suffix of object files
configure:2763: mips64el-unknown-linux-gnu-gcc -march=5kc -mtune=5kc -mabi=64 -c   conftest.c >&5
configure:2767: $? = 0
configure:2788: result: o
configure:2792: checking whether we are using the GNU C compiler
configure:2811: mips64el-unknown-linux-gnu-gcc -march=5kc -mtune=5kc -mabi=64 -c   conftest.c >&5
configure:2811: $? = 0
configure:2820: result: yes
configure:2829: checking whether mips64el-unknown-linux-gnu-gcc -march=5kc -mtune=5kc -mabi=64 accepts -g
configure:2849: mips64el-unknown-linux-gnu-gcc -march=5kc -mtune=5kc -mabi=64 -c -g  conftest.c >&5
configure:2849: $? = 0
configure:2890: result: yes
configure:2919: checking for gcc
configure:2946: result: gcc
configure:2982: checking for mips64el-unknown-linux-gnu-g++
configure:3012: result: no
configure:2982: checking for mips64el-unknown-linux-gnu-c++
configure:3012: result: no
configure:2982: checking for mips64el-unknown-linux-gnu-gpp
configure:3012: result: no
configure:2982: checking for mips64el-unknown-linux-gnu-aCC
configure:3012: result: no
configure:2982: checking for mips64el-unknown-linux-gnu-CC
configure:3012: result: no
configure:2982: checking for mips64el-unknown-linux-gnu-cxx
configure:3012: result: no
configure:2982: checking for mips64el-unknown-linux-gnu-cc++
configure:3012: result: no
configure:2982: checking for mips64el-unknown-linux-gnu-cl.exe
configure:3012: result: no
configure:2982: checking for mips64el-unknown-linux-gnu-FCC
configure:3012: result: no
configure:2982: checking for mips64el-unknown-linux-gnu-KCC
configure:3012: result: no
configure:2982: checking for mips64el-unknown-linux-gnu-RCC
configure:3012: result: no
configure:2982: checking for mips64el-unknown-linux-gnu-xlC_r
configure:3012: result: no
configure:2982: checking for mips64el-unknown-linux-gnu-xlC
configure:3012: result: no
configure:3026: checking for g++
configure:3042: found /usr/bin/g++
configure:3053: result: g++
configure:3080: checking for C++ compiler version
configure:3089: g++ --version >&5
g++ (Debian 4.9.2-10) 4.9.2
Copyright (C) 2014 Free Software Foundation, Inc.
This is free software; see the source for copying conditions.  There is NO
warranty; not even for MERCHANTABILITY or FITNESS FOR A PARTICULAR PURPOSE.

configure:3100: $? = 0
configure:3089: g++ -v >&5
Using built-in specs.
COLLECT_GCC=g++
COLLECT_LTO_WRAPPER=/usr/lib/gcc/x86_64-linux-gnu/4.9/lto-wrapper
Target: x86_64-linux-gnu
Configured with: ../src/configure -v --with-pkgversion='Debian 4.9.2-10' --with-bugurl=file:///usr/share/doc/gcc-4.9/README.Bugs --enable-languages=c,c++,java,go,d,fortran,objc,obj-c++ --prefix=/usr --program-suffix=-4.9 --enable-shared --enable-linker-build-id --libexecdir=/usr/lib --without-included-gettext --enable-threads=posix --with-gxx-include-dir=/usr/include/c++/4.9 --libdir=/usr/lib --enable-nls --with-sysroot=/ --enable-clocale=gnu --enable-libstdcxx-debug --enable-libstdcxx-time=yes --enable-gnu-unique-object --disable-vtable-verify --enable-plugin --with-system-zlib --disable-browser-plugin --enable-java-awt=gtk --enable-gtk-cairo --with-java-home=/usr/lib/jvm/java-1.5.0-gcj-4.9-amd64/jre --enable-java-home --with-jvm-root-dir=/usr/lib/jvm/java-1.5.0-gcj-4.9-amd64 --with-jvm-jar-dir=/usr/lib/jvm-exports/java-1.5.0-gcj-4.9-amd64 --with-arch-directory=amd64 --with-ecj-jar=/usr/share/java/eclipse-ecj.jar --enable-objc-gc --enable-multiarch --with-arch-32=i586 --with-abi=m64 --with-multilib-list=m32,m64,mx32 --enable-multilib --with-tune=generic --enable-checking=release --build=x86_64-linux-gnu --host=x86_64-linux-gnu --target=x86_64-linux-gnu
Thread model: posix
gcc version 4.9.2 (Debian 4.9.2-10) 
configure:3100: $? = 0
configure:3089: g++ -V >&5
g++: error: unrecognized command line option '-V'
g++: fatal error: no input files
compilation terminated.
configure:3100: $? = 4
configure:3089: g++ -qversion >&5
g++: error: unrecognized command line option '-qversion'
g++: fatal error: no input files
compilation terminated.
configure:3100: $? = 4
configure:3104: checking whether we are using the GNU C++ compiler
configure:3123: g++ -c   conftest.cpp >&5
configure:3123: $? = 0
configure:3132: result: yes
configure:3141: checking whether g++ accepts -g
configure:3161: g++ -c -g  conftest.cpp >&5
configure:3161: $? = 0
configure:3202: result: yes
configure:3228: checking for mips64el-unknown-linux-gnu-readelf
configure:3244: found /cross-tools/bin/mips64el-unknown-linux-gnu-readelf
configure:3255: result: mips64el-unknown-linux-gnu-readelf
configure:3792: checking for sysdeps preconfigure fragments
configure:3799: result: 
configure:3873: running configure fragment for add-on libidn
configure:3873: running configure fragment for add-on nptl
configure:3921: checking add-on ports for preconfigure fragments
configure:3928: result: 
configure:4009: checking for assembler and linker STT_GNU_IFUNC support

There are no relocations in this file.
configure:4040: result: no
configure:4043: checking whether .text pseudo-op must be used
configure:4053: mips64el-unknown-linux-gnu-gcc -march=5kc -mtune=5kc -mabi=64  -c conftest.s 1>&5
configure:4056: $? = 0
configure:4067: result: yes
configure:4086: checking sysdep dirs
configure:4306: result: sysdeps/generic
configure:4383: checking for a BSD-compatible install
configure:4451: result: /usr/bin/install -c
configure:4466: checking whether ln -s works
configure:4470: result: yes
configure:4494: checking whether /home/bert/build_qemu_images/clfs_cross_tools/system/mips64-64/cross-tools/bin/../lib/gcc/mips64el-unknown-linux-gnu/4.8.3/../../../../mips64el-unknown-linux-gnu/bin/as is GNU as
configure:4508: result: yes
configure:4513: checking whether /home/bert/build_qemu_images/clfs_cross_tools/system/mips64-64/cross-tools/bin/../lib/gcc/mips64el-unknown-linux-gnu/4.8.3/../../../../mips64el-unknown-linux-gnu/bin/ld is GNU ld
configure:4527: result: yes
configure:4537: checking for /home/bert/build_qemu_images/clfs_cross_tools/system/mips64-64/cross-tools/bin/../lib/gcc/mips64el-unknown-linux-gnu/4.8.3/../../../../mips64el-unknown-linux-gnu/bin/as
configure:4564: result: /home/bert/build_qemu_images/clfs_cross_tools/system/mips64-64/cross-tools/bin/../lib/gcc/mips64el-unknown-linux-gnu/4.8.3/../../../../mips64el-unknown-linux-gnu/bin/as
configure:4579: checking version of /home/bert/build_qemu_images/clfs_cross_tools/system/mips64-64/cross-tools/bin/../lib/gcc/mips64el-unknown-linux-gnu/4.8.3/../../../../mips64el-unknown-linux-gnu/bin/as
configure:4589: result: 2.24, ok
configure:4600: checking for /home/bert/build_qemu_images/clfs_cross_tools/system/mips64-64/cross-tools/bin/../lib/gcc/mips64el-unknown-linux-gnu/4.8.3/../../../../mips64el-unknown-linux-gnu/bin/ld
configure:4627: result: /home/bert/build_qemu_images/clfs_cross_tools/system/mips64-64/cross-tools/bin/../lib/gcc/mips64el-unknown-linux-gnu/4.8.3/../../../../mips64el-unknown-linux-gnu/bin/ld
configure:4642: checking version of /home/bert/build_qemu_images/clfs_cross_tools/system/mips64-64/cross-tools/bin/../lib/gcc/mips64el-unknown-linux-gnu/4.8.3/../../../../mips64el-unknown-linux-gnu/bin/ld
configure:4652: result: 2.24, ok
configure:4666: checking for mips64el-unknown-linux-gnu-gcc
configure:4693: result: mips64el-unknown-linux-gnu-gcc -march=5kc -mtune=5kc -mabi=64
configure:4708: checking version of mips64el-unknown-linux-gnu-gcc -march=5kc -mtune=5kc -mabi=64
configure:4718: result: 4.8.3, ok
configure:4729: checking for gnumake
configure:4759: result: no
configure:4729: checking for gmake
configure:4759: result: no
configure:4729: checking for make
configure:4745: found /usr/bin/make
configure:4756: result: make
configure:4771: checking version of make
configure:4781: result: 4.0, ok
configure:4793: checking for gnumsgfmt
configure:4823: result: no
configure:4793: checking for gmsgfmt
configure:4823: result: no
configure:4793: checking for msgfmt
configure:4809: found /usr/bin/msgfmt
configure:4820: result: msgfmt
configure:4835: checking version of msgfmt
configure:4845: result: 0.19.3, ok
configure:4856: checking for makeinfo
configure:4872: found /usr/bin/makeinfo
configure:4883: result: makeinfo
configure:4898: checking version of makeinfo
configure:4908: result: 5.2, ok
configure:4919: checking for sed
configure:4935: found /bin/sed
configure:4946: result: sed
configure:4961: checking version of sed
configure:4971: result: 4.2.2, ok
configure:4982: checking for gawk
configure:4998: found /usr/bin/gawk
configure:5009: result: gawk
configure:5024: checking version of gawk
configure:5034: result: 4.1.1, ok
configure:5045: checking for mips64el-unknown-linux-gnu-nm
configure:5061: found /cross-tools/bin/mips64el-unknown-linux-gnu-nm
configure:5072: result: mips64el-unknown-linux-gnu-nm
configure:5248: checking LD_LIBRARY_PATH variable
configure:5258: result: ok
configure:5267: checking whether GCC supports -static-libgcc
configure:5278: result: -static-libgcc
configure:5284: checking for bash
configure:5302: found /bin/bash
configure:5315: result: /bin/bash
configure:5388: checking for perl
configure:5406: found /usr/bin/perl
configure:5419: result: /usr/bin/perl
configure:5433: checking for install-info
configure:5452: found /usr/bin/install-info
configure:5465: result: /usr/bin/install-info
configure:5475: checking for bison
configure:5494: found /usr/bin/bison
configure:5507: result: /usr/bin/bison
configure:5516: checking for libc-friendly stddef.h
configure:5540: mips64el-unknown-linux-gnu-gcc -march=5kc -mtune=5kc -mabi=64 -c -g -O2  conftest.c >&5
conftest.c: In function 'main':
conftest.c:25:38: warning: incompatible implicit declaration of built-in function 'abort' [enabled by default]
 if (&size == NULL || &wchar == NULL) abort ();
                                      ^
configure:5540: $? = 0
configure:5547: result: yes
configure:5554: checking whether we need to use -P to assemble .S files
configure:5564: mips64el-unknown-linux-gnu-gcc -march=5kc -mtune=5kc -mabi=64   -c conftest.S 1>&5
configure:5567: $? = 0
configure:5575: result: no
configure:5582: checking for .set assembler directive
/home/bert/build_qemu_images/clfs_cross_tools/system/mips64-64/cross-tools/bin/../lib/gcc/mips64el-unknown-linux-gnu/4.8.3/../../../../mips64el-unknown-linux-gnu/bin/ld: warning: cannot find entry symbol __start; defaulting to 0000000120000100
configure:5608: result: yes
configure:5615: checking for assembler gnu_unique_object symbol type
configure:5632: result: yes
configure:5639: checking for .previous assembler directive
configure:5649: mips64el-unknown-linux-gnu-gcc -march=5kc -mtune=5kc -mabi=64 -c  conftest.s 1>&5
configure:5652: $? = 0
configure:5660: result: yes
configure:5694: checking for .protected and .hidden assembler directive
configure:5706: mips64el-unknown-linux-gnu-gcc -march=5kc -mtune=5kc -mabi=64 -c  conftest.s 1>&5
configure:5709: $? = 0
configure:5717: result: yes
configure:5721: checking whether __attribute__((visibility())) is supported
configure:5732: mips64el-unknown-linux-gnu-gcc -march=5kc -mtune=5kc -mabi=64 -Werror -S conftest.c -o conftest.s 1>&5
configure:5735: $? = 0
configure:5746: result: yes
configure:5754: checking for broken __attribute__((visibility()))
configure:5766: mips64el-unknown-linux-gnu-gcc -march=5kc -mtune=5kc -mabi=64 -Werror -S conftest.c -o conftest.s 1>&5
configure:5769: $? = 0
configure:5778: result: no
configure:5785: checking for broken __attribute__((alias()))
configure:5800: mips64el-unknown-linux-gnu-gcc -march=5kc -mtune=5kc -mabi=64 -Werror -S conftest.c -o conftest.s 1>&5
configure:5803: $? = 0
configure:5813: result: no
configure:5820: checking whether to put _rtld_local into .sdata section
configure:5834: result: yes
configure:5842: checking for .preinit_array/.init_array/.fini_array support
configure:5858: mips64el-unknown-linux-gnu-gcc -march=5kc -mtune=5kc -mabi=64 -g -O2   -o conftest
		       conftest.c -static -nostartfiles -nostdlib
		       1>&5
configure:5861: $? = 0
configure:5874: result: yes
configure:5880: checking whether to use .ctors/.dtors header and trailer
configure:5897: mips64el-unknown-linux-gnu-gcc -march=5kc -mtune=5kc -mabi=64 -g -O2   -o conftest
		       conftest.c -static -nostartfiles -nostdlib
		       1>&5
configure:5900: $? = 0
configure:5926: result: yes
configure:5933: checking for libunwind-support in compiler
configure:5950: result: no
configure:5958: checking for linker that supports -z nodelete
configure:5971: mips64el-unknown-linux-gnu-gcc -march=5kc -mtune=5kc -mabi=64 -g -O2  
				-Wl,--enable-new-dtags,-z,nodelete -nostdlib -nostartfiles
				-fPIC -shared -o conftest.so conftest.c
				1>&5
configure:5974: $? = 0
configure:5987: result: yes
configure:5990: checking for linker that supports -z nodlopen
configure:6003: mips64el-unknown-linux-gnu-gcc -march=5kc -mtune=5kc -mabi=64 -g -O2  
				-Wl,--enable-new-dtags,-z,nodlopen -nostdlib -nostartfiles
				-fPIC -shared -o conftest.so conftest.c
				1>&5
configure:6006: $? = 0
configure:6019: result: yes
configure:6022: checking for linker that supports -z initfirst
configure:6035: mips64el-unknown-linux-gnu-gcc -march=5kc -mtune=5kc -mabi=64 -g -O2  
				-Wl,--enable-new-dtags,-z,initfirst -nostdlib -nostartfiles
				-fPIC -shared -o conftest.so conftest.c
				1>&5
configure:6038: $? = 0
configure:6051: result: yes
configure:6142: WARNING: missing architecture parameter to check for working -z relro
configure:6146: checking for -Bgroup option
configure:6157: mips64el-unknown-linux-gnu-gcc -march=5kc -mtune=5kc -mabi=64 -g -O2  
			    -fPIC -shared -o conftest.so conftest.c
			    -Wl,-Bgroup -nostdlib 1>&5
configure:6160: $? = 0
configure:6169: result: yes
configure:6174: checking whether --noexecstack is desirable for .S files
configure:6184: mips64el-unknown-linux-gnu-gcc -march=5kc -mtune=5kc -mabi=64 -g -O2 
		   -S -o conftest.s conftest.c 1>&5
configure:6187: $? = 0
configure:6204: result: no
configure:6211: checking for -z combreloc
configure:6225: mips64el-unknown-linux-gnu-gcc -march=5kc -mtune=5kc -mabi=64 -g -O2  
			-fPIC -shared -o conftest.so conftest.c
			-nostdlib -nostartfiles
			-Wl,-z,combreloc 1>&5
configure:6228: $? = 0
configure:6241: result: no
configure:6249: checking for linker that supports -z execstack
configure:6262: mips64el-unknown-linux-gnu-gcc -march=5kc -mtune=5kc -mabi=64 -g -O2  
				-Wl,-z,execstack -nostdlib -nostartfiles
				-fPIC -shared -o conftest.so conftest.c
				1>&5
configure:6265: $? = 0
configure:6278: result: yes
configure:6282: checking for -fpie
configure:6288: mips64el-unknown-linux-gnu-gcc -march=5kc -mtune=5kc -mabi=64 -fpie -xc /dev/null -S -o /dev/null
configure:6291: $? = 0
configure:6299: result: yes
configure:6304: checking for --hash-style option
configure:6315: mips64el-unknown-linux-gnu-gcc -march=5kc -mtune=5kc -mabi=64 -g -O2  
			    -fPIC -shared -o conftest.so conftest.c
			    -Wl,--hash-style=both -nostdlib 1>&5
/home/bert/build_qemu_images/clfs_cross_tools/system/mips64-64/cross-tools/bin/../lib/gcc/mips64el-unknown-linux-gnu/4.8.3/../../../../mips64el-unknown-linux-gnu/bin/ld: .gnu.hash is incompatible with the MIPS ABI
collect2: error: ld returned 1 exit status
configure:6318: $? = 1
configure:6327: result: no
configure:6335: checking for sufficient default -shared layout
configure:6354:   mips64el-unknown-linux-gnu-gcc -march=5kc -mtune=5kc -mabi=64  -shared -o conftest.so conftest.s 1>&5
/home/bert/build_qemu_images/clfs_cross_tools/system/mips64-64/cross-tools/bin/../lib/gcc/mips64el-unknown-linux-gnu/4.8.3/../../../../mips64el-unknown-linux-gnu/bin/ld: cannot find crti.o: No such file or directory
/home/bert/build_qemu_images/clfs_cross_tools/system/mips64-64/cross-tools/bin/../lib/gcc/mips64el-unknown-linux-gnu/4.8.3/../../../../mips64el-unknown-linux-gnu/bin/ld: cannot find -lc
/home/bert/build_qemu_images/clfs_cross_tools/system/mips64-64/cross-tools/bin/../lib/gcc/mips64el-unknown-linux-gnu/4.8.3/../../../../mips64el-unknown-linux-gnu/bin/ld: cannot find crtn.o: No such file or directory
collect2: error: ld returned 1 exit status
configure:6357: $? = 1
configure:6389: result: no
configure:6394: checking linker output format
configure:6408: result: elf64-tradlittlemips
configure:6412: checking for -fno-toplevel-reorder -fno-section-anchors
configure:6422: mips64el-unknown-linux-gnu-gcc -march=5kc -mtune=5kc -mabi=64 -g -O2  -S -fno-toplevel-reorder -fno-section-anchors
			    conftest.c 1>&5
configure:6425: $? = 0
configure:6434: result: yes
configure:6443: checking for -fstack-protector
configure:6460: result: no
configure:6464: checking for -fgnu89-inline
configure:6491: result: yes
configure:6500: checking whether cc puts quotes around section names
configure:6521: result: no
configure:6528: checking for assembler .weak directive
configure:6541: mips64el-unknown-linux-gnu-gcc -march=5kc -mtune=5kc -mabi=64  -c conftest.s 1>&5
configure:6544: $? = 0
configure:6552: result: yes
configure:6595: checking whether CFI directives are supported
configure:6614: mips64el-unknown-linux-gnu-gcc -march=5kc -mtune=5kc -mabi=64  -c conftest.s 1>&5
configure:6617: $? = 0
configure:6625: result: yes
configure:6632: checking for ld --no-whole-archive
configure:6645: mips64el-unknown-linux-gnu-gcc -march=5kc -mtune=5kc -mabi=64 -g -O2  
			    -nostdlib -nostartfiles -Wl,--no-whole-archive
			    -o conftest conftest.c 1>&5
/home/bert/build_qemu_images/clfs_cross_tools/system/mips64-64/cross-tools/bin/../lib/gcc/mips64el-unknown-linux-gnu/4.8.3/../../../../mips64el-unknown-linux-gnu/bin/ld: warning: cannot find entry symbol __start; defaulting to 00000001200000e0
configure:6648: $? = 0
configure:6656: result: yes
configure:6662: checking for gcc -fexceptions
configure:6675: mips64el-unknown-linux-gnu-gcc -march=5kc -mtune=5kc -mabi=64 -g -O2  
			    -nostdlib -nostartfiles -fexceptions
			    -o conftest conftest.c 1>&5
/home/bert/build_qemu_images/clfs_cross_tools/system/mips64-64/cross-tools/bin/../lib/gcc/mips64el-unknown-linux-gnu/4.8.3/../../../../mips64el-unknown-linux-gnu/bin/ld: warning: cannot find entry symbol __start; defaulting to 0000000120000110
configure:6678: $? = 0
configure:6686: result: yes
configure:6726: checking for __builtin_memset
configure:6738: mips64el-unknown-linux-gnu-gcc -march=5kc -mtune=5kc -mabi=64 -O3 -S conftest.c -o - | fgrep memset > /dev/null
configure:6741: $? = 0
configure:6750: result: no
configure:6757: checking for redirection of built-in functions
configure:6770: mips64el-unknown-linux-gnu-gcc -march=5kc -mtune=5kc -mabi=64 -O3 -S conftest.c -o - | fgrep my_strstr > /dev/null
configure:6773: $? = 0
configure:6782: result: yes
configure:6788: checking for __thread
configure:6797: mips64el-unknown-linux-gnu-gcc -march=5kc -mtune=5kc -mabi=64 -g -O2  -c conftest.c >&5
configure:6800: $? = 0
configure:6808: result: yes
configure:6814: checking for tls_model attribute
configure:6823: mips64el-unknown-linux-gnu-gcc -march=5kc -mtune=5kc -mabi=64 -g -O2  -S -Werror conftest.c >&5
configure:6826: $? = 0
configure:6834: result: yes
configure:6840: checking for compiler option to disable generation of FMA instructions
configure:6848: mips64el-unknown-linux-gnu-gcc -march=5kc -mtune=5kc -mabi=64 -ffp-contract=off -xc /dev/null -S -o /dev/null
configure:6851: $? = 0
configure:6857: result: -ffp-contract=off
configure:6890: checking if mips64el-unknown-linux-gnu-gcc -march=5kc -mtune=5kc -mabi=64 accepts -fno-tree-loop-distribute-patterns with __attribute__ ((__optimize__))
configure:6903: mips64el-unknown-linux-gnu-gcc -march=5kc -mtune=5kc -mabi=64 -g -O2  -c conftest.c
configure:6906: $? = 0
configure:6913: result: yes
configure:6921: checking for libgd
configure:6941: mips64el-unknown-linux-gnu-gcc -march=5kc -mtune=5kc -mabi=64 -o conftest -g -O2     conftest.c  -lgd -lpng -lz -lm >&5
conftest.c:20:16: fatal error: gd.h: No such file or directory
 #include <gd.h>
                ^
compilation terminated.
configure:6941: $? = 1
configure: failed program was:
| /* confdefs.h */
| #define PACKAGE_NAME "GNU C Library"
| #define PACKAGE_TARNAME "glibc"
| #define PACKAGE_VERSION "(see version.h)"
| #define PACKAGE_STRING "GNU C Library (see version.h)"
| #define PACKAGE_BUGREPORT "http://sourceware.org/bugzilla/"
| #define PACKAGE_URL "http://www.gnu.org/software/glibc/"
| #define PKGVERSION "(GNU libc) "
| #define REPORT_BUGS_TO "<http://www.gnu.org/software/libc/bugs.html>"
| #define LINK_OBSOLETE_RPC 1
| #define HAVE_LIBIDN 1
| #define HAVE_ASM_SET_DIRECTIVE 1
| #define HAVE_ASM_UNIQUE_OBJECT 1
| #define HAVE_ASM_PREVIOUS_DIRECTIVE 1
| #define HAVE_SDATA_SECTION 1
| #define HAVE_ASM_WEAK_DIRECTIVE 1
| #define HAVE_ASM_CFI_DIRECTIVES 1
| #define HAVE_CC_INHIBIT_LOOP_TO_LIBCALL 1
| /* end confdefs.h.  */
| #include <gd.h>
| int
| main ()
| {
| gdImagePng (0, 0)
|   ;
|   return 0;
| }
configure:6954: result: no
configure:6963: checking for is_selinux_enabled in -lselinux
configure:6988: mips64el-unknown-linux-gnu-gcc -march=5kc -mtune=5kc -mabi=64 -o conftest -g -O2   conftest.c -lselinux   >&5
/home/bert/build_qemu_images/clfs_cross_tools/system/mips64-64/cross-tools/bin/../lib/gcc/mips64el-unknown-linux-gnu/4.8.3/../../../../mips64el-unknown-linux-gnu/bin/ld: cannot find crt1.o: No such file or directory
/home/bert/build_qemu_images/clfs_cross_tools/system/mips64-64/cross-tools/bin/../lib/gcc/mips64el-unknown-linux-gnu/4.8.3/../../../../mips64el-unknown-linux-gnu/bin/ld: cannot find crti.o: No such file or directory
/home/bert/build_qemu_images/clfs_cross_tools/system/mips64-64/cross-tools/bin/../lib/gcc/mips64el-unknown-linux-gnu/4.8.3/../../../../mips64el-unknown-linux-gnu/bin/ld: cannot find -lselinux
/home/bert/build_qemu_images/clfs_cross_tools/system/mips64-64/cross-tools/bin/../lib/gcc/mips64el-unknown-linux-gnu/4.8.3/../../../../mips64el-unknown-linux-gnu/bin/ld: cannot find -lc
/home/bert/build_qemu_images/clfs_cross_tools/system/mips64-64/cross-tools/bin/../lib/gcc/mips64el-unknown-linux-gnu/4.8.3/../../../../mips64el-unknown-linux-gnu/bin/ld: cannot find crtn.o: No such file or directory
collect2: error: ld returned 1 exit status
configure:6988: $? = 1
configure: failed program was:
| /* confdefs.h */
| #define PACKAGE_NAME "GNU C Library"
| #define PACKAGE_TARNAME "glibc"
| #define PACKAGE_VERSION "(see version.h)"
| #define PACKAGE_STRING "GNU C Library (see version.h)"
| #define PACKAGE_BUGREPORT "http://sourceware.org/bugzilla/"
| #define PACKAGE_URL "http://www.gnu.org/software/glibc/"
| #define PKGVERSION "(GNU libc) "
| #define REPORT_BUGS_TO "<http://www.gnu.org/software/libc/bugs.html>"
| #define LINK_OBSOLETE_RPC 1
| #define HAVE_LIBIDN 1
| #define HAVE_ASM_SET_DIRECTIVE 1
| #define HAVE_ASM_UNIQUE_OBJECT 1
| #define HAVE_ASM_PREVIOUS_DIRECTIVE 1
| #define HAVE_SDATA_SECTION 1
| #define HAVE_ASM_WEAK_DIRECTIVE 1
| #define HAVE_ASM_CFI_DIRECTIVES 1
| #define HAVE_CC_INHIBIT_LOOP_TO_LIBCALL 1
| /* end confdefs.h.  */
| 
| /* Override any GCC internal prototype to avoid an error.
|    Use char because int might match the return type of a GCC
|    builtin and then its argument prototype would still apply.  */
| #ifdef __cplusplus
| extern "C"
| #endif
| char is_selinux_enabled ();
| int
| main ()
| {
| return is_selinux_enabled ();
|   ;
|   return 0;
| }
configure:6997: result: no
configure:7153: checking size of long double
configure:7158: mips64el-unknown-linux-gnu-gcc -march=5kc -mtune=5kc -mabi=64 -o conftest -g -O2   conftest.c  >&5
conftest.c:23:19: fatal error: stdio.h: No such file or directory
 #include <stdio.h>
                   ^
compilation terminated.
configure:7158: $? = 1
configure: program exited with status 1
configure: failed program was:
| /* confdefs.h */
| #define PACKAGE_NAME "GNU C Library"
| #define PACKAGE_TARNAME "glibc"
| #define PACKAGE_VERSION "(see version.h)"
| #define PACKAGE_STRING "GNU C Library (see version.h)"
| #define PACKAGE_BUGREPORT "http://sourceware.org/bugzilla/"
| #define PACKAGE_URL "http://www.gnu.org/software/glibc/"
| #define PKGVERSION "(GNU libc) "
| #define REPORT_BUGS_TO "<http://www.gnu.org/software/libc/bugs.html>"
| #define LINK_OBSOLETE_RPC 1
| #define HAVE_LIBIDN 1
| #define HAVE_ASM_SET_DIRECTIVE 1
| #define HAVE_ASM_UNIQUE_OBJECT 1
| #define HAVE_ASM_PREVIOUS_DIRECTIVE 1
| #define HAVE_SDATA_SECTION 1
| #define HAVE_ASM_WEAK_DIRECTIVE 1
| #define HAVE_ASM_CFI_DIRECTIVES 1
| #define HAVE_CC_INHIBIT_LOOP_TO_LIBCALL 1
| /* end confdefs.h.  */
| /* none */
| static long int longval () { return (long int) (sizeof (long double)); }
| static unsigned long int ulongval () { return (long int) (sizeof (long double)); }
| #include <stdio.h>
| #include <stdlib.h>
| int
| main ()
| {
| 
|   FILE *f = fopen ("conftest.val", "w");
|   if (! f)
|     return 1;
|   if (((long int) (sizeof (long double))) < 0)
|     {
|       long int i = longval ();
|       if (i != ((long int) (sizeof (long double))))
| 	return 1;
|       fprintf (f, "%ld", i);
|     }
|   else
|     {
|       unsigned long int i = ulongval ();
|       if (i != ((long int) (sizeof (long double))))
| 	return 1;
|       fprintf (f, "%lu", i);
|     }
|   /* Do not output a trailing newline, as this causes \r\n confusion
|      on some platforms.  */
|   return ferror (f) || fclose (f) != 0;
| 
|   ;
|   return 0;
| }
configure:7172: result: 0
configure:7186: checking for _FORTIFY_SOURCE predefine
configure:7205: mips64el-unknown-linux-gnu-gcc -march=5kc -mtune=5kc -mabi=64 -c -g -O2  conftest.c >&5
configure:7205: $? = 0
configure:7212: result: no
configure:7219: checking whether mips64el-unknown-linux-gnu-gcc -march=5kc -mtune=5kc -mabi=64 implicitly enables -fstack-protector
configure:7236: mips64el-unknown-linux-gnu-gcc -march=5kc -mtune=5kc -mabi=64 -c -g -O2  conftest.c >&5
configure:7236: $? = 0
libc_undefs='foobar'
configure:7263: result: no
configure:7290: result: running configure fragment for ports/sysdeps/unix/sysv/linux/mips/mips64
configure:7290: result: running configure fragment for ports/sysdeps/unix/sysv/linux/mips
configure:19: mips64el-unknown-linux-gnu-gcc -march=5kc -mtune=5kc -mabi=64 -c -g -O2  conftest.c >&5
conftest.c:23:6: error: #error Not O32 ABI
     #error Not O32 ABI
      ^
configure:19: $? = 1
configure: failed program was:
| /* confdefs.h */
| #define PACKAGE_NAME "GNU C Library"
| #define PACKAGE_TARNAME "glibc"
| #define PACKAGE_VERSION "(see version.h)"
| #define PACKAGE_STRING "GNU C Library (see version.h)"
| #define PACKAGE_BUGREPORT "http://sourceware.org/bugzilla/"
| #define PACKAGE_URL "http://www.gnu.org/software/glibc/"
| #define PKGVERSION "(GNU libc) "
| #define REPORT_BUGS_TO "<http://www.gnu.org/software/libc/bugs.html>"
| #define LINK_OBSOLETE_RPC 1
| #define HAVE_LIBIDN 1
| #define HAVE_ASM_SET_DIRECTIVE 1
| #define HAVE_ASM_UNIQUE_OBJECT 1
| #define HAVE_ASM_PREVIOUS_DIRECTIVE 1
| #define HAVE_SDATA_SECTION 1
| #define HAVE_ASM_WEAK_DIRECTIVE 1
| #define HAVE_ASM_CFI_DIRECTIVES 1
| #define HAVE_CC_INHIBIT_LOOP_TO_LIBCALL 1
| #define SIZEOF_LONG_DOUBLE 0
| /* end confdefs.h.  */
| 
|     #if (_MIPS_SIM != _ABIO32)
|     #error Not O32 ABI
|     #endif
| int
| main ()
| {
| 
|   ;
|   return 0;
| }
configure:36: mips64el-unknown-linux-gnu-gcc -march=5kc -mtune=5kc -mabi=64 -c -g -O2  conftest.c >&5
conftest.c:23:8: error: #error Not N32 ABI
       #error Not N32 ABI
        ^
configure:36: $? = 1
configure: failed program was:
| /* confdefs.h */
| #define PACKAGE_NAME "GNU C Library"
| #define PACKAGE_TARNAME "glibc"
| #define PACKAGE_VERSION "(see version.h)"
| #define PACKAGE_STRING "GNU C Library (see version.h)"
| #define PACKAGE_BUGREPORT "http://sourceware.org/bugzilla/"
| #define PACKAGE_URL "http://www.gnu.org/software/glibc/"
| #define PKGVERSION "(GNU libc) "
| #define REPORT_BUGS_TO "<http://www.gnu.org/software/libc/bugs.html>"
| #define LINK_OBSOLETE_RPC 1
| #define HAVE_LIBIDN 1
| #define HAVE_ASM_SET_DIRECTIVE 1
| #define HAVE_ASM_UNIQUE_OBJECT 1
| #define HAVE_ASM_PREVIOUS_DIRECTIVE 1
| #define HAVE_SDATA_SECTION 1
| #define HAVE_ASM_WEAK_DIRECTIVE 1
| #define HAVE_ASM_CFI_DIRECTIVES 1
| #define HAVE_CC_INHIBIT_LOOP_TO_LIBCALL 1
| #define SIZEOF_LONG_DOUBLE 0
| /* end confdefs.h.  */
| 
|       #if (_MIPS_SIM != _ABIN32)
|       #error Not N32 ABI
|       #endif
| int
| main ()
| {
| 
|   ;
|   return 0;
| }
configure:53: mips64el-unknown-linux-gnu-gcc -march=5kc -mtune=5kc -mabi=64 -c -g -O2  conftest.c >&5
configure:53: $? = 0
configure:80: mips64el-unknown-linux-gnu-gcc -march=5kc -mtune=5kc -mabi=64 -c -g -O2  conftest.c >&5
conftest.c:23:6: error: #error Not soft ABI
     #error Not soft ABI
      ^
configure:80: $? = 1
configure: failed program was:
| /* confdefs.h */
| #define PACKAGE_NAME "GNU C Library"
| #define PACKAGE_TARNAME "glibc"
| #define PACKAGE_VERSION "(see version.h)"
| #define PACKAGE_STRING "GNU C Library (see version.h)"
| #define PACKAGE_BUGREPORT "http://sourceware.org/bugzilla/"
| #define PACKAGE_URL "http://www.gnu.org/software/glibc/"
| #define PKGVERSION "(GNU libc) "
| #define REPORT_BUGS_TO "<http://www.gnu.org/software/libc/bugs.html>"
| #define LINK_OBSOLETE_RPC 1
| #define HAVE_LIBIDN 1
| #define HAVE_ASM_SET_DIRECTIVE 1
| #define HAVE_ASM_UNIQUE_OBJECT 1
| #define HAVE_ASM_PREVIOUS_DIRECTIVE 1
| #define HAVE_SDATA_SECTION 1
| #define HAVE_ASM_WEAK_DIRECTIVE 1
| #define HAVE_ASM_CFI_DIRECTIVES 1
| #define HAVE_CC_INHIBIT_LOOP_TO_LIBCALL 1
| #define SIZEOF_LONG_DOUBLE 0
| /* end confdefs.h.  */
| 
|     #if !defined(__mips_soft_float)
|     #error Not soft ABI
|     #endif
| int
| main ()
| {
| 
|   ;
|   return 0;
| }
configure:97: mips64el-unknown-linux-gnu-gcc -march=5kc -mtune=5kc -mabi=64 -c -g -O2  conftest.c >&5
configure:97: $? = 0
configure:109: checking for grep that handles long lines and -e
configure:167: result: /bin/grep
configure:172: checking for egrep
configure:234: result: /bin/grep -E
configure:239: checking whether the compiler is using the 2008 NaN encoding
configure:260: result: no
configure:7290: result: running configure fragment for nptl/sysdeps/pthread
configure:21: checking for forced unwind support
configure:47: result: yes
configure:54: checking for C cleanup handling
configure:81: result: yes
configure:7290: result: running configure fragment for sysdeps/unix/sysv/linux
configure:45: checking for grep that handles long lines and -e
configure:103: result: /bin/grep
configure:108: checking for egrep
configure:170: result: /bin/grep -E
configure:175: checking installed Linux kernel header files
configure:196: result: 2.6.19 or later
configure:266: checking for kernel header at least 2.6.32
configure:285: result: ok
configure:303: checking for linux/fanotify.h
configure:303: mips64el-unknown-linux-gnu-gcc -march=5kc -mtune=5kc -mabi=64 -c -g -O2  -nostdinc -isystem /home/bert/build_qemu_images/clfs_cross_tools/system/mips64-64/cross-tools/bin/../lib/gcc/mips64el-unknown-linux-gnu/4.8.3/include -isystem /home/bert/build_qemu_images/clfs_cross_tools/system/mips64-64/cross-tools/bin/../lib/gcc/mips64el-unknown-linux-gnu/4.8.3/include-fixed -isystem /tools/include conftest.c >&5
configure:303: $? = 0
configure:303: result: yes
configure:7290: result: running configure fragment for sysdeps/gnu
configure:7290: result: running configure fragment for ports/sysdeps/mips
configure:7: checking for grep that handles long lines and -e
configure:65: result: /bin/grep
configure:70: checking for egrep
configure:132: result: /bin/grep -E
configure:137: checking whether the compiler is using the 2008 NaN encoding
configure:158: result: no
configure:7322: checking for old glibc 2.0.x headers
configure:7330: result: no
configure:7358: checking whether -fPIC is default
conftest.c:2:3: error: #error PIC is default.
 # error PIC is default.
   ^
configure:7374: result: yes
configure:7459: updating cache config.cache
configure:7508: creating ./config.status

## ---------------------- ##
## Running config.status. ##
## ---------------------- ##

This file was extended by GNU C Library config.status (see version.h), which was
generated by GNU Autoconf 2.68.  Invocation command line was

  CONFIG_FILES    = 
  CONFIG_HEADERS  = 
  CONFIG_LINKS    = 
  CONFIG_COMMANDS = 
  $ ./config.status 

on debian

config.status:953: creating config.make
config.status:953: creating Makefile
config.status:953: creating config.h
config.status:1127: executing default commands

## ---------------- ##
## Cache variables. ##
## ---------------- ##

ac_cv_build=x86_64-unknown-linux-gnu
ac_cv_c_compiler_gnu=yes
ac_cv_cxx_compiler_gnu=yes
ac_cv_env_CCC_set=
ac_cv_env_CCC_value=
ac_cv_env_CC_set=set
ac_cv_env_CC_value='mips64el-unknown-linux-gnu-gcc -march=5kc -mtune=5kc -mabi=64'
ac_cv_env_CFLAGS_set=
ac_cv_env_CFLAGS_value=
ac_cv_env_CPPFLAGS_set=
ac_cv_env_CPPFLAGS_value=
ac_cv_env_CPP_set=
ac_cv_env_CPP_value=
ac_cv_env_CXXFLAGS_set=
ac_cv_env_CXXFLAGS_value=
ac_cv_env_CXX_set=
ac_cv_env_CXX_value=
ac_cv_env_LDFLAGS_set=
ac_cv_env_LDFLAGS_value=
ac_cv_env_LIBS_set=
ac_cv_env_LIBS_value=
ac_cv_env_build_alias_set=set
ac_cv_env_build_alias_value=
ac_cv_env_host_alias_set=set
ac_cv_env_host_alias_value=mips64el-unknown-linux-gnu
ac_cv_env_target_alias_set=
ac_cv_env_target_alias_value=
ac_cv_header_linux_fanotify_h=yes
ac_cv_host=mips64el-unknown-linux-gnu
ac_cv_lib_selinux_is_selinux_enabled=no
ac_cv_objext=o
ac_cv_path_BASH_SHELL=/bin/bash
ac_cv_path_BISON=/usr/bin/bison
ac_cv_path_EGREP='/bin/grep -E'
ac_cv_path_GREP=/bin/grep
ac_cv_path_INSTALL_INFO=/usr/bin/install-info
ac_cv_path_PERL=/usr/bin/perl
ac_cv_path_install='/usr/bin/install -c'
ac_cv_prog_AS=/home/bert/build_qemu_images/clfs_cross_tools/system/mips64-64/cross-tools/bin/../lib/gcc/mips64el-unknown-linux-gnu/4.8.3/../../../../mips64el-unknown-linux-gnu/bin/as
ac_cv_prog_AWK=gawk
ac_cv_prog_BUILD_CC=gcc
ac_cv_prog_CC='mips64el-unknown-linux-gnu-gcc -march=5kc -mtune=5kc -mabi=64'
ac_cv_prog_LD=/home/bert/build_qemu_images/clfs_cross_tools/system/mips64-64/cross-tools/bin/../lib/gcc/mips64el-unknown-linux-gnu/4.8.3/../../../../mips64el-unknown-linux-gnu/bin/ld
ac_cv_prog_MAKE=make
ac_cv_prog_MAKEINFO=makeinfo
ac_cv_prog_MSGFMT=msgfmt
ac_cv_prog_NM=mips64el-unknown-linux-gnu-nm
ac_cv_prog_READELF=mips64el-unknown-linux-gnu-readelf
ac_cv_prog_SED=sed
ac_cv_prog_ac_ct_CXX=g++
ac_cv_prog_cc_g=yes
ac_cv_prog_cxx_g=yes
ac_cv_sizeof_long_double=0
libc_cv_Bgroup=yes
libc_cv_as_noexecstack=no
libc_cv_asm_cfi_directives=yes
libc_cv_asm_previous_directive=yes
libc_cv_asm_protected_directive=yes
libc_cv_asm_set_directive=yes
libc_cv_asm_unique_object=yes
libc_cv_asm_weak_directive=yes
libc_cv_broken_alias_attribute=no
libc_cv_broken_visibility_attribute=no
libc_cv_c_cleanup=yes
libc_cv_cc_loop_to_function=yes
libc_cv_cc_nofma=-ffp-contract=off
libc_cv_cc_with_libunwind=no
libc_cv_ctors_header=yes
libc_cv_dot_text=.text
libc_cv_fno_toplevel_reorder=yes
libc_cv_forced_unwind=yes
libc_cv_fpie=yes
libc_cv_friendly_stddef=yes
libc_cv_gcc___thread=yes
libc_cv_gcc_builtin_memset=no
libc_cv_gcc_builtin_redirection=yes
libc_cv_gcc_exceptions=yes
libc_cv_gcc_static_libgcc=-static-libgcc
libc_cv_gcc_tls_model_attr=yes
libc_cv_gcc_unwind_find_fde=yes
libc_cv_gnu89_inline=yes
libc_cv_hashstyle=no
libc_cv_have_bash2=yes
libc_cv_have_ksh=yes
libc_cv_have_sdata_section=yes
libc_cv_have_section_quotes=no
libc_cv_idn=no
libc_cv_initfini_array=yes
libc_cv_ld_gnu_indirect_function=no
libc_cv_ld_no_whole_archive=yes
libc_cv_linux2619='2.6.19 or later'
libc_cv_localstatedir='${prefix}/var'
libc_cv_mips_nan2008=no
libc_cv_mips_tls=yes
libc_cv_need_minus_P=no
libc_cv_nss_crypt=no
libc_cv_output_format=elf64-tradlittlemips
libc_cv_pic_default=yes
libc_cv_predef_fortify_source=no
libc_cv_predef_stack_protector=no
libc_cv_prog_as_gnu=yes
libc_cv_prog_ld_gnu=yes
libc_cv_ssp=no
libc_cv_sysconfdir='${prefix}/etc'
libc_cv_use_default_link=no
libc_cv_visibility_attribute=yes
libc_cv_z_combreloc=no
libc_cv_z_execstack=yes
libc_cv_z_initfirst=yes
libc_cv_z_nodelete=yes
libc_cv_z_nodlopen=yes

## ----------------- ##
## Output variables. ##
## ----------------- ##

AR='/home/bert/build_qemu_images/clfs_cross_tools/system/mips64-64/cross-tools/bin/../lib/gcc/mips64el-unknown-linux-gnu/4.8.3/../../../../mips64el-unknown-linux-gnu/bin/ar'
AS='/home/bert/build_qemu_images/clfs_cross_tools/system/mips64-64/cross-tools/bin/../lib/gcc/mips64el-unknown-linux-gnu/4.8.3/../../../../mips64el-unknown-linux-gnu/bin/as'
ASFLAGS_config=''
AUTOCONF='no'
AWK='gawk'
BASH_SHELL='/bin/bash'
BISON='/usr/bin/bison'
BUILD_CC='gcc'
CC='mips64el-unknown-linux-gnu-gcc -march=5kc -mtune=5kc -mabi=64'
CFLAGS='-g -O2'
CPP='mips64el-unknown-linux-gnu-gcc -march=5kc -mtune=5kc -mabi=64 -E'
CPPFLAGS=''
CPPUNDEFS=''
CXX='g++'
CXXFLAGS='-g -O2'
CXX_SYSINCLUDES=' -isystem /usr/include/c++/4.9 -isystem /usr/include/x86_64-linux-gnu/c++/4.9 -isystem /usr/include/c++/4.9/backward'
DEFINES=''
DEFS='-DHAVE_CONFIG_H'
ECHO_C=''
ECHO_N='-n'
ECHO_T=''
INSTALL_DATA='${INSTALL} -m 644'
INSTALL_INFO='/usr/bin/install-info'
INSTALL_PROGRAM='${INSTALL}'
INSTALL_SCRIPT='${INSTALL}'
KSH='/bin/bash'
LD='/home/bert/build_qemu_images/clfs_cross_tools/system/mips64-64/cross-tools/bin/../lib/gcc/mips64el-unknown-linux-gnu/4.8.3/../../../../mips64el-unknown-linux-gnu/bin/ld'
LDFLAGS=''
LIBGD='no'
LIBOBJS=''
LIBS=''
LN_S='ln -s'
LTLIBOBJS=''
MAKE='make'
MAKEINFO='makeinfo'
MSGFMT='msgfmt'
NM='mips64el-unknown-linux-gnu-nm'
OBJCOPY='/home/bert/build_qemu_images/clfs_cross_tools/system/mips64-64/cross-tools/bin/../lib/gcc/mips64el-unknown-linux-gnu/4.8.3/../../../../mips64el-unknown-linux-gnu/bin/objcopy'
OBJDUMP='/home/bert/build_qemu_images/clfs_cross_tools/system/mips64-64/cross-tools/bin/../lib/gcc/mips64el-unknown-linux-gnu/4.8.3/../../../../mips64el-unknown-linux-gnu/bin/objdump'
OBJEXT='o'
PACKAGE_BUGREPORT='http://sourceware.org/bugzilla/'
PACKAGE_NAME='GNU C Library'
PACKAGE_STRING='GNU C Library (see version.h)'
PACKAGE_TARNAME='glibc'
PACKAGE_URL='http://www.gnu.org/software/glibc/'
PACKAGE_VERSION='(see version.h)'
PATH_SEPARATOR=':'
PERL='/usr/bin/perl'
PKGVERSION='(GNU libc) '
PKGVERSION_TEXI='(GNU libc) '
READELF='mips64el-unknown-linux-gnu-readelf'
RELEASE='stable'
REPORT_BUGS_TEXI='@uref{http://www.gnu.org/software/libc/bugs.html}'
REPORT_BUGS_TO='<http://www.gnu.org/software/libc/bugs.html>'
SED='sed'
SHELL='/bin/bash'
SYSINCLUDES='-nostdinc -isystem /home/bert/build_qemu_images/clfs_cross_tools/system/mips64-64/cross-tools/bin/../lib/gcc/mips64el-unknown-linux-gnu/4.8.3/include -isystem /home/bert/build_qemu_images/clfs_cross_tools/system/mips64-64/cross-tools/bin/../lib/gcc/mips64el-unknown-linux-gnu/4.8.3/include-fixed -isystem /tools/include'
VERSION='2.19'
ac_ct_CC=''
ac_ct_CXX='g++'
add_on_subdirs=' libidn'
add_ons='libidn nptl ports'
all_warnings=''
base_machine='mips64'
bindir='${exec_prefix}/bin'
bindnow='no'
build='x86_64-unknown-linux-gnu'
build_alias=''
build_cpu='x86_64'
build_nscd='yes'
build_os='linux-gnu'
build_pt_chown='no'
build_vendor='unknown'
cross_compiling='maybe'
datadir='${datarootdir}'
datarootdir='${prefix}/share'
docdir='${datarootdir}/doc/${PACKAGE_TARNAME}'
dvidir='${docdir}'
exceptions='-fexceptions'
exec_prefix='${prefix}'
fno_unit_at_a_time='-fno-toplevel-reorder -fno-section-anchors'
force_install='yes'
gnu89_inline='-fgnu89-inline'
hardcoded_path_in_tests='no'
have_libaudit=''
have_libcap=''
have_selinux='no'
host='mips64el-unknown-linux-gnu'
host_alias='mips64el-unknown-linux-gnu'
host_cpu='mips64el'
host_os='linux-gnu'
host_vendor='unknown'
htmldir='${docdir}'
includedir='${prefix}/include'
infodir='${datarootdir}/info'
ldd_rewrite_script='ports/sysdeps/unix/sysv/linux/mips/mips64/ldd-rewrite.sed'
libc_cv_Bgroup='yes'
libc_cv_cc_loop_to_function='yes'
libc_cv_cc_nofma='-ffp-contract=off'
libc_cv_cc_submachine=''
libc_cv_cc_with_libunwind='no'
libc_cv_forced_unwind='yes'
libc_cv_fpie='yes'
libc_cv_gcc_static_libgcc='-static-libgcc'
libc_cv_gcc_unwind_find_fde='yes'
libc_cv_hashstyle='no'
libc_cv_have_bash2='yes'
libc_cv_have_ksh='yes'
libc_cv_localedir=''
libc_cv_localstatedir='${prefix}/var'
libc_cv_nss_crypt='no'
libc_cv_output_format='elf64-tradlittlemips'
libc_cv_pic_default='yes'
libc_cv_rootsbindir=''
libc_cv_rtlddir=''
libc_cv_slibdir=''
libc_cv_ssp='no'
libc_cv_sysconfdir='${prefix}/etc'
libc_cv_z_combreloc='no'
libc_cv_z_execstack='yes'
libc_extra_cflags=''
libdir='${exec_prefix}/lib'
libexecdir='${exec_prefix}/libexec'
link_obsolete_rpc='yes'
localedir='${datarootdir}/locale'
localstatedir='${prefix}/var'
mach_interface_list=''
mandir='${datarootdir}/man'
multi_arch='no'
old_glibc_headers='no'
oldest_abi='default'
oldincludedir='/usr/include'
pdfdir='${docdir}'
prefix='/tools'
profile='no'
program_transform_name='s,x,x,'
psdir='${docdir}'
sbindir='${exec_prefix}/sbin'
shared='yes'
sharedstatedir='${prefix}/com'
sizeof_long_double='0'
static=''
static_nss='no'
subdirs='  '
submachine=''
sysconfdir='${prefix}/etc'
sysdeps_add_ons=' nptl ports'
sysheaders='/tools/include'
sysnames=' ports/sysdeps/unix/sysv/linux/mips/mips64/n64/nptl ports/sysdeps/unix/sysv/linux/mips/mips64/n64 ports/sysdeps/unix/sysv/linux/mips/mips64/nptl ports/sysdeps/unix/sysv/linux/mips/mips64 ports/sysdeps/unix/sysv/linux/mips/nptl ports/sysdeps/unix/sysv/linux/mips nptl/sysdeps/unix/sysv/linux nptl/sysdeps/pthread sysdeps/pthread ports/sysdeps/unix/sysv/linux sysdeps/unix/sysv/linux sysdeps/gnu sysdeps/unix/inet nptl/sysdeps/unix/sysv ports/sysdeps/unix/sysv sysdeps/unix/sysv ports/sysdeps/unix/mips/mips64/n64 ports/sysdeps/unix/mips/mips64 ports/sysdeps/unix/mips nptl/sysdeps/unix ports/sysdeps/unix sysdeps/unix sysdeps/posix ports/sysdeps/mips/mips64/n64/fpu ports/sysdeps/mips/mips64/n64 ports/sysdeps/mips/ieee754 sysdeps/ieee754/ldbl-128 ports/sysdeps/mips/mips64/soft-fp ports/sysdeps/mips/mips64 sysdeps/ieee754/flt-32 sysdeps/ieee754/dbl-64 ports/sysdeps/mips sysdeps/wordsize-64 ports/sysdeps/mips/fpu ports/sysdeps/mips/nptl sysdeps/ieee754 sysdeps/generic'
target_alias=''
use_default_link='no'
use_ldconfig='yes'
use_nscd='yes'
with_fp='yes'

## ----------- ##
## confdefs.h. ##
## ----------- ##

/* confdefs.h */
#define PACKAGE_NAME "GNU C Library"
#define PACKAGE_TARNAME "glibc"
#define PACKAGE_VERSION "(see version.h)"
#define PACKAGE_STRING "GNU C Library (see version.h)"
#define PACKAGE_BUGREPORT "http://sourceware.org/bugzilla/"
#define PACKAGE_URL "http://www.gnu.org/software/glibc/"
#define PKGVERSION "(GNU libc) "
#define REPORT_BUGS_TO "<http://www.gnu.org/software/libc/bugs.html>"
#define LINK_OBSOLETE_RPC 1
#define HAVE_LIBIDN 1
#define HAVE_ASM_SET_DIRECTIVE 1
#define HAVE_ASM_UNIQUE_OBJECT 1
#define HAVE_ASM_PREVIOUS_DIRECTIVE 1
#define HAVE_SDATA_SECTION 1
#define HAVE_ASM_WEAK_DIRECTIVE 1
#define HAVE_ASM_CFI_DIRECTIVES 1
#define HAVE_CC_INHIBIT_LOOP_TO_LIBCALL 1
#define SIZEOF_LONG_DOUBLE 0
#define HAVE_FORCED_UNWIND 1
#define __LINUX_KERNEL_VERSION (2 * 65536 + 6 * 256 + 32)
#define __ABI_TAG_VERSION 2,6,32
#define HAVE_LINUX_FANOTIFY_H 1
#define HAVE_INLINED_SYSCALLS 1
#define EXPORT_UNWIND_FIND_FDE 1
#define USE_NSCD 1
#define USE_LDCONFIG 1

configure: exit 0
