  CHK     include/generated/uapi/linux/version.h
  UPD     include/generated/uapi/linux/version.h
  HOSTCC  scripts/basic/fixdep
  WRAP    arch/alpha/include/generated/asm/clkdev.h
  WRAP    arch/alpha/include/generated/asm/exec.h
  WRAP    arch/alpha/include/generated/asm/trace_clock.h
  WRAP    arch/alpha/include/generated/asm/preempt.h
  WRAP    arch/alpha/include/generated/asm/hash.h
  HOSTCC  scripts/unifdef
  INSTALL include/asm-generic (35 files)
  INSTALL include/drm (18 files)
  INSTALL include/linux/byteorder (2 files)
  INSTALL include/linux/caif (2 files)
  INSTALL include/linux/can (5 files)
  INSTALL include/linux/dvb (8 files)
  INSTALL include/linux/hdlc (1 file)
  INSTALL include/linux/hsi (1 file)
  INSTALL include/linux/isdn (1 file)
  INSTALL include/linux/mmc (1 file)
  INSTALL include/linux/netfilter/ipset (4 files)
  INSTALL include/linux/netfilter (85 files)
  INSTALL include/linux/netfilter_arp (2 files)
  INSTALL include/linux/netfilter_bridge (18 files)
  INSTALL include/linux/netfilter_ipv4 (10 files)
  INSTALL include/linux/netfilter_ipv6 (12 files)
  INSTALL include/linux/nfsd (5 files)
  INSTALL include/linux/raid (2 files)
  INSTALL include/linux/spi (1 file)
  INSTALL include/linux/sunrpc (1 file)
  INSTALL include/linux/tc_act (8 files)
  INSTALL include/linux/tc_ematch (4 files)
  INSTALL include/linux/usb (11 files)
  INSTALL include/linux/wimax (1 file)
  INSTALL include/linux (391 files)
  INSTALL include/mtd (5 files)
  INSTALL include/rdma (6 files)
  INSTALL include/scsi/fc (4 files)
  INSTALL include/scsi (3 files)
  INSTALL include/sound (11 files)
  INSTALL include/video (3 files)
  INSTALL include/xen (4 files)
  INSTALL include/uapi (0 file)
  INSTALL include/asm (40 files)
  CHECK   include/asm-generic (35 files)
  CHECK   include/drm (18 files)
  CHECK   include/linux/byteorder (2 files)
  CHECK   include/linux/caif (2 files)
  CHECK   include/linux/can (5 files)
  CHECK   include/linux/dvb (8 files)
  CHECK   include/linux/hdlc (1 files)
  CHECK   include/linux/hsi (1 files)
  CHECK   include/linux/isdn (1 files)
  CHECK   include/linux/mmc (1 files)
  CHECK   include/linux/netfilter/ipset (4 files)
  CHECK   include/linux/netfilter (85 files)
  CHECK   include/linux/netfilter_arp (2 files)
  CHECK   include/linux/netfilter_bridge (18 files)
  CHECK   include/linux/netfilter_ipv4 (10 files)
  CHECK   include/linux/netfilter_ipv6 (12 files)
  CHECK   include/linux/nfsd (5 files)
  CHECK   include/linux/raid (2 files)
  CHECK   include/linux/spi (1 files)
  CHECK   include/linux/sunrpc (1 files)
  CHECK   include/linux/tc_act (8 files)
  CHECK   include/linux/tc_ematch (4 files)
  CHECK   include/linux/usb (11 files)
  CHECK   include/linux/wimax (1 files)
  CHECK   include/linux (391 files)
/home/bert/build_qemu_images/clfs_cross_tools/system/alpha/sources/linux-3.14/usr/include/linux/kexec.h:50: userspace cannot reference function or variable defined in the kernel
  CHECK   include/mtd (5 files)
  CHECK   include/rdma (6 files)
  CHECK   include/scsi/fc (4 files)
  CHECK   include/scsi (3 files)
  CHECK   include/sound (11 files)
  CHECK   include/video (3 files)
  CHECK   include/xen (4 files)
  CHECK   include/uapi (0 files)
  CHECK   include/asm (40 files)
