This file contains any messages produced by compilers while
running configure, to aid debugging if configure makes a mistake.

It was created by cloog configure 0.18.2, which was
generated by GNU Autoconf 2.68.  Invocation command line was

  $ ../cloog-0.18.2/configure --prefix=/cross-tools --disable-static --with-gmp-prefix=/cross-tools --with-isl-prefix=/cross-tools

## --------- ##
## Platform. ##
## --------- ##

hostname = debian
uname -m = x86_64
uname -r = 3.16.0-4-amd64
uname -s = Linux
uname -v = #1 SMP Debian 3.16.7-ckt11-1+deb8u4 (2015-09-19)

/usr/bin/uname -p = unknown
/bin/uname -X     = unknown

/bin/arch              = unknown
/usr/bin/arch -k       = unknown
/usr/convex/getsysinfo = unknown
/usr/bin/hostinfo      = unknown
/bin/machine           = unknown
/usr/bin/oslevel       = unknown
/bin/universe          = unknown

PATH: /cross-tools/bin
PATH: /usr/local/sbin
PATH: /usr/local/bin
PATH: /usr/sbin
PATH: /usr/bin
PATH: /sbin
PATH: /bin


## ----------- ##
## Core tests. ##
## ----------- ##

configure:2409: checking for a BSD-compatible install
configure:2477: result: /usr/bin/install -c
configure:2488: checking whether build environment is sane
configure:2538: result: yes
configure:2679: checking for a thread-safe mkdir -p
configure:2718: result: /bin/mkdir -p
configure:2731: checking for gawk
configure:2747: found /usr/bin/gawk
configure:2758: result: gawk
configure:2769: checking whether make sets $(MAKE)
configure:2791: result: yes
configure:2882: checking whether make supports nested variables
configure:2899: result: yes
configure:2960: checking for gcc
configure:2976: found /usr/bin/gcc
configure:2987: result: gcc
configure:3216: checking for C compiler version
configure:3225: gcc --version >&5
gcc (Debian 4.9.2-10) 4.9.2
Copyright (C) 2014 Free Software Foundation, Inc.
This is free software; see the source for copying conditions.  There is NO
warranty; not even for MERCHANTABILITY or FITNESS FOR A PARTICULAR PURPOSE.

configure:3236: $? = 0
configure:3225: gcc -v >&5
Using built-in specs.
COLLECT_GCC=gcc
COLLECT_LTO_WRAPPER=/usr/lib/gcc/x86_64-linux-gnu/4.9/lto-wrapper
Target: x86_64-linux-gnu
Configured with: ../src/configure -v --with-pkgversion='Debian 4.9.2-10' --with-bugurl=file:///usr/share/doc/gcc-4.9/README.Bugs --enable-languages=c,c++,java,go,d,fortran,objc,obj-c++ --prefix=/usr --program-suffix=-4.9 --enable-shared --enable-linker-build-id --libexecdir=/usr/lib --without-included-gettext --enable-threads=posix --with-gxx-include-dir=/usr/include/c++/4.9 --libdir=/usr/lib --enable-nls --with-sysroot=/ --enable-clocale=gnu --enable-libstdcxx-debug --enable-libstdcxx-time=yes --enable-gnu-unique-object --disable-vtable-verify --enable-plugin --with-system-zlib --disable-browser-plugin --enable-java-awt=gtk --enable-gtk-cairo --with-java-home=/usr/lib/jvm/java-1.5.0-gcj-4.9-amd64/jre --enable-java-home --with-jvm-root-dir=/usr/lib/jvm/java-1.5.0-gcj-4.9-amd64 --with-jvm-jar-dir=/usr/lib/jvm-exports/java-1.5.0-gcj-4.9-amd64 --with-arch-directory=amd64 --with-ecj-jar=/usr/share/java/eclipse-ecj.jar --enable-objc-gc --enable-multiarch --with-arch-32=i586 --with-abi=m64 --with-multilib-list=m32,m64,mx32 --enable-multilib --with-tune=generic --enable-checking=release --build=x86_64-linux-gnu --host=x86_64-linux-gnu --target=x86_64-linux-gnu
Thread model: posix
gcc version 4.9.2 (Debian 4.9.2-10) 
configure:3236: $? = 0
configure:3225: gcc -V >&5
gcc: error: unrecognized command line option '-V'
gcc: fatal error: no input files
compilation terminated.
configure:3236: $? = 4
configure:3225: gcc -qversion >&5
gcc: error: unrecognized command line option '-qversion'
gcc: fatal error: no input files
compilation terminated.
configure:3236: $? = 4
configure:3256: checking whether the C compiler works
configure:3278: gcc   -Wl,-rpath,/cross-tools/lib conftest.c  >&5
configure:3282: $? = 0
configure:3330: result: yes
configure:3333: checking for C compiler default output file name
configure:3335: result: a.out
configure:3341: checking for suffix of executables
configure:3348: gcc -o conftest   -Wl,-rpath,/cross-tools/lib conftest.c  >&5
configure:3352: $? = 0
configure:3374: result: 
configure:3396: checking whether we are cross compiling
configure:3404: gcc -o conftest   -Wl,-rpath,/cross-tools/lib conftest.c  >&5
configure:3408: $? = 0
configure:3415: ./conftest
configure:3419: $? = 0
configure:3434: result: no
configure:3439: checking for suffix of object files
configure:3461: gcc -c   conftest.c >&5
configure:3465: $? = 0
configure:3486: result: o
configure:3490: checking whether we are using the GNU C compiler
configure:3509: gcc -c   conftest.c >&5
configure:3509: $? = 0
configure:3518: result: yes
configure:3527: checking whether gcc accepts -g
configure:3547: gcc -c -g  conftest.c >&5
configure:3547: $? = 0
configure:3588: result: yes
configure:3605: checking for gcc option to accept ISO C89
configure:3669: gcc  -c -g -O2  conftest.c >&5
configure:3669: $? = 0
configure:3682: result: none needed
configure:3713: checking for style of include used by make
configure:3741: result: GNU
configure:3767: checking dependency style of gcc
configure:3878: result: gcc3
configure:3893: checking whether ln -s works
configure:3897: result: yes
configure:3904: checking whether make sets $(MAKE)
configure:3926: result: yes
configure:3937: checking for cd
configure:3967: result: no
configure:4002: checking build system type
configure:4016: result: x86_64-unknown-linux-gnu
configure:4036: checking host system type
configure:4049: result: x86_64-unknown-linux-gnu
configure:4090: checking how to print strings
configure:4117: result: printf
configure:4138: checking for a sed that does not truncate output
configure:4202: result: /bin/sed
configure:4220: checking for grep that handles long lines and -e
configure:4278: result: /bin/grep
configure:4283: checking for egrep
configure:4345: result: /bin/grep -E
configure:4350: checking for fgrep
configure:4412: result: /bin/grep -F
configure:4447: checking for ld used by gcc
configure:4514: result: /usr/bin/ld
configure:4521: checking if the linker (/usr/bin/ld) is GNU ld
configure:4536: result: yes
configure:4548: checking for BSD- or MS-compatible name lister (nm)
configure:4597: result: /usr/bin/nm -B
configure:4727: checking the name lister (/usr/bin/nm -B) interface
configure:4734: gcc -c -g -O2  conftest.c >&5
configure:4737: /usr/bin/nm -B "conftest.o"
configure:4740: output
0000000000000000 B some_variable
configure:4747: result: BSD nm
configure:4751: checking the maximum length of command line arguments
configure:4882: result: 1572864
configure:4930: checking how to convert x86_64-unknown-linux-gnu file names to x86_64-unknown-linux-gnu format
configure:4970: result: func_convert_file_noop
configure:4977: checking how to convert x86_64-unknown-linux-gnu file names to toolchain format
configure:4997: result: func_convert_file_noop
configure:5004: checking for /usr/bin/ld option to reload object files
configure:5011: result: -r
configure:5085: checking for objdump
configure:5101: found /usr/bin/objdump
configure:5112: result: objdump
configure:5144: checking how to recognize dependent libraries
configure:5341: result: pass_all
configure:5426: checking for dlltool
configure:5456: result: no
configure:5486: checking how to associate runtime and link libraries
configure:5513: result: printf %s\n
configure:5574: checking for ar
configure:5590: found /usr/bin/ar
configure:5601: result: ar
configure:5638: checking for archiver @FILE support
configure:5655: gcc -c -g -O2  conftest.c >&5
configure:5655: $? = 0
configure:5658: ar cru libconftest.a @conftest.lst >&5
configure:5661: $? = 0
configure:5666: ar cru libconftest.a @conftest.lst >&5
ar: conftest.o: No such file or directory
configure:5669: $? = 1
configure:5681: result: @
configure:5739: checking for strip
configure:5755: found /usr/bin/strip
configure:5766: result: strip
configure:5838: checking for ranlib
configure:5854: found /usr/bin/ranlib
configure:5865: result: ranlib
configure:5967: checking command to parse /usr/bin/nm -B output from gcc object
configure:6120: gcc -c -g -O2  conftest.c >&5
configure:6123: $? = 0
configure:6127: /usr/bin/nm -B conftest.o \| sed -n -e 's/^.*[ ]\([ABCDGIRSTW][ABCDGIRSTW]*\)[ ][ ]*\([_A-Za-z][_A-Za-z0-9]*\)$/\1 \2 \2/p' | sed '/ __gnu_lto/d' \> conftest.nm
configure:6130: $? = 0
configure:6196: gcc -o conftest -g -O2  -Wl,-rpath,/cross-tools/lib conftest.c conftstm.o >&5
configure:6199: $? = 0
configure:6237: result: ok
configure:6284: checking for sysroot
configure:6314: result: no
configure:6434: gcc -c -g -O2  conftest.c >&5
configure:6437: $? = 0
configure:6627: checking for mt
configure:6643: found /bin/mt
configure:6654: result: mt
configure:6677: checking if mt is a manifest tool
configure:6683: mt '-?'
configure:6691: result: no
configure:7333: checking how to run the C preprocessor
configure:7364: gcc -E  conftest.c
configure:7364: $? = 0
configure:7378: gcc -E  conftest.c
conftest.c:11:28: fatal error: ac_nonexistent.h: No such file or directory
 #include <ac_nonexistent.h>
                            ^
compilation terminated.
configure:7378: $? = 1
configure: failed program was:
| /* confdefs.h */
| #define PACKAGE_NAME "cloog"
| #define PACKAGE_TARNAME "cloog"
| #define PACKAGE_VERSION "0.18.2"
| #define PACKAGE_STRING "cloog 0.18.2"
| #define PACKAGE_BUGREPORT "cloog-development@googlegroups.com"
| #define PACKAGE_URL ""
| #define PACKAGE "cloog"
| #define VERSION "0.18.2"
| /* end confdefs.h.  */
| #include <ac_nonexistent.h>
configure:7403: result: gcc -E
configure:7423: gcc -E  conftest.c
configure:7423: $? = 0
configure:7437: gcc -E  conftest.c
conftest.c:11:28: fatal error: ac_nonexistent.h: No such file or directory
 #include <ac_nonexistent.h>
                            ^
compilation terminated.
configure:7437: $? = 1
configure: failed program was:
| /* confdefs.h */
| #define PACKAGE_NAME "cloog"
| #define PACKAGE_TARNAME "cloog"
| #define PACKAGE_VERSION "0.18.2"
| #define PACKAGE_STRING "cloog 0.18.2"
| #define PACKAGE_BUGREPORT "cloog-development@googlegroups.com"
| #define PACKAGE_URL ""
| #define PACKAGE "cloog"
| #define VERSION "0.18.2"
| /* end confdefs.h.  */
| #include <ac_nonexistent.h>
configure:7466: checking for ANSI C header files
configure:7486: gcc -c -g -O2  conftest.c >&5
configure:7486: $? = 0
configure:7559: gcc -o conftest -g -O2  -Wl,-rpath,/cross-tools/lib conftest.c  >&5
configure:7559: $? = 0
configure:7559: ./conftest
configure:7559: $? = 0
configure:7570: result: yes
configure:7583: checking for sys/types.h
configure:7583: gcc -c -g -O2  conftest.c >&5
configure:7583: $? = 0
configure:7583: result: yes
configure:7583: checking for sys/stat.h
configure:7583: gcc -c -g -O2  conftest.c >&5
configure:7583: $? = 0
configure:7583: result: yes
configure:7583: checking for stdlib.h
configure:7583: gcc -c -g -O2  conftest.c >&5
configure:7583: $? = 0
configure:7583: result: yes
configure:7583: checking for string.h
configure:7583: gcc -c -g -O2  conftest.c >&5
configure:7583: $? = 0
configure:7583: result: yes
configure:7583: checking for memory.h
configure:7583: gcc -c -g -O2  conftest.c >&5
configure:7583: $? = 0
configure:7583: result: yes
configure:7583: checking for strings.h
configure:7583: gcc -c -g -O2  conftest.c >&5
configure:7583: $? = 0
configure:7583: result: yes
configure:7583: checking for inttypes.h
configure:7583: gcc -c -g -O2  conftest.c >&5
configure:7583: $? = 0
configure:7583: result: yes
configure:7583: checking for stdint.h
configure:7583: gcc -c -g -O2  conftest.c >&5
configure:7583: $? = 0
configure:7583: result: yes
configure:7583: checking for unistd.h
configure:7583: gcc -c -g -O2  conftest.c >&5
configure:7583: $? = 0
configure:7583: result: yes
configure:7597: checking for dlfcn.h
configure:7597: gcc -c -g -O2  conftest.c >&5
configure:7597: $? = 0
configure:7597: result: yes
configure:7801: checking for objdir
configure:7816: result: .libs
configure:8087: checking if gcc supports -fno-rtti -fno-exceptions
configure:8105: gcc -c -g -O2  -fno-rtti -fno-exceptions conftest.c >&5
cc1: warning: command line option '-fno-rtti' is valid for C++/ObjC++ but not for C
configure:8109: $? = 0
configure:8122: result: no
configure:8470: checking for gcc option to produce PIC
configure:8477: result: -fPIC -DPIC
configure:8485: checking if gcc PIC flag -fPIC -DPIC works
configure:8503: gcc -c -g -O2  -fPIC -DPIC -DPIC conftest.c >&5
configure:8507: $? = 0
configure:8520: result: yes
configure:8549: checking if gcc static flag -static works
configure:8577: result: yes
configure:8592: checking if gcc supports -c -o file.o
configure:8613: gcc -c -g -O2  -o out/conftest2.o conftest.c >&5
configure:8617: $? = 0
configure:8639: result: yes
configure:8647: checking if gcc supports -c -o file.o
configure:8694: result: yes
configure:8727: checking whether the gcc linker (/usr/bin/ld -m elf_x86_64) supports shared libraries
configure:9875: result: yes
configure:9912: checking whether -lc should be explicitly linked in
configure:9920: gcc -c -g -O2  conftest.c >&5
configure:9923: $? = 0
configure:9938: gcc -shared  -fPIC -DPIC conftest.o  -v -Wl,-soname -Wl,conftest -o conftest 2\>\&1 \| /bin/grep  -lc  \>/dev/null 2\>\&1
configure:9941: $? = 0
configure:9955: result: no
configure:10115: checking dynamic linker characteristics
configure:10642: gcc -o conftest -g -O2  -Wl,-rpath,/cross-tools/lib -Wl,-rpath -Wl,/foo conftest.c  >&5
configure:10642: $? = 0
configure:10853: result: GNU/Linux ld.so
configure:10960: checking how to hardcode library paths into programs
configure:10985: result: immediate
configure:11533: checking whether stripping libraries is possible
configure:11538: result: yes
configure:11573: checking if libtool supports shared libraries
configure:11575: result: yes
configure:11578: checking whether to build shared libraries
configure:11599: result: yes
configure:11602: checking whether to build static libraries
configure:11606: result: no
configure:11645: checking for texi2dvi
configure:11661: found /usr/bin/texi2dvi
configure:11672: result: texi2dvi
configure:11690: checking for C compiler vendor
configure:11714: gcc -c -g -O2  conftest.c >&5
conftest.c: In function 'main':
conftest.c:29:7: error: 'thisisanerror' undeclared (first use in this function)
       thisisanerror;
       ^
conftest.c:29:7: note: each undeclared identifier is reported only once for each function it appears in
configure:11714: $? = 1
configure: failed program was:
| /* confdefs.h */
| #define PACKAGE_NAME "cloog"
| #define PACKAGE_TARNAME "cloog"
| #define PACKAGE_VERSION "0.18.2"
| #define PACKAGE_STRING "cloog 0.18.2"
| #define PACKAGE_BUGREPORT "cloog-development@googlegroups.com"
| #define PACKAGE_URL ""
| #define PACKAGE "cloog"
| #define VERSION "0.18.2"
| #define STDC_HEADERS 1
| #define HAVE_SYS_TYPES_H 1
| #define HAVE_SYS_STAT_H 1
| #define HAVE_STDLIB_H 1
| #define HAVE_STRING_H 1
| #define HAVE_MEMORY_H 1
| #define HAVE_STRINGS_H 1
| #define HAVE_INTTYPES_H 1
| #define HAVE_STDINT_H 1
| #define HAVE_UNISTD_H 1
| #define HAVE_DLFCN_H 1
| #define LT_OBJDIR ".libs/"
| /* end confdefs.h.  */
| 
| int
| main ()
| {
| 
| #if !(defined(__ICC) || defined(__ECC) || defined(__INTEL_COMPILER))
|       thisisanerror;
| #endif
| 
|   ;
|   return 0;
| }
configure:11714: gcc -c -g -O2  conftest.c >&5
conftest.c: In function 'main':
conftest.c:29:7: error: 'thisisanerror' undeclared (first use in this function)
       thisisanerror;
       ^
conftest.c:29:7: note: each undeclared identifier is reported only once for each function it appears in
configure:11714: $? = 1
configure: failed program was:
| /* confdefs.h */
| #define PACKAGE_NAME "cloog"
| #define PACKAGE_TARNAME "cloog"
| #define PACKAGE_VERSION "0.18.2"
| #define PACKAGE_STRING "cloog 0.18.2"
| #define PACKAGE_BUGREPORT "cloog-development@googlegroups.com"
| #define PACKAGE_URL ""
| #define PACKAGE "cloog"
| #define VERSION "0.18.2"
| #define STDC_HEADERS 1
| #define HAVE_SYS_TYPES_H 1
| #define HAVE_SYS_STAT_H 1
| #define HAVE_STDLIB_H 1
| #define HAVE_STRING_H 1
| #define HAVE_MEMORY_H 1
| #define HAVE_STRINGS_H 1
| #define HAVE_INTTYPES_H 1
| #define HAVE_STDINT_H 1
| #define HAVE_UNISTD_H 1
| #define HAVE_DLFCN_H 1
| #define LT_OBJDIR ".libs/"
| /* end confdefs.h.  */
| 
| int
| main ()
| {
| 
| #if !(defined(__xlc__) || defined(__xlC__) || defined(__IBMC__) || defined(__IBMCPP__))
|       thisisanerror;
| #endif
| 
|   ;
|   return 0;
| }
configure:11714: gcc -c -g -O2  conftest.c >&5
conftest.c: In function 'main':
conftest.c:29:7: error: 'thisisanerror' undeclared (first use in this function)
       thisisanerror;
       ^
conftest.c:29:7: note: each undeclared identifier is reported only once for each function it appears in
configure:11714: $? = 1
configure: failed program was:
| /* confdefs.h */
| #define PACKAGE_NAME "cloog"
| #define PACKAGE_TARNAME "cloog"
| #define PACKAGE_VERSION "0.18.2"
| #define PACKAGE_STRING "cloog 0.18.2"
| #define PACKAGE_BUGREPORT "cloog-development@googlegroups.com"
| #define PACKAGE_URL ""
| #define PACKAGE "cloog"
| #define VERSION "0.18.2"
| #define STDC_HEADERS 1
| #define HAVE_SYS_TYPES_H 1
| #define HAVE_SYS_STAT_H 1
| #define HAVE_STDLIB_H 1
| #define HAVE_STRING_H 1
| #define HAVE_MEMORY_H 1
| #define HAVE_STRINGS_H 1
| #define HAVE_INTTYPES_H 1
| #define HAVE_STDINT_H 1
| #define HAVE_UNISTD_H 1
| #define HAVE_DLFCN_H 1
| #define LT_OBJDIR ".libs/"
| /* end confdefs.h.  */
| 
| int
| main ()
| {
| 
| #if !(defined(__PATHCC__) || defined(__PATHSCALE__))
|       thisisanerror;
| #endif
| 
|   ;
|   return 0;
| }
configure:11714: gcc -c -g -O2  conftest.c >&5
configure:11714: $? = 0
configure:11721: result: gnu
configure:11980: checking whether C compiler accepts -malign-double
configure:11999: gcc -c -malign-double  conftest.c >&5
configure:11999: $? = 0
configure:12009: result: yes
configure:12019: checking whether C compiler accepts -fstrict-aliasing
configure:12038: gcc -c -fstrict-aliasing  conftest.c >&5
configure:12038: $? = 0
configure:12048: result: yes
configure:12058: checking whether C compiler accepts -ffast-math
configure:12077: gcc -c -ffast-math  conftest.c >&5
configure:12077: $? = 0
configure:12087: result: yes
configure:12108: checking for gcc architecture flag
configure:12110: result: 
configure:12132: checking for x86 cpuid 0 output
configure:12161: gcc -o conftest -O3 -fomit-frame-pointer -malign-double -fstrict-aliasing -ffast-math  -Wl,-rpath,/cross-tools/lib conftest.c  >&5
configure:12161: $? = 0
configure:12161: ./conftest
configure:12161: $? = 0
configure:12171: result: d:756e6547:6c65746e:49656e69
configure:12187: checking for x86 cpuid 1 output
configure:12216: gcc -o conftest -O3 -fomit-frame-pointer -malign-double -fstrict-aliasing -ffast-math  -Wl,-rpath,/cross-tools/lib conftest.c  >&5
configure:12216: $? = 0
configure:12216: ./conftest
configure:12216: $? = 0
configure:12226: result: 1067a:2010800:8d282201:fabfbff
configure:12440: checking whether C compiler accepts -march=pentium3
configure:12455: gcc -c -march=pentium3  conftest.c >&5
conftest.c:1:0: error: CPU you selected does not support x86-64 instruction set
 /* confdefs.h */
 ^
conftest.c:1:0: error: CPU you selected does not support x86-64 instruction set
configure:12455: $? = 1
configure: failed program was:
| /* confdefs.h */
| #define PACKAGE_NAME "cloog"
| #define PACKAGE_TARNAME "cloog"
| #define PACKAGE_VERSION "0.18.2"
| #define PACKAGE_STRING "cloog 0.18.2"
| #define PACKAGE_BUGREPORT "cloog-development@googlegroups.com"
| #define PACKAGE_URL ""
| #define PACKAGE "cloog"
| #define VERSION "0.18.2"
| #define STDC_HEADERS 1
| #define HAVE_SYS_TYPES_H 1
| #define HAVE_SYS_STAT_H 1
| #define HAVE_STDLIB_H 1
| #define HAVE_STRING_H 1
| #define HAVE_MEMORY_H 1
| #define HAVE_STRINGS_H 1
| #define HAVE_INTTYPES_H 1
| #define HAVE_STDINT_H 1
| #define HAVE_UNISTD_H 1
| #define HAVE_DLFCN_H 1
| #define LT_OBJDIR ".libs/"
| /* end confdefs.h.  */
| 
| int
| main ()
| {
| 
|   ;
|   return 0;
| }
configure:12463: result: no
configure:12440: checking whether C compiler accepts -mcpu=pentium3
configure:12455: gcc -c -mcpu=pentium3  conftest.c >&5
gcc: warning: '-mcpu=' is deprecated; use '-mtune=' or '-march=' instead
conftest.c:1:0: error: CPU you selected does not support x86-64 instruction set
 /* confdefs.h */
 ^
configure:12455: $? = 1
configure: failed program was:
| /* confdefs.h */
| #define PACKAGE_NAME "cloog"
| #define PACKAGE_TARNAME "cloog"
| #define PACKAGE_VERSION "0.18.2"
| #define PACKAGE_STRING "cloog 0.18.2"
| #define PACKAGE_BUGREPORT "cloog-development@googlegroups.com"
| #define PACKAGE_URL ""
| #define PACKAGE "cloog"
| #define VERSION "0.18.2"
| #define STDC_HEADERS 1
| #define HAVE_SYS_TYPES_H 1
| #define HAVE_SYS_STAT_H 1
| #define HAVE_STDLIB_H 1
| #define HAVE_STRING_H 1
| #define HAVE_MEMORY_H 1
| #define HAVE_STRINGS_H 1
| #define HAVE_INTTYPES_H 1
| #define HAVE_STDINT_H 1
| #define HAVE_UNISTD_H 1
| #define HAVE_DLFCN_H 1
| #define LT_OBJDIR ".libs/"
| /* end confdefs.h.  */
| 
| int
| main ()
| {
| 
|   ;
|   return 0;
| }
configure:12463: result: no
configure:12440: checking whether C compiler accepts -mpentium3
configure:12455: gcc -c -mpentium3  conftest.c >&5
gcc: error: unrecognized command line option '-mpentium3'
configure:12455: $? = 1
configure: failed program was:
| /* confdefs.h */
| #define PACKAGE_NAME "cloog"
| #define PACKAGE_TARNAME "cloog"
| #define PACKAGE_VERSION "0.18.2"
| #define PACKAGE_STRING "cloog 0.18.2"
| #define PACKAGE_BUGREPORT "cloog-development@googlegroups.com"
| #define PACKAGE_URL ""
| #define PACKAGE "cloog"
| #define VERSION "0.18.2"
| #define STDC_HEADERS 1
| #define HAVE_SYS_TYPES_H 1
| #define HAVE_SYS_STAT_H 1
| #define HAVE_STDLIB_H 1
| #define HAVE_STRING_H 1
| #define HAVE_MEMORY_H 1
| #define HAVE_STRINGS_H 1
| #define HAVE_INTTYPES_H 1
| #define HAVE_STDINT_H 1
| #define HAVE_UNISTD_H 1
| #define HAVE_DLFCN_H 1
| #define LT_OBJDIR ".libs/"
| /* end confdefs.h.  */
| 
| int
| main ()
| {
| 
|   ;
|   return 0;
| }
configure:12463: result: no
configure:12440: checking whether C compiler accepts -march=pentiumpro
configure:12455: gcc -c -march=pentiumpro  conftest.c >&5
conftest.c:1:0: error: CPU you selected does not support x86-64 instruction set
 /* confdefs.h */
 ^
conftest.c:1:0: error: CPU you selected does not support x86-64 instruction set
configure:12455: $? = 1
configure: failed program was:
| /* confdefs.h */
| #define PACKAGE_NAME "cloog"
| #define PACKAGE_TARNAME "cloog"
| #define PACKAGE_VERSION "0.18.2"
| #define PACKAGE_STRING "cloog 0.18.2"
| #define PACKAGE_BUGREPORT "cloog-development@googlegroups.com"
| #define PACKAGE_URL ""
| #define PACKAGE "cloog"
| #define VERSION "0.18.2"
| #define STDC_HEADERS 1
| #define HAVE_SYS_TYPES_H 1
| #define HAVE_SYS_STAT_H 1
| #define HAVE_STDLIB_H 1
| #define HAVE_STRING_H 1
| #define HAVE_MEMORY_H 1
| #define HAVE_STRINGS_H 1
| #define HAVE_INTTYPES_H 1
| #define HAVE_STDINT_H 1
| #define HAVE_UNISTD_H 1
| #define HAVE_DLFCN_H 1
| #define LT_OBJDIR ".libs/"
| /* end confdefs.h.  */
| 
| int
| main ()
| {
| 
|   ;
|   return 0;
| }
configure:12463: result: no
configure:12440: checking whether C compiler accepts -mcpu=pentiumpro
configure:12455: gcc -c -mcpu=pentiumpro  conftest.c >&5
gcc: warning: '-mcpu=' is deprecated; use '-mtune=' or '-march=' instead
conftest.c:1:0: error: CPU you selected does not support x86-64 instruction set
 /* confdefs.h */
 ^
configure:12455: $? = 1
configure: failed program was:
| /* confdefs.h */
| #define PACKAGE_NAME "cloog"
| #define PACKAGE_TARNAME "cloog"
| #define PACKAGE_VERSION "0.18.2"
| #define PACKAGE_STRING "cloog 0.18.2"
| #define PACKAGE_BUGREPORT "cloog-development@googlegroups.com"
| #define PACKAGE_URL ""
| #define PACKAGE "cloog"
| #define VERSION "0.18.2"
| #define STDC_HEADERS 1
| #define HAVE_SYS_TYPES_H 1
| #define HAVE_SYS_STAT_H 1
| #define HAVE_STDLIB_H 1
| #define HAVE_STRING_H 1
| #define HAVE_MEMORY_H 1
| #define HAVE_STRINGS_H 1
| #define HAVE_INTTYPES_H 1
| #define HAVE_STDINT_H 1
| #define HAVE_UNISTD_H 1
| #define HAVE_DLFCN_H 1
| #define LT_OBJDIR ".libs/"
| /* end confdefs.h.  */
| 
| int
| main ()
| {
| 
|   ;
|   return 0;
| }
configure:12463: result: no
configure:12440: checking whether C compiler accepts -mpentiumpro
configure:12455: gcc -c -mpentiumpro  conftest.c >&5
gcc: error: unrecognized command line option '-mpentiumpro'
configure:12455: $? = 1
configure: failed program was:
| /* confdefs.h */
| #define PACKAGE_NAME "cloog"
| #define PACKAGE_TARNAME "cloog"
| #define PACKAGE_VERSION "0.18.2"
| #define PACKAGE_STRING "cloog 0.18.2"
| #define PACKAGE_BUGREPORT "cloog-development@googlegroups.com"
| #define PACKAGE_URL ""
| #define PACKAGE "cloog"
| #define VERSION "0.18.2"
| #define STDC_HEADERS 1
| #define HAVE_SYS_TYPES_H 1
| #define HAVE_SYS_STAT_H 1
| #define HAVE_STDLIB_H 1
| #define HAVE_STRING_H 1
| #define HAVE_MEMORY_H 1
| #define HAVE_STRINGS_H 1
| #define HAVE_INTTYPES_H 1
| #define HAVE_STDINT_H 1
| #define HAVE_UNISTD_H 1
| #define HAVE_DLFCN_H 1
| #define LT_OBJDIR ".libs/"
| /* end confdefs.h.  */
| 
| int
| main ()
| {
| 
|   ;
|   return 0;
| }
configure:12463: result: no
configure:12480: checking for gcc architecture flag
configure:12482: result: unknown
configure:12504: checking whether C compiler accepts -O3 -fomit-frame-pointer -malign-double -fstrict-aliasing -ffast-math
configure:12519: gcc -c -O3 -fomit-frame-pointer -malign-double -fstrict-aliasing -ffast-math  conftest.c >&5
configure:12519: $? = 0
configure:12527: result: yes
configure:12548: checking CFLAGS_WARN for maximum warnings
configure:12575: gcc -c -O3 -fomit-frame-pointer -malign-double -fstrict-aliasing -ffast-math -pedantic  -Wall  conftest.c >&5
configure:12575: $? = 0
configure:12589: result: -Wall
configure:12602: : CFLAGS_WARN="$CFLAGS_WARN $ac_cv_cflags_warn_all"
configure:12605: $? = 0
configure:12613: checking for an ANSI C-conforming const
configure:12678: gcc -c -O3 -fomit-frame-pointer -malign-double -fstrict-aliasing -ffast-math  conftest.c >&5
configure:12678: $? = 0
configure:12685: result: yes
configure:12693: checking for size_t
configure:12693: gcc -c -O3 -fomit-frame-pointer -malign-double -fstrict-aliasing -ffast-math  conftest.c >&5
configure:12693: $? = 0
configure:12693: gcc -c -O3 -fomit-frame-pointer -malign-double -fstrict-aliasing -ffast-math  conftest.c >&5
conftest.c: In function 'main':
conftest.c:59:21: error: expected expression before ')' token
 if (sizeof ((size_t)))
                     ^
configure:12693: $? = 1
configure: failed program was:
| /* confdefs.h */
| #define PACKAGE_NAME "cloog"
| #define PACKAGE_TARNAME "cloog"
| #define PACKAGE_VERSION "0.18.2"
| #define PACKAGE_STRING "cloog 0.18.2"
| #define PACKAGE_BUGREPORT "cloog-development@googlegroups.com"
| #define PACKAGE_URL ""
| #define PACKAGE "cloog"
| #define VERSION "0.18.2"
| #define STDC_HEADERS 1
| #define HAVE_SYS_TYPES_H 1
| #define HAVE_SYS_STAT_H 1
| #define HAVE_STDLIB_H 1
| #define HAVE_STRING_H 1
| #define HAVE_MEMORY_H 1
| #define HAVE_STRINGS_H 1
| #define HAVE_INTTYPES_H 1
| #define HAVE_STDINT_H 1
| #define HAVE_UNISTD_H 1
| #define HAVE_DLFCN_H 1
| #define LT_OBJDIR ".libs/"
| /* end confdefs.h.  */
| #include <stdio.h>
| #ifdef HAVE_SYS_TYPES_H
| # include <sys/types.h>
| #endif
| #ifdef HAVE_SYS_STAT_H
| # include <sys/stat.h>
| #endif
| #ifdef STDC_HEADERS
| # include <stdlib.h>
| # include <stddef.h>
| #else
| # ifdef HAVE_STDLIB_H
| #  include <stdlib.h>
| # endif
| #endif
| #ifdef HAVE_STRING_H
| # if !defined STDC_HEADERS && defined HAVE_MEMORY_H
| #  include <memory.h>
| # endif
| # include <string.h>
| #endif
| #ifdef HAVE_STRINGS_H
| # include <strings.h>
| #endif
| #ifdef HAVE_INTTYPES_H
| # include <inttypes.h>
| #endif
| #ifdef HAVE_STDINT_H
| # include <stdint.h>
| #endif
| #ifdef HAVE_UNISTD_H
| # include <unistd.h>
| #endif
| int
| main ()
| {
| if (sizeof ((size_t)))
| 	    return 0;
|   ;
|   return 0;
| }
configure:12693: result: yes
configure:12707: checking for ANSI C header files
configure:12811: result: yes
configure:12823: checking for strtol
configure:12823: gcc -o conftest -O3 -fomit-frame-pointer -malign-double -fstrict-aliasing -ffast-math  -Wl,-rpath,/cross-tools/lib conftest.c  >&5
configure:12823: $? = 0
configure:12823: result: yes
configure:12837: checking for getrusage
configure:12837: gcc -o conftest -O3 -fomit-frame-pointer -malign-double -fstrict-aliasing -ffast-math  -Wl,-rpath,/cross-tools/lib conftest.c  >&5
configure:12837: $? = 0
configure:12837: result: yes
configure:12924: checking which isl to use
configure:12926: result: system
configure:13008: checking which gmp to use
configure:13010: result: system
configure:13033: checking gmp.h usability
configure:13033: gcc -c -O3 -fomit-frame-pointer -malign-double -fstrict-aliasing -ffast-math -I/cross-tools/include  conftest.c >&5
configure:13033: $? = 0
configure:13033: result: yes
configure:13033: checking gmp.h presence
configure:13033: gcc -E -I/cross-tools/include  conftest.c
configure:13033: $? = 0
configure:13033: result: yes
configure:13033: checking for gmp.h
configure:13033: result: yes
configure:13041: checking for __gmpz_init in -lgmp
configure:13066: gcc -o conftest -O3 -fomit-frame-pointer -malign-double -fstrict-aliasing -ffast-math -I/cross-tools/include  -L/cross-tools/lib -Wl,-rpath,/cross-tools/lib conftest.c -lgmp   >&5
configure:13066: $? = 0
configure:13075: result: yes
configure:13083: checking whether mp_get_memory_functions is declared
configure:13083: gcc -c -O3 -fomit-frame-pointer -malign-double -fstrict-aliasing -ffast-math -I/cross-tools/include  conftest.c >&5
configure:13083: $? = 0
configure:13083: result: yes
configure:13228: checking which osl to use
configure:13230: result: no
configure:13306: checking our pkgconfig libname
configure:13314: result: cloog-isl
configure:13317: checking our pkgconfig version
configure:13325: result: 0.18.2
configure:13328: checking our pkgconfig_libdir
configure:13335: result: ${libdir}/pkgconfig
configure:13338: result: expanded our pkgconfig_libdir... /cross-tools/lib/pkgconfig
configure:13342: checking our pkgconfig_libfile
configure:13348: result: cloog-isl.pc
configure:13355: checking our package / suffix
configure:13359: result: cloog-isl / 
configure:13362: checking our pkgconfig description
configure:13369: result: cloog-isl Library
configure:13372: checking our pkgconfig requires
configure:13377: result: 
configure:13380: checking our pkgconfig ext libs
configure:13387: result: -lcloog-isl -lgmp
configure:13390: checking our pkgconfig cppflags
configure:13395: result: -I/cross-tools/include -DCLOOG_INT_GMP=1
configure:13398: checking our pkgconfig ldflags
configure:13403: result: -L/cross-tools/lib -Wl,-rpath,/cross-tools/lib
configure:13443: result: noninstalled pkgconfig -L /home/bert/build_qemu_images/clfs_cross_tools/system/sparc64-64/sources/step_13_cloog-0.18.2-build/.libs
configure:13478: result: noninstalled pkgconfig -I /home/bert/build_qemu_images/clfs_cross_tools/system/sparc64-64/sources/step_13_cloog-0.18.2-build/../cloog-0.18.2/include
configure:13703: creating ./config.status

## ---------------------- ##
## Running config.status. ##
## ---------------------- ##

This file was extended by cloog config.status 0.18.2, which was
generated by GNU Autoconf 2.68.  Invocation command line was

  CONFIG_FILES    = 
  CONFIG_HEADERS  = 
  CONFIG_LINKS    = 
  CONFIG_COMMANDS = 
  $ ./config.status 

on debian

config.status:1077: creating Makefile
config.status:1077: creating test/Makefile
config.status:1077: creating autoconf/Doxyfile
config.status:1077: creating doc/Makefile
config.status:1077: creating source/version.c
config.status:1077: creating include/cloog/version.h
config.status:1077: creating genversion.sh
config.status:1234: executing depfiles commands
config.status:1234: executing libtool commands
config.status:1234: executing cloog-isl.pc commands
config.status:1822: creating cloog-isl.pc.in
config.status:1845: creating cloog-isl.pc
config.status:1871: creating cloog-isl-uninstalled.pc
config.status:1901: creating cloog-isl-uninstalled.sh
config.status:1234: executing version.h commands
config.status:1234: executing doc/gitversion.texi commands

## ---------------- ##
## Cache variables. ##
## ---------------- ##

ac_cv_build=x86_64-unknown-linux-gnu
ac_cv_c_compiler_gnu=yes
ac_cv_c_const=yes
ac_cv_cflags_warn_all=-Wall
ac_cv_env_CC_set=
ac_cv_env_CC_value=
ac_cv_env_CFLAGS_set=
ac_cv_env_CFLAGS_value=
ac_cv_env_CPPFLAGS_set=
ac_cv_env_CPPFLAGS_value=
ac_cv_env_CPP_set=
ac_cv_env_CPP_value=
ac_cv_env_LDFLAGS_set=set
ac_cv_env_LDFLAGS_value=-Wl,-rpath,/cross-tools/lib
ac_cv_env_LIBS_set=
ac_cv_env_LIBS_value=
ac_cv_env_build_alias_set=
ac_cv_env_build_alias_value=
ac_cv_env_host_alias_set=
ac_cv_env_host_alias_value=
ac_cv_env_target_alias_set=
ac_cv_env_target_alias_value=
ac_cv_func_getrusage=yes
ac_cv_func_strtol=yes
ac_cv_have_decl_mp_get_memory_functions=yes
ac_cv_header_dlfcn_h=yes
ac_cv_header_gmp_h=yes
ac_cv_header_inttypes_h=yes
ac_cv_header_memory_h=yes
ac_cv_header_stdc=yes
ac_cv_header_stdint_h=yes
ac_cv_header_stdlib_h=yes
ac_cv_header_string_h=yes
ac_cv_header_strings_h=yes
ac_cv_header_sys_stat_h=yes
ac_cv_header_sys_types_h=yes
ac_cv_header_unistd_h=yes
ac_cv_host=x86_64-unknown-linux-gnu
ac_cv_lib_gmp___gmpz_init=yes
ac_cv_objext=o
ac_cv_path_EGREP='/bin/grep -E'
ac_cv_path_FGREP='/bin/grep -F'
ac_cv_path_GREP=/bin/grep
ac_cv_path_SED=/bin/sed
ac_cv_path_install='/usr/bin/install -c'
ac_cv_path_mkdir=/bin/mkdir
ac_cv_prog_AWK=gawk
ac_cv_prog_CPP='gcc -E'
ac_cv_prog_TEXI2DVI=texi2dvi
ac_cv_prog_ac_ct_AR=ar
ac_cv_prog_ac_ct_CC=gcc
ac_cv_prog_ac_ct_MANIFEST_TOOL=mt
ac_cv_prog_ac_ct_OBJDUMP=objdump
ac_cv_prog_ac_ct_RANLIB=ranlib
ac_cv_prog_ac_ct_STRIP=strip
ac_cv_prog_cc_c89=
ac_cv_prog_cc_g=yes
ac_cv_prog_make_make_set=yes
ac_cv_type_size_t=yes
am_cv_CC_dependencies_compiler_type=gcc3
am_cv_make_support_nested_variables=yes
ax_cv_c_compiler_vendor=gnu
ax_cv_c_flags__O3__fomit_frame_pointer__malign_double__fstrict_aliasing__ffast_math=yes
ax_cv_c_flags__ffast_math=yes
ax_cv_c_flags__fstrict_aliasing=yes
ax_cv_c_flags__malign_double=yes
ax_cv_c_flags__march_pentium3=no
ax_cv_c_flags__march_pentiumpro=no
ax_cv_c_flags__mcpu_pentium3=no
ax_cv_c_flags__mcpu_pentiumpro=no
ax_cv_c_flags__mpentium3=no
ax_cv_c_flags__mpentiumpro=no
ax_cv_gcc_archflag=unknown
ax_cv_gcc_x86_cpuid_0=d:756e6547:6c65746e:49656e69
ax_cv_gcc_x86_cpuid_1=1067a:2010800:8d282201:fabfbff
lt_cv_ar_at_file=@
lt_cv_archive_cmds_need_lc=no
lt_cv_deplibs_check_method=pass_all
lt_cv_file_magic_cmd='$MAGIC_CMD'
lt_cv_file_magic_test_file=
lt_cv_ld_reload_flag=-r
lt_cv_nm_interface='BSD nm'
lt_cv_objdir=.libs
lt_cv_path_LD=/usr/bin/ld
lt_cv_path_NM='/usr/bin/nm -B'
lt_cv_path_mainfest_tool=no
lt_cv_prog_compiler_c_o=yes
lt_cv_prog_compiler_pic='-fPIC -DPIC'
lt_cv_prog_compiler_pic_works=yes
lt_cv_prog_compiler_rtti_exceptions=no
lt_cv_prog_compiler_static_works=yes
lt_cv_prog_gnu_ld=yes
lt_cv_sharedlib_from_linklib_cmd='printf %s\n'
lt_cv_shlibpath_overrides_runpath=no
lt_cv_sys_global_symbol_pipe='sed -n -e '\''s/^.*[	 ]\([ABCDGIRSTW][ABCDGIRSTW]*\)[	 ][	 ]*\([_A-Za-z][_A-Za-z0-9]*\)$/\1 \2 \2/p'\'' | sed '\''/ __gnu_lto/d'\'''
lt_cv_sys_global_symbol_to_c_name_address='sed -n -e '\''s/^: \(.*\) .*$/  {"\1", (void *) 0},/p'\'' -e '\''s/^[ABCDGIRSTW][ABCDGIRSTW]* .* \(.*\)$/  {"\1", (void *) \&\1},/p'\'''
lt_cv_sys_global_symbol_to_c_name_address_lib_prefix='sed -n -e '\''s/^: \(.*\) .*$/  {"\1", (void *) 0},/p'\'' -e '\''s/^[ABCDGIRSTW][ABCDGIRSTW]* .* \(lib.*\)$/  {"\1", (void *) \&\1},/p'\'' -e '\''s/^[ABCDGIRSTW][ABCDGIRSTW]* .* \(.*\)$/  {"lib\1", (void *) \&\1},/p'\'''
lt_cv_sys_global_symbol_to_cdecl='sed -n -e '\''s/^T .* \(.*\)$/extern int \1();/p'\'' -e '\''s/^[ABCDGIRSTW][ABCDGIRSTW]* .* \(.*\)$/extern char \1;/p'\'''
lt_cv_sys_global_symbol_to_import=
lt_cv_sys_max_cmd_len=1572864
lt_cv_to_host_file_cmd=func_convert_file_noop
lt_cv_to_tool_file_cmd=func_convert_file_noop

## ----------------- ##
## Output variables. ##
## ----------------- ##

ACLOCAL='${SHELL} /home/bert/build_qemu_images/clfs_cross_tools/system/sparc64-64/sources/cloog-0.18.2/autoconf/missing --run aclocal-1.11'
AMDEPBACKSLASH='\'
AMDEP_FALSE='#'
AMDEP_TRUE=''
AMTAR='$${TAR-tar}'
AM_BACKSLASH='\'
AM_DEFAULT_V='$(AM_DEFAULT_VERBOSITY)'
AM_DEFAULT_VERBOSITY='0'
AM_V='$(V)'
AR='ar'
AUTOCONF='${SHELL} /home/bert/build_qemu_images/clfs_cross_tools/system/sparc64-64/sources/cloog-0.18.2/autoconf/missing --run autoconf'
AUTOHEADER='${SHELL} /home/bert/build_qemu_images/clfs_cross_tools/system/sparc64-64/sources/cloog-0.18.2/autoconf/missing --run autoheader'
AUTOMAKE='${SHELL} /home/bert/build_qemu_images/clfs_cross_tools/system/sparc64-64/sources/cloog-0.18.2/autoconf/missing --run automake-1.11'
AWK='gawk'
BITS='gmp'
BUNDLED_ISL_FALSE=''
BUNDLED_ISL_TRUE='#'
BUNDLED_OSL_FALSE=''
BUNDLED_OSL_TRUE='#'
CC='gcc'
CCDEPMODE='depmode=gcc3'
CD=''
CFLAGS='-O3 -fomit-frame-pointer -malign-double -fstrict-aliasing -ffast-math'
CFLAGS_WARN=' -Wall'
CPP='gcc -E'
CPPFLAGS='-I/cross-tools/include '
CYGPATH_W='echo'
DEFS='-DPACKAGE_NAME=\"cloog\" -DPACKAGE_TARNAME=\"cloog\" -DPACKAGE_VERSION=\"0.18.2\" -DPACKAGE_STRING=\"cloog\ 0.18.2\" -DPACKAGE_BUGREPORT=\"cloog-development@googlegroups.com\" -DPACKAGE_URL=\"\" -DPACKAGE=\"cloog\" -DVERSION=\"0.18.2\" -DSTDC_HEADERS=1 -DHAVE_SYS_TYPES_H=1 -DHAVE_SYS_STAT_H=1 -DHAVE_STDLIB_H=1 -DHAVE_STRING_H=1 -DHAVE_MEMORY_H=1 -DHAVE_STRINGS_H=1 -DHAVE_INTTYPES_H=1 -DHAVE_STDINT_H=1 -DHAVE_UNISTD_H=1 -DHAVE_DLFCN_H=1 -DLT_OBJDIR=\".libs/\" -DSTDC_HEADERS=1 -DHAVE_STRTOL=1 -DHAVE_GETRUSAGE=1 -DCLOOG_RUSAGE=/\*\*/ -DHAVE_DECL_MP_GET_MEMORY_FUNCTIONS=1 -DCLOOG_INT_GMP=1'
DEPDIR='.deps'
DLLTOOL='false'
DSYMUTIL=''
DUMPBIN=''
ECHO_C=''
ECHO_N='-n'
ECHO_T=''
EGREP='/bin/grep -E'
EXEEXT=''
FGREP='/bin/grep -F'
GIT_INDEX=''
GREP='/bin/grep'
HAVE_TEXI2DVI_FALSE='#'
HAVE_TEXI2DVI_TRUE=''
INSTALL='/usr/bin/install -c'
INSTALL_DATA='${INSTALL} -m 644'
INSTALL_PROGRAM='${INSTALL}'
INSTALL_SCRIPT='${INSTALL}'
INSTALL_STRIP_PROGRAM='$(install_sh) -c -s'
ISL_CPPFLAGS='-I/cross-tools/include'
ISL_LDFLAGS='-L/cross-tools/lib'
ISL_LIBS='-lisl'
LD='/usr/bin/ld -m elf_x86_64'
LDFLAGS='-L/cross-tools/lib -Wl,-rpath,/cross-tools/lib'
LIBOBJS=''
LIBS=' -lgmp'
LIBTOOL='$(SHELL) $(top_builddir)/libtool'
LIPO=''
LN_S='ln -s'
LTLIBOBJS=''
MAKEINFO='${SHELL} /home/bert/build_qemu_images/clfs_cross_tools/system/sparc64-64/sources/cloog-0.18.2/autoconf/missing --run makeinfo'
MANIFEST_TOOL=':'
MKDIR_P='/bin/mkdir -p'
NEED_GET_MEMORY_FUNCTIONS_FALSE=''
NEED_GET_MEMORY_FUNCTIONS_TRUE='#'
NM='/usr/bin/nm -B'
NMEDIT=''
NO_ISL_FALSE=''
NO_ISL_TRUE='#'
NO_OSL_FALSE='#'
NO_OSL_TRUE=''
OBJDUMP='objdump'
OBJEXT='o'
OSL_CPPFLAGS=''
OSL_LDFLAGS=''
OSL_LIBS=''
OTOOL64=''
OTOOL=''
PACKAGE='cloog'
PACKAGE_BUGREPORT='cloog-development@googlegroups.com'
PACKAGE_NAME='cloog-isl'
PACKAGE_STRING='cloog 0.18.2'
PACKAGE_TARNAME='cloog'
PACKAGE_URL=''
PACKAGE_VERSION='0.18.2'
PATH_SEPARATOR=':'
PRTDIAG=''
RANLIB='ranlib'
SED='/bin/sed'
SET_MAKE=''
SHELL='/bin/bash'
STRIP='strip'
TEXI2DVI='texi2dvi'
VERSION='0.18.2'
VERSION_MAJOR='0'
VERSION_MINOR='18'
VERSION_REVISION='2'
ac_ct_AR='ar'
ac_ct_CC='gcc'
ac_ct_DUMPBIN=''
am__EXEEXT_FALSE=''
am__EXEEXT_TRUE='#'
am__fastdepCC_FALSE='#'
am__fastdepCC_TRUE=''
am__include='include'
am__isrc=' -I$(srcdir)'
am__leading_dot='.'
am__nodep='_no'
am__quote=''
am__tar='$${TAR-tar} chof - "$$tardir"'
am__untar='$${TAR-tar} xf -'
bindir='${exec_prefix}/bin'
build='x86_64-unknown-linux-gnu'
build_alias=''
build_cpu='x86_64'
build_os='linux-gnu'
build_vendor='unknown'
datadir='${datarootdir}'
datarootdir='${prefix}/share'
docdir='${datarootdir}/doc/${PACKAGE_TARNAME}'
dvidir='${docdir}'
exec_prefix='${prefix}'
host='x86_64-unknown-linux-gnu'
host_alias=''
host_cpu='x86_64'
host_os='linux-gnu'
host_vendor='unknown'
htmldir='${docdir}'
includedir='${prefix}/include'
infodir='${datarootdir}/info'
install_sh='${SHELL} /home/bert/build_qemu_images/clfs_cross_tools/system/sparc64-64/sources/cloog-0.18.2/autoconf/install-sh'
libdir='${exec_prefix}/lib'
libexecdir='${exec_prefix}/libexec'
localedir='${datarootdir}/locale'
localstatedir='${prefix}/var'
mandir='${datarootdir}/man'
mkdir_p='/bin/mkdir -p'
oldincludedir='/usr/include'
pdfdir='${docdir}'
pkgconfig_libdir='${libdir}/pkgconfig'
pkgconfig_libfile='cloog-isl.pc'
prefix='/cross-tools'
program_transform_name='s,x,x,'
psdir='${docdir}'
sbindir='${exec_prefix}/sbin'
sharedstatedir='${prefix}/com'
subdirs=''
sysconfdir='${prefix}/etc'
target_alias=''
versioninfo='4:0:0'

## ----------- ##
## confdefs.h. ##
## ----------- ##

/* confdefs.h */
#define PACKAGE_NAME "cloog"
#define PACKAGE_TARNAME "cloog"
#define PACKAGE_VERSION "0.18.2"
#define PACKAGE_STRING "cloog 0.18.2"
#define PACKAGE_BUGREPORT "cloog-development@googlegroups.com"
#define PACKAGE_URL ""
#define PACKAGE "cloog"
#define VERSION "0.18.2"
#define STDC_HEADERS 1
#define HAVE_SYS_TYPES_H 1
#define HAVE_SYS_STAT_H 1
#define HAVE_STDLIB_H 1
#define HAVE_STRING_H 1
#define HAVE_MEMORY_H 1
#define HAVE_STRINGS_H 1
#define HAVE_INTTYPES_H 1
#define HAVE_STDINT_H 1
#define HAVE_UNISTD_H 1
#define HAVE_DLFCN_H 1
#define LT_OBJDIR ".libs/"
#define STDC_HEADERS 1
#define HAVE_STRTOL 1
#define HAVE_GETRUSAGE 1
#define CLOOG_RUSAGE /**/
#define HAVE_DECL_MP_GET_MEMORY_FUNCTIONS 1
#define CLOOG_INT_GMP 1

configure: exit 0
