configure: WARNING: if you wanted to set the --build type, don't use --host.
    If a cross compiler is detected then cross compile mode will be used
checking for a BSD-compatible install... /usr/bin/install -c
checking whether build environment is sane... yes
checking for mips64el-unknown-linux-gnu-strip... no
checking for strip... strip
checking for a thread-safe mkdir -p... /bin/mkdir -p
checking for gawk... gawk
checking whether make sets $(MAKE)... yes
checking build system type... x86_64-unknown-linux-gnu
checking host system type... mips64el-unknown-linux-gnu
checking for style of include used by make... GNU
checking for mips64el-unknown-linux-gnu-gcc... no
checking for gcc... gcc
checking whether the C compiler works... yes
checking for C compiler default output file name... a.out
checking for suffix of executables... 
checking whether we are cross compiling... no
checking for suffix of object files... o
checking whether we are using the GNU C compiler... yes
checking whether gcc accepts -g... yes
checking for gcc option to accept ISO C89... none needed
checking dependency style of gcc... gcc3
checking for a sed that does not truncate output... /bin/sed
checking for grep that handles long lines and -e... /bin/grep
checking for egrep... /bin/grep -E
checking for fgrep... /bin/grep -F
checking for ld used by gcc... /usr/bin/ld
checking if the linker (/usr/bin/ld) is GNU ld... yes
checking for BSD- or MS-compatible name lister (nm)... no
checking for mips64el-unknown-linux-gnu-dumpbin... no
checking for mips64el-unknown-linux-gnu-link... no
checking for dumpbin... no
checking for link... link -dump -symbols
checking the name lister (link -dump -symbols) interface... BSD nm
checking whether ln -s works... yes
checking the maximum length of command line arguments... 1572864
checking whether the shell understands some XSI constructs... yes
checking whether the shell understands "+="... yes
checking for /usr/bin/ld option to reload object files... -r
checking for mips64el-unknown-linux-gnu-objdump... no
checking for objdump... objdump
checking how to recognize dependent libraries... pass_all
checking for mips64el-unknown-linux-gnu-ar... no
checking for ar... ar
checking for mips64el-unknown-linux-gnu-strip... strip
checking for mips64el-unknown-linux-gnu-ranlib... no
checking for ranlib... ranlib
checking command to parse link -dump -symbols output from gcc object... failed
checking how to run the C preprocessor... gcc -E
checking for ANSI C header files... yes
checking for sys/types.h... yes
checking for sys/stat.h... yes
checking for stdlib.h... yes
checking for string.h... yes
checking for memory.h... yes
checking for strings.h... yes
checking for inttypes.h... yes
checking for stdint.h... yes
checking for unistd.h... yes
checking for dlfcn.h... yes
checking for objdir... .libs
checking if gcc supports -fno-rtti -fno-exceptions... no
checking for gcc option to produce PIC... -fPIC -DPIC
checking if gcc PIC flag -fPIC -DPIC works... yes
checking if gcc static flag -static works... yes
checking if gcc supports -c -o file.o... yes
checking if gcc supports -c -o file.o... (cached) yes
checking whether the gcc linker (/usr/bin/ld) supports shared libraries... yes
checking whether -lc should be explicitly linked in... no
checking dynamic linker characteristics... GNU/Linux ld.so
checking how to hardcode library paths into programs... immediate
checking whether stripping libraries is possible... yes
checking if libtool supports shared libraries... yes
checking whether to build shared libraries... yes
checking whether to build static libraries... yes
checking for mips64el-unknown-linux-gnu-gcc... gcc
checking whether we are using the GNU C compiler... (cached) yes
checking whether gcc accepts -g... (cached) yes
checking for gcc option to accept ISO C89... (cached) none needed
checking dependency style of gcc... (cached) gcc3
checking for ln... ln
checking dirent.h usability... yes
checking dirent.h presence... yes
checking for dirent.h... yes
checking for unistd.h... (cached) yes
checking sys/wait.h usability... yes
checking sys/wait.h presence... yes
checking for sys/wait.h... yes
checking malloc.h usability... yes
checking malloc.h presence... yes
checking for malloc.h... yes
checking for bash... /bin/bash
checking for default search path for .pc files... /tools/lib/pkgconfig:/tools/share/pkgconfig
checking for system include path to avoid -I flags... /usr/include
checking for system library path to avoid -L flags... /usr/lib:/lib
configure: creating ./config.lt
config.lt: creating libtool
checking whether to list both direct and indirect dependencies... no
checking for Win32... no
checking if host- prefixed tool should be installed... yes
configure: creating ./config.status
config.status: creating Makefile
config.status: creating check/Makefile
config.status: creating check/config.sh
config.status: creating config.h
config.status: executing depfiles commands
config.status: executing libtool commands
