make  all-recursive
make[1]: Entering directory '/home/bert/build_qemu_images/clfs_cross_tools/system/alpha/sources/step_4_file-5.19-build'
Making all in src
make[2]: Entering directory '/home/bert/build_qemu_images/clfs_cross_tools/system/alpha/sources/step_4_file-5.19-build/src'
make  all-am
make[3]: Entering directory '/home/bert/build_qemu_images/clfs_cross_tools/system/alpha/sources/step_4_file-5.19-build/src'
  CC       magic.lo
  CC       apprentice.lo
  CC       softmagic.lo
  CC       ascmagic.lo
  CC       encoding.lo
  CC       compress.lo
  CC       is_tar.lo
  CC       readelf.lo
  CC       print.lo
  CC       fsmagic.lo
  CC       funcs.lo
  CC       apptype.lo
  CC       cdf.lo
  CC       cdf_time.lo
  CC       readcdf.lo
  CC       strlcpy.lo
  CC       strlcat.lo
  CC       fmtcheck.lo
  CCLD     libmagic.la
  CC       file.o
  CCLD     file
make[3]: Leaving directory '/home/bert/build_qemu_images/clfs_cross_tools/system/alpha/sources/step_4_file-5.19-build/src'
make[2]: Leaving directory '/home/bert/build_qemu_images/clfs_cross_tools/system/alpha/sources/step_4_file-5.19-build/src'
Making all in magic
make[2]: Entering directory '/home/bert/build_qemu_images/clfs_cross_tools/system/alpha/sources/step_4_file-5.19-build/magic'
../src/file -C -m magic
make[2]: Leaving directory '/home/bert/build_qemu_images/clfs_cross_tools/system/alpha/sources/step_4_file-5.19-build/magic'
Making all in tests
make[2]: Entering directory '/home/bert/build_qemu_images/clfs_cross_tools/system/alpha/sources/step_4_file-5.19-build/tests'
make[2]: Nothing to be done for 'all'.
make[2]: Leaving directory '/home/bert/build_qemu_images/clfs_cross_tools/system/alpha/sources/step_4_file-5.19-build/tests'
Making all in doc
make[2]: Entering directory '/home/bert/build_qemu_images/clfs_cross_tools/system/alpha/sources/step_4_file-5.19-build/doc'
sed -e s@__CSECTION__@1@g \
    -e s@__FSECTION__@4@g \
    -e s@__VERSION__@5.19@g \
    -e s@__MAGIC__@/cross-tools/share/misc/magic@g ../../file-5.19/doc/file.man > file.1
sed -e s@__CSECTION__@1@g \
    -e s@__FSECTION__@4@g \
    -e s@__VERSION__@5.19@g \
    -e s@__MAGIC__@/cross-tools/share/misc/magic@g ../../file-5.19/doc/magic.man > magic.4
sed -e s@__CSECTION__@1@g \
    -e s@__FSECTION__@4@g \
    -e s@__VERSION__@5.19@g \
    -e s@__MAGIC__@/cross-tools/share/misc/magic@g ../../file-5.19/doc/libmagic.man > libmagic.3
make[2]: Leaving directory '/home/bert/build_qemu_images/clfs_cross_tools/system/alpha/sources/step_4_file-5.19-build/doc'
Making all in python
make[2]: Entering directory '/home/bert/build_qemu_images/clfs_cross_tools/system/alpha/sources/step_4_file-5.19-build/python'
make[2]: Nothing to be done for 'all'.
make[2]: Leaving directory '/home/bert/build_qemu_images/clfs_cross_tools/system/alpha/sources/step_4_file-5.19-build/python'
make[2]: Entering directory '/home/bert/build_qemu_images/clfs_cross_tools/system/alpha/sources/step_4_file-5.19-build'
make[2]: Leaving directory '/home/bert/build_qemu_images/clfs_cross_tools/system/alpha/sources/step_4_file-5.19-build'
make[1]: Leaving directory '/home/bert/build_qemu_images/clfs_cross_tools/system/alpha/sources/step_4_file-5.19-build'
