configure: WARNING: you should use --build, --host, --target
checking build system type... x86_64-unknown-linux-gnu
checking host system type... x86_64-unknown-linux-gnu
checking target system type... alphaev67-unknown-linux-gnu
checking for a BSD-compatible install... /usr/bin/install -c
checking whether ln works... yes
checking whether ln -s works... yes
checking for a sed that does not truncate output... /bin/sed
checking for gawk... gawk
checking for gcc... gcc
checking for C compiler default output file name... a.out
checking whether the C compiler works... yes
checking whether we are cross compiling... no
checking for suffix of executables... 
checking for suffix of object files... o
checking whether we are using the GNU C compiler... yes
checking whether gcc accepts -g... yes
checking for gcc option to accept ISO C89... none needed
checking for g++... g++
checking whether we are using the GNU C++ compiler... yes
checking whether g++ accepts -g... yes
checking whether g++ accepts -static-libstdc++ -static-libgcc... yes
checking for gnatbind... no
checking for gnatmake... no
checking whether compiler driver understands Ada... no
checking how to compare bootstrapped objects... cmp --ignore-initial=16 $$f1 $$f2
checking for objdir... .libs
checking for the correct version of gmp.h... yes
checking for the correct version of mpfr.h... yes
checking for the correct version of mpc.h... yes
checking for the correct version of the gmp/mpfr/mpc libraries... yes
checking for version 0.10 of ISL... no
checking for version 0.11 of ISL... no
checking for version 0.12 of ISL... yes
checking for version 0.17.0 of CLooG... no
checking for version 0.18.0 of CLooG... yes
*** This configuration is not supported in the following subdirectories:
     zlib target-libquadmath gnattools target-libada target-libstdc++-v3 target-libgfortran target-libgo target-libffi target-libbacktrace target-zlib target-libjava target-libobjc target-libgomp target-libatomic target-libitm target-libmudflap target-libsanitizer target-libssp target-boehm-gc
    (Any other directories should still work fine.)
checking for default BUILD_CONFIG... 
checking for bison... bison -y
checking for bison... bison
checking for gm4... no
checking for gnum4... no
checking for m4... m4
checking for flex... flex
checking for flex... flex
checking for makeinfo... makeinfo
checking for expect... no
checking for runtest... no
checking for ar... (cached) ar
checking for as... as
checking for dlltool... no
checking for ld... ld
checking for lipo... no
checking for nm... nm
checking for ranlib... ranlib
checking for strip... strip
checking for windres... no
checking for windmc... no
checking for objcopy... objcopy
checking for objdump... objdump
checking for readelf... readelf
checking for alphaev67-unknown-linux-gnu-cc... no
checking for alphaev67-unknown-linux-gnu-gcc... no
checking for alphaev67-unknown-linux-gnu-c++... no
checking for alphaev67-unknown-linux-gnu-g++... no
checking for alphaev67-unknown-linux-gnu-cxx... no
checking for alphaev67-unknown-linux-gnu-gxx... no
checking for alphaev67-unknown-linux-gnu-gcc... no
checking for alphaev67-unknown-linux-gnu-gcj... no
checking for alphaev67-unknown-linux-gnu-gfortran... no
checking for alphaev67-unknown-linux-gnu-gccgo... no
checking for ar... /cross-tools/alphaev67-unknown-linux-gnu/bin/ar
checking for as... /cross-tools/alphaev67-unknown-linux-gnu/bin/as
checking for dlltool... no
checking for alphaev67-unknown-linux-gnu-dlltool... no
checking for ld... /cross-tools/alphaev67-unknown-linux-gnu/bin/ld
checking for lipo... no
checking for alphaev67-unknown-linux-gnu-lipo... no
checking for nm... /cross-tools/alphaev67-unknown-linux-gnu/bin/nm
checking for objdump... /cross-tools/alphaev67-unknown-linux-gnu/bin/objdump
checking for ranlib... /cross-tools/alphaev67-unknown-linux-gnu/bin/ranlib
checking for readelf... no
checking for alphaev67-unknown-linux-gnu-readelf... alphaev67-unknown-linux-gnu-readelf
checking for strip... /cross-tools/alphaev67-unknown-linux-gnu/bin/strip
checking for windres... no
checking for alphaev67-unknown-linux-gnu-windres... no
checking for windmc... no
checking for alphaev67-unknown-linux-gnu-windmc... no
checking where to find the target ar... pre-installed in /cross-tools/alphaev67-unknown-linux-gnu/bin
checking where to find the target as... pre-installed in /cross-tools/alphaev67-unknown-linux-gnu/bin
checking where to find the target cc... just compiled
checking where to find the target c++... pre-installed
checking where to find the target c++ for libstdc++... pre-installed
checking where to find the target dlltool... pre-installed
checking where to find the target gcc... just compiled
checking where to find the target gcj... pre-installed
checking where to find the target gfortran... pre-installed
checking where to find the target gccgo... pre-installed
checking where to find the target ld... pre-installed in /cross-tools/alphaev67-unknown-linux-gnu/bin
checking where to find the target lipo... pre-installed
checking where to find the target nm... pre-installed in /cross-tools/alphaev67-unknown-linux-gnu/bin
checking where to find the target objdump... pre-installed in /cross-tools/alphaev67-unknown-linux-gnu/bin
checking where to find the target ranlib... pre-installed in /cross-tools/alphaev67-unknown-linux-gnu/bin
checking where to find the target readelf... pre-installed
checking where to find the target strip... pre-installed in /cross-tools/alphaev67-unknown-linux-gnu/bin
checking where to find the target windres... pre-installed
checking where to find the target windmc... pre-installed
checking whether to enable maintainer-specific portions of Makefiles... no
configure: creating ./config.status
config.status: creating Makefile
