Making install in src
make[1]: Entering directory '/home/bert/build_qemu_images/clfs_cross_tools/system/mips64-64/sources/step_11_mpc-1.0.2-build/src'
make[2]: Entering directory '/home/bert/build_qemu_images/clfs_cross_tools/system/mips64-64/sources/step_11_mpc-1.0.2-build/src'
 /bin/mkdir -p '/cross-tools/lib'
 /bin/bash ../libtool   --mode=install /usr/bin/install -c   libmpc.la '/cross-tools/lib'
libtool: install: /usr/bin/install -c .libs/libmpc.so.3.0.0 /cross-tools/lib/libmpc.so.3.0.0
libtool: install: (cd /cross-tools/lib && { ln -s -f libmpc.so.3.0.0 libmpc.so.3 || { rm -f libmpc.so.3 && ln -s libmpc.so.3.0.0 libmpc.so.3; }; })
libtool: install: (cd /cross-tools/lib && { ln -s -f libmpc.so.3.0.0 libmpc.so || { rm -f libmpc.so && ln -s libmpc.so.3.0.0 libmpc.so; }; })
libtool: install: /usr/bin/install -c .libs/libmpc.lai /cross-tools/lib/libmpc.la
libtool: finish: PATH="/cross-tools/bin:/usr/local/sbin:/usr/local/bin:/usr/sbin:/usr/bin:/sbin:/bin:/sbin" ldconfig -n /cross-tools/lib
----------------------------------------------------------------------
Libraries have been installed in:
   /cross-tools/lib

If you ever happen to want to link against installed libraries
in a given directory, LIBDIR, you must either use libtool, and
specify the full pathname of the library, or use the `-LLIBDIR'
flag during linking and do at least one of the following:
   - add LIBDIR to the `LD_LIBRARY_PATH' environment variable
     during execution
   - add LIBDIR to the `LD_RUN_PATH' environment variable
     during linking
   - use the `-Wl,-rpath -Wl,LIBDIR' linker flag
   - have your system administrator add LIBDIR to `/etc/ld.so.conf'

See any operating system documentation about shared libraries for
more information, such as the ld(1) and ld.so(8) manual pages.
----------------------------------------------------------------------
make[2]: Nothing to be done for 'install-data-am'.
make[2]: Leaving directory '/home/bert/build_qemu_images/clfs_cross_tools/system/mips64-64/sources/step_11_mpc-1.0.2-build/src'
make[1]: Leaving directory '/home/bert/build_qemu_images/clfs_cross_tools/system/mips64-64/sources/step_11_mpc-1.0.2-build/src'
Making install in tests
make[1]: Entering directory '/home/bert/build_qemu_images/clfs_cross_tools/system/mips64-64/sources/step_11_mpc-1.0.2-build/tests'
make[2]: Entering directory '/home/bert/build_qemu_images/clfs_cross_tools/system/mips64-64/sources/step_11_mpc-1.0.2-build/tests'
make[2]: Nothing to be done for 'install-exec-am'.
make[2]: Nothing to be done for 'install-data-am'.
make[2]: Leaving directory '/home/bert/build_qemu_images/clfs_cross_tools/system/mips64-64/sources/step_11_mpc-1.0.2-build/tests'
make[1]: Leaving directory '/home/bert/build_qemu_images/clfs_cross_tools/system/mips64-64/sources/step_11_mpc-1.0.2-build/tests'
Making install in doc
make[1]: Entering directory '/home/bert/build_qemu_images/clfs_cross_tools/system/mips64-64/sources/step_11_mpc-1.0.2-build/doc'
make[2]: Entering directory '/home/bert/build_qemu_images/clfs_cross_tools/system/mips64-64/sources/step_11_mpc-1.0.2-build/doc'
make[2]: Nothing to be done for 'install-exec-am'.
 /bin/mkdir -p '/cross-tools/share/info'
 /usr/bin/install -c -m 644 ../../mpc-1.0.2/doc/mpc.info '/cross-tools/share/info'
 install-info --info-dir='/cross-tools/share/info' '/cross-tools/share/info/mpc.info'
make[2]: Leaving directory '/home/bert/build_qemu_images/clfs_cross_tools/system/mips64-64/sources/step_11_mpc-1.0.2-build/doc'
make[1]: Leaving directory '/home/bert/build_qemu_images/clfs_cross_tools/system/mips64-64/sources/step_11_mpc-1.0.2-build/doc'
make[1]: Entering directory '/home/bert/build_qemu_images/clfs_cross_tools/system/mips64-64/sources/step_11_mpc-1.0.2-build'
make[2]: Entering directory '/home/bert/build_qemu_images/clfs_cross_tools/system/mips64-64/sources/step_11_mpc-1.0.2-build'
make[2]: Nothing to be done for 'install-exec-am'.
 /bin/mkdir -p '/cross-tools/include'
 /usr/bin/install -c -m 644 ../mpc-1.0.2/src/mpc.h '/cross-tools/include'
make[2]: Leaving directory '/home/bert/build_qemu_images/clfs_cross_tools/system/mips64-64/sources/step_11_mpc-1.0.2-build'
make[1]: Leaving directory '/home/bert/build_qemu_images/clfs_cross_tools/system/mips64-64/sources/step_11_mpc-1.0.2-build'
