make  all-recursive
make[1]: Entering directory '/home/bert/build_qemu_images/clfs_cross_tools/system/mips64-64/sources/step_11_mpc-1.0.2-build'
Making all in src
make[2]: Entering directory '/home/bert/build_qemu_images/clfs_cross_tools/system/mips64-64/sources/step_11_mpc-1.0.2-build/src'
/bin/bash ../libtool --tag=CC   --mode=compile gcc -std=gnu99 -DHAVE_CONFIG_H -I. -I../../mpc-1.0.2/src -I..   -I/cross-tools/include -I/cross-tools/include   -O2 -pedantic -fomit-frame-pointer -m64 -mtune=core2 -march=core2 -MT abs.lo -MD -MP -MF .deps/abs.Tpo -c -o abs.lo ../../mpc-1.0.2/src/abs.c
libtool: compile:  gcc -std=gnu99 -DHAVE_CONFIG_H -I. -I../../mpc-1.0.2/src -I.. -I/cross-tools/include -I/cross-tools/include -O2 -pedantic -fomit-frame-pointer -m64 -mtune=core2 -march=core2 -MT abs.lo -MD -MP -MF .deps/abs.Tpo -c ../../mpc-1.0.2/src/abs.c  -fPIC -DPIC -o .libs/abs.o
mv -f .deps/abs.Tpo .deps/abs.Plo
/bin/bash ../libtool --tag=CC   --mode=compile gcc -std=gnu99 -DHAVE_CONFIG_H -I. -I../../mpc-1.0.2/src -I..   -I/cross-tools/include -I/cross-tools/include   -O2 -pedantic -fomit-frame-pointer -m64 -mtune=core2 -march=core2 -MT acos.lo -MD -MP -MF .deps/acos.Tpo -c -o acos.lo ../../mpc-1.0.2/src/acos.c
libtool: compile:  gcc -std=gnu99 -DHAVE_CONFIG_H -I. -I../../mpc-1.0.2/src -I.. -I/cross-tools/include -I/cross-tools/include -O2 -pedantic -fomit-frame-pointer -m64 -mtune=core2 -march=core2 -MT acos.lo -MD -MP -MF .deps/acos.Tpo -c ../../mpc-1.0.2/src/acos.c  -fPIC -DPIC -o .libs/acos.o
mv -f .deps/acos.Tpo .deps/acos.Plo
/bin/bash ../libtool --tag=CC   --mode=compile gcc -std=gnu99 -DHAVE_CONFIG_H -I. -I../../mpc-1.0.2/src -I..   -I/cross-tools/include -I/cross-tools/include   -O2 -pedantic -fomit-frame-pointer -m64 -mtune=core2 -march=core2 -MT acosh.lo -MD -MP -MF .deps/acosh.Tpo -c -o acosh.lo ../../mpc-1.0.2/src/acosh.c
libtool: compile:  gcc -std=gnu99 -DHAVE_CONFIG_H -I. -I../../mpc-1.0.2/src -I.. -I/cross-tools/include -I/cross-tools/include -O2 -pedantic -fomit-frame-pointer -m64 -mtune=core2 -march=core2 -MT acosh.lo -MD -MP -MF .deps/acosh.Tpo -c ../../mpc-1.0.2/src/acosh.c  -fPIC -DPIC -o .libs/acosh.o
mv -f .deps/acosh.Tpo .deps/acosh.Plo
/bin/bash ../libtool --tag=CC   --mode=compile gcc -std=gnu99 -DHAVE_CONFIG_H -I. -I../../mpc-1.0.2/src -I..   -I/cross-tools/include -I/cross-tools/include   -O2 -pedantic -fomit-frame-pointer -m64 -mtune=core2 -march=core2 -MT add.lo -MD -MP -MF .deps/add.Tpo -c -o add.lo ../../mpc-1.0.2/src/add.c
libtool: compile:  gcc -std=gnu99 -DHAVE_CONFIG_H -I. -I../../mpc-1.0.2/src -I.. -I/cross-tools/include -I/cross-tools/include -O2 -pedantic -fomit-frame-pointer -m64 -mtune=core2 -march=core2 -MT add.lo -MD -MP -MF .deps/add.Tpo -c ../../mpc-1.0.2/src/add.c  -fPIC -DPIC -o .libs/add.o
mv -f .deps/add.Tpo .deps/add.Plo
/bin/bash ../libtool --tag=CC   --mode=compile gcc -std=gnu99 -DHAVE_CONFIG_H -I. -I../../mpc-1.0.2/src -I..   -I/cross-tools/include -I/cross-tools/include   -O2 -pedantic -fomit-frame-pointer -m64 -mtune=core2 -march=core2 -MT add_fr.lo -MD -MP -MF .deps/add_fr.Tpo -c -o add_fr.lo ../../mpc-1.0.2/src/add_fr.c
libtool: compile:  gcc -std=gnu99 -DHAVE_CONFIG_H -I. -I../../mpc-1.0.2/src -I.. -I/cross-tools/include -I/cross-tools/include -O2 -pedantic -fomit-frame-pointer -m64 -mtune=core2 -march=core2 -MT add_fr.lo -MD -MP -MF .deps/add_fr.Tpo -c ../../mpc-1.0.2/src/add_fr.c  -fPIC -DPIC -o .libs/add_fr.o
mv -f .deps/add_fr.Tpo .deps/add_fr.Plo
/bin/bash ../libtool --tag=CC   --mode=compile gcc -std=gnu99 -DHAVE_CONFIG_H -I. -I../../mpc-1.0.2/src -I..   -I/cross-tools/include -I/cross-tools/include   -O2 -pedantic -fomit-frame-pointer -m64 -mtune=core2 -march=core2 -MT add_si.lo -MD -MP -MF .deps/add_si.Tpo -c -o add_si.lo ../../mpc-1.0.2/src/add_si.c
libtool: compile:  gcc -std=gnu99 -DHAVE_CONFIG_H -I. -I../../mpc-1.0.2/src -I.. -I/cross-tools/include -I/cross-tools/include -O2 -pedantic -fomit-frame-pointer -m64 -mtune=core2 -march=core2 -MT add_si.lo -MD -MP -MF .deps/add_si.Tpo -c ../../mpc-1.0.2/src/add_si.c  -fPIC -DPIC -o .libs/add_si.o
mv -f .deps/add_si.Tpo .deps/add_si.Plo
/bin/bash ../libtool --tag=CC   --mode=compile gcc -std=gnu99 -DHAVE_CONFIG_H -I. -I../../mpc-1.0.2/src -I..   -I/cross-tools/include -I/cross-tools/include   -O2 -pedantic -fomit-frame-pointer -m64 -mtune=core2 -march=core2 -MT add_ui.lo -MD -MP -MF .deps/add_ui.Tpo -c -o add_ui.lo ../../mpc-1.0.2/src/add_ui.c
libtool: compile:  gcc -std=gnu99 -DHAVE_CONFIG_H -I. -I../../mpc-1.0.2/src -I.. -I/cross-tools/include -I/cross-tools/include -O2 -pedantic -fomit-frame-pointer -m64 -mtune=core2 -march=core2 -MT add_ui.lo -MD -MP -MF .deps/add_ui.Tpo -c ../../mpc-1.0.2/src/add_ui.c  -fPIC -DPIC -o .libs/add_ui.o
mv -f .deps/add_ui.Tpo .deps/add_ui.Plo
/bin/bash ../libtool --tag=CC   --mode=compile gcc -std=gnu99 -DHAVE_CONFIG_H -I. -I../../mpc-1.0.2/src -I..   -I/cross-tools/include -I/cross-tools/include   -O2 -pedantic -fomit-frame-pointer -m64 -mtune=core2 -march=core2 -MT arg.lo -MD -MP -MF .deps/arg.Tpo -c -o arg.lo ../../mpc-1.0.2/src/arg.c
libtool: compile:  gcc -std=gnu99 -DHAVE_CONFIG_H -I. -I../../mpc-1.0.2/src -I.. -I/cross-tools/include -I/cross-tools/include -O2 -pedantic -fomit-frame-pointer -m64 -mtune=core2 -march=core2 -MT arg.lo -MD -MP -MF .deps/arg.Tpo -c ../../mpc-1.0.2/src/arg.c  -fPIC -DPIC -o .libs/arg.o
mv -f .deps/arg.Tpo .deps/arg.Plo
/bin/bash ../libtool --tag=CC   --mode=compile gcc -std=gnu99 -DHAVE_CONFIG_H -I. -I../../mpc-1.0.2/src -I..   -I/cross-tools/include -I/cross-tools/include   -O2 -pedantic -fomit-frame-pointer -m64 -mtune=core2 -march=core2 -MT asin.lo -MD -MP -MF .deps/asin.Tpo -c -o asin.lo ../../mpc-1.0.2/src/asin.c
libtool: compile:  gcc -std=gnu99 -DHAVE_CONFIG_H -I. -I../../mpc-1.0.2/src -I.. -I/cross-tools/include -I/cross-tools/include -O2 -pedantic -fomit-frame-pointer -m64 -mtune=core2 -march=core2 -MT asin.lo -MD -MP -MF .deps/asin.Tpo -c ../../mpc-1.0.2/src/asin.c  -fPIC -DPIC -o .libs/asin.o
mv -f .deps/asin.Tpo .deps/asin.Plo
/bin/bash ../libtool --tag=CC   --mode=compile gcc -std=gnu99 -DHAVE_CONFIG_H -I. -I../../mpc-1.0.2/src -I..   -I/cross-tools/include -I/cross-tools/include   -O2 -pedantic -fomit-frame-pointer -m64 -mtune=core2 -march=core2 -MT asinh.lo -MD -MP -MF .deps/asinh.Tpo -c -o asinh.lo ../../mpc-1.0.2/src/asinh.c
libtool: compile:  gcc -std=gnu99 -DHAVE_CONFIG_H -I. -I../../mpc-1.0.2/src -I.. -I/cross-tools/include -I/cross-tools/include -O2 -pedantic -fomit-frame-pointer -m64 -mtune=core2 -march=core2 -MT asinh.lo -MD -MP -MF .deps/asinh.Tpo -c ../../mpc-1.0.2/src/asinh.c  -fPIC -DPIC -o .libs/asinh.o
mv -f .deps/asinh.Tpo .deps/asinh.Plo
/bin/bash ../libtool --tag=CC   --mode=compile gcc -std=gnu99 -DHAVE_CONFIG_H -I. -I../../mpc-1.0.2/src -I..   -I/cross-tools/include -I/cross-tools/include   -O2 -pedantic -fomit-frame-pointer -m64 -mtune=core2 -march=core2 -MT atan.lo -MD -MP -MF .deps/atan.Tpo -c -o atan.lo ../../mpc-1.0.2/src/atan.c
libtool: compile:  gcc -std=gnu99 -DHAVE_CONFIG_H -I. -I../../mpc-1.0.2/src -I.. -I/cross-tools/include -I/cross-tools/include -O2 -pedantic -fomit-frame-pointer -m64 -mtune=core2 -march=core2 -MT atan.lo -MD -MP -MF .deps/atan.Tpo -c ../../mpc-1.0.2/src/atan.c  -fPIC -DPIC -o .libs/atan.o
mv -f .deps/atan.Tpo .deps/atan.Plo
/bin/bash ../libtool --tag=CC   --mode=compile gcc -std=gnu99 -DHAVE_CONFIG_H -I. -I../../mpc-1.0.2/src -I..   -I/cross-tools/include -I/cross-tools/include   -O2 -pedantic -fomit-frame-pointer -m64 -mtune=core2 -march=core2 -MT atanh.lo -MD -MP -MF .deps/atanh.Tpo -c -o atanh.lo ../../mpc-1.0.2/src/atanh.c
libtool: compile:  gcc -std=gnu99 -DHAVE_CONFIG_H -I. -I../../mpc-1.0.2/src -I.. -I/cross-tools/include -I/cross-tools/include -O2 -pedantic -fomit-frame-pointer -m64 -mtune=core2 -march=core2 -MT atanh.lo -MD -MP -MF .deps/atanh.Tpo -c ../../mpc-1.0.2/src/atanh.c  -fPIC -DPIC -o .libs/atanh.o
mv -f .deps/atanh.Tpo .deps/atanh.Plo
/bin/bash ../libtool --tag=CC   --mode=compile gcc -std=gnu99 -DHAVE_CONFIG_H -I. -I../../mpc-1.0.2/src -I..   -I/cross-tools/include -I/cross-tools/include   -O2 -pedantic -fomit-frame-pointer -m64 -mtune=core2 -march=core2 -MT clear.lo -MD -MP -MF .deps/clear.Tpo -c -o clear.lo ../../mpc-1.0.2/src/clear.c
libtool: compile:  gcc -std=gnu99 -DHAVE_CONFIG_H -I. -I../../mpc-1.0.2/src -I.. -I/cross-tools/include -I/cross-tools/include -O2 -pedantic -fomit-frame-pointer -m64 -mtune=core2 -march=core2 -MT clear.lo -MD -MP -MF .deps/clear.Tpo -c ../../mpc-1.0.2/src/clear.c  -fPIC -DPIC -o .libs/clear.o
mv -f .deps/clear.Tpo .deps/clear.Plo
/bin/bash ../libtool --tag=CC   --mode=compile gcc -std=gnu99 -DHAVE_CONFIG_H -I. -I../../mpc-1.0.2/src -I..   -I/cross-tools/include -I/cross-tools/include   -O2 -pedantic -fomit-frame-pointer -m64 -mtune=core2 -march=core2 -MT cmp.lo -MD -MP -MF .deps/cmp.Tpo -c -o cmp.lo ../../mpc-1.0.2/src/cmp.c
libtool: compile:  gcc -std=gnu99 -DHAVE_CONFIG_H -I. -I../../mpc-1.0.2/src -I.. -I/cross-tools/include -I/cross-tools/include -O2 -pedantic -fomit-frame-pointer -m64 -mtune=core2 -march=core2 -MT cmp.lo -MD -MP -MF .deps/cmp.Tpo -c ../../mpc-1.0.2/src/cmp.c  -fPIC -DPIC -o .libs/cmp.o
mv -f .deps/cmp.Tpo .deps/cmp.Plo
/bin/bash ../libtool --tag=CC   --mode=compile gcc -std=gnu99 -DHAVE_CONFIG_H -I. -I../../mpc-1.0.2/src -I..   -I/cross-tools/include -I/cross-tools/include   -O2 -pedantic -fomit-frame-pointer -m64 -mtune=core2 -march=core2 -MT cmp_si_si.lo -MD -MP -MF .deps/cmp_si_si.Tpo -c -o cmp_si_si.lo ../../mpc-1.0.2/src/cmp_si_si.c
libtool: compile:  gcc -std=gnu99 -DHAVE_CONFIG_H -I. -I../../mpc-1.0.2/src -I.. -I/cross-tools/include -I/cross-tools/include -O2 -pedantic -fomit-frame-pointer -m64 -mtune=core2 -march=core2 -MT cmp_si_si.lo -MD -MP -MF .deps/cmp_si_si.Tpo -c ../../mpc-1.0.2/src/cmp_si_si.c  -fPIC -DPIC -o .libs/cmp_si_si.o
mv -f .deps/cmp_si_si.Tpo .deps/cmp_si_si.Plo
/bin/bash ../libtool --tag=CC   --mode=compile gcc -std=gnu99 -DHAVE_CONFIG_H -I. -I../../mpc-1.0.2/src -I..   -I/cross-tools/include -I/cross-tools/include   -O2 -pedantic -fomit-frame-pointer -m64 -mtune=core2 -march=core2 -MT conj.lo -MD -MP -MF .deps/conj.Tpo -c -o conj.lo ../../mpc-1.0.2/src/conj.c
libtool: compile:  gcc -std=gnu99 -DHAVE_CONFIG_H -I. -I../../mpc-1.0.2/src -I.. -I/cross-tools/include -I/cross-tools/include -O2 -pedantic -fomit-frame-pointer -m64 -mtune=core2 -march=core2 -MT conj.lo -MD -MP -MF .deps/conj.Tpo -c ../../mpc-1.0.2/src/conj.c  -fPIC -DPIC -o .libs/conj.o
mv -f .deps/conj.Tpo .deps/conj.Plo
/bin/bash ../libtool --tag=CC   --mode=compile gcc -std=gnu99 -DHAVE_CONFIG_H -I. -I../../mpc-1.0.2/src -I..   -I/cross-tools/include -I/cross-tools/include   -O2 -pedantic -fomit-frame-pointer -m64 -mtune=core2 -march=core2 -MT cos.lo -MD -MP -MF .deps/cos.Tpo -c -o cos.lo ../../mpc-1.0.2/src/cos.c
libtool: compile:  gcc -std=gnu99 -DHAVE_CONFIG_H -I. -I../../mpc-1.0.2/src -I.. -I/cross-tools/include -I/cross-tools/include -O2 -pedantic -fomit-frame-pointer -m64 -mtune=core2 -march=core2 -MT cos.lo -MD -MP -MF .deps/cos.Tpo -c ../../mpc-1.0.2/src/cos.c  -fPIC -DPIC -o .libs/cos.o
mv -f .deps/cos.Tpo .deps/cos.Plo
/bin/bash ../libtool --tag=CC   --mode=compile gcc -std=gnu99 -DHAVE_CONFIG_H -I. -I../../mpc-1.0.2/src -I..   -I/cross-tools/include -I/cross-tools/include   -O2 -pedantic -fomit-frame-pointer -m64 -mtune=core2 -march=core2 -MT cosh.lo -MD -MP -MF .deps/cosh.Tpo -c -o cosh.lo ../../mpc-1.0.2/src/cosh.c
libtool: compile:  gcc -std=gnu99 -DHAVE_CONFIG_H -I. -I../../mpc-1.0.2/src -I.. -I/cross-tools/include -I/cross-tools/include -O2 -pedantic -fomit-frame-pointer -m64 -mtune=core2 -march=core2 -MT cosh.lo -MD -MP -MF .deps/cosh.Tpo -c ../../mpc-1.0.2/src/cosh.c  -fPIC -DPIC -o .libs/cosh.o
mv -f .deps/cosh.Tpo .deps/cosh.Plo
/bin/bash ../libtool --tag=CC   --mode=compile gcc -std=gnu99 -DHAVE_CONFIG_H -I. -I../../mpc-1.0.2/src -I..   -I/cross-tools/include -I/cross-tools/include   -O2 -pedantic -fomit-frame-pointer -m64 -mtune=core2 -march=core2 -MT div_2si.lo -MD -MP -MF .deps/div_2si.Tpo -c -o div_2si.lo ../../mpc-1.0.2/src/div_2si.c
libtool: compile:  gcc -std=gnu99 -DHAVE_CONFIG_H -I. -I../../mpc-1.0.2/src -I.. -I/cross-tools/include -I/cross-tools/include -O2 -pedantic -fomit-frame-pointer -m64 -mtune=core2 -march=core2 -MT div_2si.lo -MD -MP -MF .deps/div_2si.Tpo -c ../../mpc-1.0.2/src/div_2si.c  -fPIC -DPIC -o .libs/div_2si.o
mv -f .deps/div_2si.Tpo .deps/div_2si.Plo
/bin/bash ../libtool --tag=CC   --mode=compile gcc -std=gnu99 -DHAVE_CONFIG_H -I. -I../../mpc-1.0.2/src -I..   -I/cross-tools/include -I/cross-tools/include   -O2 -pedantic -fomit-frame-pointer -m64 -mtune=core2 -march=core2 -MT div_2ui.lo -MD -MP -MF .deps/div_2ui.Tpo -c -o div_2ui.lo ../../mpc-1.0.2/src/div_2ui.c
libtool: compile:  gcc -std=gnu99 -DHAVE_CONFIG_H -I. -I../../mpc-1.0.2/src -I.. -I/cross-tools/include -I/cross-tools/include -O2 -pedantic -fomit-frame-pointer -m64 -mtune=core2 -march=core2 -MT div_2ui.lo -MD -MP -MF .deps/div_2ui.Tpo -c ../../mpc-1.0.2/src/div_2ui.c  -fPIC -DPIC -o .libs/div_2ui.o
mv -f .deps/div_2ui.Tpo .deps/div_2ui.Plo
/bin/bash ../libtool --tag=CC   --mode=compile gcc -std=gnu99 -DHAVE_CONFIG_H -I. -I../../mpc-1.0.2/src -I..   -I/cross-tools/include -I/cross-tools/include   -O2 -pedantic -fomit-frame-pointer -m64 -mtune=core2 -march=core2 -MT div.lo -MD -MP -MF .deps/div.Tpo -c -o div.lo ../../mpc-1.0.2/src/div.c
libtool: compile:  gcc -std=gnu99 -DHAVE_CONFIG_H -I. -I../../mpc-1.0.2/src -I.. -I/cross-tools/include -I/cross-tools/include -O2 -pedantic -fomit-frame-pointer -m64 -mtune=core2 -march=core2 -MT div.lo -MD -MP -MF .deps/div.Tpo -c ../../mpc-1.0.2/src/div.c  -fPIC -DPIC -o .libs/div.o
mv -f .deps/div.Tpo .deps/div.Plo
/bin/bash ../libtool --tag=CC   --mode=compile gcc -std=gnu99 -DHAVE_CONFIG_H -I. -I../../mpc-1.0.2/src -I..   -I/cross-tools/include -I/cross-tools/include   -O2 -pedantic -fomit-frame-pointer -m64 -mtune=core2 -march=core2 -MT div_fr.lo -MD -MP -MF .deps/div_fr.Tpo -c -o div_fr.lo ../../mpc-1.0.2/src/div_fr.c
libtool: compile:  gcc -std=gnu99 -DHAVE_CONFIG_H -I. -I../../mpc-1.0.2/src -I.. -I/cross-tools/include -I/cross-tools/include -O2 -pedantic -fomit-frame-pointer -m64 -mtune=core2 -march=core2 -MT div_fr.lo -MD -MP -MF .deps/div_fr.Tpo -c ../../mpc-1.0.2/src/div_fr.c  -fPIC -DPIC -o .libs/div_fr.o
mv -f .deps/div_fr.Tpo .deps/div_fr.Plo
/bin/bash ../libtool --tag=CC   --mode=compile gcc -std=gnu99 -DHAVE_CONFIG_H -I. -I../../mpc-1.0.2/src -I..   -I/cross-tools/include -I/cross-tools/include   -O2 -pedantic -fomit-frame-pointer -m64 -mtune=core2 -march=core2 -MT div_ui.lo -MD -MP -MF .deps/div_ui.Tpo -c -o div_ui.lo ../../mpc-1.0.2/src/div_ui.c
libtool: compile:  gcc -std=gnu99 -DHAVE_CONFIG_H -I. -I../../mpc-1.0.2/src -I.. -I/cross-tools/include -I/cross-tools/include -O2 -pedantic -fomit-frame-pointer -m64 -mtune=core2 -march=core2 -MT div_ui.lo -MD -MP -MF .deps/div_ui.Tpo -c ../../mpc-1.0.2/src/div_ui.c  -fPIC -DPIC -o .libs/div_ui.o
mv -f .deps/div_ui.Tpo .deps/div_ui.Plo
/bin/bash ../libtool --tag=CC   --mode=compile gcc -std=gnu99 -DHAVE_CONFIG_H -I. -I../../mpc-1.0.2/src -I..   -I/cross-tools/include -I/cross-tools/include   -O2 -pedantic -fomit-frame-pointer -m64 -mtune=core2 -march=core2 -MT exp.lo -MD -MP -MF .deps/exp.Tpo -c -o exp.lo ../../mpc-1.0.2/src/exp.c
libtool: compile:  gcc -std=gnu99 -DHAVE_CONFIG_H -I. -I../../mpc-1.0.2/src -I.. -I/cross-tools/include -I/cross-tools/include -O2 -pedantic -fomit-frame-pointer -m64 -mtune=core2 -march=core2 -MT exp.lo -MD -MP -MF .deps/exp.Tpo -c ../../mpc-1.0.2/src/exp.c  -fPIC -DPIC -o .libs/exp.o
mv -f .deps/exp.Tpo .deps/exp.Plo
/bin/bash ../libtool --tag=CC   --mode=compile gcc -std=gnu99 -DHAVE_CONFIG_H -I. -I../../mpc-1.0.2/src -I..   -I/cross-tools/include -I/cross-tools/include   -O2 -pedantic -fomit-frame-pointer -m64 -mtune=core2 -march=core2 -MT fma.lo -MD -MP -MF .deps/fma.Tpo -c -o fma.lo ../../mpc-1.0.2/src/fma.c
libtool: compile:  gcc -std=gnu99 -DHAVE_CONFIG_H -I. -I../../mpc-1.0.2/src -I.. -I/cross-tools/include -I/cross-tools/include -O2 -pedantic -fomit-frame-pointer -m64 -mtune=core2 -march=core2 -MT fma.lo -MD -MP -MF .deps/fma.Tpo -c ../../mpc-1.0.2/src/fma.c  -fPIC -DPIC -o .libs/fma.o
mv -f .deps/fma.Tpo .deps/fma.Plo
/bin/bash ../libtool --tag=CC   --mode=compile gcc -std=gnu99 -DHAVE_CONFIG_H -I. -I../../mpc-1.0.2/src -I..   -I/cross-tools/include -I/cross-tools/include   -O2 -pedantic -fomit-frame-pointer -m64 -mtune=core2 -march=core2 -MT fr_div.lo -MD -MP -MF .deps/fr_div.Tpo -c -o fr_div.lo ../../mpc-1.0.2/src/fr_div.c
libtool: compile:  gcc -std=gnu99 -DHAVE_CONFIG_H -I. -I../../mpc-1.0.2/src -I.. -I/cross-tools/include -I/cross-tools/include -O2 -pedantic -fomit-frame-pointer -m64 -mtune=core2 -march=core2 -MT fr_div.lo -MD -MP -MF .deps/fr_div.Tpo -c ../../mpc-1.0.2/src/fr_div.c  -fPIC -DPIC -o .libs/fr_div.o
mv -f .deps/fr_div.Tpo .deps/fr_div.Plo
/bin/bash ../libtool --tag=CC   --mode=compile gcc -std=gnu99 -DHAVE_CONFIG_H -I. -I../../mpc-1.0.2/src -I..   -I/cross-tools/include -I/cross-tools/include   -O2 -pedantic -fomit-frame-pointer -m64 -mtune=core2 -march=core2 -MT fr_sub.lo -MD -MP -MF .deps/fr_sub.Tpo -c -o fr_sub.lo ../../mpc-1.0.2/src/fr_sub.c
libtool: compile:  gcc -std=gnu99 -DHAVE_CONFIG_H -I. -I../../mpc-1.0.2/src -I.. -I/cross-tools/include -I/cross-tools/include -O2 -pedantic -fomit-frame-pointer -m64 -mtune=core2 -march=core2 -MT fr_sub.lo -MD -MP -MF .deps/fr_sub.Tpo -c ../../mpc-1.0.2/src/fr_sub.c  -fPIC -DPIC -o .libs/fr_sub.o
mv -f .deps/fr_sub.Tpo .deps/fr_sub.Plo
/bin/bash ../libtool --tag=CC   --mode=compile gcc -std=gnu99 -DHAVE_CONFIG_H -I. -I../../mpc-1.0.2/src -I..   -I/cross-tools/include -I/cross-tools/include   -O2 -pedantic -fomit-frame-pointer -m64 -mtune=core2 -march=core2 -MT get_prec2.lo -MD -MP -MF .deps/get_prec2.Tpo -c -o get_prec2.lo ../../mpc-1.0.2/src/get_prec2.c
libtool: compile:  gcc -std=gnu99 -DHAVE_CONFIG_H -I. -I../../mpc-1.0.2/src -I.. -I/cross-tools/include -I/cross-tools/include -O2 -pedantic -fomit-frame-pointer -m64 -mtune=core2 -march=core2 -MT get_prec2.lo -MD -MP -MF .deps/get_prec2.Tpo -c ../../mpc-1.0.2/src/get_prec2.c  -fPIC -DPIC -o .libs/get_prec2.o
mv -f .deps/get_prec2.Tpo .deps/get_prec2.Plo
/bin/bash ../libtool --tag=CC   --mode=compile gcc -std=gnu99 -DHAVE_CONFIG_H -I. -I../../mpc-1.0.2/src -I..   -I/cross-tools/include -I/cross-tools/include   -O2 -pedantic -fomit-frame-pointer -m64 -mtune=core2 -march=core2 -MT get_prec.lo -MD -MP -MF .deps/get_prec.Tpo -c -o get_prec.lo ../../mpc-1.0.2/src/get_prec.c
libtool: compile:  gcc -std=gnu99 -DHAVE_CONFIG_H -I. -I../../mpc-1.0.2/src -I.. -I/cross-tools/include -I/cross-tools/include -O2 -pedantic -fomit-frame-pointer -m64 -mtune=core2 -march=core2 -MT get_prec.lo -MD -MP -MF .deps/get_prec.Tpo -c ../../mpc-1.0.2/src/get_prec.c  -fPIC -DPIC -o .libs/get_prec.o
mv -f .deps/get_prec.Tpo .deps/get_prec.Plo
/bin/bash ../libtool --tag=CC   --mode=compile gcc -std=gnu99 -DHAVE_CONFIG_H -I. -I../../mpc-1.0.2/src -I..   -I/cross-tools/include -I/cross-tools/include   -O2 -pedantic -fomit-frame-pointer -m64 -mtune=core2 -march=core2 -MT get_version.lo -MD -MP -MF .deps/get_version.Tpo -c -o get_version.lo ../../mpc-1.0.2/src/get_version.c
libtool: compile:  gcc -std=gnu99 -DHAVE_CONFIG_H -I. -I../../mpc-1.0.2/src -I.. -I/cross-tools/include -I/cross-tools/include -O2 -pedantic -fomit-frame-pointer -m64 -mtune=core2 -march=core2 -MT get_version.lo -MD -MP -MF .deps/get_version.Tpo -c ../../mpc-1.0.2/src/get_version.c  -fPIC -DPIC -o .libs/get_version.o
mv -f .deps/get_version.Tpo .deps/get_version.Plo
/bin/bash ../libtool --tag=CC   --mode=compile gcc -std=gnu99 -DHAVE_CONFIG_H -I. -I../../mpc-1.0.2/src -I..   -I/cross-tools/include -I/cross-tools/include   -O2 -pedantic -fomit-frame-pointer -m64 -mtune=core2 -march=core2 -MT get_x.lo -MD -MP -MF .deps/get_x.Tpo -c -o get_x.lo ../../mpc-1.0.2/src/get_x.c
libtool: compile:  gcc -std=gnu99 -DHAVE_CONFIG_H -I. -I../../mpc-1.0.2/src -I.. -I/cross-tools/include -I/cross-tools/include -O2 -pedantic -fomit-frame-pointer -m64 -mtune=core2 -march=core2 -MT get_x.lo -MD -MP -MF .deps/get_x.Tpo -c ../../mpc-1.0.2/src/get_x.c  -fPIC -DPIC -o .libs/get_x.o
mv -f .deps/get_x.Tpo .deps/get_x.Plo
/bin/bash ../libtool --tag=CC   --mode=compile gcc -std=gnu99 -DHAVE_CONFIG_H -I. -I../../mpc-1.0.2/src -I..   -I/cross-tools/include -I/cross-tools/include   -O2 -pedantic -fomit-frame-pointer -m64 -mtune=core2 -march=core2 -MT imag.lo -MD -MP -MF .deps/imag.Tpo -c -o imag.lo ../../mpc-1.0.2/src/imag.c
libtool: compile:  gcc -std=gnu99 -DHAVE_CONFIG_H -I. -I../../mpc-1.0.2/src -I.. -I/cross-tools/include -I/cross-tools/include -O2 -pedantic -fomit-frame-pointer -m64 -mtune=core2 -march=core2 -MT imag.lo -MD -MP -MF .deps/imag.Tpo -c ../../mpc-1.0.2/src/imag.c  -fPIC -DPIC -o .libs/imag.o
mv -f .deps/imag.Tpo .deps/imag.Plo
/bin/bash ../libtool --tag=CC   --mode=compile gcc -std=gnu99 -DHAVE_CONFIG_H -I. -I../../mpc-1.0.2/src -I..   -I/cross-tools/include -I/cross-tools/include   -O2 -pedantic -fomit-frame-pointer -m64 -mtune=core2 -march=core2 -MT init2.lo -MD -MP -MF .deps/init2.Tpo -c -o init2.lo ../../mpc-1.0.2/src/init2.c
libtool: compile:  gcc -std=gnu99 -DHAVE_CONFIG_H -I. -I../../mpc-1.0.2/src -I.. -I/cross-tools/include -I/cross-tools/include -O2 -pedantic -fomit-frame-pointer -m64 -mtune=core2 -march=core2 -MT init2.lo -MD -MP -MF .deps/init2.Tpo -c ../../mpc-1.0.2/src/init2.c  -fPIC -DPIC -o .libs/init2.o
mv -f .deps/init2.Tpo .deps/init2.Plo
/bin/bash ../libtool --tag=CC   --mode=compile gcc -std=gnu99 -DHAVE_CONFIG_H -I. -I../../mpc-1.0.2/src -I..   -I/cross-tools/include -I/cross-tools/include   -O2 -pedantic -fomit-frame-pointer -m64 -mtune=core2 -march=core2 -MT init3.lo -MD -MP -MF .deps/init3.Tpo -c -o init3.lo ../../mpc-1.0.2/src/init3.c
libtool: compile:  gcc -std=gnu99 -DHAVE_CONFIG_H -I. -I../../mpc-1.0.2/src -I.. -I/cross-tools/include -I/cross-tools/include -O2 -pedantic -fomit-frame-pointer -m64 -mtune=core2 -march=core2 -MT init3.lo -MD -MP -MF .deps/init3.Tpo -c ../../mpc-1.0.2/src/init3.c  -fPIC -DPIC -o .libs/init3.o
mv -f .deps/init3.Tpo .deps/init3.Plo
/bin/bash ../libtool --tag=CC   --mode=compile gcc -std=gnu99 -DHAVE_CONFIG_H -I. -I../../mpc-1.0.2/src -I..   -I/cross-tools/include -I/cross-tools/include   -O2 -pedantic -fomit-frame-pointer -m64 -mtune=core2 -march=core2 -MT inp_str.lo -MD -MP -MF .deps/inp_str.Tpo -c -o inp_str.lo ../../mpc-1.0.2/src/inp_str.c
libtool: compile:  gcc -std=gnu99 -DHAVE_CONFIG_H -I. -I../../mpc-1.0.2/src -I.. -I/cross-tools/include -I/cross-tools/include -O2 -pedantic -fomit-frame-pointer -m64 -mtune=core2 -march=core2 -MT inp_str.lo -MD -MP -MF .deps/inp_str.Tpo -c ../../mpc-1.0.2/src/inp_str.c  -fPIC -DPIC -o .libs/inp_str.o
mv -f .deps/inp_str.Tpo .deps/inp_str.Plo
/bin/bash ../libtool --tag=CC   --mode=compile gcc -std=gnu99 -DHAVE_CONFIG_H -I. -I../../mpc-1.0.2/src -I..   -I/cross-tools/include -I/cross-tools/include   -O2 -pedantic -fomit-frame-pointer -m64 -mtune=core2 -march=core2 -MT log.lo -MD -MP -MF .deps/log.Tpo -c -o log.lo ../../mpc-1.0.2/src/log.c
libtool: compile:  gcc -std=gnu99 -DHAVE_CONFIG_H -I. -I../../mpc-1.0.2/src -I.. -I/cross-tools/include -I/cross-tools/include -O2 -pedantic -fomit-frame-pointer -m64 -mtune=core2 -march=core2 -MT log.lo -MD -MP -MF .deps/log.Tpo -c ../../mpc-1.0.2/src/log.c  -fPIC -DPIC -o .libs/log.o
mv -f .deps/log.Tpo .deps/log.Plo
/bin/bash ../libtool --tag=CC   --mode=compile gcc -std=gnu99 -DHAVE_CONFIG_H -I. -I../../mpc-1.0.2/src -I..   -I/cross-tools/include -I/cross-tools/include   -O2 -pedantic -fomit-frame-pointer -m64 -mtune=core2 -march=core2 -MT log10.lo -MD -MP -MF .deps/log10.Tpo -c -o log10.lo ../../mpc-1.0.2/src/log10.c
libtool: compile:  gcc -std=gnu99 -DHAVE_CONFIG_H -I. -I../../mpc-1.0.2/src -I.. -I/cross-tools/include -I/cross-tools/include -O2 -pedantic -fomit-frame-pointer -m64 -mtune=core2 -march=core2 -MT log10.lo -MD -MP -MF .deps/log10.Tpo -c ../../mpc-1.0.2/src/log10.c  -fPIC -DPIC -o .libs/log10.o
mv -f .deps/log10.Tpo .deps/log10.Plo
/bin/bash ../libtool --tag=CC   --mode=compile gcc -std=gnu99 -DHAVE_CONFIG_H -I. -I../../mpc-1.0.2/src -I..   -I/cross-tools/include -I/cross-tools/include   -O2 -pedantic -fomit-frame-pointer -m64 -mtune=core2 -march=core2 -MT mem.lo -MD -MP -MF .deps/mem.Tpo -c -o mem.lo ../../mpc-1.0.2/src/mem.c
libtool: compile:  gcc -std=gnu99 -DHAVE_CONFIG_H -I. -I../../mpc-1.0.2/src -I.. -I/cross-tools/include -I/cross-tools/include -O2 -pedantic -fomit-frame-pointer -m64 -mtune=core2 -march=core2 -MT mem.lo -MD -MP -MF .deps/mem.Tpo -c ../../mpc-1.0.2/src/mem.c  -fPIC -DPIC -o .libs/mem.o
mv -f .deps/mem.Tpo .deps/mem.Plo
/bin/bash ../libtool --tag=CC   --mode=compile gcc -std=gnu99 -DHAVE_CONFIG_H -I. -I../../mpc-1.0.2/src -I..   -I/cross-tools/include -I/cross-tools/include   -O2 -pedantic -fomit-frame-pointer -m64 -mtune=core2 -march=core2 -MT mul_2si.lo -MD -MP -MF .deps/mul_2si.Tpo -c -o mul_2si.lo ../../mpc-1.0.2/src/mul_2si.c
libtool: compile:  gcc -std=gnu99 -DHAVE_CONFIG_H -I. -I../../mpc-1.0.2/src -I.. -I/cross-tools/include -I/cross-tools/include -O2 -pedantic -fomit-frame-pointer -m64 -mtune=core2 -march=core2 -MT mul_2si.lo -MD -MP -MF .deps/mul_2si.Tpo -c ../../mpc-1.0.2/src/mul_2si.c  -fPIC -DPIC -o .libs/mul_2si.o
mv -f .deps/mul_2si.Tpo .deps/mul_2si.Plo
/bin/bash ../libtool --tag=CC   --mode=compile gcc -std=gnu99 -DHAVE_CONFIG_H -I. -I../../mpc-1.0.2/src -I..   -I/cross-tools/include -I/cross-tools/include   -O2 -pedantic -fomit-frame-pointer -m64 -mtune=core2 -march=core2 -MT mul_2ui.lo -MD -MP -MF .deps/mul_2ui.Tpo -c -o mul_2ui.lo ../../mpc-1.0.2/src/mul_2ui.c
libtool: compile:  gcc -std=gnu99 -DHAVE_CONFIG_H -I. -I../../mpc-1.0.2/src -I.. -I/cross-tools/include -I/cross-tools/include -O2 -pedantic -fomit-frame-pointer -m64 -mtune=core2 -march=core2 -MT mul_2ui.lo -MD -MP -MF .deps/mul_2ui.Tpo -c ../../mpc-1.0.2/src/mul_2ui.c  -fPIC -DPIC -o .libs/mul_2ui.o
mv -f .deps/mul_2ui.Tpo .deps/mul_2ui.Plo
/bin/bash ../libtool --tag=CC   --mode=compile gcc -std=gnu99 -DHAVE_CONFIG_H -I. -I../../mpc-1.0.2/src -I..   -I/cross-tools/include -I/cross-tools/include   -O2 -pedantic -fomit-frame-pointer -m64 -mtune=core2 -march=core2 -MT mul.lo -MD -MP -MF .deps/mul.Tpo -c -o mul.lo ../../mpc-1.0.2/src/mul.c
libtool: compile:  gcc -std=gnu99 -DHAVE_CONFIG_H -I. -I../../mpc-1.0.2/src -I.. -I/cross-tools/include -I/cross-tools/include -O2 -pedantic -fomit-frame-pointer -m64 -mtune=core2 -march=core2 -MT mul.lo -MD -MP -MF .deps/mul.Tpo -c ../../mpc-1.0.2/src/mul.c  -fPIC -DPIC -o .libs/mul.o
mv -f .deps/mul.Tpo .deps/mul.Plo
/bin/bash ../libtool --tag=CC   --mode=compile gcc -std=gnu99 -DHAVE_CONFIG_H -I. -I../../mpc-1.0.2/src -I..   -I/cross-tools/include -I/cross-tools/include   -O2 -pedantic -fomit-frame-pointer -m64 -mtune=core2 -march=core2 -MT mul_fr.lo -MD -MP -MF .deps/mul_fr.Tpo -c -o mul_fr.lo ../../mpc-1.0.2/src/mul_fr.c
libtool: compile:  gcc -std=gnu99 -DHAVE_CONFIG_H -I. -I../../mpc-1.0.2/src -I.. -I/cross-tools/include -I/cross-tools/include -O2 -pedantic -fomit-frame-pointer -m64 -mtune=core2 -march=core2 -MT mul_fr.lo -MD -MP -MF .deps/mul_fr.Tpo -c ../../mpc-1.0.2/src/mul_fr.c  -fPIC -DPIC -o .libs/mul_fr.o
mv -f .deps/mul_fr.Tpo .deps/mul_fr.Plo
/bin/bash ../libtool --tag=CC   --mode=compile gcc -std=gnu99 -DHAVE_CONFIG_H -I. -I../../mpc-1.0.2/src -I..   -I/cross-tools/include -I/cross-tools/include   -O2 -pedantic -fomit-frame-pointer -m64 -mtune=core2 -march=core2 -MT mul_i.lo -MD -MP -MF .deps/mul_i.Tpo -c -o mul_i.lo ../../mpc-1.0.2/src/mul_i.c
libtool: compile:  gcc -std=gnu99 -DHAVE_CONFIG_H -I. -I../../mpc-1.0.2/src -I.. -I/cross-tools/include -I/cross-tools/include -O2 -pedantic -fomit-frame-pointer -m64 -mtune=core2 -march=core2 -MT mul_i.lo -MD -MP -MF .deps/mul_i.Tpo -c ../../mpc-1.0.2/src/mul_i.c  -fPIC -DPIC -o .libs/mul_i.o
mv -f .deps/mul_i.Tpo .deps/mul_i.Plo
/bin/bash ../libtool --tag=CC   --mode=compile gcc -std=gnu99 -DHAVE_CONFIG_H -I. -I../../mpc-1.0.2/src -I..   -I/cross-tools/include -I/cross-tools/include   -O2 -pedantic -fomit-frame-pointer -m64 -mtune=core2 -march=core2 -MT mul_si.lo -MD -MP -MF .deps/mul_si.Tpo -c -o mul_si.lo ../../mpc-1.0.2/src/mul_si.c
libtool: compile:  gcc -std=gnu99 -DHAVE_CONFIG_H -I. -I../../mpc-1.0.2/src -I.. -I/cross-tools/include -I/cross-tools/include -O2 -pedantic -fomit-frame-pointer -m64 -mtune=core2 -march=core2 -MT mul_si.lo -MD -MP -MF .deps/mul_si.Tpo -c ../../mpc-1.0.2/src/mul_si.c  -fPIC -DPIC -o .libs/mul_si.o
mv -f .deps/mul_si.Tpo .deps/mul_si.Plo
/bin/bash ../libtool --tag=CC   --mode=compile gcc -std=gnu99 -DHAVE_CONFIG_H -I. -I../../mpc-1.0.2/src -I..   -I/cross-tools/include -I/cross-tools/include   -O2 -pedantic -fomit-frame-pointer -m64 -mtune=core2 -march=core2 -MT mul_ui.lo -MD -MP -MF .deps/mul_ui.Tpo -c -o mul_ui.lo ../../mpc-1.0.2/src/mul_ui.c
libtool: compile:  gcc -std=gnu99 -DHAVE_CONFIG_H -I. -I../../mpc-1.0.2/src -I.. -I/cross-tools/include -I/cross-tools/include -O2 -pedantic -fomit-frame-pointer -m64 -mtune=core2 -march=core2 -MT mul_ui.lo -MD -MP -MF .deps/mul_ui.Tpo -c ../../mpc-1.0.2/src/mul_ui.c  -fPIC -DPIC -o .libs/mul_ui.o
mv -f .deps/mul_ui.Tpo .deps/mul_ui.Plo
/bin/bash ../libtool --tag=CC   --mode=compile gcc -std=gnu99 -DHAVE_CONFIG_H -I. -I../../mpc-1.0.2/src -I..   -I/cross-tools/include -I/cross-tools/include   -O2 -pedantic -fomit-frame-pointer -m64 -mtune=core2 -march=core2 -MT neg.lo -MD -MP -MF .deps/neg.Tpo -c -o neg.lo ../../mpc-1.0.2/src/neg.c
libtool: compile:  gcc -std=gnu99 -DHAVE_CONFIG_H -I. -I../../mpc-1.0.2/src -I.. -I/cross-tools/include -I/cross-tools/include -O2 -pedantic -fomit-frame-pointer -m64 -mtune=core2 -march=core2 -MT neg.lo -MD -MP -MF .deps/neg.Tpo -c ../../mpc-1.0.2/src/neg.c  -fPIC -DPIC -o .libs/neg.o
mv -f .deps/neg.Tpo .deps/neg.Plo
/bin/bash ../libtool --tag=CC   --mode=compile gcc -std=gnu99 -DHAVE_CONFIG_H -I. -I../../mpc-1.0.2/src -I..   -I/cross-tools/include -I/cross-tools/include   -O2 -pedantic -fomit-frame-pointer -m64 -mtune=core2 -march=core2 -MT norm.lo -MD -MP -MF .deps/norm.Tpo -c -o norm.lo ../../mpc-1.0.2/src/norm.c
libtool: compile:  gcc -std=gnu99 -DHAVE_CONFIG_H -I. -I../../mpc-1.0.2/src -I.. -I/cross-tools/include -I/cross-tools/include -O2 -pedantic -fomit-frame-pointer -m64 -mtune=core2 -march=core2 -MT norm.lo -MD -MP -MF .deps/norm.Tpo -c ../../mpc-1.0.2/src/norm.c  -fPIC -DPIC -o .libs/norm.o
mv -f .deps/norm.Tpo .deps/norm.Plo
/bin/bash ../libtool --tag=CC   --mode=compile gcc -std=gnu99 -DHAVE_CONFIG_H -I. -I../../mpc-1.0.2/src -I..   -I/cross-tools/include -I/cross-tools/include   -O2 -pedantic -fomit-frame-pointer -m64 -mtune=core2 -march=core2 -MT out_str.lo -MD -MP -MF .deps/out_str.Tpo -c -o out_str.lo ../../mpc-1.0.2/src/out_str.c
libtool: compile:  gcc -std=gnu99 -DHAVE_CONFIG_H -I. -I../../mpc-1.0.2/src -I.. -I/cross-tools/include -I/cross-tools/include -O2 -pedantic -fomit-frame-pointer -m64 -mtune=core2 -march=core2 -MT out_str.lo -MD -MP -MF .deps/out_str.Tpo -c ../../mpc-1.0.2/src/out_str.c  -fPIC -DPIC -o .libs/out_str.o
mv -f .deps/out_str.Tpo .deps/out_str.Plo
/bin/bash ../libtool --tag=CC   --mode=compile gcc -std=gnu99 -DHAVE_CONFIG_H -I. -I../../mpc-1.0.2/src -I..   -I/cross-tools/include -I/cross-tools/include   -O2 -pedantic -fomit-frame-pointer -m64 -mtune=core2 -march=core2 -MT pow.lo -MD -MP -MF .deps/pow.Tpo -c -o pow.lo ../../mpc-1.0.2/src/pow.c
libtool: compile:  gcc -std=gnu99 -DHAVE_CONFIG_H -I. -I../../mpc-1.0.2/src -I.. -I/cross-tools/include -I/cross-tools/include -O2 -pedantic -fomit-frame-pointer -m64 -mtune=core2 -march=core2 -MT pow.lo -MD -MP -MF .deps/pow.Tpo -c ../../mpc-1.0.2/src/pow.c  -fPIC -DPIC -o .libs/pow.o
mv -f .deps/pow.Tpo .deps/pow.Plo
/bin/bash ../libtool --tag=CC   --mode=compile gcc -std=gnu99 -DHAVE_CONFIG_H -I. -I../../mpc-1.0.2/src -I..   -I/cross-tools/include -I/cross-tools/include   -O2 -pedantic -fomit-frame-pointer -m64 -mtune=core2 -march=core2 -MT pow_fr.lo -MD -MP -MF .deps/pow_fr.Tpo -c -o pow_fr.lo ../../mpc-1.0.2/src/pow_fr.c
libtool: compile:  gcc -std=gnu99 -DHAVE_CONFIG_H -I. -I../../mpc-1.0.2/src -I.. -I/cross-tools/include -I/cross-tools/include -O2 -pedantic -fomit-frame-pointer -m64 -mtune=core2 -march=core2 -MT pow_fr.lo -MD -MP -MF .deps/pow_fr.Tpo -c ../../mpc-1.0.2/src/pow_fr.c  -fPIC -DPIC -o .libs/pow_fr.o
mv -f .deps/pow_fr.Tpo .deps/pow_fr.Plo
/bin/bash ../libtool --tag=CC   --mode=compile gcc -std=gnu99 -DHAVE_CONFIG_H -I. -I../../mpc-1.0.2/src -I..   -I/cross-tools/include -I/cross-tools/include   -O2 -pedantic -fomit-frame-pointer -m64 -mtune=core2 -march=core2 -MT pow_ld.lo -MD -MP -MF .deps/pow_ld.Tpo -c -o pow_ld.lo ../../mpc-1.0.2/src/pow_ld.c
libtool: compile:  gcc -std=gnu99 -DHAVE_CONFIG_H -I. -I../../mpc-1.0.2/src -I.. -I/cross-tools/include -I/cross-tools/include -O2 -pedantic -fomit-frame-pointer -m64 -mtune=core2 -march=core2 -MT pow_ld.lo -MD -MP -MF .deps/pow_ld.Tpo -c ../../mpc-1.0.2/src/pow_ld.c  -fPIC -DPIC -o .libs/pow_ld.o
mv -f .deps/pow_ld.Tpo .deps/pow_ld.Plo
/bin/bash ../libtool --tag=CC   --mode=compile gcc -std=gnu99 -DHAVE_CONFIG_H -I. -I../../mpc-1.0.2/src -I..   -I/cross-tools/include -I/cross-tools/include   -O2 -pedantic -fomit-frame-pointer -m64 -mtune=core2 -march=core2 -MT pow_d.lo -MD -MP -MF .deps/pow_d.Tpo -c -o pow_d.lo ../../mpc-1.0.2/src/pow_d.c
libtool: compile:  gcc -std=gnu99 -DHAVE_CONFIG_H -I. -I../../mpc-1.0.2/src -I.. -I/cross-tools/include -I/cross-tools/include -O2 -pedantic -fomit-frame-pointer -m64 -mtune=core2 -march=core2 -MT pow_d.lo -MD -MP -MF .deps/pow_d.Tpo -c ../../mpc-1.0.2/src/pow_d.c  -fPIC -DPIC -o .libs/pow_d.o
mv -f .deps/pow_d.Tpo .deps/pow_d.Plo
/bin/bash ../libtool --tag=CC   --mode=compile gcc -std=gnu99 -DHAVE_CONFIG_H -I. -I../../mpc-1.0.2/src -I..   -I/cross-tools/include -I/cross-tools/include   -O2 -pedantic -fomit-frame-pointer -m64 -mtune=core2 -march=core2 -MT pow_si.lo -MD -MP -MF .deps/pow_si.Tpo -c -o pow_si.lo ../../mpc-1.0.2/src/pow_si.c
libtool: compile:  gcc -std=gnu99 -DHAVE_CONFIG_H -I. -I../../mpc-1.0.2/src -I.. -I/cross-tools/include -I/cross-tools/include -O2 -pedantic -fomit-frame-pointer -m64 -mtune=core2 -march=core2 -MT pow_si.lo -MD -MP -MF .deps/pow_si.Tpo -c ../../mpc-1.0.2/src/pow_si.c  -fPIC -DPIC -o .libs/pow_si.o
mv -f .deps/pow_si.Tpo .deps/pow_si.Plo
/bin/bash ../libtool --tag=CC   --mode=compile gcc -std=gnu99 -DHAVE_CONFIG_H -I. -I../../mpc-1.0.2/src -I..   -I/cross-tools/include -I/cross-tools/include   -O2 -pedantic -fomit-frame-pointer -m64 -mtune=core2 -march=core2 -MT pow_ui.lo -MD -MP -MF .deps/pow_ui.Tpo -c -o pow_ui.lo ../../mpc-1.0.2/src/pow_ui.c
libtool: compile:  gcc -std=gnu99 -DHAVE_CONFIG_H -I. -I../../mpc-1.0.2/src -I.. -I/cross-tools/include -I/cross-tools/include -O2 -pedantic -fomit-frame-pointer -m64 -mtune=core2 -march=core2 -MT pow_ui.lo -MD -MP -MF .deps/pow_ui.Tpo -c ../../mpc-1.0.2/src/pow_ui.c  -fPIC -DPIC -o .libs/pow_ui.o
mv -f .deps/pow_ui.Tpo .deps/pow_ui.Plo
/bin/bash ../libtool --tag=CC   --mode=compile gcc -std=gnu99 -DHAVE_CONFIG_H -I. -I../../mpc-1.0.2/src -I..   -I/cross-tools/include -I/cross-tools/include   -O2 -pedantic -fomit-frame-pointer -m64 -mtune=core2 -march=core2 -MT pow_z.lo -MD -MP -MF .deps/pow_z.Tpo -c -o pow_z.lo ../../mpc-1.0.2/src/pow_z.c
libtool: compile:  gcc -std=gnu99 -DHAVE_CONFIG_H -I. -I../../mpc-1.0.2/src -I.. -I/cross-tools/include -I/cross-tools/include -O2 -pedantic -fomit-frame-pointer -m64 -mtune=core2 -march=core2 -MT pow_z.lo -MD -MP -MF .deps/pow_z.Tpo -c ../../mpc-1.0.2/src/pow_z.c  -fPIC -DPIC -o .libs/pow_z.o
mv -f .deps/pow_z.Tpo .deps/pow_z.Plo
/bin/bash ../libtool --tag=CC   --mode=compile gcc -std=gnu99 -DHAVE_CONFIG_H -I. -I../../mpc-1.0.2/src -I..   -I/cross-tools/include -I/cross-tools/include   -O2 -pedantic -fomit-frame-pointer -m64 -mtune=core2 -march=core2 -MT proj.lo -MD -MP -MF .deps/proj.Tpo -c -o proj.lo ../../mpc-1.0.2/src/proj.c
libtool: compile:  gcc -std=gnu99 -DHAVE_CONFIG_H -I. -I../../mpc-1.0.2/src -I.. -I/cross-tools/include -I/cross-tools/include -O2 -pedantic -fomit-frame-pointer -m64 -mtune=core2 -march=core2 -MT proj.lo -MD -MP -MF .deps/proj.Tpo -c ../../mpc-1.0.2/src/proj.c  -fPIC -DPIC -o .libs/proj.o
mv -f .deps/proj.Tpo .deps/proj.Plo
/bin/bash ../libtool --tag=CC   --mode=compile gcc -std=gnu99 -DHAVE_CONFIG_H -I. -I../../mpc-1.0.2/src -I..   -I/cross-tools/include -I/cross-tools/include   -O2 -pedantic -fomit-frame-pointer -m64 -mtune=core2 -march=core2 -MT real.lo -MD -MP -MF .deps/real.Tpo -c -o real.lo ../../mpc-1.0.2/src/real.c
libtool: compile:  gcc -std=gnu99 -DHAVE_CONFIG_H -I. -I../../mpc-1.0.2/src -I.. -I/cross-tools/include -I/cross-tools/include -O2 -pedantic -fomit-frame-pointer -m64 -mtune=core2 -march=core2 -MT real.lo -MD -MP -MF .deps/real.Tpo -c ../../mpc-1.0.2/src/real.c  -fPIC -DPIC -o .libs/real.o
mv -f .deps/real.Tpo .deps/real.Plo
/bin/bash ../libtool --tag=CC   --mode=compile gcc -std=gnu99 -DHAVE_CONFIG_H -I. -I../../mpc-1.0.2/src -I..   -I/cross-tools/include -I/cross-tools/include   -O2 -pedantic -fomit-frame-pointer -m64 -mtune=core2 -march=core2 -MT urandom.lo -MD -MP -MF .deps/urandom.Tpo -c -o urandom.lo ../../mpc-1.0.2/src/urandom.c
libtool: compile:  gcc -std=gnu99 -DHAVE_CONFIG_H -I. -I../../mpc-1.0.2/src -I.. -I/cross-tools/include -I/cross-tools/include -O2 -pedantic -fomit-frame-pointer -m64 -mtune=core2 -march=core2 -MT urandom.lo -MD -MP -MF .deps/urandom.Tpo -c ../../mpc-1.0.2/src/urandom.c  -fPIC -DPIC -o .libs/urandom.o
mv -f .deps/urandom.Tpo .deps/urandom.Plo
/bin/bash ../libtool --tag=CC   --mode=compile gcc -std=gnu99 -DHAVE_CONFIG_H -I. -I../../mpc-1.0.2/src -I..   -I/cross-tools/include -I/cross-tools/include   -O2 -pedantic -fomit-frame-pointer -m64 -mtune=core2 -march=core2 -MT set.lo -MD -MP -MF .deps/set.Tpo -c -o set.lo ../../mpc-1.0.2/src/set.c
libtool: compile:  gcc -std=gnu99 -DHAVE_CONFIG_H -I. -I../../mpc-1.0.2/src -I.. -I/cross-tools/include -I/cross-tools/include -O2 -pedantic -fomit-frame-pointer -m64 -mtune=core2 -march=core2 -MT set.lo -MD -MP -MF .deps/set.Tpo -c ../../mpc-1.0.2/src/set.c  -fPIC -DPIC -o .libs/set.o
mv -f .deps/set.Tpo .deps/set.Plo
/bin/bash ../libtool --tag=CC   --mode=compile gcc -std=gnu99 -DHAVE_CONFIG_H -I. -I../../mpc-1.0.2/src -I..   -I/cross-tools/include -I/cross-tools/include   -O2 -pedantic -fomit-frame-pointer -m64 -mtune=core2 -march=core2 -MT set_prec.lo -MD -MP -MF .deps/set_prec.Tpo -c -o set_prec.lo ../../mpc-1.0.2/src/set_prec.c
libtool: compile:  gcc -std=gnu99 -DHAVE_CONFIG_H -I. -I../../mpc-1.0.2/src -I.. -I/cross-tools/include -I/cross-tools/include -O2 -pedantic -fomit-frame-pointer -m64 -mtune=core2 -march=core2 -MT set_prec.lo -MD -MP -MF .deps/set_prec.Tpo -c ../../mpc-1.0.2/src/set_prec.c  -fPIC -DPIC -o .libs/set_prec.o
mv -f .deps/set_prec.Tpo .deps/set_prec.Plo
/bin/bash ../libtool --tag=CC   --mode=compile gcc -std=gnu99 -DHAVE_CONFIG_H -I. -I../../mpc-1.0.2/src -I..   -I/cross-tools/include -I/cross-tools/include   -O2 -pedantic -fomit-frame-pointer -m64 -mtune=core2 -march=core2 -MT set_str.lo -MD -MP -MF .deps/set_str.Tpo -c -o set_str.lo ../../mpc-1.0.2/src/set_str.c
libtool: compile:  gcc -std=gnu99 -DHAVE_CONFIG_H -I. -I../../mpc-1.0.2/src -I.. -I/cross-tools/include -I/cross-tools/include -O2 -pedantic -fomit-frame-pointer -m64 -mtune=core2 -march=core2 -MT set_str.lo -MD -MP -MF .deps/set_str.Tpo -c ../../mpc-1.0.2/src/set_str.c  -fPIC -DPIC -o .libs/set_str.o
mv -f .deps/set_str.Tpo .deps/set_str.Plo
/bin/bash ../libtool --tag=CC   --mode=compile gcc -std=gnu99 -DHAVE_CONFIG_H -I. -I../../mpc-1.0.2/src -I..   -I/cross-tools/include -I/cross-tools/include   -O2 -pedantic -fomit-frame-pointer -m64 -mtune=core2 -march=core2 -MT set_x.lo -MD -MP -MF .deps/set_x.Tpo -c -o set_x.lo ../../mpc-1.0.2/src/set_x.c
libtool: compile:  gcc -std=gnu99 -DHAVE_CONFIG_H -I. -I../../mpc-1.0.2/src -I.. -I/cross-tools/include -I/cross-tools/include -O2 -pedantic -fomit-frame-pointer -m64 -mtune=core2 -march=core2 -MT set_x.lo -MD -MP -MF .deps/set_x.Tpo -c ../../mpc-1.0.2/src/set_x.c  -fPIC -DPIC -o .libs/set_x.o
mv -f .deps/set_x.Tpo .deps/set_x.Plo
/bin/bash ../libtool --tag=CC   --mode=compile gcc -std=gnu99 -DHAVE_CONFIG_H -I. -I../../mpc-1.0.2/src -I..   -I/cross-tools/include -I/cross-tools/include   -O2 -pedantic -fomit-frame-pointer -m64 -mtune=core2 -march=core2 -MT set_x_x.lo -MD -MP -MF .deps/set_x_x.Tpo -c -o set_x_x.lo ../../mpc-1.0.2/src/set_x_x.c
libtool: compile:  gcc -std=gnu99 -DHAVE_CONFIG_H -I. -I../../mpc-1.0.2/src -I.. -I/cross-tools/include -I/cross-tools/include -O2 -pedantic -fomit-frame-pointer -m64 -mtune=core2 -march=core2 -MT set_x_x.lo -MD -MP -MF .deps/set_x_x.Tpo -c ../../mpc-1.0.2/src/set_x_x.c  -fPIC -DPIC -o .libs/set_x_x.o
mv -f .deps/set_x_x.Tpo .deps/set_x_x.Plo
/bin/bash ../libtool --tag=CC   --mode=compile gcc -std=gnu99 -DHAVE_CONFIG_H -I. -I../../mpc-1.0.2/src -I..   -I/cross-tools/include -I/cross-tools/include   -O2 -pedantic -fomit-frame-pointer -m64 -mtune=core2 -march=core2 -MT sin.lo -MD -MP -MF .deps/sin.Tpo -c -o sin.lo ../../mpc-1.0.2/src/sin.c
libtool: compile:  gcc -std=gnu99 -DHAVE_CONFIG_H -I. -I../../mpc-1.0.2/src -I.. -I/cross-tools/include -I/cross-tools/include -O2 -pedantic -fomit-frame-pointer -m64 -mtune=core2 -march=core2 -MT sin.lo -MD -MP -MF .deps/sin.Tpo -c ../../mpc-1.0.2/src/sin.c  -fPIC -DPIC -o .libs/sin.o
mv -f .deps/sin.Tpo .deps/sin.Plo
/bin/bash ../libtool --tag=CC   --mode=compile gcc -std=gnu99 -DHAVE_CONFIG_H -I. -I../../mpc-1.0.2/src -I..   -I/cross-tools/include -I/cross-tools/include   -O2 -pedantic -fomit-frame-pointer -m64 -mtune=core2 -march=core2 -MT sin_cos.lo -MD -MP -MF .deps/sin_cos.Tpo -c -o sin_cos.lo ../../mpc-1.0.2/src/sin_cos.c
libtool: compile:  gcc -std=gnu99 -DHAVE_CONFIG_H -I. -I../../mpc-1.0.2/src -I.. -I/cross-tools/include -I/cross-tools/include -O2 -pedantic -fomit-frame-pointer -m64 -mtune=core2 -march=core2 -MT sin_cos.lo -MD -MP -MF .deps/sin_cos.Tpo -c ../../mpc-1.0.2/src/sin_cos.c  -fPIC -DPIC -o .libs/sin_cos.o
mv -f .deps/sin_cos.Tpo .deps/sin_cos.Plo
/bin/bash ../libtool --tag=CC   --mode=compile gcc -std=gnu99 -DHAVE_CONFIG_H -I. -I../../mpc-1.0.2/src -I..   -I/cross-tools/include -I/cross-tools/include   -O2 -pedantic -fomit-frame-pointer -m64 -mtune=core2 -march=core2 -MT sinh.lo -MD -MP -MF .deps/sinh.Tpo -c -o sinh.lo ../../mpc-1.0.2/src/sinh.c
libtool: compile:  gcc -std=gnu99 -DHAVE_CONFIG_H -I. -I../../mpc-1.0.2/src -I.. -I/cross-tools/include -I/cross-tools/include -O2 -pedantic -fomit-frame-pointer -m64 -mtune=core2 -march=core2 -MT sinh.lo -MD -MP -MF .deps/sinh.Tpo -c ../../mpc-1.0.2/src/sinh.c  -fPIC -DPIC -o .libs/sinh.o
mv -f .deps/sinh.Tpo .deps/sinh.Plo
/bin/bash ../libtool --tag=CC   --mode=compile gcc -std=gnu99 -DHAVE_CONFIG_H -I. -I../../mpc-1.0.2/src -I..   -I/cross-tools/include -I/cross-tools/include   -O2 -pedantic -fomit-frame-pointer -m64 -mtune=core2 -march=core2 -MT sqr.lo -MD -MP -MF .deps/sqr.Tpo -c -o sqr.lo ../../mpc-1.0.2/src/sqr.c
libtool: compile:  gcc -std=gnu99 -DHAVE_CONFIG_H -I. -I../../mpc-1.0.2/src -I.. -I/cross-tools/include -I/cross-tools/include -O2 -pedantic -fomit-frame-pointer -m64 -mtune=core2 -march=core2 -MT sqr.lo -MD -MP -MF .deps/sqr.Tpo -c ../../mpc-1.0.2/src/sqr.c  -fPIC -DPIC -o .libs/sqr.o
mv -f .deps/sqr.Tpo .deps/sqr.Plo
/bin/bash ../libtool --tag=CC   --mode=compile gcc -std=gnu99 -DHAVE_CONFIG_H -I. -I../../mpc-1.0.2/src -I..   -I/cross-tools/include -I/cross-tools/include   -O2 -pedantic -fomit-frame-pointer -m64 -mtune=core2 -march=core2 -MT sqrt.lo -MD -MP -MF .deps/sqrt.Tpo -c -o sqrt.lo ../../mpc-1.0.2/src/sqrt.c
libtool: compile:  gcc -std=gnu99 -DHAVE_CONFIG_H -I. -I../../mpc-1.0.2/src -I.. -I/cross-tools/include -I/cross-tools/include -O2 -pedantic -fomit-frame-pointer -m64 -mtune=core2 -march=core2 -MT sqrt.lo -MD -MP -MF .deps/sqrt.Tpo -c ../../mpc-1.0.2/src/sqrt.c  -fPIC -DPIC -o .libs/sqrt.o
mv -f .deps/sqrt.Tpo .deps/sqrt.Plo
/bin/bash ../libtool --tag=CC   --mode=compile gcc -std=gnu99 -DHAVE_CONFIG_H -I. -I../../mpc-1.0.2/src -I..   -I/cross-tools/include -I/cross-tools/include   -O2 -pedantic -fomit-frame-pointer -m64 -mtune=core2 -march=core2 -MT strtoc.lo -MD -MP -MF .deps/strtoc.Tpo -c -o strtoc.lo ../../mpc-1.0.2/src/strtoc.c
libtool: compile:  gcc -std=gnu99 -DHAVE_CONFIG_H -I. -I../../mpc-1.0.2/src -I.. -I/cross-tools/include -I/cross-tools/include -O2 -pedantic -fomit-frame-pointer -m64 -mtune=core2 -march=core2 -MT strtoc.lo -MD -MP -MF .deps/strtoc.Tpo -c ../../mpc-1.0.2/src/strtoc.c  -fPIC -DPIC -o .libs/strtoc.o
mv -f .deps/strtoc.Tpo .deps/strtoc.Plo
/bin/bash ../libtool --tag=CC   --mode=compile gcc -std=gnu99 -DHAVE_CONFIG_H -I. -I../../mpc-1.0.2/src -I..   -I/cross-tools/include -I/cross-tools/include   -O2 -pedantic -fomit-frame-pointer -m64 -mtune=core2 -march=core2 -MT sub.lo -MD -MP -MF .deps/sub.Tpo -c -o sub.lo ../../mpc-1.0.2/src/sub.c
libtool: compile:  gcc -std=gnu99 -DHAVE_CONFIG_H -I. -I../../mpc-1.0.2/src -I.. -I/cross-tools/include -I/cross-tools/include -O2 -pedantic -fomit-frame-pointer -m64 -mtune=core2 -march=core2 -MT sub.lo -MD -MP -MF .deps/sub.Tpo -c ../../mpc-1.0.2/src/sub.c  -fPIC -DPIC -o .libs/sub.o
mv -f .deps/sub.Tpo .deps/sub.Plo
/bin/bash ../libtool --tag=CC   --mode=compile gcc -std=gnu99 -DHAVE_CONFIG_H -I. -I../../mpc-1.0.2/src -I..   -I/cross-tools/include -I/cross-tools/include   -O2 -pedantic -fomit-frame-pointer -m64 -mtune=core2 -march=core2 -MT sub_fr.lo -MD -MP -MF .deps/sub_fr.Tpo -c -o sub_fr.lo ../../mpc-1.0.2/src/sub_fr.c
libtool: compile:  gcc -std=gnu99 -DHAVE_CONFIG_H -I. -I../../mpc-1.0.2/src -I.. -I/cross-tools/include -I/cross-tools/include -O2 -pedantic -fomit-frame-pointer -m64 -mtune=core2 -march=core2 -MT sub_fr.lo -MD -MP -MF .deps/sub_fr.Tpo -c ../../mpc-1.0.2/src/sub_fr.c  -fPIC -DPIC -o .libs/sub_fr.o
mv -f .deps/sub_fr.Tpo .deps/sub_fr.Plo
/bin/bash ../libtool --tag=CC   --mode=compile gcc -std=gnu99 -DHAVE_CONFIG_H -I. -I../../mpc-1.0.2/src -I..   -I/cross-tools/include -I/cross-tools/include   -O2 -pedantic -fomit-frame-pointer -m64 -mtune=core2 -march=core2 -MT sub_ui.lo -MD -MP -MF .deps/sub_ui.Tpo -c -o sub_ui.lo ../../mpc-1.0.2/src/sub_ui.c
libtool: compile:  gcc -std=gnu99 -DHAVE_CONFIG_H -I. -I../../mpc-1.0.2/src -I.. -I/cross-tools/include -I/cross-tools/include -O2 -pedantic -fomit-frame-pointer -m64 -mtune=core2 -march=core2 -MT sub_ui.lo -MD -MP -MF .deps/sub_ui.Tpo -c ../../mpc-1.0.2/src/sub_ui.c  -fPIC -DPIC -o .libs/sub_ui.o
mv -f .deps/sub_ui.Tpo .deps/sub_ui.Plo
/bin/bash ../libtool --tag=CC   --mode=compile gcc -std=gnu99 -DHAVE_CONFIG_H -I. -I../../mpc-1.0.2/src -I..   -I/cross-tools/include -I/cross-tools/include   -O2 -pedantic -fomit-frame-pointer -m64 -mtune=core2 -march=core2 -MT swap.lo -MD -MP -MF .deps/swap.Tpo -c -o swap.lo ../../mpc-1.0.2/src/swap.c
libtool: compile:  gcc -std=gnu99 -DHAVE_CONFIG_H -I. -I../../mpc-1.0.2/src -I.. -I/cross-tools/include -I/cross-tools/include -O2 -pedantic -fomit-frame-pointer -m64 -mtune=core2 -march=core2 -MT swap.lo -MD -MP -MF .deps/swap.Tpo -c ../../mpc-1.0.2/src/swap.c  -fPIC -DPIC -o .libs/swap.o
mv -f .deps/swap.Tpo .deps/swap.Plo
/bin/bash ../libtool --tag=CC   --mode=compile gcc -std=gnu99 -DHAVE_CONFIG_H -I. -I../../mpc-1.0.2/src -I..   -I/cross-tools/include -I/cross-tools/include   -O2 -pedantic -fomit-frame-pointer -m64 -mtune=core2 -march=core2 -MT tan.lo -MD -MP -MF .deps/tan.Tpo -c -o tan.lo ../../mpc-1.0.2/src/tan.c
libtool: compile:  gcc -std=gnu99 -DHAVE_CONFIG_H -I. -I../../mpc-1.0.2/src -I.. -I/cross-tools/include -I/cross-tools/include -O2 -pedantic -fomit-frame-pointer -m64 -mtune=core2 -march=core2 -MT tan.lo -MD -MP -MF .deps/tan.Tpo -c ../../mpc-1.0.2/src/tan.c  -fPIC -DPIC -o .libs/tan.o
mv -f .deps/tan.Tpo .deps/tan.Plo
/bin/bash ../libtool --tag=CC   --mode=compile gcc -std=gnu99 -DHAVE_CONFIG_H -I. -I../../mpc-1.0.2/src -I..   -I/cross-tools/include -I/cross-tools/include   -O2 -pedantic -fomit-frame-pointer -m64 -mtune=core2 -march=core2 -MT tanh.lo -MD -MP -MF .deps/tanh.Tpo -c -o tanh.lo ../../mpc-1.0.2/src/tanh.c
libtool: compile:  gcc -std=gnu99 -DHAVE_CONFIG_H -I. -I../../mpc-1.0.2/src -I.. -I/cross-tools/include -I/cross-tools/include -O2 -pedantic -fomit-frame-pointer -m64 -mtune=core2 -march=core2 -MT tanh.lo -MD -MP -MF .deps/tanh.Tpo -c ../../mpc-1.0.2/src/tanh.c  -fPIC -DPIC -o .libs/tanh.o
mv -f .deps/tanh.Tpo .deps/tanh.Plo
/bin/bash ../libtool --tag=CC   --mode=compile gcc -std=gnu99 -DHAVE_CONFIG_H -I. -I../../mpc-1.0.2/src -I..   -I/cross-tools/include -I/cross-tools/include   -O2 -pedantic -fomit-frame-pointer -m64 -mtune=core2 -march=core2 -MT uceil_log2.lo -MD -MP -MF .deps/uceil_log2.Tpo -c -o uceil_log2.lo ../../mpc-1.0.2/src/uceil_log2.c
libtool: compile:  gcc -std=gnu99 -DHAVE_CONFIG_H -I. -I../../mpc-1.0.2/src -I.. -I/cross-tools/include -I/cross-tools/include -O2 -pedantic -fomit-frame-pointer -m64 -mtune=core2 -march=core2 -MT uceil_log2.lo -MD -MP -MF .deps/uceil_log2.Tpo -c ../../mpc-1.0.2/src/uceil_log2.c  -fPIC -DPIC -o .libs/uceil_log2.o
mv -f .deps/uceil_log2.Tpo .deps/uceil_log2.Plo
/bin/bash ../libtool --tag=CC   --mode=compile gcc -std=gnu99 -DHAVE_CONFIG_H -I. -I../../mpc-1.0.2/src -I..   -I/cross-tools/include -I/cross-tools/include   -O2 -pedantic -fomit-frame-pointer -m64 -mtune=core2 -march=core2 -MT ui_div.lo -MD -MP -MF .deps/ui_div.Tpo -c -o ui_div.lo ../../mpc-1.0.2/src/ui_div.c
libtool: compile:  gcc -std=gnu99 -DHAVE_CONFIG_H -I. -I../../mpc-1.0.2/src -I.. -I/cross-tools/include -I/cross-tools/include -O2 -pedantic -fomit-frame-pointer -m64 -mtune=core2 -march=core2 -MT ui_div.lo -MD -MP -MF .deps/ui_div.Tpo -c ../../mpc-1.0.2/src/ui_div.c  -fPIC -DPIC -o .libs/ui_div.o
mv -f .deps/ui_div.Tpo .deps/ui_div.Plo
/bin/bash ../libtool --tag=CC   --mode=compile gcc -std=gnu99 -DHAVE_CONFIG_H -I. -I../../mpc-1.0.2/src -I..   -I/cross-tools/include -I/cross-tools/include   -O2 -pedantic -fomit-frame-pointer -m64 -mtune=core2 -march=core2 -MT ui_ui_sub.lo -MD -MP -MF .deps/ui_ui_sub.Tpo -c -o ui_ui_sub.lo ../../mpc-1.0.2/src/ui_ui_sub.c
libtool: compile:  gcc -std=gnu99 -DHAVE_CONFIG_H -I. -I../../mpc-1.0.2/src -I.. -I/cross-tools/include -I/cross-tools/include -O2 -pedantic -fomit-frame-pointer -m64 -mtune=core2 -march=core2 -MT ui_ui_sub.lo -MD -MP -MF .deps/ui_ui_sub.Tpo -c ../../mpc-1.0.2/src/ui_ui_sub.c  -fPIC -DPIC -o .libs/ui_ui_sub.o
mv -f .deps/ui_ui_sub.Tpo .deps/ui_ui_sub.Plo
/bin/bash ../libtool --tag=CC   --mode=link gcc -std=gnu99  -O2 -pedantic -fomit-frame-pointer -m64 -mtune=core2 -march=core2  -version-info 3:0:0 -L/cross-tools/lib -L/cross-tools/lib -Wl,-rpath,/cross-tools/lib -o libmpc.la -rpath /cross-tools/lib abs.lo acos.lo acosh.lo add.lo add_fr.lo add_si.lo add_ui.lo arg.lo asin.lo asinh.lo atan.lo atanh.lo clear.lo cmp.lo cmp_si_si.lo conj.lo cos.lo cosh.lo div_2si.lo div_2ui.lo div.lo div_fr.lo div_ui.lo exp.lo fma.lo fr_div.lo fr_sub.lo get_prec2.lo get_prec.lo get_version.lo get_x.lo imag.lo init2.lo init3.lo inp_str.lo log.lo log10.lo mem.lo mul_2si.lo mul_2ui.lo mul.lo mul_fr.lo mul_i.lo mul_si.lo mul_ui.lo neg.lo norm.lo out_str.lo pow.lo pow_fr.lo pow_ld.lo pow_d.lo pow_si.lo pow_ui.lo pow_z.lo proj.lo real.lo urandom.lo set.lo set_prec.lo set_str.lo set_x.lo set_x_x.lo sin.lo sin_cos.lo sinh.lo sqr.lo sqrt.lo strtoc.lo sub.lo sub_fr.lo sub_ui.lo swap.lo tan.lo tanh.lo uceil_log2.lo ui_div.lo ui_ui_sub.lo  -lmpfr -lgmp -lm 
libtool: link: gcc -std=gnu99 -shared  -fPIC -DPIC  .libs/abs.o .libs/acos.o .libs/acosh.o .libs/add.o .libs/add_fr.o .libs/add_si.o .libs/add_ui.o .libs/arg.o .libs/asin.o .libs/asinh.o .libs/atan.o .libs/atanh.o .libs/clear.o .libs/cmp.o .libs/cmp_si_si.o .libs/conj.o .libs/cos.o .libs/cosh.o .libs/div_2si.o .libs/div_2ui.o .libs/div.o .libs/div_fr.o .libs/div_ui.o .libs/exp.o .libs/fma.o .libs/fr_div.o .libs/fr_sub.o .libs/get_prec2.o .libs/get_prec.o .libs/get_version.o .libs/get_x.o .libs/imag.o .libs/init2.o .libs/init3.o .libs/inp_str.o .libs/log.o .libs/log10.o .libs/mem.o .libs/mul_2si.o .libs/mul_2ui.o .libs/mul.o .libs/mul_fr.o .libs/mul_i.o .libs/mul_si.o .libs/mul_ui.o .libs/neg.o .libs/norm.o .libs/out_str.o .libs/pow.o .libs/pow_fr.o .libs/pow_ld.o .libs/pow_d.o .libs/pow_si.o .libs/pow_ui.o .libs/pow_z.o .libs/proj.o .libs/real.o .libs/urandom.o .libs/set.o .libs/set_prec.o .libs/set_str.o .libs/set_x.o .libs/set_x_x.o .libs/sin.o .libs/sin_cos.o .libs/sinh.o .libs/sqr.o .libs/sqrt.o .libs/strtoc.o .libs/sub.o .libs/sub_fr.o .libs/sub_ui.o .libs/swap.o .libs/tan.o .libs/tanh.o .libs/uceil_log2.o .libs/ui_div.o .libs/ui_ui_sub.o   -Wl,-rpath -Wl,/cross-tools/lib -Wl,-rpath -Wl,/cross-tools/lib -L/cross-tools/lib /cross-tools/lib/libmpfr.so /cross-tools/lib/libgmp.so -lm  -O2 -m64 -mtune=core2 -march=core2 -Wl,-rpath -Wl,/cross-tools/lib   -Wl,-soname -Wl,libmpc.so.3 -o .libs/libmpc.so.3.0.0
libtool: link: (cd ".libs" && rm -f "libmpc.so.3" && ln -s "libmpc.so.3.0.0" "libmpc.so.3")
libtool: link: (cd ".libs" && rm -f "libmpc.so" && ln -s "libmpc.so.3.0.0" "libmpc.so")
libtool: link: ( cd ".libs" && rm -f "libmpc.la" && ln -s "../libmpc.la" "libmpc.la" )
make[2]: Leaving directory '/home/bert/build_qemu_images/clfs_cross_tools/system/mips64-64/sources/step_11_mpc-1.0.2-build/src'
Making all in tests
make[2]: Entering directory '/home/bert/build_qemu_images/clfs_cross_tools/system/mips64-64/sources/step_11_mpc-1.0.2-build/tests'
make[2]: Nothing to be done for 'all'.
make[2]: Leaving directory '/home/bert/build_qemu_images/clfs_cross_tools/system/mips64-64/sources/step_11_mpc-1.0.2-build/tests'
Making all in doc
make[2]: Entering directory '/home/bert/build_qemu_images/clfs_cross_tools/system/mips64-64/sources/step_11_mpc-1.0.2-build/doc'
make[2]: Nothing to be done for 'all'.
make[2]: Leaving directory '/home/bert/build_qemu_images/clfs_cross_tools/system/mips64-64/sources/step_11_mpc-1.0.2-build/doc'
make[2]: Entering directory '/home/bert/build_qemu_images/clfs_cross_tools/system/mips64-64/sources/step_11_mpc-1.0.2-build'
make[2]: Leaving directory '/home/bert/build_qemu_images/clfs_cross_tools/system/mips64-64/sources/step_11_mpc-1.0.2-build'
make[1]: Leaving directory '/home/bert/build_qemu_images/clfs_cross_tools/system/mips64-64/sources/step_11_mpc-1.0.2-build'
