checking for a BSD-compatible install... /usr/bin/install -c
checking whether build environment is sane... yes
checking for a thread-safe mkdir -p... /bin/mkdir -p
checking for gawk... gawk
checking whether make sets $(MAKE)... yes
checking whether to enable maintainer-specific portions of Makefiles... yes
checking build system type... x86_64-unknown-linux-gnu
checking host system type... x86_64-unknown-linux-gnu
checking for grep that handles long lines and -e... /bin/grep
checking for egrep... /bin/grep -E
checking for a sed that does not truncate output... /bin/sed
checking for CC and CFLAGS in gmp.h... yes CC=gcc -std=gnu99 CFLAGS=-O2 -pedantic -fomit-frame-pointer -m64 -mtune=core2 -march=core2
checking for CC=gcc -std=gnu99 and CFLAGS=-O2 -pedantic -fomit-frame-pointer -m64 -mtune=core2 -march=core2... yes
checking for gcc... gcc -std=gnu99
checking whether the C compiler works... yes
checking for C compiler default output file name... a.out
checking for suffix of executables... 
checking whether we are cross compiling... no
checking for suffix of object files... o
checking whether we are using the GNU C compiler... yes
checking whether gcc -std=gnu99 accepts -g... yes
checking for gcc -std=gnu99 option to accept ISO C89... none needed
checking for style of include used by make... GNU
checking dependency style of gcc -std=gnu99... gcc3
checking how to run the C preprocessor... gcc -std=gnu99 -E
checking for ICC... no
checking whether gcc -std=gnu99 and cc understand -c and -o together... yes
checking for an ANSI C-conforming const... yes
checking for working volatile... yes
checking for main in -lm... yes
checking whether time.h and sys/time.h may both be included... yes
checking for ANSI C header files... yes
checking for sys/types.h... yes
checking for sys/stat.h... yes
checking for stdlib.h... yes
checking for string.h... yes
checking for memory.h... yes
checking for strings.h... yes
checking for inttypes.h... yes
checking for stdint.h... yes
checking for unistd.h... yes
checking for size_t... yes
checking limits.h usability... yes
checking limits.h presence... yes
checking for limits.h... yes
checking float.h usability... yes
checking float.h presence... yes
checking for float.h... yes
checking for string.h... (cached) yes
checking locale.h usability... yes
checking locale.h presence... yes
checking for locale.h... yes
checking wchar.h usability... yes
checking wchar.h presence... yes
checking for wchar.h... yes
checking stdarg.h usability... yes
checking stdarg.h presence... yes
checking for stdarg.h... yes
checking sys/time.h usability... yes
checking sys/time.h presence... yes
checking for sys/time.h... yes
checking sys/fpu.h usability... no
checking sys/fpu.h presence... no
checking for sys/fpu.h... no
checking for working alloca.h... yes
checking for alloca... yes
checking for stdint.h... (cached) yes
checking for SIZE_MAX... yes
checking how to copy va_list... va_copy
checking for memmove... yes
checking for memset... yes
checking for setlocale... yes
checking for strtol... yes
checking for gettimeofday... yes
checking for long long int... yes
checking for intmax_t... yes
checking for working INTMAX_MAX... yes
checking for union fpc_csr... no
checking for fesetround... yes
checking for gcc float-conversion bug... no
checking for denormalized numbers... yes
checking if the FP division by 0 fails... no
checking if NAN == NAN... no
checking if charset has consecutive values... yes
checking for math/round... yes
checking for math/trunc... yes
checking for math/floor... yes
checking for math/ceil... yes
checking for math/rint... yes
checking for long double... yes
checking format of `long double' floating point... IEEE extended, little endian
checking for TLS support... yes
checking for library containing clock_gettime... none required
checking for gmp.h... yes
checking how to print strings... printf
checking for a sed that does not truncate output... (cached) /bin/sed
checking for fgrep... /bin/grep -F
checking for ld used by gcc -std=gnu99... /usr/bin/ld
checking if the linker (/usr/bin/ld) is GNU ld... yes
checking for BSD- or MS-compatible name lister (nm)... /usr/bin/nm -B
checking the name lister (/usr/bin/nm -B) interface... BSD nm
checking whether ln -s works... yes
checking the maximum length of command line arguments... 1572864
checking whether the shell understands some XSI constructs... yes
checking whether the shell understands "+="... yes
checking how to convert x86_64-unknown-linux-gnu file names to x86_64-unknown-linux-gnu format... func_convert_file_noop
checking how to convert x86_64-unknown-linux-gnu file names to toolchain format... func_convert_file_noop
checking for /usr/bin/ld option to reload object files... -r
checking for objdump... objdump
checking how to recognize dependent libraries... pass_all
checking for dlltool... dlltool
checking how to associate runtime and link libraries... printf %s\n
checking for ar... ar
checking for archiver @FILE support... @
checking for strip... strip
checking for ranlib... ranlib
checking command to parse /usr/bin/nm -B output from gcc -std=gnu99 object... ok
checking for sysroot... no
checking for mt... mt
checking if mt is a manifest tool... no
checking for dlfcn.h... yes
checking for objdir... .libs
checking if gcc -std=gnu99 supports -fno-rtti -fno-exceptions... no
checking for gcc -std=gnu99 option to produce PIC... -fPIC -DPIC
checking if gcc -std=gnu99 PIC flag -fPIC -DPIC works... yes
checking if gcc -std=gnu99 static flag -static works... yes
checking if gcc -std=gnu99 supports -c -o file.o... yes
checking if gcc -std=gnu99 supports -c -o file.o... (cached) yes
checking whether the gcc -std=gnu99 linker (/usr/bin/ld -m elf_x86_64) supports shared libraries... yes
checking whether -lc should be explicitly linked in... no
checking dynamic linker characteristics... GNU/Linux ld.so
checking how to hardcode library paths into programs... immediate
checking whether stripping libraries is possible... yes
checking if libtool supports shared libraries... yes
checking whether to build shared libraries... yes
checking whether to build static libraries... no
checking whether gcc __attribute__ ((mode (XX))) works... yes
checking for recent GMP... yes
checking for GMP_NUMB_BITS and sizeof(mp_limb_t) consistency... yes
checking for __gmpz_init in -lgmp... yes
checking if gmp.h version and libgmp version are the same... (6.0.0/6.0.0) yes
checking if gmp_printf supports "%jd"... yes
checking if gmp_printf supports "%hhd"... yes
checking if gmp_printf supports "%lld"... yes
checking if gmp_printf supports "%Lf"... yes
checking if gmp_printf supports "%td"... yes
checking for __gmpn_rootrem... yes
checking for __gmpn_sbpi1_divappr_q... yes
configure: creating ./config.status
config.status: creating Makefile
config.status: creating doc/Makefile
config.status: creating src/Makefile
config.status: creating tests/Makefile
config.status: creating tune/Makefile
config.status: creating src/mparam.h
config.status: executing depfiles commands
config.status: executing libtool commands
