This file contains any messages produced by compilers while
running configure, to aid debugging if configure makes a mistake.

It was created by configure, which was
generated by GNU Autoconf 2.64.  Invocation command line was

  $ ../binutils-2.24/configure --prefix=/cross-tools --host= --target=alphaev67-unknown-linux-gnu --with-sysroot=/home/bert/build_qemu_images/clfs_cross_tools/system/alpha --with-lib-path=/tools/lib --disable-nls --disable-static --enable-64-bit-bfd --disable-multilib --disable-werror

## --------- ##
## Platform. ##
## --------- ##

hostname = debian
uname -m = x86_64
uname -r = 3.16.0-4-amd64
uname -s = Linux
uname -v = #1 SMP Debian 3.16.7-ckt11-1+deb8u4 (2015-09-19)

/usr/bin/uname -p = unknown
/bin/uname -X     = unknown

/bin/arch              = unknown
/usr/bin/arch -k       = unknown
/usr/convex/getsysinfo = unknown
/usr/bin/hostinfo      = unknown
/bin/machine           = unknown
/usr/bin/oslevel       = unknown
/bin/universe          = unknown

PATH: /cross-tools/bin
PATH: /usr/local/sbin
PATH: /usr/local/bin
PATH: /usr/sbin
PATH: /usr/bin
PATH: /sbin
PATH: /bin


## ----------- ##
## Core tests. ##
## ----------- ##

configure:2317: checking build system type
configure:2331: result: x86_64-unknown-linux-gnu
configure:2378: checking host system type
configure:2391: result: x86_64-unknown-linux-gnu
configure:2411: checking target system type
configure:2424: result: alphaev67-unknown-linux-gnu
configure:2478: checking for a BSD-compatible install
configure:2546: result: /usr/bin/install -c
configure:2557: checking whether ln works
configure:2579: result: yes
configure:2583: checking whether ln -s works
configure:2587: result: yes
configure:2594: checking for a sed that does not truncate output
configure:2658: result: /bin/sed
configure:2667: checking for gawk
configure:2683: found /usr/bin/gawk
configure:2694: result: gawk
configure:3962: checking for gcc
configure:3978: found /usr/bin/gcc
configure:3989: result: gcc
configure:4218: checking for C compiler version
configure:4227: gcc --version >&5
gcc (Debian 4.9.2-10) 4.9.2
Copyright (C) 2014 Free Software Foundation, Inc.
This is free software; see the source for copying conditions.  There is NO
warranty; not even for MERCHANTABILITY or FITNESS FOR A PARTICULAR PURPOSE.

configure:4238: $? = 0
configure:4227: gcc -v >&5
Using built-in specs.
COLLECT_GCC=gcc
COLLECT_LTO_WRAPPER=/usr/lib/gcc/x86_64-linux-gnu/4.9/lto-wrapper
Target: x86_64-linux-gnu
Configured with: ../src/configure -v --with-pkgversion='Debian 4.9.2-10' --with-bugurl=file:///usr/share/doc/gcc-4.9/README.Bugs --enable-languages=c,c++,java,go,d,fortran,objc,obj-c++ --prefix=/usr --program-suffix=-4.9 --enable-shared --enable-linker-build-id --libexecdir=/usr/lib --without-included-gettext --enable-threads=posix --with-gxx-include-dir=/usr/include/c++/4.9 --libdir=/usr/lib --enable-nls --with-sysroot=/ --enable-clocale=gnu --enable-libstdcxx-debug --enable-libstdcxx-time=yes --enable-gnu-unique-object --disable-vtable-verify --enable-plugin --with-system-zlib --disable-browser-plugin --enable-java-awt=gtk --enable-gtk-cairo --with-java-home=/usr/lib/jvm/java-1.5.0-gcj-4.9-amd64/jre --enable-java-home --with-jvm-root-dir=/usr/lib/jvm/java-1.5.0-gcj-4.9-amd64 --with-jvm-jar-dir=/usr/lib/jvm-exports/java-1.5.0-gcj-4.9-amd64 --with-arch-directory=amd64 --with-ecj-jar=/usr/share/java/eclipse-ecj.jar --enable-objc-gc --enable-multiarch --with-arch-32=i586 --with-abi=m64 --with-multilib-list=m32,m64,mx32 --enable-multilib --with-tune=generic --enable-checking=release --build=x86_64-linux-gnu --host=x86_64-linux-gnu --target=x86_64-linux-gnu
Thread model: posix
gcc version 4.9.2 (Debian 4.9.2-10) 
configure:4238: $? = 0
configure:4227: gcc -V >&5
gcc: error: unrecognized command line option '-V'
gcc: fatal error: no input files
compilation terminated.
configure:4238: $? = 4
configure:4227: gcc -qversion >&5
gcc: error: unrecognized command line option '-qversion'
gcc: fatal error: no input files
compilation terminated.
configure:4238: $? = 4
configure:4258: checking for C compiler default output file name
configure:4280: gcc    conftest.c  >&5
configure:4284: $? = 0
configure:4321: result: a.out
configure:4337: checking whether the C compiler works
configure:4346: ./a.out
configure:4350: $? = 0
configure:4365: result: yes
configure:4372: checking whether we are cross compiling
configure:4374: result: no
configure:4377: checking for suffix of executables
configure:4384: gcc -o conftest    conftest.c  >&5
configure:4388: $? = 0
configure:4410: result: 
configure:4416: checking for suffix of object files
configure:4438: gcc -c   conftest.c >&5
configure:4442: $? = 0
configure:4463: result: o
configure:4467: checking whether we are using the GNU C compiler
configure:4486: gcc -c   conftest.c >&5
configure:4486: $? = 0
configure:4495: result: yes
configure:4504: checking whether gcc accepts -g
configure:4524: gcc -c -g  conftest.c >&5
configure:4524: $? = 0
configure:4565: result: yes
configure:4582: checking for gcc option to accept ISO C89
configure:4646: gcc  -c -g -O2  conftest.c >&5
configure:4646: $? = 0
configure:4659: result: none needed
configure:4737: checking for g++
configure:4753: found /usr/bin/g++
configure:4764: result: g++
configure:4791: checking for C++ compiler version
configure:4800: g++ --version >&5
g++ (Debian 4.9.2-10) 4.9.2
Copyright (C) 2014 Free Software Foundation, Inc.
This is free software; see the source for copying conditions.  There is NO
warranty; not even for MERCHANTABILITY or FITNESS FOR A PARTICULAR PURPOSE.

configure:4811: $? = 0
configure:4800: g++ -v >&5
Using built-in specs.
COLLECT_GCC=g++
COLLECT_LTO_WRAPPER=/usr/lib/gcc/x86_64-linux-gnu/4.9/lto-wrapper
Target: x86_64-linux-gnu
Configured with: ../src/configure -v --with-pkgversion='Debian 4.9.2-10' --with-bugurl=file:///usr/share/doc/gcc-4.9/README.Bugs --enable-languages=c,c++,java,go,d,fortran,objc,obj-c++ --prefix=/usr --program-suffix=-4.9 --enable-shared --enable-linker-build-id --libexecdir=/usr/lib --without-included-gettext --enable-threads=posix --with-gxx-include-dir=/usr/include/c++/4.9 --libdir=/usr/lib --enable-nls --with-sysroot=/ --enable-clocale=gnu --enable-libstdcxx-debug --enable-libstdcxx-time=yes --enable-gnu-unique-object --disable-vtable-verify --enable-plugin --with-system-zlib --disable-browser-plugin --enable-java-awt=gtk --enable-gtk-cairo --with-java-home=/usr/lib/jvm/java-1.5.0-gcj-4.9-amd64/jre --enable-java-home --with-jvm-root-dir=/usr/lib/jvm/java-1.5.0-gcj-4.9-amd64 --with-jvm-jar-dir=/usr/lib/jvm-exports/java-1.5.0-gcj-4.9-amd64 --with-arch-directory=amd64 --with-ecj-jar=/usr/share/java/eclipse-ecj.jar --enable-objc-gc --enable-multiarch --with-arch-32=i586 --with-abi=m64 --with-multilib-list=m32,m64,mx32 --enable-multilib --with-tune=generic --enable-checking=release --build=x86_64-linux-gnu --host=x86_64-linux-gnu --target=x86_64-linux-gnu
Thread model: posix
gcc version 4.9.2 (Debian 4.9.2-10) 
configure:4811: $? = 0
configure:4800: g++ -V >&5
g++: error: unrecognized command line option '-V'
g++: fatal error: no input files
compilation terminated.
configure:4811: $? = 4
configure:4800: g++ -qversion >&5
g++: error: unrecognized command line option '-qversion'
g++: fatal error: no input files
compilation terminated.
configure:4811: $? = 4
configure:4815: checking whether we are using the GNU C++ compiler
configure:4834: g++ -c   conftest.cpp >&5
configure:4834: $? = 0
configure:4843: result: yes
configure:4852: checking whether g++ accepts -g
configure:4872: g++ -c -g  conftest.cpp >&5
configure:4872: $? = 0
configure:4913: result: yes
configure:4962: checking whether g++ accepts -static-libstdc++ -static-libgcc
configure:4979: g++ -o conftest -g -O2   -static-libstdc++ -static-libgcc conftest.cpp  >&5
configure:4979: $? = 0
configure:4980: result: yes
configure:5044: checking for gnatbind
configure:5074: result: no
configure:5136: checking for gnatmake
configure:5166: result: no
configure:5185: checking whether compiler driver understands Ada
configure:5208: result: no
configure:5217: checking how to compare bootstrapped objects
configure:5242: result: cmp --ignore-initial=16 $$f1 $$f2
configure:5296: checking for objdir
configure:5311: result: .libs
configure:5883: checking for version 0.10 of ISL
configure:5902: gcc -o conftest -g -O2      conftest.c  -lisl >&5
conftest.c:10:25: fatal error: isl/version.h: No such file or directory
 #include <isl/version.h>
                         ^
compilation terminated.
configure:5902: $? = 1
configure: program exited with status 1
configure: failed program was:
| /* confdefs.h */
| #define PACKAGE_NAME ""
| #define PACKAGE_TARNAME ""
| #define PACKAGE_VERSION ""
| #define PACKAGE_STRING ""
| #define PACKAGE_BUGREPORT ""
| #define PACKAGE_URL ""
| #define LT_OBJDIR ".libs/"
| /* end confdefs.h.  */
| #include <isl/version.h>
|    #include <string.h>
| int
| main ()
| {
| if (strncmp (isl_version (), "isl-0.10", strlen ("isl-0.10")) != 0)
|      return 1;
| 
|   ;
|   return 0;
| }
configure:5911: result: no
configure:5931: checking for version 0.11 of ISL
configure:5950: gcc -o conftest -g -O2      conftest.c  -lisl >&5
conftest.c:10:25: fatal error: isl/version.h: No such file or directory
 #include <isl/version.h>
                         ^
compilation terminated.
configure:5950: $? = 1
configure: program exited with status 1
configure: failed program was:
| /* confdefs.h */
| #define PACKAGE_NAME ""
| #define PACKAGE_TARNAME ""
| #define PACKAGE_VERSION ""
| #define PACKAGE_STRING ""
| #define PACKAGE_BUGREPORT ""
| #define PACKAGE_URL ""
| #define LT_OBJDIR ".libs/"
| /* end confdefs.h.  */
| #include <isl/version.h>
|    #include <string.h>
| int
| main ()
| {
| if (strncmp (isl_version (), "isl-0.11", strlen ("isl-0.11")) != 0)
|      return 1;
| 
|   ;
|   return 0;
| }
configure:5959: result: no
configure:7121: checking for default BUILD_CONFIG
configure:7153: result: 
configure:7642: checking for bison
configure:7658: found /usr/bin/bison
configure:7669: result: bison -y
configure:7689: checking for bison
configure:7705: found /usr/bin/bison
configure:7716: result: bison
configure:7736: checking for gm4
configure:7766: result: no
configure:7736: checking for gnum4
configure:7766: result: no
configure:7736: checking for m4
configure:7752: found /cross-tools/bin/m4
configure:7763: result: m4
configure:7783: checking for flex
configure:7799: found /usr/bin/flex
configure:7810: result: flex
configure:7831: checking for flex
configure:7847: found /usr/bin/flex
configure:7858: result: flex
configure:7878: checking for makeinfo
configure:7894: found /usr/bin/makeinfo
configure:7905: result: makeinfo
configure:7939: checking for expect
configure:7969: result: no
configure:7988: checking for runtest
configure:8018: result: no
configure:8052: checking for ar
configure:8079: result: ar
configure:8193: checking for as
configure:8220: result: as
configure:8415: checking for dlltool
configure:8445: result: no
configure:8556: checking for ld
configure:8572: found /usr/bin/ld
configure:8583: result: ld
configure:8697: checking for lipo
configure:8727: result: no
configure:8838: checking for nm
configure:8854: found /usr/bin/nm
configure:8865: result: nm
configure:8979: checking for ranlib
configure:8995: found /usr/bin/ranlib
configure:9006: result: ranlib
configure:9115: checking for strip
configure:9131: found /usr/bin/strip
configure:9142: result: strip
configure:9251: checking for windres
configure:9281: result: no
configure:9392: checking for windmc
configure:9422: result: no
configure:9533: checking for objcopy
configure:9549: found /usr/bin/objcopy
configure:9560: result: objcopy
configure:9674: checking for objdump
configure:9690: found /usr/bin/objdump
configure:9701: result: objdump
configure:9815: checking for readelf
configure:9831: found /usr/bin/readelf
configure:9842: result: readelf
configure:9956: checking for alphaev67-unknown-linux-gnu-cc
configure:9986: result: no
configure:9956: checking for alphaev67-unknown-linux-gnu-gcc
configure:9986: result: no
configure:10117: checking for alphaev67-unknown-linux-gnu-c++
configure:10147: result: no
configure:10117: checking for alphaev67-unknown-linux-gnu-g++
configure:10147: result: no
configure:10117: checking for alphaev67-unknown-linux-gnu-cxx
configure:10147: result: no
configure:10117: checking for alphaev67-unknown-linux-gnu-gxx
configure:10147: result: no
configure:10278: checking for alphaev67-unknown-linux-gnu-gcc
configure:10308: result: no
configure:10434: checking for alphaev67-unknown-linux-gnu-gcj
configure:10464: result: no
configure:10595: checking for alphaev67-unknown-linux-gnu-gfortran
configure:10625: result: no
configure:10756: checking for alphaev67-unknown-linux-gnu-gccgo
configure:10786: result: no
configure:10997: checking for alphaev67-unknown-linux-gnu-ar
configure:11027: result: no
configure:11227: checking for alphaev67-unknown-linux-gnu-as
configure:11257: result: no
configure:11457: checking for alphaev67-unknown-linux-gnu-dlltool
configure:11487: result: no
configure:11687: checking for alphaev67-unknown-linux-gnu-ld
configure:11717: result: no
configure:11917: checking for alphaev67-unknown-linux-gnu-lipo
configure:11947: result: no
configure:12147: checking for alphaev67-unknown-linux-gnu-nm
configure:12177: result: no
configure:12377: checking for alphaev67-unknown-linux-gnu-objdump
configure:12407: result: no
configure:12607: checking for alphaev67-unknown-linux-gnu-ranlib
configure:12637: result: no
configure:12837: checking for alphaev67-unknown-linux-gnu-readelf
configure:12867: result: no
configure:13067: checking for alphaev67-unknown-linux-gnu-strip
configure:13097: result: no
configure:13297: checking for alphaev67-unknown-linux-gnu-windres
configure:13327: result: no
configure:13527: checking for alphaev67-unknown-linux-gnu-windmc
configure:13557: result: no
configure:13624: checking where to find the target ar
configure:13647: result: just compiled
configure:13666: checking where to find the target as
configure:13689: result: just compiled
configure:13708: checking where to find the target cc
configure:13745: result: pre-installed
configure:13750: checking where to find the target c++
configure:13790: result: pre-installed
configure:13795: checking where to find the target c++ for libstdc++
configure:13835: result: pre-installed
configure:13840: checking where to find the target dlltool
configure:13863: result: just compiled
configure:13882: checking where to find the target gcc
configure:13919: result: pre-installed
configure:13924: checking where to find the target gcj
configure:13964: result: pre-installed
configure:13969: checking where to find the target gfortran
configure:14009: result: pre-installed
configure:14014: checking where to find the target gccgo
configure:14054: result: pre-installed
configure:14059: checking where to find the target ld
configure:14082: result: just compiled
configure:14101: checking where to find the target lipo
configure:14127: result: pre-installed
configure:14132: checking where to find the target nm
configure:14155: result: just compiled
configure:14174: checking where to find the target objdump
configure:14197: result: just compiled
configure:14216: checking where to find the target ranlib
configure:14239: result: just compiled
configure:14258: checking where to find the target readelf
configure:14281: result: just compiled
configure:14300: checking where to find the target strip
configure:14323: result: just compiled
configure:14342: checking where to find the target windres
configure:14365: result: just compiled
configure:14384: checking where to find the target windmc
configure:14407: result: just compiled
configure:14454: checking whether to enable maintainer-specific portions of Makefiles
configure:14463: result: no
configure:14674: creating ./config.status

## ---------------------- ##
## Running config.status. ##
## ---------------------- ##

This file was extended by config.status, which was
generated by GNU Autoconf 2.64.  Invocation command line was

  CONFIG_FILES    = 
  CONFIG_HEADERS  = 
  CONFIG_LINKS    = 
  CONFIG_COMMANDS = 
  $ ./config.status 

on debian

config.status:940: creating Makefile

## ---------------- ##
## Cache variables. ##
## ---------------- ##

ac_cv_build=x86_64-unknown-linux-gnu
ac_cv_c_compiler_gnu=yes
ac_cv_cxx_compiler_gnu=yes
ac_cv_env_AR_FOR_TARGET_set=
ac_cv_env_AR_FOR_TARGET_value=
ac_cv_env_AR_set=set
ac_cv_env_AR_value=ar
ac_cv_env_AS_FOR_TARGET_set=
ac_cv_env_AS_FOR_TARGET_value=
ac_cv_env_AS_set=set
ac_cv_env_AS_value=as
ac_cv_env_CCC_set=
ac_cv_env_CCC_value=
ac_cv_env_CC_FOR_TARGET_set=
ac_cv_env_CC_FOR_TARGET_value=
ac_cv_env_CC_set=
ac_cv_env_CC_value=
ac_cv_env_CFLAGS_set=
ac_cv_env_CFLAGS_value=
ac_cv_env_CPPFLAGS_set=
ac_cv_env_CPPFLAGS_value=
ac_cv_env_CXXFLAGS_set=
ac_cv_env_CXXFLAGS_value=
ac_cv_env_CXX_FOR_TARGET_set=
ac_cv_env_CXX_FOR_TARGET_value=
ac_cv_env_CXX_set=
ac_cv_env_CXX_value=
ac_cv_env_DLLTOOL_FOR_TARGET_set=
ac_cv_env_DLLTOOL_FOR_TARGET_value=
ac_cv_env_DLLTOOL_set=
ac_cv_env_DLLTOOL_value=
ac_cv_env_GCC_FOR_TARGET_set=
ac_cv_env_GCC_FOR_TARGET_value=
ac_cv_env_GCJ_FOR_TARGET_set=
ac_cv_env_GCJ_FOR_TARGET_value=
ac_cv_env_GFORTRAN_FOR_TARGET_set=
ac_cv_env_GFORTRAN_FOR_TARGET_value=
ac_cv_env_GOC_FOR_TARGET_set=
ac_cv_env_GOC_FOR_TARGET_value=
ac_cv_env_LDFLAGS_set=
ac_cv_env_LDFLAGS_value=
ac_cv_env_LD_FOR_TARGET_set=
ac_cv_env_LD_FOR_TARGET_value=
ac_cv_env_LD_set=
ac_cv_env_LD_value=
ac_cv_env_LIBS_set=
ac_cv_env_LIBS_value=
ac_cv_env_LIPO_FOR_TARGET_set=
ac_cv_env_LIPO_FOR_TARGET_value=
ac_cv_env_LIPO_set=
ac_cv_env_LIPO_value=
ac_cv_env_NM_FOR_TARGET_set=
ac_cv_env_NM_FOR_TARGET_value=
ac_cv_env_NM_set=
ac_cv_env_NM_value=
ac_cv_env_OBJCOPY_set=
ac_cv_env_OBJCOPY_value=
ac_cv_env_OBJDUMP_FOR_TARGET_set=
ac_cv_env_OBJDUMP_FOR_TARGET_value=
ac_cv_env_OBJDUMP_set=
ac_cv_env_OBJDUMP_value=
ac_cv_env_RANLIB_FOR_TARGET_set=
ac_cv_env_RANLIB_FOR_TARGET_value=
ac_cv_env_RANLIB_set=
ac_cv_env_RANLIB_value=
ac_cv_env_READELF_FOR_TARGET_set=
ac_cv_env_READELF_FOR_TARGET_value=
ac_cv_env_READELF_set=
ac_cv_env_READELF_value=
ac_cv_env_STRIP_FOR_TARGET_set=
ac_cv_env_STRIP_FOR_TARGET_value=
ac_cv_env_STRIP_set=
ac_cv_env_STRIP_value=
ac_cv_env_WINDMC_FOR_TARGET_set=
ac_cv_env_WINDMC_FOR_TARGET_value=
ac_cv_env_WINDMC_set=
ac_cv_env_WINDMC_value=
ac_cv_env_WINDRES_FOR_TARGET_set=
ac_cv_env_WINDRES_FOR_TARGET_value=
ac_cv_env_WINDRES_set=
ac_cv_env_WINDRES_value=
ac_cv_env_build_alias_set=
ac_cv_env_build_alias_value=
ac_cv_env_build_configargs_set=
ac_cv_env_build_configargs_value=
ac_cv_env_host_alias_set=set
ac_cv_env_host_alias_value=
ac_cv_env_host_configargs_set=
ac_cv_env_host_configargs_value=
ac_cv_env_target_alias_set=set
ac_cv_env_target_alias_value=alphaev67-unknown-linux-gnu
ac_cv_env_target_configargs_set=
ac_cv_env_target_configargs_value=
ac_cv_host=x86_64-unknown-linux-gnu
ac_cv_objext=o
ac_cv_path_SED=/bin/sed
ac_cv_path_install='/usr/bin/install -c'
ac_cv_prog_AR=ar
ac_cv_prog_AS=as
ac_cv_prog_AWK=gawk
ac_cv_prog_BISON=bison
ac_cv_prog_FLEX=flex
ac_cv_prog_LD=ld
ac_cv_prog_LEX=flex
ac_cv_prog_M4=m4
ac_cv_prog_MAKEINFO=makeinfo
ac_cv_prog_NM=nm
ac_cv_prog_OBJCOPY=objcopy
ac_cv_prog_OBJDUMP=objdump
ac_cv_prog_RANLIB=ranlib
ac_cv_prog_READELF=readelf
ac_cv_prog_STRIP=strip
ac_cv_prog_YACC='bison -y'
ac_cv_prog_ac_ct_CC=gcc
ac_cv_prog_ac_ct_CXX=g++
ac_cv_prog_cc_c89=
ac_cv_prog_cc_g=yes
ac_cv_prog_cxx_g=yes
ac_cv_target=alphaev67-unknown-linux-gnu
acx_cv_cc_gcc_supports_ada=no
acx_cv_prog_LN=ln
gcc_cv_isl=no
gcc_cv_prog_cmp_skip='cmp --ignore-initial=16 $$f1 $$f2'
gcc_cv_tool_dirs=
gcc_cv_tool_prefix=/cross-tools
lt_cv_objdir=.libs

## ----------------- ##
## Output variables. ##
## ----------------- ##

AR='ar'
AR_FOR_BUILD='$(AR)'
AR_FOR_TARGET='$$r/$(HOST_SUBDIR)/binutils/ar'
AS='as'
AS_FOR_BUILD='$(AS)'
AS_FOR_TARGET='$$r/$(HOST_SUBDIR)/gas/as-new'
AWK='gawk'
BISON='bison'
BUILD_CONFIG=''
CC='gcc'
CC_FOR_BUILD='$(CC)'
CC_FOR_TARGET='alphaev67-unknown-linux-gnu-cc'
CFLAGS='-g -O2'
CFLAGS_FOR_BUILD='-g -O2'
CFLAGS_FOR_TARGET='-g -O2'
COMPILER_AS_FOR_TARGET='$(AS_FOR_TARGET)'
COMPILER_LD_FOR_TARGET='$(LD_FOR_TARGET)'
COMPILER_NM_FOR_TARGET='$(NM_FOR_TARGET)'
CONFIGURE_GDB_TK=''
CPPFLAGS=''
CXX='g++'
CXXFLAGS='-g -O2'
CXXFLAGS_FOR_BUILD='-g -O2'
CXXFLAGS_FOR_TARGET='-g -O2'
CXX_FOR_BUILD='$(CXX)'
CXX_FOR_TARGET='alphaev67-unknown-linux-gnu-c++'
DEBUG_PREFIX_CFLAGS_FOR_TARGET=''
DEFS='-DPACKAGE_NAME=\"\" -DPACKAGE_TARNAME=\"\" -DPACKAGE_VERSION=\"\" -DPACKAGE_STRING=\"\" -DPACKAGE_BUGREPORT=\"\" -DPACKAGE_URL=\"\" -DLT_OBJDIR=\".libs/\"'
DLLTOOL='dlltool'
DLLTOOL_FOR_BUILD='$(DLLTOOL)'
DLLTOOL_FOR_TARGET='$$r/$(HOST_SUBDIR)/binutils/dlltool'
ECHO_C=''
ECHO_N='-n'
ECHO_T=''
EXEEXT=''
EXPECT='expect'
EXTRA_CONFIGARGS_LIBJAVA='--disable-static'
FLAGS_FOR_TARGET=' -L$$r/$(HOST_SUBDIR)/ld'
FLEX='flex'
GCC_FOR_TARGET='alphaev67-unknown-linux-gnu-gcc'
GCC_SHLIB_SUBDIR=''
GCJ_FOR_BUILD='$(GCJ)'
GCJ_FOR_TARGET='alphaev67-unknown-linux-gnu-gcj'
GDB_TK=''
GFORTRAN_FOR_BUILD='$(GFORTRAN)'
GFORTRAN_FOR_TARGET='alphaev67-unknown-linux-gnu-gfortran'
GNATBIND='no'
GNATMAKE='no'
GOC_FOR_BUILD='$(GOC)'
GOC_FOR_TARGET='alphaev67-unknown-linux-gnu-gccgo'
INSTALL_DATA='${INSTALL} -m 644'
INSTALL_GDB_TK=''
INSTALL_PROGRAM='${INSTALL}'
INSTALL_SCRIPT='${INSTALL}'
LD='ld'
LDFLAGS=''
LDFLAGS_FOR_BUILD=''
LDFLAGS_FOR_TARGET=''
LD_FOR_BUILD='$(LD)'
LD_FOR_TARGET='$$r/$(HOST_SUBDIR)/ld/ld-new'
LEX='flex'
LIBOBJS=''
LIBS=''
LIPO='lipo'
LIPO_FOR_TARGET='alphaev67-unknown-linux-gnu-lipo'
LN='ln'
LN_S='ln -s'
LTLIBOBJS=''
M4='m4'
MAINT='#'
MAINTAINER_MODE_FALSE=''
MAINTAINER_MODE_TRUE='#'
MAKEINFO='makeinfo'
NM='nm'
NM_FOR_BUILD='$(NM)'
NM_FOR_TARGET='$$r/$(HOST_SUBDIR)/binutils/nm-new'
OBJCOPY='objcopy'
OBJDUMP='objdump'
OBJDUMP_FOR_TARGET='$$r/$(HOST_SUBDIR)/binutils/objdump'
OBJEXT='o'
PACKAGE_BUGREPORT=''
PACKAGE_NAME=''
PACKAGE_STRING=''
PACKAGE_TARNAME=''
PACKAGE_URL=''
PACKAGE_VERSION=''
PATH_SEPARATOR=':'
RANLIB='ranlib'
RANLIB_FOR_BUILD='$(RANLIB)'
RANLIB_FOR_TARGET='$$r/$(HOST_SUBDIR)/binutils/ranlib'
RAW_CXX_FOR_TARGET='alphaev67-unknown-linux-gnu-c++'
READELF='readelf'
READELF_FOR_TARGET='$$r/$(HOST_SUBDIR)/binutils/readelf'
RPATH_ENVVAR='LD_LIBRARY_PATH'
RUNTEST='runtest'
SED='/bin/sed'
SHELL='/bin/bash'
STRIP='strip'
STRIP_FOR_TARGET='$$r/$(HOST_SUBDIR)/binutils/strip-new'
SYSROOT_CFLAGS_FOR_TARGET=''
TOPLEVEL_CONFIGURE_ARGUMENTS='../binutils-2.24/configure --prefix=/cross-tools --host= --target=alphaev67-unknown-linux-gnu --with-sysroot=/home/bert/build_qemu_images/clfs_cross_tools/system/alpha --with-lib-path=/tools/lib --disable-nls --disable-static --enable-64-bit-bfd --disable-multilib --disable-werror'
WINDMC='windmc'
WINDMC_FOR_BUILD='$(WINDMC)'
WINDMC_FOR_TARGET='$$r/$(HOST_SUBDIR)/binutils/windmc'
WINDRES='windres'
WINDRES_FOR_BUILD='$(WINDRES)'
WINDRES_FOR_TARGET='$$r/$(HOST_SUBDIR)/binutils/windres'
YACC='bison -y'
ac_ct_CC='gcc'
ac_ct_CXX='g++'
bindir='${exec_prefix}/bin'
build='x86_64-unknown-linux-gnu'
build_alias=''
build_configargs=' --cache-file=../config.cache '\''--prefix=/cross-tools'\'' '\''--with-sysroot=/home/bert/build_qemu_images/clfs_cross_tools/system/alpha'\'' '\''--with-lib-path=/tools/lib'\'' '\''--disable-nls'\'' '\''--disable-static'\'' '\''--enable-64-bit-bfd'\'' '\''--disable-multilib'\'' '\''--disable-werror'\'' --program-transform-name='\''s&^&alphaev67-unknown-linux-gnu-&'\'' --disable-option-checking'
build_configdirs=' libiberty'
build_cpu='x86_64'
build_libsubdir='build-x86_64-unknown-linux-gnu'
build_noncanonical='x86_64-unknown-linux-gnu'
build_os='linux-gnu'
build_subdir='build-x86_64-unknown-linux-gnu'
build_tooldir='${exec_prefix}/alphaev67-unknown-linux-gnu'
build_vendor='unknown'
clooginc=''
clooglibs=''
compare_exclusions='gcc/cc*-checksum$(objext) | gcc/ada/*tools/*'
configdirs=' intl libiberty opcodes bfd binutils gas ld gprof etc'
datadir='${datarootdir}'
datarootdir='${prefix}/share'
do_compare='cmp --ignore-initial=16 $$f1 $$f2'
docdir='${datarootdir}/doc/${PACKAGE}'
dvidir='${docdir}'
exec_prefix='${prefix}'
extra_host_libiberty_configure_flags=''
extra_isl_gmp_configure_flags=''
extra_mpc_gmp_configure_flags=''
extra_mpc_mpfr_configure_flags=''
extra_mpfr_configure_flags=''
gmpinc=''
gmplibs='-lmpc -lmpfr -lgmp'
host='x86_64-unknown-linux-gnu'
host_alias=''
host_configargs=' --cache-file=./config.cache  --with-gnu-as --with-gnu-ld --with-system-zlib '\''--prefix=/cross-tools'\'' '\''--with-sysroot=/home/bert/build_qemu_images/clfs_cross_tools/system/alpha'\'' '\''--with-lib-path=/tools/lib'\'' '\''--disable-nls'\'' '\''--disable-static'\'' '\''--enable-64-bit-bfd'\'' '\''--disable-multilib'\'' '\''--disable-werror'\'' --program-transform-name='\''s&^&alphaev67-unknown-linux-gnu-&'\'' --disable-option-checking'
host_cpu='x86_64'
host_noncanonical='x86_64-unknown-linux-gnu'
host_os='linux-gnu'
host_subdir='.'
host_vendor='unknown'
htmldir='${docdir}'
includedir='${prefix}/include'
infodir='${datarootdir}/info'
islinc=''
libdir='${exec_prefix}/lib'
libexecdir='${exec_prefix}/libexec'
localedir='${datarootdir}/locale'
localstatedir='${prefix}/var'
mandir='${datarootdir}/man'
oldincludedir='/usr/include'
pdfdir='${docdir}'
poststage1_ldflags='-static-libstdc++ -static-libgcc'
poststage1_libs=''
prefix='/cross-tools'
program_transform_name='s&^&alphaev67-unknown-linux-gnu-&'
psdir='${docdir}'
sbindir='${exec_prefix}/sbin'
sharedstatedir='${prefix}/com'
stage1_cflags='-g'
stage1_checking='--enable-checking=yes,types'
stage1_languages=',c,'
stage1_ldflags='-static-libstdc++ -static-libgcc'
stage1_libs=''
stage2_werror_flag=''
sysconfdir='${prefix}/etc'
target='alphaev67-unknown-linux-gnu'
target_alias='alphaev67-unknown-linux-gnu'
target_configargs='--cache-file=./config.cache --with-cross-host=x86_64-unknown-linux-gnu   '\''--prefix=/cross-tools'\'' '\''--with-sysroot=/home/bert/build_qemu_images/clfs_cross_tools/system/alpha'\'' '\''--with-lib-path=/tools/lib'\'' '\''--disable-nls'\'' '\''--disable-static'\'' '\''--enable-64-bit-bfd'\'' '\''--disable-multilib'\'' '\''--disable-werror'\'' --program-transform-name='\''s&^&alphaev67-unknown-linux-gnu-&'\'' --disable-option-checking'
target_configdirs=''
target_cpu='alphaev67'
target_noncanonical='alphaev67-unknown-linux-gnu'
target_os='linux-gnu'
target_subdir='alphaev67-unknown-linux-gnu'
target_vendor='unknown'
tooldir='${exec_prefix}/alphaev67-unknown-linux-gnu'

## ------------------- ##
## File substitutions. ##
## ------------------- ##

alphaieee_frag='../binutils-2.24/config/mt-alphaieee'
host_makefile_frag='/dev/null'
ospace_frag='/dev/null'
serialization_dependencies='serdep.tmp'
target_makefile_frag='../binutils-2.24/config/mt-gnu'

## ----------- ##
## confdefs.h. ##
## ----------- ##

/* confdefs.h */
#define PACKAGE_NAME ""
#define PACKAGE_TARNAME ""
#define PACKAGE_VERSION ""
#define PACKAGE_STRING ""
#define PACKAGE_BUGREPORT ""
#define PACKAGE_URL ""
#define LT_OBJDIR ".libs/"

configure: exit 0
