This file contains any messages produced by compilers while
running configure, to aid debugging if configure makes a mistake.

It was created by pkg-config configure 0.28, which was
generated by GNU Autoconf 2.67.  Invocation command line was

  $ ../pkg-config-lite-0.28-1/configure --prefix=/cross-tools --host=sparc64-unknown-linux-gnu --with-pc-path=/tools/lib/pkgconfig:/tools/share/pkgconfig

## --------- ##
## Platform. ##
## --------- ##

hostname = debian
uname -m = x86_64
uname -r = 3.16.0-4-amd64
uname -s = Linux
uname -v = #1 SMP Debian 3.16.7-ckt11-1+deb8u4 (2015-09-19)

/usr/bin/uname -p = unknown
/bin/uname -X     = unknown

/bin/arch              = unknown
/usr/bin/arch -k       = unknown
/usr/convex/getsysinfo = unknown
/usr/bin/hostinfo      = unknown
/bin/machine           = unknown
/usr/bin/oslevel       = unknown
/bin/universe          = unknown

PATH: /cross-tools/bin
PATH: /usr/local/sbin
PATH: /usr/local/bin
PATH: /usr/sbin
PATH: /usr/bin
PATH: /sbin
PATH: /bin


## ----------- ##
## Core tests. ##
## ----------- ##

configure:2391: checking for a BSD-compatible install
configure:2459: result: /usr/bin/install -c
configure:2470: checking whether build environment is sane
configure:2520: result: yes
configure:2569: checking for sparc64-unknown-linux-gnu-strip
configure:2599: result: no
configure:2609: checking for strip
configure:2625: found /usr/bin/strip
configure:2636: result: strip
configure:2661: checking for a thread-safe mkdir -p
configure:2700: result: /bin/mkdir -p
configure:2713: checking for gawk
configure:2729: found /usr/bin/gawk
configure:2740: result: gawk
configure:2751: checking whether make sets $(MAKE)
configure:2773: result: yes
configure:2883: checking build system type
configure:2897: result: x86_64-unknown-linux-gnu
configure:2917: checking host system type
configure:2930: result: sparc64-unknown-linux-gnu
configure:2962: checking for style of include used by make
configure:2990: result: GNU
configure:3020: checking for sparc64-unknown-linux-gnu-gcc
configure:3050: result: no
configure:3060: checking for gcc
configure:3076: found /usr/bin/gcc
configure:3087: result: gcc
configure:3316: checking for C compiler version
configure:3325: gcc --version >&5
gcc (Debian 4.9.2-10) 4.9.2
Copyright (C) 2014 Free Software Foundation, Inc.
This is free software; see the source for copying conditions.  There is NO
warranty; not even for MERCHANTABILITY or FITNESS FOR A PARTICULAR PURPOSE.

configure:3336: $? = 0
configure:3325: gcc -v >&5
Using built-in specs.
COLLECT_GCC=gcc
COLLECT_LTO_WRAPPER=/usr/lib/gcc/x86_64-linux-gnu/4.9/lto-wrapper
Target: x86_64-linux-gnu
Configured with: ../src/configure -v --with-pkgversion='Debian 4.9.2-10' --with-bugurl=file:///usr/share/doc/gcc-4.9/README.Bugs --enable-languages=c,c++,java,go,d,fortran,objc,obj-c++ --prefix=/usr --program-suffix=-4.9 --enable-shared --enable-linker-build-id --libexecdir=/usr/lib --without-included-gettext --enable-threads=posix --with-gxx-include-dir=/usr/include/c++/4.9 --libdir=/usr/lib --enable-nls --with-sysroot=/ --enable-clocale=gnu --enable-libstdcxx-debug --enable-libstdcxx-time=yes --enable-gnu-unique-object --disable-vtable-verify --enable-plugin --with-system-zlib --disable-browser-plugin --enable-java-awt=gtk --enable-gtk-cairo --with-java-home=/usr/lib/jvm/java-1.5.0-gcj-4.9-amd64/jre --enable-java-home --with-jvm-root-dir=/usr/lib/jvm/java-1.5.0-gcj-4.9-amd64 --with-jvm-jar-dir=/usr/lib/jvm-exports/java-1.5.0-gcj-4.9-amd64 --with-arch-directory=amd64 --with-ecj-jar=/usr/share/java/eclipse-ecj.jar --enable-objc-gc --enable-multiarch --with-arch-32=i586 --with-abi=m64 --with-multilib-list=m32,m64,mx32 --enable-multilib --with-tune=generic --enable-checking=release --build=x86_64-linux-gnu --host=x86_64-linux-gnu --target=x86_64-linux-gnu
Thread model: posix
gcc version 4.9.2 (Debian 4.9.2-10) 
configure:3336: $? = 0
configure:3325: gcc -V >&5
gcc: error: unrecognized command line option '-V'
gcc: fatal error: no input files
compilation terminated.
configure:3336: $? = 4
configure:3325: gcc -qversion >&5
gcc: error: unrecognized command line option '-qversion'
gcc: fatal error: no input files
compilation terminated.
configure:3336: $? = 4
configure:3356: checking whether the C compiler works
configure:3378: gcc    conftest.c  >&5
configure:3382: $? = 0
configure:3430: result: yes
configure:3433: checking for C compiler default output file name
configure:3435: result: a.out
configure:3441: checking for suffix of executables
configure:3448: gcc -o conftest    conftest.c  >&5
configure:3452: $? = 0
configure:3474: result: 
configure:3496: checking whether we are cross compiling
configure:3504: gcc -o conftest    conftest.c  >&5
configure:3508: $? = 0
configure:3515: ./conftest
configure:3519: $? = 0
configure:3534: result: no
configure:3539: checking for suffix of object files
configure:3561: gcc -c   conftest.c >&5
configure:3565: $? = 0
configure:3586: result: o
configure:3590: checking whether we are using the GNU C compiler
configure:3609: gcc -c   conftest.c >&5
configure:3609: $? = 0
configure:3618: result: yes
configure:3627: checking whether gcc accepts -g
configure:3647: gcc -c -g  conftest.c >&5
configure:3647: $? = 0
configure:3688: result: yes
configure:3705: checking for gcc option to accept ISO C89
configure:3769: gcc  -c -g -O2  conftest.c >&5
configure:3769: $? = 0
configure:3782: result: none needed
configure:3804: checking dependency style of gcc
configure:3914: result: gcc3
configure:3929: checking for a sed that does not truncate output
configure:3993: result: /bin/sed
configure:4011: checking for grep that handles long lines and -e
configure:4069: result: /bin/grep
configure:4074: checking for egrep
configure:4136: result: /bin/grep -E
configure:4141: checking for fgrep
configure:4203: result: /bin/grep -F
configure:4238: checking for ld used by gcc
configure:4305: result: /usr/bin/ld
configure:4312: checking if the linker (/usr/bin/ld) is GNU ld
configure:4327: result: yes
configure:4339: checking for BSD- or MS-compatible name lister (nm)
configure:4388: result: no
configure:4399: checking for sparc64-unknown-linux-gnu-dumpbin
configure:4429: result: no
configure:4399: checking for sparc64-unknown-linux-gnu-link
configure:4429: result: no
configure:4443: checking for dumpbin
configure:4473: result: no
configure:4443: checking for link
configure:4459: found /usr/bin/link
configure:4470: result: link -dump -symbols
configure:4506: checking the name lister (link -dump -symbols) interface
configure:4513: gcc -c -g -O2  conftest.c >&5
configure:4516: link -dump -symbols "conftest.o"
link: invalid option -- 'd'
Try 'link --help' for more information.
configure:4519: output
configure:4526: result: BSD nm
configure:4529: checking whether ln -s works
configure:4533: result: yes
configure:4541: checking the maximum length of command line arguments
configure:4661: result: 1572864
configure:4678: checking whether the shell understands some XSI constructs
configure:4688: result: yes
configure:4692: checking whether the shell understands "+="
configure:4698: result: yes
configure:4733: checking for /usr/bin/ld option to reload object files
configure:4740: result: -r
configure:4769: checking for sparc64-unknown-linux-gnu-objdump
configure:4799: result: no
configure:4809: checking for objdump
configure:4825: found /usr/bin/objdump
configure:4836: result: objdump
configure:4868: checking how to recognize dependent libraries
configure:5064: result: pass_all
configure:5084: checking for sparc64-unknown-linux-gnu-ar
configure:5114: result: no
configure:5124: checking for ar
configure:5140: found /usr/bin/ar
configure:5151: result: ar
configure:5189: checking for sparc64-unknown-linux-gnu-strip
configure:5216: result: strip
configure:5288: checking for sparc64-unknown-linux-gnu-ranlib
configure:5318: result: no
configure:5328: checking for ranlib
configure:5344: found /usr/bin/ranlib
configure:5355: result: ranlib
configure:5445: checking command to parse link -dump -symbols output from gcc object
configure:5563: gcc -c -g -O2  conftest.c >&5
configure:5566: $? = 0
configure:5570: link -dump -symbols conftest.o \| sed -n -e 's/^.*[	 ]\([BCDEGRST][BCDEGRST]*\)[	 ][	 ]*\([_A-Za-z][_A-Za-z0-9]*\)$/\1 \2 \2/p' \> conftest.nm
link: invalid option -- 'd'
Try 'link --help' for more information.
configure:5573: $? = 0
cannot run sed -n -e 's/^.*[	 ]\([BCDEGRST][BCDEGRST]*\)[	 ][	 ]*\([_A-Za-z][_A-Za-z0-9]*\)$/\1 \2 \2/p'
configure:5563: gcc -c -g -O2  conftest.c >&5
configure:5566: $? = 0
configure:5570: link -dump -symbols conftest.o \| sed -n -e 's/^.*[	 ]\([BCDEGRST][BCDEGRST]*\)[	 ][	 ]*_\([_A-Za-z][_A-Za-z0-9]*\)$/\1 _\2 \2/p' \> conftest.nm
link: invalid option -- 'd'
Try 'link --help' for more information.
configure:5573: $? = 0
cannot run sed -n -e 's/^.*[	 ]\([BCDEGRST][BCDEGRST]*\)[	 ][	 ]*_\([_A-Za-z][_A-Za-z0-9]*\)$/\1 _\2 \2/p'
configure:5665: result: failed
configure:5764: gcc -c -g -O2  conftest.c >&5
configure:5767: $? = 0
configure:6477: checking how to run the C preprocessor
configure:6508: gcc -E  conftest.c
configure:6508: $? = 0
configure:6522: gcc -E  conftest.c
conftest.c:11:28: fatal error: ac_nonexistent.h: No such file or directory
 #include <ac_nonexistent.h>
                            ^
compilation terminated.
configure:6522: $? = 1
configure: failed program was:
| /* confdefs.h */
| #define PACKAGE_NAME "pkg-config"
| #define PACKAGE_TARNAME "pkg-config"
| #define PACKAGE_VERSION "0.28"
| #define PACKAGE_STRING "pkg-config 0.28"
| #define PACKAGE_BUGREPORT "https://bugs.freedesktop.org/enter_bug.cgi?product=pkg-config"
| #define PACKAGE_URL ""
| #define PACKAGE "pkg-config"
| #define VERSION "0.28"
| /* end confdefs.h.  */
| #include <ac_nonexistent.h>
configure:6547: result: gcc -E
configure:6567: gcc -E  conftest.c
configure:6567: $? = 0
configure:6581: gcc -E  conftest.c
conftest.c:11:28: fatal error: ac_nonexistent.h: No such file or directory
 #include <ac_nonexistent.h>
                            ^
compilation terminated.
configure:6581: $? = 1
configure: failed program was:
| /* confdefs.h */
| #define PACKAGE_NAME "pkg-config"
| #define PACKAGE_TARNAME "pkg-config"
| #define PACKAGE_VERSION "0.28"
| #define PACKAGE_STRING "pkg-config 0.28"
| #define PACKAGE_BUGREPORT "https://bugs.freedesktop.org/enter_bug.cgi?product=pkg-config"
| #define PACKAGE_URL ""
| #define PACKAGE "pkg-config"
| #define VERSION "0.28"
| /* end confdefs.h.  */
| #include <ac_nonexistent.h>
configure:6610: checking for ANSI C header files
configure:6630: gcc -c -g -O2  conftest.c >&5
configure:6630: $? = 0
configure:6703: gcc -o conftest -g -O2   conftest.c  >&5
configure:6703: $? = 0
configure:6703: ./conftest
configure:6703: $? = 0
configure:6714: result: yes
configure:6727: checking for sys/types.h
configure:6727: gcc -c -g -O2  conftest.c >&5
configure:6727: $? = 0
configure:6727: result: yes
configure:6727: checking for sys/stat.h
configure:6727: gcc -c -g -O2  conftest.c >&5
configure:6727: $? = 0
configure:6727: result: yes
configure:6727: checking for stdlib.h
configure:6727: gcc -c -g -O2  conftest.c >&5
configure:6727: $? = 0
configure:6727: result: yes
configure:6727: checking for string.h
configure:6727: gcc -c -g -O2  conftest.c >&5
configure:6727: $? = 0
configure:6727: result: yes
configure:6727: checking for memory.h
configure:6727: gcc -c -g -O2  conftest.c >&5
configure:6727: $? = 0
configure:6727: result: yes
configure:6727: checking for strings.h
configure:6727: gcc -c -g -O2  conftest.c >&5
configure:6727: $? = 0
configure:6727: result: yes
configure:6727: checking for inttypes.h
configure:6727: gcc -c -g -O2  conftest.c >&5
configure:6727: $? = 0
configure:6727: result: yes
configure:6727: checking for stdint.h
configure:6727: gcc -c -g -O2  conftest.c >&5
configure:6727: $? = 0
configure:6727: result: yes
configure:6727: checking for unistd.h
configure:6727: gcc -c -g -O2  conftest.c >&5
configure:6727: $? = 0
configure:6727: result: yes
configure:6741: checking for dlfcn.h
configure:6741: gcc -c -g -O2  conftest.c >&5
configure:6741: $? = 0
configure:6741: result: yes
configure:6925: checking for objdir
configure:6940: result: .libs
configure:7232: checking if gcc supports -fno-rtti -fno-exceptions
configure:7250: gcc -c -g -O2  -fno-rtti -fno-exceptions conftest.c >&5
cc1: warning: command line option '-fno-rtti' is valid for C++/ObjC++ but not for C
configure:7254: $? = 0
configure:7267: result: no
configure:7287: checking for gcc option to produce PIC
configure:7559: result: -fPIC -DPIC
configure:7571: checking if gcc PIC flag -fPIC -DPIC works
configure:7589: gcc -c -g -O2  -fPIC -DPIC -DPIC conftest.c >&5
configure:7593: $? = 0
configure:7606: result: yes
configure:7630: checking if gcc static flag -static works
configure:7658: result: yes
configure:7673: checking if gcc supports -c -o file.o
configure:7694: gcc -c -g -O2  -o out/conftest2.o conftest.c >&5
configure:7698: $? = 0
configure:7720: result: yes
configure:7728: checking if gcc supports -c -o file.o
configure:7775: result: yes
configure:7808: checking whether the gcc linker (/usr/bin/ld -m elf64_sparc) supports shared libraries
configure:8799: result: no
configure:9038: checking dynamic linker characteristics
configure:9471: gcc -o conftest -g -O2    conftest.c  >&5
configure:9471: $? = 0
configure:9701: result: GNU/Linux ld.so
configure:9803: checking how to hardcode library paths into programs
configure:9828: result: unsupported
configure:10348: checking whether stripping libraries is possible
configure:10353: result: yes
configure:10388: checking if libtool supports shared libraries
configure:10390: result: no
configure:10393: checking whether to build shared libraries
configure:10414: result: no
configure:10417: checking whether to build static libraries
configure:10421: result: yes
configure:10478: checking for sparc64-unknown-linux-gnu-gcc
configure:10505: result: gcc
configure:10774: checking for C compiler version
configure:10783: gcc --version >&5
gcc (Debian 4.9.2-10) 4.9.2
Copyright (C) 2014 Free Software Foundation, Inc.
This is free software; see the source for copying conditions.  There is NO
warranty; not even for MERCHANTABILITY or FITNESS FOR A PARTICULAR PURPOSE.

configure:10794: $? = 0
configure:10783: gcc -v >&5
Using built-in specs.
COLLECT_GCC=gcc
COLLECT_LTO_WRAPPER=/usr/lib/gcc/x86_64-linux-gnu/4.9/lto-wrapper
Target: x86_64-linux-gnu
Configured with: ../src/configure -v --with-pkgversion='Debian 4.9.2-10' --with-bugurl=file:///usr/share/doc/gcc-4.9/README.Bugs --enable-languages=c,c++,java,go,d,fortran,objc,obj-c++ --prefix=/usr --program-suffix=-4.9 --enable-shared --enable-linker-build-id --libexecdir=/usr/lib --without-included-gettext --enable-threads=posix --with-gxx-include-dir=/usr/include/c++/4.9 --libdir=/usr/lib --enable-nls --with-sysroot=/ --enable-clocale=gnu --enable-libstdcxx-debug --enable-libstdcxx-time=yes --enable-gnu-unique-object --disable-vtable-verify --enable-plugin --with-system-zlib --disable-browser-plugin --enable-java-awt=gtk --enable-gtk-cairo --with-java-home=/usr/lib/jvm/java-1.5.0-gcj-4.9-amd64/jre --enable-java-home --with-jvm-root-dir=/usr/lib/jvm/java-1.5.0-gcj-4.9-amd64 --with-jvm-jar-dir=/usr/lib/jvm-exports/java-1.5.0-gcj-4.9-amd64 --with-arch-directory=amd64 --with-ecj-jar=/usr/share/java/eclipse-ecj.jar --enable-objc-gc --enable-multiarch --with-arch-32=i586 --with-abi=m64 --with-multilib-list=m32,m64,mx32 --enable-multilib --with-tune=generic --enable-checking=release --build=x86_64-linux-gnu --host=x86_64-linux-gnu --target=x86_64-linux-gnu
Thread model: posix
gcc version 4.9.2 (Debian 4.9.2-10) 
configure:10794: $? = 0
configure:10783: gcc -V >&5
gcc: error: unrecognized command line option '-V'
gcc: fatal error: no input files
compilation terminated.
configure:10794: $? = 4
configure:10783: gcc -qversion >&5
gcc: error: unrecognized command line option '-qversion'
gcc: fatal error: no input files
compilation terminated.
configure:10794: $? = 4
configure:10798: checking whether we are using the GNU C compiler
configure:10826: result: yes
configure:10835: checking whether gcc accepts -g
configure:10896: result: yes
configure:10913: checking for gcc option to accept ISO C89
configure:10990: result: none needed
configure:11012: checking dependency style of gcc
configure:11122: result: gcc3
configure:11139: checking for ln
configure:11155: found /bin/ln
configure:11167: result: ln
configure:11179: checking dirent.h usability
configure:11179: gcc -c -g -O2  conftest.c >&5
configure:11179: $? = 0
configure:11179: result: yes
configure:11179: checking dirent.h presence
configure:11179: gcc -E  conftest.c
configure:11179: $? = 0
configure:11179: result: yes
configure:11179: checking for dirent.h
configure:11179: result: yes
configure:11179: checking for unistd.h
configure:11179: result: yes
configure:11179: checking sys/wait.h usability
configure:11179: gcc -c -g -O2  conftest.c >&5
configure:11179: $? = 0
configure:11179: result: yes
configure:11179: checking sys/wait.h presence
configure:11179: gcc -E  conftest.c
configure:11179: $? = 0
configure:11179: result: yes
configure:11179: checking for sys/wait.h
configure:11179: result: yes
configure:11179: checking malloc.h usability
configure:11179: gcc -c -g -O2  conftest.c >&5
configure:11179: $? = 0
configure:11179: result: yes
configure:11179: checking malloc.h presence
configure:11179: gcc -E  conftest.c
configure:11179: $? = 0
configure:11179: result: yes
configure:11179: checking for malloc.h
configure:11179: result: yes
configure:11196: checking for bash
configure:11214: found /bin/bash
configure:11226: result: /bin/bash
configure:11239: checking for default search path for .pc files
configure:11257: result: /tools/lib/pkgconfig:/tools/share/pkgconfig
configure:11261: checking for system include path to avoid -I flags
configure:11271: result: /usr/include
configure:11275: checking for system library path to avoid -L flags
configure:11295: result: /usr/lib:/lib
configure:11300: creating ./config.lt

## ------------------ ##
## Running config.lt. ##
## ------------------ ##
config.lt:618: creating libtool
use_indirect_deps=auto
configure:12667: checking whether to list both direct and indirect dependencies
configure:12685: result: no
configure:12700: checking for Win32
configure:12710: result: no
configure:12814: checking if host- prefixed tool should be installed
configure:12823: result: yes
configure:12967: creating ./config.status

## ---------------------- ##
## Running config.status. ##
## ---------------------- ##

This file was extended by pkg-config config.status 0.28, which was
generated by GNU Autoconf 2.67.  Invocation command line was

  CONFIG_FILES    = 
  CONFIG_HEADERS  = 
  CONFIG_LINKS    = 
  CONFIG_COMMANDS = 
  $ ./config.status 

on debian

config.status:1088: creating Makefile
config.status:1088: creating check/Makefile
config.status:1088: creating check/config.sh
config.status:1088: creating config.h
config.status:1301: executing depfiles commands
config.status:1301: executing libtool commands

## ---------------- ##
## Cache variables. ##
## ---------------- ##

ac_cv_build=x86_64-unknown-linux-gnu
ac_cv_c_compiler_gnu=yes
ac_cv_env_CC_set=
ac_cv_env_CC_value=
ac_cv_env_CFLAGS_set=
ac_cv_env_CFLAGS_value=
ac_cv_env_CPPFLAGS_set=
ac_cv_env_CPPFLAGS_value=
ac_cv_env_CPP_set=
ac_cv_env_CPP_value=
ac_cv_env_LDFLAGS_set=
ac_cv_env_LDFLAGS_value=
ac_cv_env_LIBS_set=
ac_cv_env_LIBS_value=
ac_cv_env_TESTS_SHELL_set=
ac_cv_env_TESTS_SHELL_value=
ac_cv_env_build_alias_set=
ac_cv_env_build_alias_value=
ac_cv_env_host_alias_set=set
ac_cv_env_host_alias_value=sparc64-unknown-linux-gnu
ac_cv_env_target_alias_set=
ac_cv_env_target_alias_value=
ac_cv_header_dirent_h=yes
ac_cv_header_dlfcn_h=yes
ac_cv_header_inttypes_h=yes
ac_cv_header_malloc_h=yes
ac_cv_header_memory_h=yes
ac_cv_header_stdc=yes
ac_cv_header_stdint_h=yes
ac_cv_header_stdlib_h=yes
ac_cv_header_string_h=yes
ac_cv_header_strings_h=yes
ac_cv_header_sys_stat_h=yes
ac_cv_header_sys_types_h=yes
ac_cv_header_sys_wait_h=yes
ac_cv_header_unistd_h=yes
ac_cv_host=sparc64-unknown-linux-gnu
ac_cv_objext=o
ac_cv_path_EGREP='/bin/grep -E'
ac_cv_path_FGREP='/bin/grep -F'
ac_cv_path_GREP=/bin/grep
ac_cv_path_SED=/bin/sed
ac_cv_path_TESTS_SHELL=/bin/bash
ac_cv_path_install='/usr/bin/install -c'
ac_cv_path_mkdir=/bin/mkdir
ac_cv_prog_AWK=gawk
ac_cv_prog_CC=gcc
ac_cv_prog_CPP='gcc -E'
ac_cv_prog_LN=ln
ac_cv_prog_STRIP=strip
ac_cv_prog_ac_ct_AR=ar
ac_cv_prog_ac_ct_CC=gcc
ac_cv_prog_ac_ct_DUMPBIN='link -dump -symbols'
ac_cv_prog_ac_ct_OBJDUMP=objdump
ac_cv_prog_ac_ct_RANLIB=ranlib
ac_cv_prog_ac_ct_STRIP=strip
ac_cv_prog_cc_c89=
ac_cv_prog_cc_g=yes
ac_cv_prog_make_make_set=yes
am_cv_CC_dependencies_compiler_type=gcc3
lt_cv_deplibs_check_method=pass_all
lt_cv_file_magic_cmd='$MAGIC_CMD'
lt_cv_file_magic_test_file=
lt_cv_ld_reload_flag=-r
lt_cv_nm_interface='BSD nm'
lt_cv_objdir=.libs
lt_cv_path_LD=/usr/bin/ld
lt_cv_path_NM=no
lt_cv_prog_compiler_c_o=yes
lt_cv_prog_compiler_pic_works=yes
lt_cv_prog_compiler_rtti_exceptions=no
lt_cv_prog_compiler_static_works=yes
lt_cv_prog_gnu_ld=yes
lt_cv_sys_global_symbol_pipe=
lt_cv_sys_global_symbol_to_c_name_address='sed -n -e '\''s/^: \([^ ]*\) $/  {\"\1\", (void *) 0},/p'\'' -e '\''s/^[BCDEGRST]* \([^ ]*\) \([^ ]*\)$/  {"\2", (void *) \&\2},/p'\'''
lt_cv_sys_global_symbol_to_c_name_address_lib_prefix='sed -n -e '\''s/^: \([^ ]*\) $/  {\"\1\", (void *) 0},/p'\'' -e '\''s/^[BCDEGRST]* \([^ ]*\) \(lib[^ ]*\)$/  {"\2", (void *) \&\2},/p'\'' -e '\''s/^[BCDEGRST]* \([^ ]*\) \([^ ]*\)$/  {"lib\2", (void *) \&\2},/p'\'''
lt_cv_sys_global_symbol_to_cdecl=
lt_cv_sys_max_cmd_len=1572864

## ----------------- ##
## Output variables. ##
## ----------------- ##

ACLOCAL='${SHELL} /home/bert/build_qemu_images/clfs_cross_tools/system/sparc64-64/sources/pkg-config-lite-0.28-1/missing --run aclocal-1.11'
AMDEPBACKSLASH='\'
AMDEP_FALSE='#'
AMDEP_TRUE=''
AMTAR='${SHELL} /home/bert/build_qemu_images/clfs_cross_tools/system/sparc64-64/sources/pkg-config-lite-0.28-1/missing --run tar'
AM_BACKSLASH='\'
AM_DEFAULT_VERBOSITY='0'
AR='ar'
AUTOCONF='${SHELL} /home/bert/build_qemu_images/clfs_cross_tools/system/sparc64-64/sources/pkg-config-lite-0.28-1/missing --run autoconf'
AUTOHEADER='${SHELL} /home/bert/build_qemu_images/clfs_cross_tools/system/sparc64-64/sources/pkg-config-lite-0.28-1/missing --run autoheader'
AUTOMAKE='${SHELL} /home/bert/build_qemu_images/clfs_cross_tools/system/sparc64-64/sources/pkg-config-lite-0.28-1/missing --run automake-1.11'
AWK='gawk'
CC='gcc'
CCDEPMODE='depmode=gcc3'
CFLAGS='-g -O2'
CPP='gcc -E'
CPPFLAGS=''
CYGPATH_W='echo'
DEFS='-DHAVE_CONFIG_H'
DEPDIR='.deps'
DSYMUTIL=''
DUMPBIN='link -dump -symbols'
ECHO_C=''
ECHO_N='-n'
ECHO_T=''
EGREP='/bin/grep -E'
EXEEXT=''
FGREP='/bin/grep -F'
GCOV=''
GCOV_CFLAGS=''
GREP='/bin/grep'
HOST_TOOL_FALSE='#'
HOST_TOOL_TRUE=''
INSTALL_DATA='${INSTALL} -m 644'
INSTALL_PROGRAM='${INSTALL}'
INSTALL_SCRIPT='${INSTALL}'
INSTALL_STRIP_PROGRAM='$(install_sh) -c -s'
LD='/usr/bin/ld -m elf64_sparc'
LDFLAGS=''
LIBOBJS=''
LIBS=''
LIBTOOL='$(SHELL) $(top_builddir)/libtool'
LIPO=''
LN='ln'
LN_S='ln -s'
LTLIBOBJS=''
MAKEINFO='${SHELL} /home/bert/build_qemu_images/clfs_cross_tools/system/sparc64-64/sources/pkg-config-lite-0.28-1/missing --run makeinfo'
MKDIR_P='/bin/mkdir -p'
NATIVE_WIN32_FALSE=''
NATIVE_WIN32_TRUE='#'
NM='link -dump -symbols'
NMEDIT=''
OBJDUMP='objdump'
OBJEXT='o'
OTOOL64=''
OTOOL=''
PACKAGE='pkg-config'
PACKAGE_BUGREPORT='https://bugs.freedesktop.org/enter_bug.cgi?product=pkg-config'
PACKAGE_NAME='pkg-config'
PACKAGE_STRING='pkg-config 0.28'
PACKAGE_TARNAME='pkg-config'
PACKAGE_URL=''
PACKAGE_VERSION='0.28'
PATH_SEPARATOR=':'
RANLIB='ranlib'
SED='/bin/sed'
SET_MAKE=''
SHELL='/bin/bash'
STRIP='strip'
TESTS_SHELL='/bin/bash'
VERSION='0.28'
WARN_CFLAGS='-g -Wall -O2'
ac_ct_CC='gcc'
ac_ct_DUMPBIN='link -dump -symbols'
am__EXEEXT_FALSE=''
am__EXEEXT_TRUE='#'
am__fastdepCC_FALSE='#'
am__fastdepCC_TRUE=''
am__include='include'
am__isrc=' -I$(srcdir)'
am__leading_dot='.'
am__quote=''
am__tar='${AMTAR} chof - "$$tardir"'
am__untar='${AMTAR} xf -'
bindir='${exec_prefix}/bin'
build='x86_64-unknown-linux-gnu'
build_alias=''
build_cpu='x86_64'
build_os='linux-gnu'
build_vendor='unknown'
datadir='${datarootdir}'
datarootdir='${prefix}/share'
docdir='${datarootdir}/doc/${PACKAGE_TARNAME}'
dvidir='${docdir}'
exec_prefix='${prefix}'
host='sparc64-unknown-linux-gnu'
host_alias='sparc64-unknown-linux-gnu'
host_cpu='sparc64'
host_os='linux-gnu'
host_vendor='unknown'
htmldir='${docdir}'
includedir='${prefix}/include'
infodir='${datarootdir}/info'
install_sh='${SHELL} /home/bert/build_qemu_images/clfs_cross_tools/system/sparc64-64/sources/pkg-config-lite-0.28-1/install-sh'
libdir='${exec_prefix}/lib'
libexecdir='${exec_prefix}/libexec'
localedir='${datarootdir}/locale'
localstatedir='${prefix}/var'
lt_ECHO='echo'
mandir='${datarootdir}/man'
mkdir_p='/bin/mkdir -p'
oldincludedir='/usr/include'
pc_path='/tools/lib/pkgconfig:/tools/share/pkgconfig'
pdfdir='${docdir}'
prefix='/cross-tools'
program_transform_name='s,x,x,'
psdir='${docdir}'
sbindir='${exec_prefix}/sbin'
sharedstatedir='${prefix}/com'
sysconfdir='${prefix}/etc'
system_include_path='/usr/include'
system_library_path='/usr/lib:/lib'
target_alias=''
use_indirect_deps='no'

## ----------- ##
## confdefs.h. ##
## ----------- ##

/* confdefs.h */
#define PACKAGE_NAME "pkg-config"
#define PACKAGE_TARNAME "pkg-config"
#define PACKAGE_VERSION "0.28"
#define PACKAGE_STRING "pkg-config 0.28"
#define PACKAGE_BUGREPORT "https://bugs.freedesktop.org/enter_bug.cgi?product=pkg-config"
#define PACKAGE_URL ""
#define PACKAGE "pkg-config"
#define VERSION "0.28"
#define STDC_HEADERS 1
#define HAVE_SYS_TYPES_H 1
#define HAVE_SYS_STAT_H 1
#define HAVE_STDLIB_H 1
#define HAVE_STRING_H 1
#define HAVE_MEMORY_H 1
#define HAVE_STRINGS_H 1
#define HAVE_INTTYPES_H 1
#define HAVE_STDINT_H 1
#define HAVE_UNISTD_H 1
#define HAVE_DLFCN_H 1
#define LT_OBJDIR ".libs/"
#define HAVE_DIRENT_H 1
#define HAVE_UNISTD_H 1
#define HAVE_SYS_WAIT_H 1
#define HAVE_MALLOC_H 1
#define ENABLE_INDIRECT_DEPS FALSE

configure: exit 0
