Making install in src
make[1]: Entering directory '/home/bert/build_qemu_images/clfs_cross_tools/system/sparc64-64/sources/step_4_file-5.19-build/src'
make  install-am
make[2]: Entering directory '/home/bert/build_qemu_images/clfs_cross_tools/system/sparc64-64/sources/step_4_file-5.19-build/src'
make[3]: Entering directory '/home/bert/build_qemu_images/clfs_cross_tools/system/sparc64-64/sources/step_4_file-5.19-build/src'
 /bin/mkdir -p '/cross-tools/lib'
 /bin/bash ../libtool   --mode=install /usr/bin/install -c   libmagic.la '/cross-tools/lib'
libtool: install: /usr/bin/install -c .libs/libmagic.so.1.0.0 /cross-tools/lib/libmagic.so.1.0.0
libtool: install: (cd /cross-tools/lib && { ln -s -f libmagic.so.1.0.0 libmagic.so.1 || { rm -f libmagic.so.1 && ln -s libmagic.so.1.0.0 libmagic.so.1; }; })
libtool: install: (cd /cross-tools/lib && { ln -s -f libmagic.so.1.0.0 libmagic.so || { rm -f libmagic.so && ln -s libmagic.so.1.0.0 libmagic.so; }; })
libtool: install: /usr/bin/install -c .libs/libmagic.lai /cross-tools/lib/libmagic.la
libtool: finish: PATH="/cross-tools/bin:/usr/local/sbin:/usr/local/bin:/usr/sbin:/usr/bin:/sbin:/bin:/sbin" ldconfig -n /cross-tools/lib
----------------------------------------------------------------------
Libraries have been installed in:
   /cross-tools/lib

If you ever happen to want to link against installed libraries
in a given directory, LIBDIR, you must either use libtool, and
specify the full pathname of the library, or use the `-LLIBDIR'
flag during linking and do at least one of the following:
   - add LIBDIR to the `LD_LIBRARY_PATH' environment variable
     during execution
   - add LIBDIR to the `LD_RUN_PATH' environment variable
     during linking
   - use the `-Wl,-rpath -Wl,LIBDIR' linker flag
   - have your system administrator add LIBDIR to `/etc/ld.so.conf'

See any operating system documentation about shared libraries for
more information, such as the ld(1) and ld.so(8) manual pages.
----------------------------------------------------------------------
 /bin/mkdir -p '/cross-tools/bin'
  /bin/bash ../libtool   --mode=install /usr/bin/install -c file '/cross-tools/bin'
libtool: install: /usr/bin/install -c .libs/file /cross-tools/bin/file
 /bin/mkdir -p '/cross-tools/include'
 /usr/bin/install -c -m 644 ../../file-5.19/src/magic.h '/cross-tools/include'
make[3]: Leaving directory '/home/bert/build_qemu_images/clfs_cross_tools/system/sparc64-64/sources/step_4_file-5.19-build/src'
make[2]: Leaving directory '/home/bert/build_qemu_images/clfs_cross_tools/system/sparc64-64/sources/step_4_file-5.19-build/src'
make[1]: Leaving directory '/home/bert/build_qemu_images/clfs_cross_tools/system/sparc64-64/sources/step_4_file-5.19-build/src'
Making install in magic
make[1]: Entering directory '/home/bert/build_qemu_images/clfs_cross_tools/system/sparc64-64/sources/step_4_file-5.19-build/magic'
make[2]: Entering directory '/home/bert/build_qemu_images/clfs_cross_tools/system/sparc64-64/sources/step_4_file-5.19-build/magic'
make[2]: Nothing to be done for 'install-exec-am'.
 /bin/mkdir -p '/cross-tools/share/misc'
 /usr/bin/install -c -m 644 magic.mgc '/cross-tools/share/misc'
make[2]: Leaving directory '/home/bert/build_qemu_images/clfs_cross_tools/system/sparc64-64/sources/step_4_file-5.19-build/magic'
make[1]: Leaving directory '/home/bert/build_qemu_images/clfs_cross_tools/system/sparc64-64/sources/step_4_file-5.19-build/magic'
Making install in tests
make[1]: Entering directory '/home/bert/build_qemu_images/clfs_cross_tools/system/sparc64-64/sources/step_4_file-5.19-build/tests'
make[2]: Entering directory '/home/bert/build_qemu_images/clfs_cross_tools/system/sparc64-64/sources/step_4_file-5.19-build/tests'
make[2]: Nothing to be done for 'install-exec-am'.
make[2]: Nothing to be done for 'install-data-am'.
make[2]: Leaving directory '/home/bert/build_qemu_images/clfs_cross_tools/system/sparc64-64/sources/step_4_file-5.19-build/tests'
make[1]: Leaving directory '/home/bert/build_qemu_images/clfs_cross_tools/system/sparc64-64/sources/step_4_file-5.19-build/tests'
Making install in doc
make[1]: Entering directory '/home/bert/build_qemu_images/clfs_cross_tools/system/sparc64-64/sources/step_4_file-5.19-build/doc'
make[2]: Entering directory '/home/bert/build_qemu_images/clfs_cross_tools/system/sparc64-64/sources/step_4_file-5.19-build/doc'
make[2]: Nothing to be done for 'install-exec-am'.
 /bin/mkdir -p '/cross-tools/share/man/man1'
 /usr/bin/install -c -m 644 file.1 '/cross-tools/share/man/man1'
 /bin/mkdir -p '/cross-tools/share/man/man3'
 /usr/bin/install -c -m 644 libmagic.3 '/cross-tools/share/man/man3'
 /bin/mkdir -p '/cross-tools/share/man/man4'
 /usr/bin/install -c -m 644 magic.4 '/cross-tools/share/man/man4'
 /bin/mkdir -p '/cross-tools/share/man/man5'
make[2]: Leaving directory '/home/bert/build_qemu_images/clfs_cross_tools/system/sparc64-64/sources/step_4_file-5.19-build/doc'
make[1]: Leaving directory '/home/bert/build_qemu_images/clfs_cross_tools/system/sparc64-64/sources/step_4_file-5.19-build/doc'
Making install in python
make[1]: Entering directory '/home/bert/build_qemu_images/clfs_cross_tools/system/sparc64-64/sources/step_4_file-5.19-build/python'
make[2]: Entering directory '/home/bert/build_qemu_images/clfs_cross_tools/system/sparc64-64/sources/step_4_file-5.19-build/python'
make[2]: Nothing to be done for 'install-exec-am'.
make[2]: Nothing to be done for 'install-data-am'.
make[2]: Leaving directory '/home/bert/build_qemu_images/clfs_cross_tools/system/sparc64-64/sources/step_4_file-5.19-build/python'
make[1]: Leaving directory '/home/bert/build_qemu_images/clfs_cross_tools/system/sparc64-64/sources/step_4_file-5.19-build/python'
make[1]: Entering directory '/home/bert/build_qemu_images/clfs_cross_tools/system/sparc64-64/sources/step_4_file-5.19-build'
make[2]: Entering directory '/home/bert/build_qemu_images/clfs_cross_tools/system/sparc64-64/sources/step_4_file-5.19-build'
make[2]: Nothing to be done for 'install-exec-am'.
make[2]: Nothing to be done for 'install-data-am'.
make[2]: Leaving directory '/home/bert/build_qemu_images/clfs_cross_tools/system/sparc64-64/sources/step_4_file-5.19-build'
make[1]: Leaving directory '/home/bert/build_qemu_images/clfs_cross_tools/system/sparc64-64/sources/step_4_file-5.19-build'
