/bin/bash ../gcc-4.8.3/mkinstalldirs /cross-tools /cross-tools
make[1]: Entering directory '/home/bert/build_qemu_images/clfs_cross_tools/system/mips64-64/sources/step_15_gcc-4.8.3-build/fixincludes'
rm -rf /cross-tools/libexec/gcc/mips64el-unknown-linux-gnu/4.8.3/install-tools
/bin/bash ../../gcc-4.8.3/fixincludes/../mkinstalldirs /cross-tools/libexec/gcc/mips64el-unknown-linux-gnu/4.8.3/install-tools 
mkdir -p -- /cross-tools/libexec/gcc/mips64el-unknown-linux-gnu/4.8.3/install-tools
/bin/bash ../../gcc-4.8.3/fixincludes/../mkinstalldirs /cross-tools/lib/gcc/mips64el-unknown-linux-gnu/4.8.3/install-tools/include
mkdir -p -- /cross-tools/lib/gcc/mips64el-unknown-linux-gnu/4.8.3/install-tools/include
/usr/bin/install -c -m 644 ../../gcc-4.8.3/fixincludes/README-fixinc \
  /cross-tools/lib/gcc/mips64el-unknown-linux-gnu/4.8.3/install-tools/include/README
/usr/bin/install -c fixinc.sh /cross-tools/libexec/gcc/mips64el-unknown-linux-gnu/4.8.3/install-tools/fixinc.sh
/usr/bin/install -c fixincl \
  /cross-tools/libexec/gcc/mips64el-unknown-linux-gnu/4.8.3/install-tools/fixincl
/usr/bin/install -c mkheaders /cross-tools/libexec/gcc/mips64el-unknown-linux-gnu/4.8.3/install-tools/mkheaders
make[1]: Leaving directory '/home/bert/build_qemu_images/clfs_cross_tools/system/mips64-64/sources/step_15_gcc-4.8.3-build/fixincludes'
make[1]: Entering directory '/home/bert/build_qemu_images/clfs_cross_tools/system/mips64-64/sources/step_15_gcc-4.8.3-build/lto-plugin'
make[2]: Entering directory '/home/bert/build_qemu_images/clfs_cross_tools/system/mips64-64/sources/step_15_gcc-4.8.3-build/lto-plugin'
test -z "/cross-tools/libexec/gcc/mips64el-unknown-linux-gnu/4.8.3" || /bin/mkdir -p "/cross-tools/libexec/gcc/mips64el-unknown-linux-gnu/4.8.3"
 /bin/bash ./libtool --tag=disable-static  --mode=install /usr/bin/install -c   liblto_plugin.la '/cross-tools/libexec/gcc/mips64el-unknown-linux-gnu/4.8.3'
libtool: install: /usr/bin/install -c .libs/liblto_plugin.so.0.0.0 /cross-tools/libexec/gcc/mips64el-unknown-linux-gnu/4.8.3/liblto_plugin.so.0.0.0
libtool: install: (cd /cross-tools/libexec/gcc/mips64el-unknown-linux-gnu/4.8.3 && { ln -s -f liblto_plugin.so.0.0.0 liblto_plugin.so.0 || { rm -f liblto_plugin.so.0 && ln -s liblto_plugin.so.0.0.0 liblto_plugin.so.0; }; })
libtool: install: (cd /cross-tools/libexec/gcc/mips64el-unknown-linux-gnu/4.8.3 && { ln -s -f liblto_plugin.so.0.0.0 liblto_plugin.so || { rm -f liblto_plugin.so && ln -s liblto_plugin.so.0.0.0 liblto_plugin.so; }; })
libtool: install: /usr/bin/install -c .libs/liblto_plugin.lai /cross-tools/libexec/gcc/mips64el-unknown-linux-gnu/4.8.3/liblto_plugin.la
libtool: finish: PATH="/cross-tools/bin:/usr/local/sbin:/usr/local/bin:/usr/sbin:/usr/bin:/sbin:/bin:/sbin" ldconfig -n /cross-tools/libexec/gcc/mips64el-unknown-linux-gnu/4.8.3
----------------------------------------------------------------------
Libraries have been installed in:
   /cross-tools/libexec/gcc/mips64el-unknown-linux-gnu/4.8.3

If you ever happen to want to link against installed libraries
in a given directory, LIBDIR, you must either use libtool, and
specify the full pathname of the library, or use the `-LLIBDIR'
flag during linking and do at least one of the following:
   - add LIBDIR to the `LD_LIBRARY_PATH' environment variable
     during execution
   - add LIBDIR to the `LD_RUN_PATH' environment variable
     during linking
   - use the `-Wl,-rpath -Wl,LIBDIR' linker flag
   - have your system administrator add LIBDIR to `/etc/ld.so.conf'

See any operating system documentation about shared libraries for
more information, such as the ld(1) and ld.so(8) manual pages.
----------------------------------------------------------------------
make[2]: Nothing to be done for 'install-data-am'.
make[2]: Leaving directory '/home/bert/build_qemu_images/clfs_cross_tools/system/mips64-64/sources/step_15_gcc-4.8.3-build/lto-plugin'
make[1]: Leaving directory '/home/bert/build_qemu_images/clfs_cross_tools/system/mips64-64/sources/step_15_gcc-4.8.3-build/lto-plugin'
make[1]: Entering directory '/home/bert/build_qemu_images/clfs_cross_tools/system/mips64-64/sources/step_15_gcc-4.8.3-build/gcc'
/bin/bash ../../gcc-4.8.3/gcc/../mkinstalldirs /cross-tools/lib/gcc/mips64el-unknown-linux-gnu/4.8.3
/bin/bash ../../gcc-4.8.3/gcc/../mkinstalldirs /cross-tools/libexec/gcc/mips64el-unknown-linux-gnu/4.8.3
/bin/bash ../../gcc-4.8.3/gcc/../mkinstalldirs /cross-tools/bin
/bin/bash ../../gcc-4.8.3/gcc/../mkinstalldirs /cross-tools/include
/bin/bash ../../gcc-4.8.3/gcc/../mkinstalldirs /cross-tools/share/info
/bin/bash ../../gcc-4.8.3/gcc/../mkinstalldirs /cross-tools/share/man/man1
/bin/bash ../../gcc-4.8.3/gcc/../mkinstalldirs /cross-tools/share/man/man7
mkdir -p -- /cross-tools/share/man/man7
for file in gnat1 cc1 cc1plus f951 go1 jc1 jvgenmain lto1 cc1obj cc1objplus; do \
  if [ -f $file ] ; then \
    rm -f /cross-tools/libexec/gcc/mips64el-unknown-linux-gnu/4.8.3/$file; \
    /usr/bin/install -c $file /cross-tools/libexec/gcc/mips64el-unknown-linux-gnu/4.8.3/$file; \
  else true; \
  fi; \
done
for file in  collect2 ..; do \
  if [ x"$file" != x.. ]; then \
    rm -f /cross-tools/libexec/gcc/mips64el-unknown-linux-gnu/4.8.3/$file; \
    /usr/bin/install -c $file /cross-tools/libexec/gcc/mips64el-unknown-linux-gnu/4.8.3/$file; \
  else true; fi; \
done
rm -f /cross-tools/lib/gcc/mips64el-unknown-linux-gnu/4.8.3/specs
if [ -f gcov ]; \
then \
    rm -f /cross-tools/bin/mips64el-unknown-linux-gnu-gcov; \
    /usr/bin/install -c gcov /cross-tools/bin/mips64el-unknown-linux-gnu-gcov; \
fi
/bin/bash ../../gcc-4.8.3/gcc/../mkinstalldirs /cross-tools/lib/gcc/mips64el-unknown-linux-gnu/4.8.3/include
mkdir -p -- /cross-tools/lib/gcc/mips64el-unknown-linux-gnu/4.8.3/include
rm -rf /cross-tools/lib/gcc/mips64el-unknown-linux-gnu/4.8.3/include-fixed
mkdir /cross-tools/lib/gcc/mips64el-unknown-linux-gnu/4.8.3/include-fixed
chmod a+rx /cross-tools/lib/gcc/mips64el-unknown-linux-gnu/4.8.3/include-fixed
(cd `${PWDCMD-pwd}`/include ; \
 tar -cf - .; exit 0) | (cd /cross-tools/lib/gcc/mips64el-unknown-linux-gnu/4.8.3/include; tar xpf - )
(cd `${PWDCMD-pwd}`/include-fixed ; \
 tar -cf - .; exit 0) | (cd /cross-tools/lib/gcc/mips64el-unknown-linux-gnu/4.8.3/include-fixed; tar xpf - )
files=`cd /cross-tools/lib/gcc/mips64el-unknown-linux-gnu/4.8.3/include-fixed; find . -type l -print 2>/dev/null`; \
if [ $? -eq 0 ]; then \
  dir=`cd include-fixed; ${PWDCMD-pwd}`; \
  for i in $files; do \
    dest=`ls -ld /cross-tools/lib/gcc/mips64el-unknown-linux-gnu/4.8.3/include-fixed/$i | sed -n 's/.*-> //p'`; \
    if expr "$dest" : "$dir.*" > /dev/null; then \
      rm -f /cross-tools/lib/gcc/mips64el-unknown-linux-gnu/4.8.3/include-fixed/$i; \
      ln -s `echo $i | sed "s|/[^/]*|/..|g" | sed 's|/..$||'``echo "$dest" | sed "s|$dir||"` /cross-tools/lib/gcc/mips64el-unknown-linux-gnu/4.8.3/include-fixed/$i; \
    fi; \
  done; \
fi
/bin/bash ../../gcc-4.8.3/gcc/../mkinstalldirs /cross-tools/lib/gcc/mips64el-unknown-linux-gnu/4.8.3/install-tools/include
/bin/bash ../../gcc-4.8.3/gcc/../mkinstalldirs /cross-tools/libexec/gcc/mips64el-unknown-linux-gnu/4.8.3/install-tools
/usr/bin/install -c -m 644 ../../gcc-4.8.3/gcc/gsyslimits.h \
  /cross-tools/lib/gcc/mips64el-unknown-linux-gnu/4.8.3/install-tools/gsyslimits.h
/usr/bin/install -c -m 644 macro_list /cross-tools/lib/gcc/mips64el-unknown-linux-gnu/4.8.3/install-tools/macro_list
/usr/bin/install -c -m 644 fixinc_list /cross-tools/lib/gcc/mips64el-unknown-linux-gnu/4.8.3/install-tools/fixinc_list
set -e; for ml in `cat fixinc_list`; do \
  multi_dir=`echo ${ml} | sed -e 's/^[^;]*;//'`; \
  /bin/bash ../../gcc-4.8.3/gcc/../mkinstalldirs /cross-tools/lib/gcc/mips64el-unknown-linux-gnu/4.8.3/install-tools/include${multi_dir}; \
  /usr/bin/install -c -m 644 include-fixed${multidir}/limits.h /cross-tools/lib/gcc/mips64el-unknown-linux-gnu/4.8.3/install-tools/include${multi_dir}/limits.h; \
done
/usr/bin/install -c ../../gcc-4.8.3/gcc/../mkinstalldirs \
	/cross-tools/libexec/gcc/mips64el-unknown-linux-gnu/4.8.3/install-tools/mkinstalldirs ; \
sysroot_headers_suffix='${sysroot_headers_suffix}'; \
	echo 'SYSTEM_HEADER_DIR="'"`echo /home/bert/build_qemu_images/clfs_cross_tools/system/mips64-64${sysroot_headers_suffix}/tools/include | sed -e :a -e 's,[^/]*/\.\.\/,,' -e ta`"'"' \
	> /cross-tools/lib/gcc/mips64el-unknown-linux-gnu/4.8.3/install-tools/mkheaders.conf
echo 'OTHER_FIXINCLUDES_DIRS=""' \
	>> /cross-tools/lib/gcc/mips64el-unknown-linux-gnu/4.8.3/install-tools/mkheaders.conf
echo 'STMP_FIXINC="stmp-fixinc"' \
	>> /cross-tools/lib/gcc/mips64el-unknown-linux-gnu/4.8.3/install-tools/mkheaders.conf
rm -f /cross-tools/bin/mips64el-unknown-linux-gnu-cpp
/usr/bin/install -c -m 755 cpp /cross-tools/bin/mips64el-unknown-linux-gnu-cpp
if [ x != x ]; then \
  rm -f /cross-tools//mips64el-unknown-linux-gnu-cpp; \
  /usr/bin/install -c -m 755 cpp /cross-tools//mips64el-unknown-linux-gnu-cpp; \
else true; fi
rm -f /cross-tools/share/man/man1/mips64el-unknown-linux-gnu-gcc.1
/usr/bin/install -c -m 644 doc/gcc.1 /cross-tools/share/man/man1/mips64el-unknown-linux-gnu-gcc.1
chmod a-x /cross-tools/share/man/man1/mips64el-unknown-linux-gnu-gcc.1
rm -f /cross-tools/share/man/man1/mips64el-unknown-linux-gnu-cpp.1
/usr/bin/install -c -m 644 ../../gcc-4.8.3/gcc/doc/cpp.1 /cross-tools/share/man/man1/mips64el-unknown-linux-gnu-cpp.1
chmod a-x /cross-tools/share/man/man1/mips64el-unknown-linux-gnu-cpp.1
rm -f /cross-tools/share/man/man1/mips64el-unknown-linux-gnu-gcov.1
/usr/bin/install -c -m 644 ../../gcc-4.8.3/gcc/doc/gcov.1 /cross-tools/share/man/man1/mips64el-unknown-linux-gnu-gcov.1
chmod a-x /cross-tools/share/man/man1/mips64el-unknown-linux-gnu-gcov.1
rm -f /cross-tools/share/man/man7/fsf-funding.7
/usr/bin/install -c -m 644 ../../gcc-4.8.3/gcc/doc/fsf-funding.7 /cross-tools/share/man/man7/fsf-funding.7
chmod a-x /cross-tools/share/man/man7/fsf-funding.7
rm -f /cross-tools/share/man/man7/gfdl.7
/usr/bin/install -c -m 644 ../../gcc-4.8.3/gcc/doc/gfdl.7 /cross-tools/share/man/man7/gfdl.7
chmod a-x /cross-tools/share/man/man7/gfdl.7
rm -f /cross-tools/share/man/man7/gpl.7
/usr/bin/install -c -m 644 doc/gpl.7 /cross-tools/share/man/man7/gpl.7
chmod a-x /cross-tools/share/man/man7/gpl.7
rm -f /cross-tools/share/info/cpp.info
if [ -f doc/cpp.info ]; then \
  for f in doc/cpp.info*; do \
    realfile=`echo $f | sed -e 's|.*/\([^/]*\)$|\1|'`; \
    /usr/bin/install -c -m 644 $f /cross-tools/share/info/$realfile; \
    chmod a-x /cross-tools/share/info/$realfile; \
  done; \
else true; fi
if /bin/bash -c 'install-info --version' >/dev/null 2>&1; then \
  if [ -f /cross-tools/share/info/cpp.info ]; then \
    install-info --dir-file=/cross-tools/share/info/dir /cross-tools/share/info/cpp.info; \
  else true; fi; \
else true; fi;
rm -f /cross-tools/share/info/gcc.info
if [ -f doc/gcc.info ]; then \
  for f in doc/gcc.info*; do \
    realfile=`echo $f | sed -e 's|.*/\([^/]*\)$|\1|'`; \
    /usr/bin/install -c -m 644 $f /cross-tools/share/info/$realfile; \
    chmod a-x /cross-tools/share/info/$realfile; \
  done; \
else true; fi
if /bin/bash -c 'install-info --version' >/dev/null 2>&1; then \
  if [ -f /cross-tools/share/info/gcc.info ]; then \
    install-info --dir-file=/cross-tools/share/info/dir /cross-tools/share/info/gcc.info; \
  else true; fi; \
else true; fi;
rm -f /cross-tools/share/info/cppinternals.info
if [ -f doc/cppinternals.info ]; then \
  for f in doc/cppinternals.info*; do \
    realfile=`echo $f | sed -e 's|.*/\([^/]*\)$|\1|'`; \
    /usr/bin/install -c -m 644 $f /cross-tools/share/info/$realfile; \
    chmod a-x /cross-tools/share/info/$realfile; \
  done; \
else true; fi
if /bin/bash -c 'install-info --version' >/dev/null 2>&1; then \
  if [ -f /cross-tools/share/info/cppinternals.info ]; then \
    install-info --dir-file=/cross-tools/share/info/dir /cross-tools/share/info/cppinternals.info; \
  else true; fi; \
else true; fi;
rm -f /cross-tools/share/info/gccinstall.info
if [ -f doc/gccinstall.info ]; then \
  for f in doc/gccinstall.info*; do \
    realfile=`echo $f | sed -e 's|.*/\([^/]*\)$|\1|'`; \
    /usr/bin/install -c -m 644 $f /cross-tools/share/info/$realfile; \
    chmod a-x /cross-tools/share/info/$realfile; \
  done; \
else true; fi
if /bin/bash -c 'install-info --version' >/dev/null 2>&1; then \
  if [ -f /cross-tools/share/info/gccinstall.info ]; then \
    install-info --dir-file=/cross-tools/share/info/dir /cross-tools/share/info/gccinstall.info; \
  else true; fi; \
else true; fi;
rm -f /cross-tools/share/info/gccint.info
if [ -f doc/gccint.info ]; then \
  for f in doc/gccint.info*; do \
    realfile=`echo $f | sed -e 's|.*/\([^/]*\)$|\1|'`; \
    /usr/bin/install -c -m 644 $f /cross-tools/share/info/$realfile; \
    chmod a-x /cross-tools/share/info/$realfile; \
  done; \
else true; fi
if /bin/bash -c 'install-info --version' >/dev/null 2>&1; then \
  if [ -f /cross-tools/share/info/gccint.info ]; then \
    install-info --dir-file=/cross-tools/share/info/dir /cross-tools/share/info/gccint.info; \
  else true; fi; \
else true; fi;
rm -f /cross-tools/bin/mips64el-unknown-linux-gnu-gcc
/usr/bin/install -c xgcc /cross-tools/bin/mips64el-unknown-linux-gnu-gcc
rm -f /cross-tools/bin/mips64el-unknown-linux-gnu-gcc-4.8.3
( cd /cross-tools/bin && \
   ln mips64el-unknown-linux-gnu-gcc mips64el-unknown-linux-gnu-gcc-4.8.3 )
if [ -f gcc-cross ] ; then \
  if [ -d /cross-tools/lib/gcc/mips64el-unknown-linux-gnu/4.8.3/../../../../mips64el-unknown-linux-gnu/bin/. ] ; then \
    rm -f /cross-tools/lib/gcc/mips64el-unknown-linux-gnu/4.8.3/../../../../mips64el-unknown-linux-gnu/bin/gcc; \
    /usr/bin/install -c gcc-cross /cross-tools/lib/gcc/mips64el-unknown-linux-gnu/4.8.3/../../../../mips64el-unknown-linux-gnu/bin/gcc; \
  else true; fi; \
else \
  rm -f /cross-tools/bin/mips64el-unknown-linux-gnu-gcc-tmp; \
  ( cd /cross-tools/bin && \
    ln mips64el-unknown-linux-gnu-gcc mips64el-unknown-linux-gnu-gcc-tmp && \
    mv -f mips64el-unknown-linux-gnu-gcc-tmp mips64el-unknown-linux-gnu-mips64el-unknown-linux-gnu-gcc ); \
fi
/usr/bin/install -c lto-wrapper /cross-tools/libexec/gcc/mips64el-unknown-linux-gnu/4.8.3/lto-wrapper
for i in gcc-ar gcc-nm gcc-ranlib; do \
  install_name=`echo $i|sed 's&^&mips64el-unknown-linux-gnu-&'` ;\
  target_install_name=mips64el-unknown-linux-gnu-`echo $i|sed 's&^&mips64el-unknown-linux-gnu-&'` ; \
  rm -f /cross-tools/bin/$install_name ; \
  /usr/bin/install -c $i /cross-tools/bin/$install_name ;\
  if test -f gcc-cross; then \
    :; \
  else \
    rm -f /cross-tools/bin/$target_install_name; \
    ( cd /cross-tools/bin && \
      ln $install_name $target_install_name ) ; \
  fi ; \
done
rm -f tmp-header-vars
echo USER_H=loongson.h >> tmp-header-vars; echo HASHTAB_H=hashtab.h >> tmp-header-vars; echo OBSTACK_H=obstack.h >> tmp-header-vars; echo SPLAY_TREE_H=splay-tree.h >> tmp-header-vars; echo FIBHEAP_H=fibheap.h >> tmp-header-vars; echo PARTITION_H=partition.h >> tmp-header-vars; echo DWARF2_H=dwarf2.def >> tmp-header-vars; echo XREGEX_H=xregex.h >> tmp-header-vars; echo FNMATCH_H=fnmatch.h >> tmp-header-vars; echo LINKER_PLUGIN_API_H=plugin-api.h >> tmp-header-vars; echo LTO_SYMTAB_H=lto-symtab.h >> tmp-header-vars; echo BCONFIG_H=bconfig.h auto-host.h ansidecl.h >> tmp-header-vars; echo CONFIG_H=config.h auto-host.h ansidecl.h >> tmp-header-vars; echo TCONFIG_H=tconfig.h auto-host.h ansidecl.h >> tmp-header-vars; echo TM_P_H=tm_p.h config/mips/mips-protos.h tm-preds.h >> tmp-header-vars; echo GTM_H=tm.h options.h config/dbxelf.h defaults.h insn-constants.h >> tmp-header-vars; echo TM_H=tm.h options.h config/dbxelf.h mips-opts.h >> tmp-header-vars; echo VEC_H=vec.h statistics.h ggc.h gtype-desc.h statistics.h >> tmp-header-vars; echo HASH_TABLE_H=hashtab.h hash-table.h >> tmp-header-vars; echo EXCEPT_H=except.h hashtab.h >> tmp-header-vars; echo TARGET_H=tm.h options.h config/dbxelf.h mips-opts.h target.h target.def target-hooks-macros.h insn-modes.h >> tmp-header-vars; echo C_TARGET_H=c-family/c-target.h c-family/c-target.def target-hooks-macros.h >> tmp-header-vars; echo COMMON_TARGET_H=common/common-target.h common-target.def target-hooks-macros.h >> tmp-header-vars; echo MACHMODE_H=machmode.h mode-classes.def insn-modes.h >> tmp-header-vars; echo HOOKS_H=hooks.h machmode.h mode-classes.def insn-modes.h >> tmp-header-vars; echo HOSTHOOKS_DEF_H=hosthooks-def.h hooks.h machmode.h mode-classes.def insn-modes.h >> tmp-header-vars; echo LANGHOOKS_DEF_H=langhooks-def.h hooks.h machmode.h mode-classes.def insn-modes.h >> tmp-header-vars; echo TARGET_DEF_H=target-def.h target-hooks-def.h hooks.h machmode.h mode-classes.def insn-modes.h targhooks.h >> tmp-header-vars; echo C_TARGET_DEF_H=c-family/c-target-def.h c-family/c-target-hooks-def.h coretypes.h tree.h all-tree.def tree.def c-family/c-common.def common-targhooks.h >> tmp-header-vars; echo COMMON_TARGET_DEF_H=common/common-target-def.h common/common-target-hooks-def.h hooks.h machmode.h mode-classes.def insn-modes.h >> tmp-header-vars; echo RTL_BASE_H=coretypes.h rtl.h rtl.def machmode.h mode-classes.def insn-modes.h reg-notes.def insn-notes.def hashtab.h >> tmp-header-vars; echo FIXED_VALUE_H=fixed-value.h machmode.h mode-classes.def insn-modes.h double-int.h >> tmp-header-vars; echo RTL_H=coretypes.h rtl.h rtl.def machmode.h mode-classes.def insn-modes.h reg-notes.def insn-notes.def mips-opts.h genrtl.h >> tmp-header-vars; echo RTL_ERROR_H=rtl-error.h coretypes.h rtl.h rtl.def machmode.h mode-classes.def insn-modes.h reg-notes.def insn-notes.def line-map.h input.h bversion.h diagnostic.def >> tmp-header-vars; echo READ_MD_H=hashtab.h read-md.h >> tmp-header-vars; echo PARAMS_H=params.h params.def >> tmp-header-vars; echo INTERNAL_FN_H=internal-fn.h internal-fn.def >> tmp-header-vars; echo TREE_H=coretypes.h tree.h all-tree.def tree.def c-family/c-common.def mips-opts.h real.h machmode.h mode-classes.def insn-modes.h fixed-value.h machmode.h mode-classes.def insn-modes.h double-int.h >> tmp-header-vars; echo REGSET_H=regset.h bitmap.h hashtab.h statistics.h hard-reg-set.h >> tmp-header-vars; echo BASIC_BLOCK_H=basic-block.h predict.h predict.def vec.h statistics.h ggc.h gtype-desc.h statistics.h function.h line-map.h input.h machmode.h mode-classes.def insn-modes.h cfg-flags.def cfghooks.h >> tmp-header-vars; echo GIMPLE_H=gimple.h gimple.def gsstruct.def pointer-set.h vec.h statistics.h ggc.h gtype-desc.h statistics.h ggc.h gtype-desc.h statistics.h basic-block.h predict.h predict.def vec.h statistics.h ggc.h gtype-desc.h statistics.h function.h mips-opts.h real.h machmode.h mode-classes.def insn-modes.h fixed-value.h machmode.h mode-classes.def insn-modes.h double-int.h tree-ssa-operands.h tree-ssa-alias.h internal-fn.h internal-fn.def >> tmp-header-vars; echo TRANS_MEM_H=trans-mem.h >> tmp-header-vars; echo GCOV_IO_H=gcov-io.h gcov-iov.h auto-host.h >> tmp-header-vars; echo COVERAGE_H=coverage.h gcov-io.h gcov-iov.h auto-host.h >> tmp-header-vars; echo DEMANGLE_H=demangle.h >> tmp-header-vars; echo RECOG_H=recog.h >> tmp-header-vars; echo ALIAS_H=alias.h >> tmp-header-vars; echo EMIT_RTL_H=emit-rtl.h >> tmp-header-vars; echo FLAGS_H=flags.h flag-types.h options.h flag-types.h config/mips/mips-opts.h >> tmp-header-vars; echo OPTIONS_H=options.h flag-types.h config/mips/mips-opts.h >> tmp-header-vars; echo FUNCTION_H=function.h line-map.h input.h machmode.h mode-classes.def insn-modes.h >> tmp-header-vars; echo EXPR_H=expr.h insn-config.h function.h mips-opts.h real.h machmode.h mode-classes.def insn-modes.h fixed-value.h machmode.h mode-classes.def insn-modes.h double-int.h machmode.h mode-classes.def insn-modes.h emit-rtl.h >> tmp-header-vars; echo OPTABS_H=optabs.h insn-codes.h insn-opinit.h >> tmp-header-vars; echo REGS_H=regs.h machmode.h mode-classes.def insn-modes.h hard-reg-set.h >> tmp-header-vars; echo SCHED_INT_H=sched-int.h insn-attr.h insn-attr-common.h hashtab.h statistics.h hard-reg-set.h >> tmp-header-vars; echo SEL_SCHED_IR_H=sel-sched-ir.h insn-attr.h insn-attr-common.h hashtab.h statistics.h hard-reg-set.h >> tmp-header-vars; echo SEL_SCHED_DUMP_H=sel-sched-dump.h sel-sched-ir.h insn-attr.h insn-attr-common.h hashtab.h statistics.h hard-reg-set.h >> tmp-header-vars; echo CFGLOOP_H=cfgloop.h basic-block.h predict.h predict.def vec.h statistics.h ggc.h gtype-desc.h statistics.h function.h hashtab.h statistics.h sbitmap.h >> tmp-header-vars; echo IPA_UTILS_H=ipa-utils.h coretypes.h tree.h all-tree.def tree.def c-family/c-common.def plugin-api.h is-a.h >> tmp-header-vars; echo IPA_REFERENCE_H=ipa-reference.h bitmap.h mips-opts.h real.h machmode.h mode-classes.def insn-modes.h fixed-value.h machmode.h mode-classes.def insn-modes.h double-int.h >> tmp-header-vars; echo CGRAPH_H=cgraph.h vec.h statistics.h ggc.h gtype-desc.h statistics.h coretypes.h tree.h all-tree.def tree.def c-family/c-common.def plugin-api.h is-a.h >> tmp-header-vars; echo DF_H=df.h bitmap.h line-map.h input.h machmode.h mode-classes.def insn-modes.h cfg-flags.def cfghooks.h alloc-pool.h timevar.h timevar.def >> tmp-header-vars; echo VALTRACK_H=valtrack.h bitmap.h hashtab.h hash-table.h >> tmp-header-vars; echo RESOURCE_H=resource.h hard-reg-set.h df.h bitmap.h line-map.h input.h machmode.h mode-classes.def insn-modes.h cfg-flags.def cfghooks.h alloc-pool.h timevar.h timevar.def >> tmp-header-vars; echo DDG_H=ddg.h sbitmap.h df.h bitmap.h line-map.h input.h machmode.h mode-classes.def insn-modes.h cfg-flags.def cfghooks.h alloc-pool.h timevar.h timevar.def >> tmp-header-vars; echo GCC_H=gcc.h version.h diagnostic-core.h line-map.h input.h bversion.h diagnostic.def >> tmp-header-vars; echo GGC_H=ggc.h gtype-desc.h statistics.h >> tmp-header-vars; echo GGC_INTERNAL_H=ggc-internal.h ggc.h gtype-desc.h statistics.h >> tmp-header-vars; echo TIMEVAR_H=timevar.h timevar.def >> tmp-header-vars; echo INSN_ATTR_H=insn-attr.h insn-attr-common.h insn-addr.h >> tmp-header-vars; echo INSN_ADDR_H=insn-addr.h >> tmp-header-vars; echo C_COMMON_H=c-family/c-common.h c-family/c-common.def coretypes.h tree.h all-tree.def tree.def c-family/c-common.def line-map.h input.h bversion.h diagnostic.def >> tmp-header-vars; echo C_PRAGMA_H=c-family/c-pragma.h cpplib.h >> tmp-header-vars; echo C_TREE_H=c/c-tree.h c-family/c-common.h c-family/c-common.def coretypes.h tree.h all-tree.def tree.def c-family/c-common.def obstack.h >> tmp-header-vars; echo SYSTEM_H=system.h hwint.h filenames.h >> tmp-header-vars; echo PREDICT_H=predict.h predict.def >> tmp-header-vars; echo CPPLIB_H=cpplib.h >> tmp-header-vars; echo INPUT_H=line-map.h input.h >> tmp-header-vars; echo OPTS_H=obstack.h >> tmp-header-vars; echo DECNUM_H=decimal128Local.h >> tmp-header-vars; echo BACKTRACE_H=backtrace.h >> tmp-header-vars; echo MKDEPS_H=mkdeps.h >> tmp-header-vars; echo SYMTAB_H=obstack.h >> tmp-header-vars; echo CPP_ID_DATA_H=cpp-id-data.h >> tmp-header-vars; echo CPP_INTERNAL_H=cpp-id-data.h >> tmp-header-vars; echo TREE_DUMP_H=tree-dump.h splay-tree.h dumpfile.h >> tmp-header-vars; echo TREE_PASS_H=tree-pass.h timevar.h timevar.def dumpfile.h >> tmp-header-vars; echo TREE_FLOW_H=tree-flow.h tree-flow-inline.h tree-ssa-operands.h bitmap.h mips-opts.h real.h machmode.h mode-classes.def insn-modes.h fixed-value.h machmode.h mode-classes.def insn-modes.h double-int.h tree-ssa-alias.h >> tmp-header-vars; echo TREE_SSA_LIVE_H=tree-ssa-live.h partition.h >> tmp-header-vars; echo SSAEXPAND_H=ssaexpand.h tree-ssa-live.h partition.h >> tmp-header-vars; echo PRETTY_PRINT_H=pretty-print.h obstack.h >> tmp-header-vars; echo TREE_PRETTY_PRINT_H=tree-pretty-print.h pretty-print.h obstack.h >> tmp-header-vars; echo GIMPLE_PRETTY_PRINT_H=gimple-pretty-print.h tree-pretty-print.h pretty-print.h obstack.h >> tmp-header-vars; echo DIAGNOSTIC_CORE_H=diagnostic-core.h line-map.h input.h bversion.h diagnostic.def >> tmp-header-vars; echo DIAGNOSTIC_H=diagnostic.h diagnostic-core.h obstack.h >> tmp-header-vars; echo DWARF2OUT_H=dwarf2out.h dwarf2.def >> tmp-header-vars; echo C_PRETTY_PRINT_H=c-family/c-pretty-print.h pretty-print.h mips-opts.h real.h machmode.h mode-classes.def insn-modes.h fixed-value.h machmode.h mode-classes.def insn-modes.h double-int.h >> tmp-header-vars; echo SCEV_H=tree-scalar-evolution.h ggc.h gtype-desc.h statistics.h tree-chrec.h params.h params.def >> tmp-header-vars; echo OMEGA_H=omega.h params.h params.def >> tmp-header-vars; echo TREE_DATA_REF_H=tree-data-ref.h omega.h params.h params.def graphds.h tree-scalar-evolution.h ggc.h gtype-desc.h statistics.h tree-chrec.h params.h params.def >> tmp-header-vars; echo TREE_INLINE_H=tree-inline.h >> tmp-header-vars; echo REAL_H=real.h machmode.h mode-classes.def insn-modes.h >> tmp-header-vars; echo IRA_INT_H=ira.h ira-int.h cfgloop.h basic-block.h predict.h predict.def vec.h statistics.h ggc.h gtype-desc.h statistics.h function.h hashtab.h statistics.h sbitmap.h alloc-pool.h >> tmp-header-vars; echo LRA_INT_H=lra.h bitmap.h insn-addr.h insn-codes.h lra-int.h >> tmp-header-vars; echo DBGCNT_H=dbgcnt.h dbgcnt.def >> tmp-header-vars; echo LTO_STREAMER_H=lto-streamer.h obstack.h alloc-pool.h >> tmp-header-vars; echo DATA_STREAMER_H=data-streamer.h vec.h statistics.h ggc.h gtype-desc.h statistics.h lto-streamer.h obstack.h alloc-pool.h >> tmp-header-vars; echo GIMPLE_STREAMER_H=gimple-streamer.h lto-streamer.h line-map.h input.h machmode.h mode-classes.def insn-modes.h >> tmp-header-vars; echo TREE_STREAMER_H=tree-streamer.h coretypes.h tree.h all-tree.def tree.def c-family/c-common.def mips-opts.h real.h machmode.h mode-classes.def insn-modes.h fixed-value.h machmode.h mode-classes.def insn-modes.h double-int.h >> tmp-header-vars; echo STREAMER_HOOKS_H=streamer-hooks.h coretypes.h tree.h all-tree.def tree.def c-family/c-common.def mips-opts.h real.h machmode.h mode-classes.def insn-modes.h fixed-value.h machmode.h mode-classes.def insn-modes.h double-int.h >> tmp-header-vars; echo TREE_VECTORIZER_H=tree-vectorizer.h tree-data-ref.h omega.h params.h params.def graphds.h tree-scalar-evolution.h ggc.h gtype-desc.h statistics.h tree-chrec.h params.h params.def tm.h options.h config/dbxelf.h mips-opts.h target.h target.def target-hooks-macros.h insn-modes.h >> tmp-header-vars; echo IPA_PROP_H=ipa-prop.h coretypes.h tree.h all-tree.def tree.def c-family/c-common.def mips-opts.h real.h machmode.h mode-classes.def insn-modes.h fixed-value.h machmode.h mode-classes.def insn-modes.h double-int.h tree-ssa-operands.h tree-ssa-alias.h internal-fn.h internal-fn.def alloc-pool.h >> tmp-header-vars; echo IPA_INLINE_H=ipa-inline.h ipa-prop.h coretypes.h tree.h all-tree.def tree.def c-family/c-common.def mips-opts.h real.h machmode.h mode-classes.def insn-modes.h fixed-value.h machmode.h mode-classes.def insn-modes.h double-int.h tree-ssa-operands.h tree-ssa-alias.h internal-fn.h internal-fn.def alloc-pool.h >> tmp-header-vars; echo GSTAB_H=gstab.h stab.def >> tmp-header-vars; echo BITMAP_H=bitmap.h hashtab.h statistics.h >> tmp-header-vars; echo GCC_PLUGIN_H=gcc-plugin.h highlev-plugin-common.h plugin.def config.h auto-host.h hashtab.h >> tmp-header-vars; echo PLUGIN_H=plugin.h gcc-plugin.h highlev-plugin-common.h plugin.def config.h auto-host.h hashtab.h >> tmp-header-vars; echo PLUGIN_VERSION_H=plugin-version.h configargs.h >> tmp-header-vars; echo LIBFUNCS_H=libfuncs.h hashtab.h >> tmp-header-vars; echo GTFILES_H=gt-coverage.h gt-caller-save.h gt-symtab.h gt-alias.h gt-bitmap.h gt-cselib.h gt-cgraph.h gt-ipa-prop.h gt-ipa-cp.h gt-dbxout.h gt-dwarf2asm.h gt-dwarf2cfi.h gt-dwarf2out.h gt-tree-vect-generic.h gt-dojump.h gt-emit-rtl.h gt-explow.h gt-expr.h gt-function.h gt-except.h gt-gcse.h gt-godump.h gt-lists.h gt-optabs.h gt-profile.h gt-mcf.h gt-reg-stack.h gt-cfgrtl.h gt-sdbout.h gt-stor-layout.h gt-stringpool.h gt-tree.h gt-varasm.h gt-gimple.h gt-tree-mudflap.h gt-tree-ssanames.h gt-tree-eh.h gt-tree-ssa-address.h gt-tree-cfg.h gt-tree-dfa.h gt-tree-iterator.h gt-gimplify.h gt-tree-scalar-evolution.h gt-tree-profile.h gt-tree-nested.h gt-tree-parloops.h gt-omp-low.h gt-targhooks.h gt-mips.h gt-passes.h gt-cgraphunit.h gt-cgraphclones.h gt-tree-ssa-propagate.h gt-tree-phinodes.h gt-lto-symtab.h gt-trans-mem.h gt-asan.h gt-tsan.h gt-ada-decl.h gt-ada-trans.h gt-ada-utils.h gt-ada-misc.h gt-c-c-lang.h gt-c-c-decl.h gt-c-family-c-common.h gt-c-family-c-cppbuiltin.h gt-c-family-c-pragma.h gt-c-c-objc-common.h gt-c-c-parser.h gt-cp-rtti.h gt-cp-mangle.h gt-cp-name-lookup.h gt-cp-call.h gt-cp-decl.h gt-cp-decl2.h gt-cp-pt.h gt-cp-repo.h gt-cp-semantics.h gt-cp-tree.h gt-cp-parser.h gt-cp-method.h gt-cp-typeck2.h gt-c-family-c-common.h gt-c-family-c-lex.h gt-c-family-c-pragma.h gt-cp-class.h gt-cp-cp-objcp-common.h gt-cp-cp-lang.h gt-cp-except.h gt-fortran-f95-lang.h gt-fortran-trans-decl.h gt-fortran-trans-intrinsic.h gt-fortran-trans-io.h gt-fortran-trans-stmt.h gt-fortran-trans-types.h gt-go-go-lang.h gt-java-builtins.h gt-java-class.h gt-java-constants.h gt-java-decl.h gt-java-expr.h gt-java-jcf-parse.h gt-java-lang.h gt-java-mangle.h gt-java-resource.h gt-lto-lto-lang.h gt-lto-lto.h gt-objc-objc-act.h gt-objc-objc-runtime-shared-support.h gt-objc-objc-gnu-runtime-abi-01.h gt-objc-objc-next-runtime-abi-01.h gt-objc-objc-next-runtime-abi-02.h gt-c-c-parser.h gt-c-c-decl.h gt-c-c-objc-common.h gt-c-family-c-common.h gt-c-family-c-cppbuiltin.h gt-c-family-c-pragma.h gt-cp-rtti.h gt-cp-mangle.h gt-cp-name-lookup.h gt-cp-call.h gt-cp-decl.h gt-cp-decl2.h gt-cp-pt.h gt-cp-repo.h gt-cp-semantics.h gt-cp-tree.h gt-cp-parser.h gt-cp-method.h gt-cp-typeck2.h gt-c-family-c-common.h gt-c-family-c-lex.h gt-c-family-c-pragma.h gt-cp-class.h gt-cp-cp-objcp-common.h gt-objc-objc-act.h gt-objc-objc-runtime-shared-support.h gt-objc-objc-gnu-runtime-abi-01.h gt-objc-objc-next-runtime-abi-01.h gt-objc-objc-next-runtime-abi-02.h gt-c-family-c-cppbuiltin.h >> tmp-header-vars; echo GTFILES_LANG_H=gtype-ada.h gtype-c.h gtype-cp.h gtype-fortran.h gtype-go.h gtype-java.h gtype-lto.h gtype-objc.h gtype-objcp.h >> tmp-header-vars; \
/bin/bash ../../gcc-4.8.3/gcc/../move-if-change tmp-header-vars b-header-vars
echo timestamp > s-header-vars
/bin/bash ../../gcc-4.8.3/gcc/../mkinstalldirs /cross-tools/lib/gcc/mips64el-unknown-linux-gnu/4.8.3/plugin
mkdir -p -- /cross-tools/lib/gcc/mips64el-unknown-linux-gnu/4.8.3/plugin
/usr/bin/install -c -m 644 gtype.state /cross-tools/lib/gcc/mips64el-unknown-linux-gnu/4.8.3/plugin/gtype.state
/bin/bash ../../gcc-4.8.3/gcc/../mkinstalldirs /cross-tools/libexec/gcc/mips64el-unknown-linux-gnu/4.8.3/plugin
mkdir -p -- /cross-tools/libexec/gcc/mips64el-unknown-linux-gnu/4.8.3/plugin
/usr/bin/install -c gengtype /cross-tools/libexec/gcc/mips64el-unknown-linux-gnu/4.8.3/plugin/gengtype
/bin/bash ../../gcc-4.8.3/gcc/../mkinstalldirs /cross-tools/lib/gcc/mips64el-unknown-linux-gnu/4.8.3/plugin/include
mkdir -p -- /cross-tools/lib/gcc/mips64el-unknown-linux-gnu/4.8.3/plugin/include
headers=`echo coretypes.h tree.h all-tree.def tree.def c-family/c-common.def ../../gcc-4.8.3/gcc/ada/gcc-interface/ada-tree.def ../../gcc-4.8.3/gcc/cp/cp-tree.def ../../gcc-4.8.3/gcc/java/java-tree.def ../../gcc-4.8.3/gcc/objc/objc-tree.def machmode.h mode-classes.def insn-modes.h tree-check.h builtins.def sync-builtins.def omp-builtins.def gtm-builtins.def sanitizer.def ../../gcc-4.8.3/gcc/../libcpp/include/line-map.h input.h statistics.h vec.h statistics.h ggc.h gtype-desc.h statistics.h treestruct.def ../../gcc-4.8.3/gcc/../include/hashtab.h double-int.h alias.h ../../gcc-4.8.3/gcc/../libcpp/include/symtab.h ../../gcc-4.8.3/gcc/../include/obstack.h flags.h flag-types.h options.h flag-types.h  ../../gcc-4.8.3/gcc/config/mips/mips-opts.h real.h machmode.h mode-classes.def insn-modes.h fixed-value.h machmode.h mode-classes.def insn-modes.h double-int.h config.h  auto-host.h ../../gcc-4.8.3/gcc/../include/ansidecl.h system.h hwint.h ../../gcc-4.8.3/gcc/../include/libiberty.h ../../gcc-4.8.3/gcc/../include/safe-ctype.h ../../gcc-4.8.3/gcc/../include/filenames.h coretypes.h tm.h      options.h ../../gcc-4.8.3/gcc/config/dbxelf.h ../../gcc-4.8.3/gcc/config/elfos.h ../../gcc-4.8.3/gcc/config/gnu-user.h ../../gcc-4.8.3/gcc/config/linux.h ../../gcc-4.8.3/gcc/config/glibc-stdint.h ../../gcc-4.8.3/gcc/config/vxworks-dummy.h ../../gcc-4.8.3/gcc/config/mips/mips.h ../../gcc-4.8.3/gcc/config/linux-android.h ../../gcc-4.8.3/gcc/config/mips/gnu-user.h ../../gcc-4.8.3/gcc/config/mips/gnu-user64.h ../../gcc-4.8.3/gcc/config/mips/linux64.h ../../gcc-4.8.3/gcc/config/mips/linux-common.h ../../gcc-4.8.3/gcc/config/initfini-array.h ../../gcc-4.8.3/gcc/defaults.h insn-constants.h insn-flags.h options.h flag-types.h  ../../gcc-4.8.3/gcc/config/mips/mips-opts.h toplev.h diagnostic-core.h ../../gcc-4.8.3/gcc/../libcpp/include/line-map.h input.h bversion.h diagnostic.def basic-block.h predict.h predict.def vec.h statistics.h ggc.h gtype-desc.h statistics.h function.h ../../gcc-4.8.3/gcc/../include/hashtab.h tm.h      options.h ../../gcc-4.8.3/gcc/config/dbxelf.h ../../gcc-4.8.3/gcc/config/elfos.h ../../gcc-4.8.3/gcc/config/gnu-user.h ../../gcc-4.8.3/gcc/config/linux.h ../../gcc-4.8.3/gcc/config/glibc-stdint.h ../../gcc-4.8.3/gcc/config/vxworks-dummy.h ../../gcc-4.8.3/gcc/config/mips/mips.h ../../gcc-4.8.3/gcc/config/linux-android.h ../../gcc-4.8.3/gcc/config/mips/gnu-user.h ../../gcc-4.8.3/gcc/config/mips/gnu-user64.h ../../gcc-4.8.3/gcc/config/mips/linux64.h ../../gcc-4.8.3/gcc/config/mips/linux-common.h ../../gcc-4.8.3/gcc/config/initfini-array.h ../../gcc-4.8.3/gcc/defaults.h insn-constants.h insn-flags.h options.h flag-types.h  ../../gcc-4.8.3/gcc/config/mips/mips-opts.h hard-reg-set.h vec.h statistics.h ggc.h gtype-desc.h statistics.h ../../gcc-4.8.3/gcc/../libcpp/include/line-map.h input.h machmode.h mode-classes.def insn-modes.h cfg-flags.def cfghooks.h gimple.h gimple.def gsstruct.def pointer-set.h vec.h statistics.h ggc.h gtype-desc.h statistics.h ggc.h gtype-desc.h statistics.h basic-block.h predict.h predict.def vec.h statistics.h ggc.h gtype-desc.h statistics.h function.h ../../gcc-4.8.3/gcc/../include/hashtab.h tm.h      options.h ../../gcc-4.8.3/gcc/config/dbxelf.h ../../gcc-4.8.3/gcc/config/elfos.h ../../gcc-4.8.3/gcc/config/gnu-user.h ../../gcc-4.8.3/gcc/config/linux.h ../../gcc-4.8.3/gcc/config/glibc-stdint.h ../../gcc-4.8.3/gcc/config/vxworks-dummy.h ../../gcc-4.8.3/gcc/config/mips/mips.h ../../gcc-4.8.3/gcc/config/linux-android.h ../../gcc-4.8.3/gcc/config/mips/gnu-user.h ../../gcc-4.8.3/gcc/config/mips/gnu-user64.h ../../gcc-4.8.3/gcc/config/mips/linux64.h ../../gcc-4.8.3/gcc/config/mips/linux-common.h ../../gcc-4.8.3/gcc/config/initfini-array.h ../../gcc-4.8.3/gcc/defaults.h insn-constants.h insn-flags.h options.h flag-types.h  ../../gcc-4.8.3/gcc/config/mips/mips-opts.h hard-reg-set.h vec.h statistics.h ggc.h gtype-desc.h statistics.h ../../gcc-4.8.3/gcc/../libcpp/include/line-map.h input.h machmode.h mode-classes.def insn-modes.h cfg-flags.def cfghooks.h coretypes.h tree.h all-tree.def tree.def c-family/c-common.def ../../gcc-4.8.3/gcc/ada/gcc-interface/ada-tree.def ../../gcc-4.8.3/gcc/cp/cp-tree.def ../../gcc-4.8.3/gcc/java/java-tree.def ../../gcc-4.8.3/gcc/objc/objc-tree.def machmode.h mode-classes.def insn-modes.h tree-check.h builtins.def sync-builtins.def omp-builtins.def gtm-builtins.def sanitizer.def ../../gcc-4.8.3/gcc/../libcpp/include/line-map.h input.h statistics.h vec.h statistics.h ggc.h gtype-desc.h statistics.h treestruct.def ../../gcc-4.8.3/gcc/../include/hashtab.h double-int.h alias.h ../../gcc-4.8.3/gcc/../libcpp/include/symtab.h ../../gcc-4.8.3/gcc/../include/obstack.h flags.h flag-types.h options.h flag-types.h  ../../gcc-4.8.3/gcc/config/mips/mips-opts.h real.h machmode.h mode-classes.def insn-modes.h fixed-value.h machmode.h mode-classes.def insn-modes.h double-int.h tree-ssa-operands.h tree-ssa-alias.h internal-fn.h internal-fn.def tree-pass.h timevar.h timevar.def dumpfile.h gcc-plugin.h highlev-plugin-common.h plugin.def config.h  auto-host.h ../../gcc-4.8.3/gcc/../include/ansidecl.h system.h hwint.h ../../gcc-4.8.3/gcc/../include/libiberty.h ../../gcc-4.8.3/gcc/../include/safe-ctype.h ../../gcc-4.8.3/gcc/../include/filenames.h ../../gcc-4.8.3/gcc/../include/hashtab.h ggc.h gtype-desc.h statistics.h tree-dump.h ../../gcc-4.8.3/gcc/../include/splay-tree.h dumpfile.h pretty-print.h ../../gcc-4.8.3/gcc/../libcpp/include/line-map.h input.h ../../gcc-4.8.3/gcc/../include/obstack.h ../../gcc-4.8.3/gcc/../libcpp/include/line-map.h input.h vec.h statistics.h ggc.h gtype-desc.h statistics.h opts.h ../../gcc-4.8.3/gcc/../include/obstack.h params.h params.def options.h ../../gcc-4.8.3/gcc/config/dbxelf.h ../../gcc-4.8.3/gcc/config/elfos.h ../../gcc-4.8.3/gcc/config/gnu-user.h ../../gcc-4.8.3/gcc/config/linux.h ../../gcc-4.8.3/gcc/config/glibc-stdint.h ../../gcc-4.8.3/gcc/config/vxworks-dummy.h ../../gcc-4.8.3/gcc/config/mips/mips.h ../../gcc-4.8.3/gcc/config/linux-android.h ../../gcc-4.8.3/gcc/config/mips/gnu-user.h ../../gcc-4.8.3/gcc/config/mips/gnu-user64.h ../../gcc-4.8.3/gcc/config/mips/linux64.h ../../gcc-4.8.3/gcc/config/mips/linux-common.h ../../gcc-4.8.3/gcc/config/initfini-array.h ../../gcc-4.8.3/gcc/defaults.h options.h insn-constants.h config/dbxelf.h config/elfos.h config/gnu-user.h config/linux.h config/glibc-stdint.h config/vxworks-dummy.h config/mips/mips.h config/linux-android.h config/mips/gnu-user.h config/mips/gnu-user64.h config/mips/linux64.h config/mips/linux-common.h config/initfini-array.h defaults.h ../../gcc-4.8.3/gcc/config/mips/mips-protos.h tm-preds.h config/mips/mips-protos.h tm-preds.h auto-host.h ../../gcc-4.8.3/gcc/../include/ansidecl.h auto-host.h ansidecl.h auto-host.h ansidecl.h intl.h plugin-version.h configargs.h diagnostic.h diagnostic-core.h ../../gcc-4.8.3/gcc/../libcpp/include/line-map.h input.h bversion.h diagnostic.def pretty-print.h ../../gcc-4.8.3/gcc/../libcpp/include/line-map.h input.h ../../gcc-4.8.3/gcc/../include/obstack.h c/c-tree.h c-family/c-common.h c-family/c-common.def coretypes.h tree.h all-tree.def tree.def c-family/c-common.def ../../gcc-4.8.3/gcc/ada/gcc-interface/ada-tree.def ../../gcc-4.8.3/gcc/cp/cp-tree.def ../../gcc-4.8.3/gcc/java/java-tree.def ../../gcc-4.8.3/gcc/objc/objc-tree.def machmode.h mode-classes.def insn-modes.h tree-check.h builtins.def sync-builtins.def omp-builtins.def gtm-builtins.def sanitizer.def ../../gcc-4.8.3/gcc/../libcpp/include/line-map.h input.h statistics.h vec.h statistics.h ggc.h gtype-desc.h statistics.h treestruct.def ../../gcc-4.8.3/gcc/../include/hashtab.h double-int.h alias.h ../../gcc-4.8.3/gcc/../libcpp/include/symtab.h ../../gcc-4.8.3/gcc/../include/obstack.h flags.h flag-types.h options.h flag-types.h  ../../gcc-4.8.3/gcc/config/mips/mips-opts.h real.h machmode.h mode-classes.def insn-modes.h fixed-value.h machmode.h mode-classes.def insn-modes.h double-int.h ../../gcc-4.8.3/gcc/../include/splay-tree.h ../../gcc-4.8.3/gcc/../libcpp/include/line-map.h ../../gcc-4.8.3/gcc/../libcpp/include/cpplib.h ggc.h gtype-desc.h statistics.h diagnostic-core.h ../../gcc-4.8.3/gcc/../libcpp/include/line-map.h input.h bversion.h diagnostic.def diagnostic.h diagnostic-core.h ../../gcc-4.8.3/gcc/../libcpp/include/line-map.h input.h bversion.h diagnostic.def pretty-print.h ../../gcc-4.8.3/gcc/../libcpp/include/line-map.h input.h ../../gcc-4.8.3/gcc/../include/obstack.h c-family/c-common.h c-family/c-common.def coretypes.h tree.h all-tree.def tree.def c-family/c-common.def ../../gcc-4.8.3/gcc/ada/gcc-interface/ada-tree.def ../../gcc-4.8.3/gcc/cp/cp-tree.def ../../gcc-4.8.3/gcc/java/java-tree.def ../../gcc-4.8.3/gcc/objc/objc-tree.def machmode.h mode-classes.def insn-modes.h tree-check.h builtins.def sync-builtins.def omp-builtins.def gtm-builtins.def sanitizer.def ../../gcc-4.8.3/gcc/../libcpp/include/line-map.h input.h statistics.h vec.h statistics.h ggc.h gtype-desc.h statistics.h treestruct.def ../../gcc-4.8.3/gcc/../include/hashtab.h double-int.h alias.h ../../gcc-4.8.3/gcc/../libcpp/include/symtab.h ../../gcc-4.8.3/gcc/../include/obstack.h flags.h flag-types.h options.h flag-types.h  ../../gcc-4.8.3/gcc/config/mips/mips-opts.h real.h machmode.h mode-classes.def insn-modes.h fixed-value.h machmode.h mode-classes.def insn-modes.h double-int.h ../../gcc-4.8.3/gcc/../include/splay-tree.h ../../gcc-4.8.3/gcc/../libcpp/include/line-map.h ../../gcc-4.8.3/gcc/../libcpp/include/cpplib.h ggc.h gtype-desc.h statistics.h diagnostic-core.h ../../gcc-4.8.3/gcc/../libcpp/include/line-map.h input.h bversion.h diagnostic.def c-family/c-objc.h c-family/c-pretty-print.h pretty-print.h ../../gcc-4.8.3/gcc/../libcpp/include/line-map.h input.h ../../gcc-4.8.3/gcc/../include/obstack.h c-family/c-common.h c-family/c-common.def coretypes.h tree.h all-tree.def tree.def c-family/c-common.def ../../gcc-4.8.3/gcc/ada/gcc-interface/ada-tree.def ../../gcc-4.8.3/gcc/cp/cp-tree.def ../../gcc-4.8.3/gcc/java/java-tree.def ../../gcc-4.8.3/gcc/objc/objc-tree.def machmode.h mode-classes.def insn-modes.h tree-check.h builtins.def sync-builtins.def omp-builtins.def gtm-builtins.def sanitizer.def ../../gcc-4.8.3/gcc/../libcpp/include/line-map.h input.h statistics.h vec.h statistics.h ggc.h gtype-desc.h statistics.h treestruct.def ../../gcc-4.8.3/gcc/../include/hashtab.h double-int.h alias.h ../../gcc-4.8.3/gcc/../libcpp/include/symtab.h ../../gcc-4.8.3/gcc/../include/obstack.h flags.h flag-types.h options.h flag-types.h  ../../gcc-4.8.3/gcc/config/mips/mips-opts.h real.h machmode.h mode-classes.def insn-modes.h fixed-value.h machmode.h mode-classes.def insn-modes.h double-int.h ../../gcc-4.8.3/gcc/../include/splay-tree.h ../../gcc-4.8.3/gcc/../libcpp/include/line-map.h ../../gcc-4.8.3/gcc/../libcpp/include/cpplib.h ggc.h gtype-desc.h statistics.h diagnostic-core.h ../../gcc-4.8.3/gcc/../libcpp/include/line-map.h input.h bversion.h diagnostic.def coretypes.h tree.h all-tree.def tree.def c-family/c-common.def ../../gcc-4.8.3/gcc/ada/gcc-interface/ada-tree.def ../../gcc-4.8.3/gcc/cp/cp-tree.def ../../gcc-4.8.3/gcc/java/java-tree.def ../../gcc-4.8.3/gcc/objc/objc-tree.def machmode.h mode-classes.def insn-modes.h tree-check.h builtins.def sync-builtins.def omp-builtins.def gtm-builtins.def sanitizer.def ../../gcc-4.8.3/gcc/../libcpp/include/line-map.h input.h statistics.h vec.h statistics.h ggc.h gtype-desc.h statistics.h treestruct.def ../../gcc-4.8.3/gcc/../include/hashtab.h double-int.h alias.h ../../gcc-4.8.3/gcc/../libcpp/include/symtab.h ../../gcc-4.8.3/gcc/../include/obstack.h flags.h flag-types.h options.h flag-types.h  ../../gcc-4.8.3/gcc/config/mips/mips-opts.h real.h machmode.h mode-classes.def insn-modes.h fixed-value.h machmode.h mode-classes.def insn-modes.h double-int.h tree-iterator.h plugin.h gcc-plugin.h highlev-plugin-common.h plugin.def config.h  auto-host.h ../../gcc-4.8.3/gcc/../include/ansidecl.h system.h hwint.h ../../gcc-4.8.3/gcc/../include/libiberty.h ../../gcc-4.8.3/gcc/../include/safe-ctype.h ../../gcc-4.8.3/gcc/../include/filenames.h ../../gcc-4.8.3/gcc/../include/hashtab.h tree-flow.h tree-flow-inline.h tree-ssa-operands.h bitmap.h ../../gcc-4.8.3/gcc/../include/hashtab.h statistics.h sbitmap.h basic-block.h predict.h predict.def vec.h statistics.h ggc.h gtype-desc.h statistics.h function.h ../../gcc-4.8.3/gcc/../include/hashtab.h tm.h      options.h ../../gcc-4.8.3/gcc/config/dbxelf.h ../../gcc-4.8.3/gcc/config/elfos.h ../../gcc-4.8.3/gcc/config/gnu-user.h ../../gcc-4.8.3/gcc/config/linux.h ../../gcc-4.8.3/gcc/config/glibc-stdint.h ../../gcc-4.8.3/gcc/config/vxworks-dummy.h ../../gcc-4.8.3/gcc/config/mips/mips.h ../../gcc-4.8.3/gcc/config/linux-android.h ../../gcc-4.8.3/gcc/config/mips/gnu-user.h ../../gcc-4.8.3/gcc/config/mips/gnu-user64.h ../../gcc-4.8.3/gcc/config/mips/linux64.h ../../gcc-4.8.3/gcc/config/mips/linux-common.h ../../gcc-4.8.3/gcc/config/initfini-array.h ../../gcc-4.8.3/gcc/defaults.h insn-constants.h insn-flags.h options.h flag-types.h  ../../gcc-4.8.3/gcc/config/mips/mips-opts.h hard-reg-set.h vec.h statistics.h ggc.h gtype-desc.h statistics.h ../../gcc-4.8.3/gcc/../libcpp/include/line-map.h input.h machmode.h mode-classes.def insn-modes.h cfg-flags.def cfghooks.h gimple.h gimple.def gsstruct.def pointer-set.h vec.h statistics.h ggc.h gtype-desc.h statistics.h ggc.h gtype-desc.h statistics.h basic-block.h predict.h predict.def vec.h statistics.h ggc.h gtype-desc.h statistics.h function.h ../../gcc-4.8.3/gcc/../include/hashtab.h tm.h      options.h ../../gcc-4.8.3/gcc/config/dbxelf.h ../../gcc-4.8.3/gcc/config/elfos.h ../../gcc-4.8.3/gcc/config/gnu-user.h ../../gcc-4.8.3/gcc/config/linux.h ../../gcc-4.8.3/gcc/config/glibc-stdint.h ../../gcc-4.8.3/gcc/config/vxworks-dummy.h ../../gcc-4.8.3/gcc/config/mips/mips.h ../../gcc-4.8.3/gcc/config/linux-android.h ../../gcc-4.8.3/gcc/config/mips/gnu-user.h ../../gcc-4.8.3/gcc/config/mips/gnu-user64.h ../../gcc-4.8.3/gcc/config/mips/linux64.h ../../gcc-4.8.3/gcc/config/mips/linux-common.h ../../gcc-4.8.3/gcc/config/initfini-array.h ../../gcc-4.8.3/gcc/defaults.h insn-constants.h insn-flags.h options.h flag-types.h  ../../gcc-4.8.3/gcc/config/mips/mips-opts.h hard-reg-set.h vec.h statistics.h ggc.h gtype-desc.h statistics.h ../../gcc-4.8.3/gcc/../libcpp/include/line-map.h input.h machmode.h mode-classes.def insn-modes.h cfg-flags.def cfghooks.h coretypes.h tree.h all-tree.def tree.def c-family/c-common.def ../../gcc-4.8.3/gcc/ada/gcc-interface/ada-tree.def ../../gcc-4.8.3/gcc/cp/cp-tree.def ../../gcc-4.8.3/gcc/java/java-tree.def ../../gcc-4.8.3/gcc/objc/objc-tree.def machmode.h mode-classes.def insn-modes.h tree-check.h builtins.def sync-builtins.def omp-builtins.def gtm-builtins.def sanitizer.def ../../gcc-4.8.3/gcc/../libcpp/include/line-map.h input.h statistics.h vec.h statistics.h ggc.h gtype-desc.h statistics.h treestruct.def ../../gcc-4.8.3/gcc/../include/hashtab.h double-int.h alias.h ../../gcc-4.8.3/gcc/../libcpp/include/symtab.h ../../gcc-4.8.3/gcc/../include/obstack.h flags.h flag-types.h options.h flag-types.h  ../../gcc-4.8.3/gcc/config/mips/mips-opts.h real.h machmode.h mode-classes.def insn-modes.h fixed-value.h machmode.h mode-classes.def insn-modes.h double-int.h tree-ssa-operands.h tree-ssa-alias.h internal-fn.h internal-fn.def ../../gcc-4.8.3/gcc/../include/hashtab.h cgraph.h vec.h statistics.h ggc.h gtype-desc.h statistics.h coretypes.h tree.h all-tree.def tree.def c-family/c-common.def ../../gcc-4.8.3/gcc/ada/gcc-interface/ada-tree.def ../../gcc-4.8.3/gcc/cp/cp-tree.def ../../gcc-4.8.3/gcc/java/java-tree.def ../../gcc-4.8.3/gcc/objc/objc-tree.def machmode.h mode-classes.def insn-modes.h tree-check.h builtins.def sync-builtins.def omp-builtins.def gtm-builtins.def sanitizer.def ../../gcc-4.8.3/gcc/../libcpp/include/line-map.h input.h statistics.h vec.h statistics.h ggc.h gtype-desc.h statistics.h treestruct.def ../../gcc-4.8.3/gcc/../include/hashtab.h double-int.h alias.h ../../gcc-4.8.3/gcc/../libcpp/include/symtab.h ../../gcc-4.8.3/gcc/../include/obstack.h flags.h flag-types.h options.h flag-types.h  ../../gcc-4.8.3/gcc/config/mips/mips-opts.h real.h machmode.h mode-classes.def insn-modes.h fixed-value.h machmode.h mode-classes.def insn-modes.h double-int.h basic-block.h predict.h predict.def vec.h statistics.h ggc.h gtype-desc.h statistics.h function.h ../../gcc-4.8.3/gcc/../include/hashtab.h tm.h      options.h ../../gcc-4.8.3/gcc/config/dbxelf.h ../../gcc-4.8.3/gcc/config/elfos.h ../../gcc-4.8.3/gcc/config/gnu-user.h ../../gcc-4.8.3/gcc/config/linux.h ../../gcc-4.8.3/gcc/config/glibc-stdint.h ../../gcc-4.8.3/gcc/config/vxworks-dummy.h ../../gcc-4.8.3/gcc/config/mips/mips.h ../../gcc-4.8.3/gcc/config/linux-android.h ../../gcc-4.8.3/gcc/config/mips/gnu-user.h ../../gcc-4.8.3/gcc/config/mips/gnu-user64.h ../../gcc-4.8.3/gcc/config/mips/linux64.h ../../gcc-4.8.3/gcc/config/mips/linux-common.h ../../gcc-4.8.3/gcc/config/initfini-array.h ../../gcc-4.8.3/gcc/defaults.h insn-constants.h insn-flags.h options.h flag-types.h  ../../gcc-4.8.3/gcc/config/mips/mips-opts.h hard-reg-set.h vec.h statistics.h ggc.h gtype-desc.h statistics.h ../../gcc-4.8.3/gcc/../libcpp/include/line-map.h input.h machmode.h mode-classes.def insn-modes.h cfg-flags.def cfghooks.h function.h ../../gcc-4.8.3/gcc/../include/hashtab.h tm.h      options.h ../../gcc-4.8.3/gcc/config/dbxelf.h ../../gcc-4.8.3/gcc/config/elfos.h ../../gcc-4.8.3/gcc/config/gnu-user.h ../../gcc-4.8.3/gcc/config/linux.h ../../gcc-4.8.3/gcc/config/glibc-stdint.h ../../gcc-4.8.3/gcc/config/vxworks-dummy.h ../../gcc-4.8.3/gcc/config/mips/mips.h ../../gcc-4.8.3/gcc/config/linux-android.h ../../gcc-4.8.3/gcc/config/mips/gnu-user.h ../../gcc-4.8.3/gcc/config/mips/gnu-user64.h ../../gcc-4.8.3/gcc/config/mips/linux64.h ../../gcc-4.8.3/gcc/config/mips/linux-common.h ../../gcc-4.8.3/gcc/config/initfini-array.h ../../gcc-4.8.3/gcc/defaults.h insn-constants.h insn-flags.h options.h flag-types.h  ../../gcc-4.8.3/gcc/config/mips/mips-opts.h hard-reg-set.h vec.h statistics.h ggc.h gtype-desc.h statistics.h ../../gcc-4.8.3/gcc/../libcpp/include/line-map.h input.h machmode.h mode-classes.def insn-modes.h cif-code.def ipa-ref.h ipa-ref-inline.h ../../gcc-4.8.3/gcc/../include/plugin-api.h is-a.h ipa-reference.h bitmap.h ../../gcc-4.8.3/gcc/../include/hashtab.h statistics.h coretypes.h tree.h all-tree.def tree.def c-family/c-common.def ../../gcc-4.8.3/gcc/ada/gcc-interface/ada-tree.def ../../gcc-4.8.3/gcc/cp/cp-tree.def ../../gcc-4.8.3/gcc/java/java-tree.def ../../gcc-4.8.3/gcc/objc/objc-tree.def machmode.h mode-classes.def insn-modes.h tree-check.h builtins.def sync-builtins.def omp-builtins.def gtm-builtins.def sanitizer.def ../../gcc-4.8.3/gcc/../libcpp/include/line-map.h input.h statistics.h vec.h statistics.h ggc.h gtype-desc.h statistics.h treestruct.def ../../gcc-4.8.3/gcc/../include/hashtab.h double-int.h alias.h ../../gcc-4.8.3/gcc/../libcpp/include/symtab.h ../../gcc-4.8.3/gcc/../include/obstack.h flags.h flag-types.h options.h flag-types.h  ../../gcc-4.8.3/gcc/config/mips/mips-opts.h real.h machmode.h mode-classes.def insn-modes.h fixed-value.h machmode.h mode-classes.def insn-modes.h double-int.h tree-ssa-alias.h langhooks.h incpath.h debug.h except.h ../../gcc-4.8.3/gcc/../include/hashtab.h tree-ssa-sccvn.h real.h output.h ipa-utils.h coretypes.h tree.h all-tree.def tree.def c-family/c-common.def ../../gcc-4.8.3/gcc/ada/gcc-interface/ada-tree.def ../../gcc-4.8.3/gcc/cp/cp-tree.def ../../gcc-4.8.3/gcc/java/java-tree.def ../../gcc-4.8.3/gcc/objc/objc-tree.def machmode.h mode-classes.def insn-modes.h tree-check.h builtins.def sync-builtins.def omp-builtins.def gtm-builtins.def sanitizer.def ../../gcc-4.8.3/gcc/../libcpp/include/line-map.h input.h statistics.h vec.h statistics.h ggc.h gtype-desc.h statistics.h treestruct.def ../../gcc-4.8.3/gcc/../include/hashtab.h double-int.h alias.h ../../gcc-4.8.3/gcc/../libcpp/include/symtab.h ../../gcc-4.8.3/gcc/../include/obstack.h flags.h flag-types.h options.h flag-types.h  ../../gcc-4.8.3/gcc/config/mips/mips-opts.h real.h machmode.h mode-classes.def insn-modes.h fixed-value.h machmode.h mode-classes.def insn-modes.h double-int.h cgraph.h vec.h statistics.h ggc.h gtype-desc.h statistics.h coretypes.h tree.h all-tree.def tree.def c-family/c-common.def ../../gcc-4.8.3/gcc/ada/gcc-interface/ada-tree.def ../../gcc-4.8.3/gcc/cp/cp-tree.def ../../gcc-4.8.3/gcc/java/java-tree.def ../../gcc-4.8.3/gcc/objc/objc-tree.def machmode.h mode-classes.def insn-modes.h tree-check.h builtins.def sync-builtins.def omp-builtins.def gtm-builtins.def sanitizer.def ../../gcc-4.8.3/gcc/../libcpp/include/line-map.h input.h statistics.h vec.h statistics.h ggc.h gtype-desc.h statistics.h treestruct.def ../../gcc-4.8.3/gcc/../include/hashtab.h double-int.h alias.h ../../gcc-4.8.3/gcc/../libcpp/include/symtab.h ../../gcc-4.8.3/gcc/../include/obstack.h flags.h flag-types.h options.h flag-types.h  ../../gcc-4.8.3/gcc/config/mips/mips-opts.h real.h machmode.h mode-classes.def insn-modes.h fixed-value.h machmode.h mode-classes.def insn-modes.h double-int.h basic-block.h predict.h predict.def vec.h statistics.h ggc.h gtype-desc.h statistics.h function.h ../../gcc-4.8.3/gcc/../include/hashtab.h tm.h      options.h ../../gcc-4.8.3/gcc/config/dbxelf.h ../../gcc-4.8.3/gcc/config/elfos.h ../../gcc-4.8.3/gcc/config/gnu-user.h ../../gcc-4.8.3/gcc/config/linux.h ../../gcc-4.8.3/gcc/config/glibc-stdint.h ../../gcc-4.8.3/gcc/config/vxworks-dummy.h ../../gcc-4.8.3/gcc/config/mips/mips.h ../../gcc-4.8.3/gcc/config/linux-android.h ../../gcc-4.8.3/gcc/config/mips/gnu-user.h ../../gcc-4.8.3/gcc/config/mips/gnu-user64.h ../../gcc-4.8.3/gcc/config/mips/linux64.h ../../gcc-4.8.3/gcc/config/mips/linux-common.h ../../gcc-4.8.3/gcc/config/initfini-array.h ../../gcc-4.8.3/gcc/defaults.h insn-constants.h insn-flags.h options.h flag-types.h  ../../gcc-4.8.3/gcc/config/mips/mips-opts.h hard-reg-set.h vec.h statistics.h ggc.h gtype-desc.h statistics.h ../../gcc-4.8.3/gcc/../libcpp/include/line-map.h input.h machmode.h mode-classes.def insn-modes.h cfg-flags.def cfghooks.h function.h ../../gcc-4.8.3/gcc/../include/hashtab.h tm.h      options.h ../../gcc-4.8.3/gcc/config/dbxelf.h ../../gcc-4.8.3/gcc/config/elfos.h ../../gcc-4.8.3/gcc/config/gnu-user.h ../../gcc-4.8.3/gcc/config/linux.h ../../gcc-4.8.3/gcc/config/glibc-stdint.h ../../gcc-4.8.3/gcc/config/vxworks-dummy.h ../../gcc-4.8.3/gcc/config/mips/mips.h ../../gcc-4.8.3/gcc/config/linux-android.h ../../gcc-4.8.3/gcc/config/mips/gnu-user.h ../../gcc-4.8.3/gcc/config/mips/gnu-user64.h ../../gcc-4.8.3/gcc/config/mips/linux64.h ../../gcc-4.8.3/gcc/config/mips/linux-common.h ../../gcc-4.8.3/gcc/config/initfini-array.h ../../gcc-4.8.3/gcc/defaults.h insn-constants.h insn-flags.h options.h flag-types.h  ../../gcc-4.8.3/gcc/config/mips/mips-opts.h hard-reg-set.h vec.h statistics.h ggc.h gtype-desc.h statistics.h ../../gcc-4.8.3/gcc/../libcpp/include/line-map.h input.h machmode.h mode-classes.def insn-modes.h cif-code.def ipa-ref.h ipa-ref-inline.h ../../gcc-4.8.3/gcc/../include/plugin-api.h is-a.h c-family/c-pragma.h ../../gcc-4.8.3/gcc/../libcpp/include/line-map.h ../../gcc-4.8.3/gcc/../libcpp/include/cpplib.h  ../../gcc-4.8.3/gcc/../libcpp/include/line-map.h ../../gcc-4.8.3/gcc/../libcpp/include/cpplib.h  function.h ../../gcc-4.8.3/gcc/../include/hashtab.h tm.h      options.h ../../gcc-4.8.3/gcc/config/dbxelf.h ../../gcc-4.8.3/gcc/config/elfos.h ../../gcc-4.8.3/gcc/config/gnu-user.h ../../gcc-4.8.3/gcc/config/linux.h ../../gcc-4.8.3/gcc/config/glibc-stdint.h ../../gcc-4.8.3/gcc/config/vxworks-dummy.h ../../gcc-4.8.3/gcc/config/mips/mips.h ../../gcc-4.8.3/gcc/config/linux-android.h ../../gcc-4.8.3/gcc/config/mips/gnu-user.h ../../gcc-4.8.3/gcc/config/mips/gnu-user64.h ../../gcc-4.8.3/gcc/config/mips/linux64.h ../../gcc-4.8.3/gcc/config/mips/linux-common.h ../../gcc-4.8.3/gcc/config/initfini-array.h ../../gcc-4.8.3/gcc/defaults.h insn-constants.h insn-flags.h options.h flag-types.h  ../../gcc-4.8.3/gcc/config/mips/mips-opts.h hard-reg-set.h vec.h statistics.h ggc.h gtype-desc.h statistics.h ../../gcc-4.8.3/gcc/../libcpp/include/line-map.h input.h machmode.h mode-classes.def insn-modes.h cppdefault.h flags.h ../../gcc-4.8.3/gcc/../include/md5.h params.def params.h prefix.h tree-inline.h gimple-pretty-print.h tree-pretty-print.h pretty-print.h ../../gcc-4.8.3/gcc/../libcpp/include/line-map.h input.h ../../gcc-4.8.3/gcc/../include/obstack.h realmpfr.h ipa-prop.h coretypes.h tree.h all-tree.def tree.def c-family/c-common.def ../../gcc-4.8.3/gcc/ada/gcc-interface/ada-tree.def ../../gcc-4.8.3/gcc/cp/cp-tree.def ../../gcc-4.8.3/gcc/java/java-tree.def ../../gcc-4.8.3/gcc/objc/objc-tree.def machmode.h mode-classes.def insn-modes.h tree-check.h builtins.def sync-builtins.def omp-builtins.def gtm-builtins.def sanitizer.def ../../gcc-4.8.3/gcc/../libcpp/include/line-map.h input.h statistics.h vec.h statistics.h ggc.h gtype-desc.h statistics.h treestruct.def ../../gcc-4.8.3/gcc/../include/hashtab.h double-int.h alias.h ../../gcc-4.8.3/gcc/../libcpp/include/symtab.h ../../gcc-4.8.3/gcc/../include/obstack.h flags.h flag-types.h options.h flag-types.h  ../../gcc-4.8.3/gcc/config/mips/mips-opts.h real.h machmode.h mode-classes.def insn-modes.h fixed-value.h machmode.h mode-classes.def insn-modes.h double-int.h vec.h statistics.h ggc.h gtype-desc.h statistics.h cgraph.h vec.h statistics.h ggc.h gtype-desc.h statistics.h coretypes.h tree.h all-tree.def tree.def c-family/c-common.def ../../gcc-4.8.3/gcc/ada/gcc-interface/ada-tree.def ../../gcc-4.8.3/gcc/cp/cp-tree.def ../../gcc-4.8.3/gcc/java/java-tree.def ../../gcc-4.8.3/gcc/objc/objc-tree.def machmode.h mode-classes.def insn-modes.h tree-check.h builtins.def sync-builtins.def omp-builtins.def gtm-builtins.def sanitizer.def ../../gcc-4.8.3/gcc/../libcpp/include/line-map.h input.h statistics.h vec.h statistics.h ggc.h gtype-desc.h statistics.h treestruct.def ../../gcc-4.8.3/gcc/../include/hashtab.h double-int.h alias.h ../../gcc-4.8.3/gcc/../libcpp/include/symtab.h ../../gcc-4.8.3/gcc/../include/obstack.h flags.h flag-types.h options.h flag-types.h  ../../gcc-4.8.3/gcc/config/mips/mips-opts.h real.h machmode.h mode-classes.def insn-modes.h fixed-value.h machmode.h mode-classes.def insn-modes.h double-int.h basic-block.h predict.h predict.def vec.h statistics.h ggc.h gtype-desc.h statistics.h function.h ../../gcc-4.8.3/gcc/../include/hashtab.h tm.h      options.h ../../gcc-4.8.3/gcc/config/dbxelf.h ../../gcc-4.8.3/gcc/config/elfos.h ../../gcc-4.8.3/gcc/config/gnu-user.h ../../gcc-4.8.3/gcc/config/linux.h ../../gcc-4.8.3/gcc/config/glibc-stdint.h ../../gcc-4.8.3/gcc/config/vxworks-dummy.h ../../gcc-4.8.3/gcc/config/mips/mips.h ../../gcc-4.8.3/gcc/config/linux-android.h ../../gcc-4.8.3/gcc/config/mips/gnu-user.h ../../gcc-4.8.3/gcc/config/mips/gnu-user64.h ../../gcc-4.8.3/gcc/config/mips/linux64.h ../../gcc-4.8.3/gcc/config/mips/linux-common.h ../../gcc-4.8.3/gcc/config/initfini-array.h ../../gcc-4.8.3/gcc/defaults.h insn-constants.h insn-flags.h options.h flag-types.h  ../../gcc-4.8.3/gcc/config/mips/mips-opts.h hard-reg-set.h vec.h statistics.h ggc.h gtype-desc.h statistics.h ../../gcc-4.8.3/gcc/../libcpp/include/line-map.h input.h machmode.h mode-classes.def insn-modes.h cfg-flags.def cfghooks.h function.h ../../gcc-4.8.3/gcc/../include/hashtab.h tm.h      options.h ../../gcc-4.8.3/gcc/config/dbxelf.h ../../gcc-4.8.3/gcc/config/elfos.h ../../gcc-4.8.3/gcc/config/gnu-user.h ../../gcc-4.8.3/gcc/config/linux.h ../../gcc-4.8.3/gcc/config/glibc-stdint.h ../../gcc-4.8.3/gcc/config/vxworks-dummy.h ../../gcc-4.8.3/gcc/config/mips/mips.h ../../gcc-4.8.3/gcc/config/linux-android.h ../../gcc-4.8.3/gcc/config/mips/gnu-user.h ../../gcc-4.8.3/gcc/config/mips/gnu-user64.h ../../gcc-4.8.3/gcc/config/mips/linux64.h ../../gcc-4.8.3/gcc/config/mips/linux-common.h ../../gcc-4.8.3/gcc/config/initfini-array.h ../../gcc-4.8.3/gcc/defaults.h insn-constants.h insn-flags.h options.h flag-types.h  ../../gcc-4.8.3/gcc/config/mips/mips-opts.h hard-reg-set.h vec.h statistics.h ggc.h gtype-desc.h statistics.h ../../gcc-4.8.3/gcc/../libcpp/include/line-map.h input.h machmode.h mode-classes.def insn-modes.h cif-code.def ipa-ref.h ipa-ref-inline.h ../../gcc-4.8.3/gcc/../include/plugin-api.h is-a.h gimple.h gimple.def gsstruct.def pointer-set.h vec.h statistics.h ggc.h gtype-desc.h statistics.h ggc.h gtype-desc.h statistics.h basic-block.h predict.h predict.def vec.h statistics.h ggc.h gtype-desc.h statistics.h function.h ../../gcc-4.8.3/gcc/../include/hashtab.h tm.h      options.h ../../gcc-4.8.3/gcc/config/dbxelf.h ../../gcc-4.8.3/gcc/config/elfos.h ../../gcc-4.8.3/gcc/config/gnu-user.h ../../gcc-4.8.3/gcc/config/linux.h ../../gcc-4.8.3/gcc/config/glibc-stdint.h ../../gcc-4.8.3/gcc/config/vxworks-dummy.h ../../gcc-4.8.3/gcc/config/mips/mips.h ../../gcc-4.8.3/gcc/config/linux-android.h ../../gcc-4.8.3/gcc/config/mips/gnu-user.h ../../gcc-4.8.3/gcc/config/mips/gnu-user64.h ../../gcc-4.8.3/gcc/config/mips/linux64.h ../../gcc-4.8.3/gcc/config/mips/linux-common.h ../../gcc-4.8.3/gcc/config/initfini-array.h ../../gcc-4.8.3/gcc/defaults.h insn-constants.h insn-flags.h options.h flag-types.h  ../../gcc-4.8.3/gcc/config/mips/mips-opts.h hard-reg-set.h vec.h statistics.h ggc.h gtype-desc.h statistics.h ../../gcc-4.8.3/gcc/../libcpp/include/line-map.h input.h machmode.h mode-classes.def insn-modes.h cfg-flags.def cfghooks.h coretypes.h tree.h all-tree.def tree.def c-family/c-common.def ../../gcc-4.8.3/gcc/ada/gcc-interface/ada-tree.def ../../gcc-4.8.3/gcc/cp/cp-tree.def ../../gcc-4.8.3/gcc/java/java-tree.def ../../gcc-4.8.3/gcc/objc/objc-tree.def machmode.h mode-classes.def insn-modes.h tree-check.h builtins.def sync-builtins.def omp-builtins.def gtm-builtins.def sanitizer.def ../../gcc-4.8.3/gcc/../libcpp/include/line-map.h input.h statistics.h vec.h statistics.h ggc.h gtype-desc.h statistics.h treestruct.def ../../gcc-4.8.3/gcc/../include/hashtab.h double-int.h alias.h ../../gcc-4.8.3/gcc/../libcpp/include/symtab.h ../../gcc-4.8.3/gcc/../include/obstack.h flags.h flag-types.h options.h flag-types.h  ../../gcc-4.8.3/gcc/config/mips/mips-opts.h real.h machmode.h mode-classes.def insn-modes.h fixed-value.h machmode.h mode-classes.def insn-modes.h double-int.h tree-ssa-operands.h tree-ssa-alias.h internal-fn.h internal-fn.def alloc-pool.h tm.h      options.h ../../gcc-4.8.3/gcc/config/dbxelf.h ../../gcc-4.8.3/gcc/config/elfos.h ../../gcc-4.8.3/gcc/config/gnu-user.h ../../gcc-4.8.3/gcc/config/linux.h ../../gcc-4.8.3/gcc/config/glibc-stdint.h ../../gcc-4.8.3/gcc/config/vxworks-dummy.h ../../gcc-4.8.3/gcc/config/mips/mips.h ../../gcc-4.8.3/gcc/config/linux-android.h ../../gcc-4.8.3/gcc/config/mips/gnu-user.h ../../gcc-4.8.3/gcc/config/mips/gnu-user64.h ../../gcc-4.8.3/gcc/config/mips/linux64.h ../../gcc-4.8.3/gcc/config/mips/linux-common.h ../../gcc-4.8.3/gcc/config/initfini-array.h ../../gcc-4.8.3/gcc/defaults.h insn-constants.h insn-flags.h options.h flag-types.h  ../../gcc-4.8.3/gcc/config/mips/mips-opts.h target.h target.def target-hooks-macros.h insn-modes.h coretypes.h rtl.h rtl.def machmode.h mode-classes.def insn-modes.h reg-notes.def insn-notes.def ../../gcc-4.8.3/gcc/../libcpp/include/line-map.h input.h real.h machmode.h mode-classes.def insn-modes.h statistics.h vec.h statistics.h ggc.h gtype-desc.h statistics.h fixed-value.h machmode.h mode-classes.def insn-modes.h double-int.h alias.h ../../gcc-4.8.3/gcc/../include/hashtab.h flags.h flag-types.h options.h flag-types.h  ../../gcc-4.8.3/gcc/config/mips/mips-opts.h genrtl.h tm_p.h    ../../gcc-4.8.3/gcc/config/mips/mips-protos.h tm-preds.h cfgloop.h basic-block.h predict.h predict.def vec.h statistics.h ggc.h gtype-desc.h statistics.h function.h ../../gcc-4.8.3/gcc/../include/hashtab.h tm.h      options.h ../../gcc-4.8.3/gcc/config/dbxelf.h ../../gcc-4.8.3/gcc/config/elfos.h ../../gcc-4.8.3/gcc/config/gnu-user.h ../../gcc-4.8.3/gcc/config/linux.h ../../gcc-4.8.3/gcc/config/glibc-stdint.h ../../gcc-4.8.3/gcc/config/vxworks-dummy.h ../../gcc-4.8.3/gcc/config/mips/mips.h ../../gcc-4.8.3/gcc/config/linux-android.h ../../gcc-4.8.3/gcc/config/mips/gnu-user.h ../../gcc-4.8.3/gcc/config/mips/gnu-user64.h ../../gcc-4.8.3/gcc/config/mips/linux64.h ../../gcc-4.8.3/gcc/config/mips/linux-common.h ../../gcc-4.8.3/gcc/config/initfini-array.h ../../gcc-4.8.3/gcc/defaults.h insn-constants.h insn-flags.h options.h flag-types.h  ../../gcc-4.8.3/gcc/config/mips/mips-opts.h hard-reg-set.h vec.h statistics.h ggc.h gtype-desc.h statistics.h ../../gcc-4.8.3/gcc/../libcpp/include/line-map.h input.h machmode.h mode-classes.def insn-modes.h cfg-flags.def cfghooks.h double-int.h bitmap.h ../../gcc-4.8.3/gcc/../include/hashtab.h statistics.h sbitmap.h emit-rtl.h version.h | tr ' ' '\012' | sort -u`; \
srcdirstrip=`echo "../../gcc-4.8.3/gcc" | sed 's/[].[^$\\*|]/\\\\&/g'`; \
for file in $headers; do \
  if [ -f $file ] ; then \
    path=$file; \
  elif [ -f ../../gcc-4.8.3/gcc/$file ]; then \
    path=../../gcc-4.8.3/gcc/$file; \
  else continue; \
  fi; \
  case $path in \
  "../../gcc-4.8.3/gcc"/config/* | "../../gcc-4.8.3/gcc"/c-family/* | "../../gcc-4.8.3/gcc"/*.def ) \
    base=`echo "$path" | sed -e "s|$srcdirstrip/||"`;; \
  *) base=`basename $path` ;; \
  esac; \
  dest=/cross-tools/lib/gcc/mips64el-unknown-linux-gnu/4.8.3/plugin/include/$base; \
  echo /usr/bin/install -c -m 644 $path $dest; \
  dir=`dirname $dest`; \
  /bin/bash ../../gcc-4.8.3/gcc/../mkinstalldirs $dir; \
  /usr/bin/install -c -m 644 $path $dest; \
done
/usr/bin/install -c -m 644 ../../gcc-4.8.3/gcc/../include/ansidecl.h /cross-tools/lib/gcc/mips64el-unknown-linux-gnu/4.8.3/plugin/include/ansidecl.h
/usr/bin/install -c -m 644 ../../gcc-4.8.3/gcc/../include/filenames.h /cross-tools/lib/gcc/mips64el-unknown-linux-gnu/4.8.3/plugin/include/filenames.h
/usr/bin/install -c -m 644 ../../gcc-4.8.3/gcc/../include/hashtab.h /cross-tools/lib/gcc/mips64el-unknown-linux-gnu/4.8.3/plugin/include/hashtab.h
/usr/bin/install -c -m 644 ../../gcc-4.8.3/gcc/../include/libiberty.h /cross-tools/lib/gcc/mips64el-unknown-linux-gnu/4.8.3/plugin/include/libiberty.h
/usr/bin/install -c -m 644 ../../gcc-4.8.3/gcc/../include/md5.h /cross-tools/lib/gcc/mips64el-unknown-linux-gnu/4.8.3/plugin/include/md5.h
/usr/bin/install -c -m 644 ../../gcc-4.8.3/gcc/../include/obstack.h /cross-tools/lib/gcc/mips64el-unknown-linux-gnu/4.8.3/plugin/include/obstack.h
/usr/bin/install -c -m 644 ../../gcc-4.8.3/gcc/../include/plugin-api.h /cross-tools/lib/gcc/mips64el-unknown-linux-gnu/4.8.3/plugin/include/plugin-api.h
/usr/bin/install -c -m 644 ../../gcc-4.8.3/gcc/../include/safe-ctype.h /cross-tools/lib/gcc/mips64el-unknown-linux-gnu/4.8.3/plugin/include/safe-ctype.h
/usr/bin/install -c -m 644 ../../gcc-4.8.3/gcc/../include/splay-tree.h /cross-tools/lib/gcc/mips64el-unknown-linux-gnu/4.8.3/plugin/include/splay-tree.h
/usr/bin/install -c -m 644 ../../gcc-4.8.3/gcc/../libcpp/include/cpplib.h /cross-tools/lib/gcc/mips64el-unknown-linux-gnu/4.8.3/plugin/include/cpplib.h
/usr/bin/install -c -m 644 ../../gcc-4.8.3/gcc/../libcpp/include/line-map.h /cross-tools/lib/gcc/mips64el-unknown-linux-gnu/4.8.3/plugin/include/line-map.h
/usr/bin/install -c -m 644 ../../gcc-4.8.3/gcc/../libcpp/include/symtab.h /cross-tools/lib/gcc/mips64el-unknown-linux-gnu/4.8.3/plugin/include/symtab.h
/usr/bin/install -c -m 644 ../../gcc-4.8.3/gcc/ada/gcc-interface/ada-tree.def /cross-tools/lib/gcc/mips64el-unknown-linux-gnu/4.8.3/plugin/include/ada/gcc-interface/ada-tree.def
mkdir -p -- /cross-tools/lib/gcc/mips64el-unknown-linux-gnu/4.8.3/plugin/include/ada/gcc-interface
/usr/bin/install -c -m 644 ../../gcc-4.8.3/gcc/config/dbxelf.h /cross-tools/lib/gcc/mips64el-unknown-linux-gnu/4.8.3/plugin/include/config/dbxelf.h
mkdir -p -- /cross-tools/lib/gcc/mips64el-unknown-linux-gnu/4.8.3/plugin/include/config
/usr/bin/install -c -m 644 ../../gcc-4.8.3/gcc/config/elfos.h /cross-tools/lib/gcc/mips64el-unknown-linux-gnu/4.8.3/plugin/include/config/elfos.h
/usr/bin/install -c -m 644 ../../gcc-4.8.3/gcc/config/glibc-stdint.h /cross-tools/lib/gcc/mips64el-unknown-linux-gnu/4.8.3/plugin/include/config/glibc-stdint.h
/usr/bin/install -c -m 644 ../../gcc-4.8.3/gcc/config/gnu-user.h /cross-tools/lib/gcc/mips64el-unknown-linux-gnu/4.8.3/plugin/include/config/gnu-user.h
/usr/bin/install -c -m 644 ../../gcc-4.8.3/gcc/config/initfini-array.h /cross-tools/lib/gcc/mips64el-unknown-linux-gnu/4.8.3/plugin/include/config/initfini-array.h
/usr/bin/install -c -m 644 ../../gcc-4.8.3/gcc/config/linux-android.h /cross-tools/lib/gcc/mips64el-unknown-linux-gnu/4.8.3/plugin/include/config/linux-android.h
/usr/bin/install -c -m 644 ../../gcc-4.8.3/gcc/config/linux.h /cross-tools/lib/gcc/mips64el-unknown-linux-gnu/4.8.3/plugin/include/config/linux.h
/usr/bin/install -c -m 644 ../../gcc-4.8.3/gcc/config/mips/gnu-user.h /cross-tools/lib/gcc/mips64el-unknown-linux-gnu/4.8.3/plugin/include/config/mips/gnu-user.h
mkdir -p -- /cross-tools/lib/gcc/mips64el-unknown-linux-gnu/4.8.3/plugin/include/config/mips
/usr/bin/install -c -m 644 ../../gcc-4.8.3/gcc/config/mips/gnu-user64.h /cross-tools/lib/gcc/mips64el-unknown-linux-gnu/4.8.3/plugin/include/config/mips/gnu-user64.h
/usr/bin/install -c -m 644 ../../gcc-4.8.3/gcc/config/mips/linux-common.h /cross-tools/lib/gcc/mips64el-unknown-linux-gnu/4.8.3/plugin/include/config/mips/linux-common.h
/usr/bin/install -c -m 644 ../../gcc-4.8.3/gcc/config/mips/linux64.h /cross-tools/lib/gcc/mips64el-unknown-linux-gnu/4.8.3/plugin/include/config/mips/linux64.h
/usr/bin/install -c -m 644 ../../gcc-4.8.3/gcc/config/mips/mips-opts.h /cross-tools/lib/gcc/mips64el-unknown-linux-gnu/4.8.3/plugin/include/config/mips/mips-opts.h
/usr/bin/install -c -m 644 ../../gcc-4.8.3/gcc/config/mips/mips-protos.h /cross-tools/lib/gcc/mips64el-unknown-linux-gnu/4.8.3/plugin/include/config/mips/mips-protos.h
/usr/bin/install -c -m 644 ../../gcc-4.8.3/gcc/config/mips/mips.h /cross-tools/lib/gcc/mips64el-unknown-linux-gnu/4.8.3/plugin/include/config/mips/mips.h
/usr/bin/install -c -m 644 ../../gcc-4.8.3/gcc/config/vxworks-dummy.h /cross-tools/lib/gcc/mips64el-unknown-linux-gnu/4.8.3/plugin/include/config/vxworks-dummy.h
/usr/bin/install -c -m 644 ../../gcc-4.8.3/gcc/cp/cp-tree.def /cross-tools/lib/gcc/mips64el-unknown-linux-gnu/4.8.3/plugin/include/cp/cp-tree.def
mkdir -p -- /cross-tools/lib/gcc/mips64el-unknown-linux-gnu/4.8.3/plugin/include/cp
/usr/bin/install -c -m 644 ../../gcc-4.8.3/gcc/defaults.h /cross-tools/lib/gcc/mips64el-unknown-linux-gnu/4.8.3/plugin/include/defaults.h
/usr/bin/install -c -m 644 ../../gcc-4.8.3/gcc/java/java-tree.def /cross-tools/lib/gcc/mips64el-unknown-linux-gnu/4.8.3/plugin/include/java/java-tree.def
mkdir -p -- /cross-tools/lib/gcc/mips64el-unknown-linux-gnu/4.8.3/plugin/include/java
/usr/bin/install -c -m 644 ../../gcc-4.8.3/gcc/objc/objc-tree.def /cross-tools/lib/gcc/mips64el-unknown-linux-gnu/4.8.3/plugin/include/objc/objc-tree.def
mkdir -p -- /cross-tools/lib/gcc/mips64el-unknown-linux-gnu/4.8.3/plugin/include/objc
/usr/bin/install -c -m 644 ../../gcc-4.8.3/gcc/alias.h /cross-tools/lib/gcc/mips64el-unknown-linux-gnu/4.8.3/plugin/include/alias.h
/usr/bin/install -c -m 644 all-tree.def /cross-tools/lib/gcc/mips64el-unknown-linux-gnu/4.8.3/plugin/include/all-tree.def
/usr/bin/install -c -m 644 ../../gcc-4.8.3/gcc/alloc-pool.h /cross-tools/lib/gcc/mips64el-unknown-linux-gnu/4.8.3/plugin/include/alloc-pool.h
/usr/bin/install -c -m 644 auto-host.h /cross-tools/lib/gcc/mips64el-unknown-linux-gnu/4.8.3/plugin/include/auto-host.h
/usr/bin/install -c -m 644 ../../gcc-4.8.3/gcc/basic-block.h /cross-tools/lib/gcc/mips64el-unknown-linux-gnu/4.8.3/plugin/include/basic-block.h
/usr/bin/install -c -m 644 ../../gcc-4.8.3/gcc/bitmap.h /cross-tools/lib/gcc/mips64el-unknown-linux-gnu/4.8.3/plugin/include/bitmap.h
/usr/bin/install -c -m 644 ../../gcc-4.8.3/gcc/builtins.def /cross-tools/lib/gcc/mips64el-unknown-linux-gnu/4.8.3/plugin/include/builtins.def
/usr/bin/install -c -m 644 bversion.h /cross-tools/lib/gcc/mips64el-unknown-linux-gnu/4.8.3/plugin/include/bversion.h
/usr/bin/install -c -m 644 ../../gcc-4.8.3/gcc/c-family/c-common.def /cross-tools/lib/gcc/mips64el-unknown-linux-gnu/4.8.3/plugin/include/c-family/c-common.def
mkdir -p -- /cross-tools/lib/gcc/mips64el-unknown-linux-gnu/4.8.3/plugin/include/c-family
/usr/bin/install -c -m 644 ../../gcc-4.8.3/gcc/c-family/c-common.h /cross-tools/lib/gcc/mips64el-unknown-linux-gnu/4.8.3/plugin/include/c-family/c-common.h
/usr/bin/install -c -m 644 ../../gcc-4.8.3/gcc/c-family/c-objc.h /cross-tools/lib/gcc/mips64el-unknown-linux-gnu/4.8.3/plugin/include/c-family/c-objc.h
/usr/bin/install -c -m 644 ../../gcc-4.8.3/gcc/c-family/c-pragma.h /cross-tools/lib/gcc/mips64el-unknown-linux-gnu/4.8.3/plugin/include/c-family/c-pragma.h
/usr/bin/install -c -m 644 ../../gcc-4.8.3/gcc/c-family/c-pretty-print.h /cross-tools/lib/gcc/mips64el-unknown-linux-gnu/4.8.3/plugin/include/c-family/c-pretty-print.h
/usr/bin/install -c -m 644 ../../gcc-4.8.3/gcc/c/c-tree.h /cross-tools/lib/gcc/mips64el-unknown-linux-gnu/4.8.3/plugin/include/c-tree.h
/usr/bin/install -c -m 644 ../../gcc-4.8.3/gcc/cfg-flags.def /cross-tools/lib/gcc/mips64el-unknown-linux-gnu/4.8.3/plugin/include/cfg-flags.def
/usr/bin/install -c -m 644 ../../gcc-4.8.3/gcc/cfghooks.h /cross-tools/lib/gcc/mips64el-unknown-linux-gnu/4.8.3/plugin/include/cfghooks.h
/usr/bin/install -c -m 644 ../../gcc-4.8.3/gcc/cfgloop.h /cross-tools/lib/gcc/mips64el-unknown-linux-gnu/4.8.3/plugin/include/cfgloop.h
/usr/bin/install -c -m 644 ../../gcc-4.8.3/gcc/cgraph.h /cross-tools/lib/gcc/mips64el-unknown-linux-gnu/4.8.3/plugin/include/cgraph.h
/usr/bin/install -c -m 644 ../../gcc-4.8.3/gcc/cif-code.def /cross-tools/lib/gcc/mips64el-unknown-linux-gnu/4.8.3/plugin/include/cif-code.def
/usr/bin/install -c -m 644 config.h /cross-tools/lib/gcc/mips64el-unknown-linux-gnu/4.8.3/plugin/include/config.h
/usr/bin/install -c -m 644 ../../gcc-4.8.3/gcc/config/dbxelf.h /cross-tools/lib/gcc/mips64el-unknown-linux-gnu/4.8.3/plugin/include/config/dbxelf.h
/usr/bin/install -c -m 644 ../../gcc-4.8.3/gcc/config/elfos.h /cross-tools/lib/gcc/mips64el-unknown-linux-gnu/4.8.3/plugin/include/config/elfos.h
/usr/bin/install -c -m 644 ../../gcc-4.8.3/gcc/config/glibc-stdint.h /cross-tools/lib/gcc/mips64el-unknown-linux-gnu/4.8.3/plugin/include/config/glibc-stdint.h
/usr/bin/install -c -m 644 ../../gcc-4.8.3/gcc/config/gnu-user.h /cross-tools/lib/gcc/mips64el-unknown-linux-gnu/4.8.3/plugin/include/config/gnu-user.h
/usr/bin/install -c -m 644 ../../gcc-4.8.3/gcc/config/initfini-array.h /cross-tools/lib/gcc/mips64el-unknown-linux-gnu/4.8.3/plugin/include/config/initfini-array.h
/usr/bin/install -c -m 644 ../../gcc-4.8.3/gcc/config/linux-android.h /cross-tools/lib/gcc/mips64el-unknown-linux-gnu/4.8.3/plugin/include/config/linux-android.h
/usr/bin/install -c -m 644 ../../gcc-4.8.3/gcc/config/linux.h /cross-tools/lib/gcc/mips64el-unknown-linux-gnu/4.8.3/plugin/include/config/linux.h
/usr/bin/install -c -m 644 ../../gcc-4.8.3/gcc/config/mips/gnu-user.h /cross-tools/lib/gcc/mips64el-unknown-linux-gnu/4.8.3/plugin/include/config/mips/gnu-user.h
/usr/bin/install -c -m 644 ../../gcc-4.8.3/gcc/config/mips/gnu-user64.h /cross-tools/lib/gcc/mips64el-unknown-linux-gnu/4.8.3/plugin/include/config/mips/gnu-user64.h
/usr/bin/install -c -m 644 ../../gcc-4.8.3/gcc/config/mips/linux-common.h /cross-tools/lib/gcc/mips64el-unknown-linux-gnu/4.8.3/plugin/include/config/mips/linux-common.h
/usr/bin/install -c -m 644 ../../gcc-4.8.3/gcc/config/mips/linux64.h /cross-tools/lib/gcc/mips64el-unknown-linux-gnu/4.8.3/plugin/include/config/mips/linux64.h
/usr/bin/install -c -m 644 ../../gcc-4.8.3/gcc/config/mips/mips-protos.h /cross-tools/lib/gcc/mips64el-unknown-linux-gnu/4.8.3/plugin/include/config/mips/mips-protos.h
/usr/bin/install -c -m 644 ../../gcc-4.8.3/gcc/config/mips/mips.h /cross-tools/lib/gcc/mips64el-unknown-linux-gnu/4.8.3/plugin/include/config/mips/mips.h
/usr/bin/install -c -m 644 ../../gcc-4.8.3/gcc/config/vxworks-dummy.h /cross-tools/lib/gcc/mips64el-unknown-linux-gnu/4.8.3/plugin/include/config/vxworks-dummy.h
/usr/bin/install -c -m 644 configargs.h /cross-tools/lib/gcc/mips64el-unknown-linux-gnu/4.8.3/plugin/include/configargs.h
/usr/bin/install -c -m 644 ../../gcc-4.8.3/gcc/coretypes.h /cross-tools/lib/gcc/mips64el-unknown-linux-gnu/4.8.3/plugin/include/coretypes.h
/usr/bin/install -c -m 644 ../../gcc-4.8.3/gcc/cppdefault.h /cross-tools/lib/gcc/mips64el-unknown-linux-gnu/4.8.3/plugin/include/cppdefault.h
/usr/bin/install -c -m 644 ../../gcc-4.8.3/gcc/debug.h /cross-tools/lib/gcc/mips64el-unknown-linux-gnu/4.8.3/plugin/include/debug.h
/usr/bin/install -c -m 644 ../../gcc-4.8.3/gcc/defaults.h /cross-tools/lib/gcc/mips64el-unknown-linux-gnu/4.8.3/plugin/include/defaults.h
/usr/bin/install -c -m 644 ../../gcc-4.8.3/gcc/diagnostic-core.h /cross-tools/lib/gcc/mips64el-unknown-linux-gnu/4.8.3/plugin/include/diagnostic-core.h
/usr/bin/install -c -m 644 ../../gcc-4.8.3/gcc/diagnostic.def /cross-tools/lib/gcc/mips64el-unknown-linux-gnu/4.8.3/plugin/include/diagnostic.def
/usr/bin/install -c -m 644 ../../gcc-4.8.3/gcc/diagnostic.h /cross-tools/lib/gcc/mips64el-unknown-linux-gnu/4.8.3/plugin/include/diagnostic.h
/usr/bin/install -c -m 644 ../../gcc-4.8.3/gcc/double-int.h /cross-tools/lib/gcc/mips64el-unknown-linux-gnu/4.8.3/plugin/include/double-int.h
/usr/bin/install -c -m 644 ../../gcc-4.8.3/gcc/dumpfile.h /cross-tools/lib/gcc/mips64el-unknown-linux-gnu/4.8.3/plugin/include/dumpfile.h
/usr/bin/install -c -m 644 ../../gcc-4.8.3/gcc/emit-rtl.h /cross-tools/lib/gcc/mips64el-unknown-linux-gnu/4.8.3/plugin/include/emit-rtl.h
/usr/bin/install -c -m 644 ../../gcc-4.8.3/gcc/except.h /cross-tools/lib/gcc/mips64el-unknown-linux-gnu/4.8.3/plugin/include/except.h
/usr/bin/install -c -m 644 ../../gcc-4.8.3/gcc/fixed-value.h /cross-tools/lib/gcc/mips64el-unknown-linux-gnu/4.8.3/plugin/include/fixed-value.h
/usr/bin/install -c -m 644 ../../gcc-4.8.3/gcc/flag-types.h /cross-tools/lib/gcc/mips64el-unknown-linux-gnu/4.8.3/plugin/include/flag-types.h
/usr/bin/install -c -m 644 ../../gcc-4.8.3/gcc/flags.h /cross-tools/lib/gcc/mips64el-unknown-linux-gnu/4.8.3/plugin/include/flags.h
/usr/bin/install -c -m 644 ../../gcc-4.8.3/gcc/function.h /cross-tools/lib/gcc/mips64el-unknown-linux-gnu/4.8.3/plugin/include/function.h
/usr/bin/install -c -m 644 ../../gcc-4.8.3/gcc/gcc-plugin.h /cross-tools/lib/gcc/mips64el-unknown-linux-gnu/4.8.3/plugin/include/gcc-plugin.h
/usr/bin/install -c -m 644 genrtl.h /cross-tools/lib/gcc/mips64el-unknown-linux-gnu/4.8.3/plugin/include/genrtl.h
/usr/bin/install -c -m 644 ../../gcc-4.8.3/gcc/ggc.h /cross-tools/lib/gcc/mips64el-unknown-linux-gnu/4.8.3/plugin/include/ggc.h
/usr/bin/install -c -m 644 ../../gcc-4.8.3/gcc/gimple-pretty-print.h /cross-tools/lib/gcc/mips64el-unknown-linux-gnu/4.8.3/plugin/include/gimple-pretty-print.h
/usr/bin/install -c -m 644 ../../gcc-4.8.3/gcc/gimple.def /cross-tools/lib/gcc/mips64el-unknown-linux-gnu/4.8.3/plugin/include/gimple.def
/usr/bin/install -c -m 644 ../../gcc-4.8.3/gcc/gimple.h /cross-tools/lib/gcc/mips64el-unknown-linux-gnu/4.8.3/plugin/include/gimple.h
/usr/bin/install -c -m 644 ../../gcc-4.8.3/gcc/gsstruct.def /cross-tools/lib/gcc/mips64el-unknown-linux-gnu/4.8.3/plugin/include/gsstruct.def
/usr/bin/install -c -m 644 ../../gcc-4.8.3/gcc/gtm-builtins.def /cross-tools/lib/gcc/mips64el-unknown-linux-gnu/4.8.3/plugin/include/gtm-builtins.def
/usr/bin/install -c -m 644 gtype-desc.h /cross-tools/lib/gcc/mips64el-unknown-linux-gnu/4.8.3/plugin/include/gtype-desc.h
/usr/bin/install -c -m 644 ../../gcc-4.8.3/gcc/hard-reg-set.h /cross-tools/lib/gcc/mips64el-unknown-linux-gnu/4.8.3/plugin/include/hard-reg-set.h
/usr/bin/install -c -m 644 ../../gcc-4.8.3/gcc/highlev-plugin-common.h /cross-tools/lib/gcc/mips64el-unknown-linux-gnu/4.8.3/plugin/include/highlev-plugin-common.h
/usr/bin/install -c -m 644 ../../gcc-4.8.3/gcc/hwint.h /cross-tools/lib/gcc/mips64el-unknown-linux-gnu/4.8.3/plugin/include/hwint.h
/usr/bin/install -c -m 644 ../../gcc-4.8.3/gcc/incpath.h /cross-tools/lib/gcc/mips64el-unknown-linux-gnu/4.8.3/plugin/include/incpath.h
/usr/bin/install -c -m 644 ../../gcc-4.8.3/gcc/input.h /cross-tools/lib/gcc/mips64el-unknown-linux-gnu/4.8.3/plugin/include/input.h
/usr/bin/install -c -m 644 insn-constants.h /cross-tools/lib/gcc/mips64el-unknown-linux-gnu/4.8.3/plugin/include/insn-constants.h
/usr/bin/install -c -m 644 insn-flags.h /cross-tools/lib/gcc/mips64el-unknown-linux-gnu/4.8.3/plugin/include/insn-flags.h
/usr/bin/install -c -m 644 insn-modes.h /cross-tools/lib/gcc/mips64el-unknown-linux-gnu/4.8.3/plugin/include/insn-modes.h
/usr/bin/install -c -m 644 ../../gcc-4.8.3/gcc/insn-notes.def /cross-tools/lib/gcc/mips64el-unknown-linux-gnu/4.8.3/plugin/include/insn-notes.def
/usr/bin/install -c -m 644 ../../gcc-4.8.3/gcc/internal-fn.def /cross-tools/lib/gcc/mips64el-unknown-linux-gnu/4.8.3/plugin/include/internal-fn.def
/usr/bin/install -c -m 644 ../../gcc-4.8.3/gcc/internal-fn.h /cross-tools/lib/gcc/mips64el-unknown-linux-gnu/4.8.3/plugin/include/internal-fn.h
/usr/bin/install -c -m 644 ../../gcc-4.8.3/gcc/intl.h /cross-tools/lib/gcc/mips64el-unknown-linux-gnu/4.8.3/plugin/include/intl.h
/usr/bin/install -c -m 644 ../../gcc-4.8.3/gcc/ipa-prop.h /cross-tools/lib/gcc/mips64el-unknown-linux-gnu/4.8.3/plugin/include/ipa-prop.h
/usr/bin/install -c -m 644 ../../gcc-4.8.3/gcc/ipa-ref-inline.h /cross-tools/lib/gcc/mips64el-unknown-linux-gnu/4.8.3/plugin/include/ipa-ref-inline.h
/usr/bin/install -c -m 644 ../../gcc-4.8.3/gcc/ipa-ref.h /cross-tools/lib/gcc/mips64el-unknown-linux-gnu/4.8.3/plugin/include/ipa-ref.h
/usr/bin/install -c -m 644 ../../gcc-4.8.3/gcc/ipa-reference.h /cross-tools/lib/gcc/mips64el-unknown-linux-gnu/4.8.3/plugin/include/ipa-reference.h
/usr/bin/install -c -m 644 ../../gcc-4.8.3/gcc/ipa-utils.h /cross-tools/lib/gcc/mips64el-unknown-linux-gnu/4.8.3/plugin/include/ipa-utils.h
/usr/bin/install -c -m 644 ../../gcc-4.8.3/gcc/is-a.h /cross-tools/lib/gcc/mips64el-unknown-linux-gnu/4.8.3/plugin/include/is-a.h
/usr/bin/install -c -m 644 ../../gcc-4.8.3/gcc/langhooks.h /cross-tools/lib/gcc/mips64el-unknown-linux-gnu/4.8.3/plugin/include/langhooks.h
/usr/bin/install -c -m 644 ../../gcc-4.8.3/gcc/machmode.h /cross-tools/lib/gcc/mips64el-unknown-linux-gnu/4.8.3/plugin/include/machmode.h
/usr/bin/install -c -m 644 ../../gcc-4.8.3/gcc/mode-classes.def /cross-tools/lib/gcc/mips64el-unknown-linux-gnu/4.8.3/plugin/include/mode-classes.def
/usr/bin/install -c -m 644 ../../gcc-4.8.3/gcc/omp-builtins.def /cross-tools/lib/gcc/mips64el-unknown-linux-gnu/4.8.3/plugin/include/omp-builtins.def
/usr/bin/install -c -m 644 options.h /cross-tools/lib/gcc/mips64el-unknown-linux-gnu/4.8.3/plugin/include/options.h
/usr/bin/install -c -m 644 ../../gcc-4.8.3/gcc/opts.h /cross-tools/lib/gcc/mips64el-unknown-linux-gnu/4.8.3/plugin/include/opts.h
/usr/bin/install -c -m 644 ../../gcc-4.8.3/gcc/output.h /cross-tools/lib/gcc/mips64el-unknown-linux-gnu/4.8.3/plugin/include/output.h
/usr/bin/install -c -m 644 ../../gcc-4.8.3/gcc/params.def /cross-tools/lib/gcc/mips64el-unknown-linux-gnu/4.8.3/plugin/include/params.def
/usr/bin/install -c -m 644 ../../gcc-4.8.3/gcc/params.h /cross-tools/lib/gcc/mips64el-unknown-linux-gnu/4.8.3/plugin/include/params.h
/usr/bin/install -c -m 644 plugin-version.h /cross-tools/lib/gcc/mips64el-unknown-linux-gnu/4.8.3/plugin/include/plugin-version.h
/usr/bin/install -c -m 644 ../../gcc-4.8.3/gcc/plugin.def /cross-tools/lib/gcc/mips64el-unknown-linux-gnu/4.8.3/plugin/include/plugin.def
/usr/bin/install -c -m 644 ../../gcc-4.8.3/gcc/plugin.h /cross-tools/lib/gcc/mips64el-unknown-linux-gnu/4.8.3/plugin/include/plugin.h
/usr/bin/install -c -m 644 ../../gcc-4.8.3/gcc/pointer-set.h /cross-tools/lib/gcc/mips64el-unknown-linux-gnu/4.8.3/plugin/include/pointer-set.h
/usr/bin/install -c -m 644 ../../gcc-4.8.3/gcc/predict.def /cross-tools/lib/gcc/mips64el-unknown-linux-gnu/4.8.3/plugin/include/predict.def
/usr/bin/install -c -m 644 ../../gcc-4.8.3/gcc/predict.h /cross-tools/lib/gcc/mips64el-unknown-linux-gnu/4.8.3/plugin/include/predict.h
/usr/bin/install -c -m 644 ../../gcc-4.8.3/gcc/prefix.h /cross-tools/lib/gcc/mips64el-unknown-linux-gnu/4.8.3/plugin/include/prefix.h
/usr/bin/install -c -m 644 ../../gcc-4.8.3/gcc/pretty-print.h /cross-tools/lib/gcc/mips64el-unknown-linux-gnu/4.8.3/plugin/include/pretty-print.h
/usr/bin/install -c -m 644 ../../gcc-4.8.3/gcc/real.h /cross-tools/lib/gcc/mips64el-unknown-linux-gnu/4.8.3/plugin/include/real.h
/usr/bin/install -c -m 644 ../../gcc-4.8.3/gcc/realmpfr.h /cross-tools/lib/gcc/mips64el-unknown-linux-gnu/4.8.3/plugin/include/realmpfr.h
/usr/bin/install -c -m 644 ../../gcc-4.8.3/gcc/reg-notes.def /cross-tools/lib/gcc/mips64el-unknown-linux-gnu/4.8.3/plugin/include/reg-notes.def
/usr/bin/install -c -m 644 ../../gcc-4.8.3/gcc/rtl.def /cross-tools/lib/gcc/mips64el-unknown-linux-gnu/4.8.3/plugin/include/rtl.def
/usr/bin/install -c -m 644 ../../gcc-4.8.3/gcc/rtl.h /cross-tools/lib/gcc/mips64el-unknown-linux-gnu/4.8.3/plugin/include/rtl.h
/usr/bin/install -c -m 644 ../../gcc-4.8.3/gcc/sanitizer.def /cross-tools/lib/gcc/mips64el-unknown-linux-gnu/4.8.3/plugin/include/sanitizer.def
/usr/bin/install -c -m 644 ../../gcc-4.8.3/gcc/sbitmap.h /cross-tools/lib/gcc/mips64el-unknown-linux-gnu/4.8.3/plugin/include/sbitmap.h
/usr/bin/install -c -m 644 ../../gcc-4.8.3/gcc/statistics.h /cross-tools/lib/gcc/mips64el-unknown-linux-gnu/4.8.3/plugin/include/statistics.h
/usr/bin/install -c -m 644 ../../gcc-4.8.3/gcc/sync-builtins.def /cross-tools/lib/gcc/mips64el-unknown-linux-gnu/4.8.3/plugin/include/sync-builtins.def
/usr/bin/install -c -m 644 ../../gcc-4.8.3/gcc/system.h /cross-tools/lib/gcc/mips64el-unknown-linux-gnu/4.8.3/plugin/include/system.h
/usr/bin/install -c -m 644 ../../gcc-4.8.3/gcc/target-hooks-macros.h /cross-tools/lib/gcc/mips64el-unknown-linux-gnu/4.8.3/plugin/include/target-hooks-macros.h
/usr/bin/install -c -m 644 ../../gcc-4.8.3/gcc/target.def /cross-tools/lib/gcc/mips64el-unknown-linux-gnu/4.8.3/plugin/include/target.def
/usr/bin/install -c -m 644 ../../gcc-4.8.3/gcc/target.h /cross-tools/lib/gcc/mips64el-unknown-linux-gnu/4.8.3/plugin/include/target.h
/usr/bin/install -c -m 644 ../../gcc-4.8.3/gcc/timevar.def /cross-tools/lib/gcc/mips64el-unknown-linux-gnu/4.8.3/plugin/include/timevar.def
/usr/bin/install -c -m 644 ../../gcc-4.8.3/gcc/timevar.h /cross-tools/lib/gcc/mips64el-unknown-linux-gnu/4.8.3/plugin/include/timevar.h
/usr/bin/install -c -m 644 tm-preds.h /cross-tools/lib/gcc/mips64el-unknown-linux-gnu/4.8.3/plugin/include/tm-preds.h
/usr/bin/install -c -m 644 tm.h /cross-tools/lib/gcc/mips64el-unknown-linux-gnu/4.8.3/plugin/include/tm.h
/usr/bin/install -c -m 644 tm_p.h /cross-tools/lib/gcc/mips64el-unknown-linux-gnu/4.8.3/plugin/include/tm_p.h
/usr/bin/install -c -m 644 ../../gcc-4.8.3/gcc/toplev.h /cross-tools/lib/gcc/mips64el-unknown-linux-gnu/4.8.3/plugin/include/toplev.h
/usr/bin/install -c -m 644 tree-check.h /cross-tools/lib/gcc/mips64el-unknown-linux-gnu/4.8.3/plugin/include/tree-check.h
/usr/bin/install -c -m 644 ../../gcc-4.8.3/gcc/tree-dump.h /cross-tools/lib/gcc/mips64el-unknown-linux-gnu/4.8.3/plugin/include/tree-dump.h
/usr/bin/install -c -m 644 ../../gcc-4.8.3/gcc/tree-flow-inline.h /cross-tools/lib/gcc/mips64el-unknown-linux-gnu/4.8.3/plugin/include/tree-flow-inline.h
/usr/bin/install -c -m 644 ../../gcc-4.8.3/gcc/tree-flow.h /cross-tools/lib/gcc/mips64el-unknown-linux-gnu/4.8.3/plugin/include/tree-flow.h
/usr/bin/install -c -m 644 ../../gcc-4.8.3/gcc/tree-inline.h /cross-tools/lib/gcc/mips64el-unknown-linux-gnu/4.8.3/plugin/include/tree-inline.h
/usr/bin/install -c -m 644 ../../gcc-4.8.3/gcc/tree-iterator.h /cross-tools/lib/gcc/mips64el-unknown-linux-gnu/4.8.3/plugin/include/tree-iterator.h
/usr/bin/install -c -m 644 ../../gcc-4.8.3/gcc/tree-pass.h /cross-tools/lib/gcc/mips64el-unknown-linux-gnu/4.8.3/plugin/include/tree-pass.h
/usr/bin/install -c -m 644 ../../gcc-4.8.3/gcc/tree-pretty-print.h /cross-tools/lib/gcc/mips64el-unknown-linux-gnu/4.8.3/plugin/include/tree-pretty-print.h
/usr/bin/install -c -m 644 ../../gcc-4.8.3/gcc/tree-ssa-alias.h /cross-tools/lib/gcc/mips64el-unknown-linux-gnu/4.8.3/plugin/include/tree-ssa-alias.h
/usr/bin/install -c -m 644 ../../gcc-4.8.3/gcc/tree-ssa-operands.h /cross-tools/lib/gcc/mips64el-unknown-linux-gnu/4.8.3/plugin/include/tree-ssa-operands.h
/usr/bin/install -c -m 644 ../../gcc-4.8.3/gcc/tree-ssa-sccvn.h /cross-tools/lib/gcc/mips64el-unknown-linux-gnu/4.8.3/plugin/include/tree-ssa-sccvn.h
/usr/bin/install -c -m 644 ../../gcc-4.8.3/gcc/tree.def /cross-tools/lib/gcc/mips64el-unknown-linux-gnu/4.8.3/plugin/include/tree.def
/usr/bin/install -c -m 644 ../../gcc-4.8.3/gcc/tree.h /cross-tools/lib/gcc/mips64el-unknown-linux-gnu/4.8.3/plugin/include/tree.h
/usr/bin/install -c -m 644 ../../gcc-4.8.3/gcc/treestruct.def /cross-tools/lib/gcc/mips64el-unknown-linux-gnu/4.8.3/plugin/include/treestruct.def
/usr/bin/install -c -m 644 ../../gcc-4.8.3/gcc/vec.h /cross-tools/lib/gcc/mips64el-unknown-linux-gnu/4.8.3/plugin/include/vec.h
/usr/bin/install -c -m 644 ../../gcc-4.8.3/gcc/version.h /cross-tools/lib/gcc/mips64el-unknown-linux-gnu/4.8.3/plugin/include/version.h
/usr/bin/install -c -m 644 b-header-vars /cross-tools/lib/gcc/mips64el-unknown-linux-gnu/4.8.3/plugin/include/b-header-vars
make[1]: Leaving directory '/home/bert/build_qemu_images/clfs_cross_tools/system/mips64-64/sources/step_15_gcc-4.8.3-build/gcc'
make[1]: Entering directory '/home/bert/build_qemu_images/clfs_cross_tools/system/mips64-64/sources/step_15_gcc-4.8.3-build/mips64el-unknown-linux-gnu/libgcc'
/bin/bash ../../../gcc-4.8.3/libgcc/../mkinstalldirs /cross-tools/lib/gcc/mips64el-unknown-linux-gnu/4.8.3
/usr/bin/install -c -m 644 libgcc.a /cross-tools/lib/gcc/mips64el-unknown-linux-gnu/4.8.3/
chmod 644 /cross-tools/lib/gcc/mips64el-unknown-linux-gnu/4.8.3/libgcc.a
/cross-tools/mips64el-unknown-linux-gnu/bin/ranlib /cross-tools/lib/gcc/mips64el-unknown-linux-gnu/4.8.3/libgcc.a
/usr/bin/install -c -m 644 libgcov.a /cross-tools/lib/gcc/mips64el-unknown-linux-gnu/4.8.3/
chmod 644 /cross-tools/lib/gcc/mips64el-unknown-linux-gnu/4.8.3/libgcov.a
/cross-tools/mips64el-unknown-linux-gnu/bin/ranlib /cross-tools/lib/gcc/mips64el-unknown-linux-gnu/4.8.3/libgcov.a
parts="crtbegin.o crtbeginS.o crtbeginT.o crtend.o crtendS.o crtfastmath.o";				\
for file in $parts; do					\
  rm -f /cross-tools/lib/gcc/mips64el-unknown-linux-gnu/4.8.3/$file;		\
  /usr/bin/install -c -m 644 $file /cross-tools/lib/gcc/mips64el-unknown-linux-gnu/4.8.3/;	\
  case $file in 					\
    *.a)						\
      /cross-tools/mips64el-unknown-linux-gnu/bin/ranlib ../.././gcc/$file ;;	\
  esac;							\
done
/bin/bash ../../../gcc-4.8.3/libgcc/../mkinstalldirs /cross-tools/lib/gcc/mips64el-unknown-linux-gnu/4.8.3/include
/usr/bin/install -c -m 644 unwind.h /cross-tools/lib/gcc/mips64el-unknown-linux-gnu/4.8.3/include
make[1]: Leaving directory '/home/bert/build_qemu_images/clfs_cross_tools/system/mips64-64/sources/step_15_gcc-4.8.3-build/mips64el-unknown-linux-gnu/libgcc'
