make  all-recursive
make[1]: Entering directory '/home/bert/build_qemu_images/clfs_cross_tools/system/mips64-64/sources/step_6_m4-1.4.17-build'
Making all in .
make[2]: Entering directory '/home/bert/build_qemu_images/clfs_cross_tools/system/mips64-64/sources/step_6_m4-1.4.17-build'
make[2]: Nothing to be done for 'all-am'.
make[2]: Leaving directory '/home/bert/build_qemu_images/clfs_cross_tools/system/mips64-64/sources/step_6_m4-1.4.17-build'
Making all in examples
make[2]: Entering directory '/home/bert/build_qemu_images/clfs_cross_tools/system/mips64-64/sources/step_6_m4-1.4.17-build/examples'
make[2]: Nothing to be done for 'all'.
make[2]: Leaving directory '/home/bert/build_qemu_images/clfs_cross_tools/system/mips64-64/sources/step_6_m4-1.4.17-build/examples'
Making all in lib
make[2]: Entering directory '/home/bert/build_qemu_images/clfs_cross_tools/system/mips64-64/sources/step_6_m4-1.4.17-build/lib'
rm -f alloca.h-t alloca.h && \
{ echo '/* DO NOT EDIT! GENERATED AUTOMATICALLY! */'; \
  cat ../../m4-1.4.17/lib/alloca.in.h; \
} > alloca.h-t && \
mv -f alloca.h-t alloca.h
rm -f configmake.h-t && \
{ echo '/* DO NOT EDIT! GENERATED AUTOMATICALLY! */'; \
  echo '#define PREFIX "/cross-tools"'; \
  echo '#define EXEC_PREFIX "/cross-tools"'; \
  echo '#define BINDIR "/cross-tools/bin"'; \
  echo '#define SBINDIR "/cross-tools/sbin"'; \
  echo '#define LIBEXECDIR "/cross-tools/libexec"'; \
  echo '#define DATAROOTDIR "/cross-tools/share"'; \
  echo '#define DATADIR "/cross-tools/share"'; \
  echo '#define SYSCONFDIR "/cross-tools/etc"'; \
  echo '#define SHAREDSTATEDIR "/cross-tools/com"'; \
  echo '#define LOCALSTATEDIR "/cross-tools/var"'; \
  echo '#define INCLUDEDIR "/cross-tools/include"'; \
  echo '#define OLDINCLUDEDIR "/usr/include"'; \
  echo '#define DOCDIR "/cross-tools/share/doc/m4"'; \
  echo '#define INFODIR "/cross-tools/share/info"'; \
  echo '#define HTMLDIR "/cross-tools/share/doc/m4"'; \
  echo '#define DVIDIR "/cross-tools/share/doc/m4"'; \
  echo '#define PDFDIR "/cross-tools/share/doc/m4"'; \
  echo '#define PSDIR "/cross-tools/share/doc/m4"'; \
  echo '#define LIBDIR "/cross-tools/lib"'; \
  echo '#define LISPDIR "/cross-tools/share/emacs/site-lisp"'; \
  echo '#define LOCALEDIR "/cross-tools/share/locale"'; \
  echo '#define MANDIR "/cross-tools/share/man"'; \
  echo '#define MANEXT ""'; \
  echo '#define PKGDATADIR "/cross-tools/share/m4"'; \
  echo '#define PKGINCLUDEDIR "/cross-tools/include/m4"'; \
  echo '#define PKGLIBDIR "/cross-tools/lib/m4"'; \
  echo '#define PKGLIBEXECDIR "/cross-tools/libexec/m4"'; \
} | sed '/""/d' > configmake.h-t && \
mv -f configmake.h-t configmake.h
rm -f c++defs.h-t c++defs.h && \
sed -n -e '/_GL_CXXDEFS/,$p' \
  < ../../m4-1.4.17/build-aux/snippet/c++defs.h \
  > c++defs.h-t && \
mv c++defs.h-t c++defs.h
rm -f arg-nonnull.h-t arg-nonnull.h && \
sed -n -e '/GL_ARG_NONNULL/,$p' \
  < ../../m4-1.4.17/build-aux/snippet/arg-nonnull.h \
  > arg-nonnull.h-t && \
mv arg-nonnull.h-t arg-nonnull.h
rm -f warn-on-use.h-t warn-on-use.h && \
sed -n -e '/^.ifndef/,$p' \
  < ../../m4-1.4.17/build-aux/snippet/warn-on-use.h \
  > warn-on-use.h-t && \
mv warn-on-use.h-t warn-on-use.h
rm -f fcntl.h-t fcntl.h && \
{ echo '/* DO NOT EDIT! GENERATED AUTOMATICALLY! */'; \
  sed -e 's|@''GUARD_PREFIX''@|GL_M4|g' \
      -e 's|@''INCLUDE_NEXT''@|include_next|g' \
      -e 's|@''PRAGMA_SYSTEM_HEADER''@|#pragma GCC system_header|g' \
      -e 's|@''PRAGMA_COLUMNS''@||g' \
      -e 's|@''NEXT_FCNTL_H''@|<fcntl.h>|g' \
      -e 's/@''GNULIB_FCNTL''@/1/g' \
      -e 's/@''GNULIB_NONBLOCKING''@/0/g' \
      -e 's/@''GNULIB_OPEN''@/1/g' \
      -e 's/@''GNULIB_OPENAT''@/0/g' \
      -e 's|@''HAVE_FCNTL''@|1|g' \
      -e 's|@''HAVE_OPENAT''@|1|g' \
      -e 's|@''REPLACE_FCNTL''@|1|g' \
      -e 's|@''REPLACE_OPEN''@|0|g' \
      -e 's|@''REPLACE_OPENAT''@|0|g' \
      -e '/definitions of _GL_FUNCDECL_RPL/r c++defs.h' \
      -e '/definition of _GL_ARG_NONNULL/r arg-nonnull.h' \
      -e '/definition of _GL_WARN_ON_USE/r warn-on-use.h' \
      < ../../m4-1.4.17/lib/fcntl.in.h; \
} > fcntl.h-t && \
mv fcntl.h-t fcntl.h
rm -f langinfo.h-t langinfo.h && \
{ echo '/* DO NOT EDIT! GENERATED AUTOMATICALLY! */'; \
  sed -e 's|@''GUARD_PREFIX''@|GL_M4|g' \
      -e 's|@''HAVE_LANGINFO_H''@|1|g' \
      -e 's|@''INCLUDE_NEXT''@|include_next|g' \
      -e 's|@''PRAGMA_SYSTEM_HEADER''@|#pragma GCC system_header|g' \
      -e 's|@''PRAGMA_COLUMNS''@||g' \
      -e 's|@''NEXT_LANGINFO_H''@|<langinfo.h>|g' \
      -e 's/@''GNULIB_NL_LANGINFO''@/1/g' \
      -e 's|@''HAVE_LANGINFO_CODESET''@|1|g' \
      -e 's|@''HAVE_LANGINFO_T_FMT_AMPM''@|1|g' \
      -e 's|@''HAVE_LANGINFO_ERA''@|1|g' \
      -e 's|@''HAVE_LANGINFO_YESEXPR''@|1|g' \
      -e 's|@''HAVE_NL_LANGINFO''@|1|g' \
      -e 's|@''REPLACE_NL_LANGINFO''@|0|g' \
      -e '/definitions of _GL_FUNCDECL_RPL/r c++defs.h' \
      -e '/definition of _GL_WARN_ON_USE/r warn-on-use.h' \
      < ../../m4-1.4.17/lib/langinfo.in.h; \
} > langinfo.h-t && \
mv langinfo.h-t langinfo.h
rm -f locale.h-t locale.h && \
{ echo '/* DO NOT EDIT! GENERATED AUTOMATICALLY! */' && \
  sed -e 's|@''GUARD_PREFIX''@|GL_M4|g' \
      -e 's|@''INCLUDE_NEXT''@|include_next|g' \
      -e 's|@''PRAGMA_SYSTEM_HEADER''@|#pragma GCC system_header|g' \
      -e 's|@''PRAGMA_COLUMNS''@||g' \
      -e 's|@''NEXT_LOCALE_H''@|<locale.h>|g' \
      -e 's/@''GNULIB_LOCALECONV''@/1/g' \
      -e 's/@''GNULIB_SETLOCALE''@/IN_M4_GNULIB_TESTS/g' \
      -e 's/@''GNULIB_DUPLOCALE''@/0/g' \
      -e 's|@''HAVE_DUPLOCALE''@|1|g' \
      -e 's|@''HAVE_XLOCALE_H''@|1|g' \
      -e 's|@''REPLACE_LOCALECONV''@|0|g' \
      -e 's|@''REPLACE_SETLOCALE''@|0|g' \
      -e 's|@''REPLACE_DUPLOCALE''@|0|g' \
      -e 's|@''REPLACE_STRUCT_LCONV''@|0|g' \
      -e '/definitions of _GL_FUNCDECL_RPL/r c++defs.h' \
      -e '/definition of _GL_ARG_NONNULL/r arg-nonnull.h' \
      -e '/definition of _GL_WARN_ON_USE/r warn-on-use.h' \
      < ../../m4-1.4.17/lib/locale.in.h; \
} > locale.h-t && \
mv locale.h-t locale.h
rm -f math.h-t math.h && \
{ echo '/* DO NOT EDIT! GENERATED AUTOMATICALLY! */' && \
  sed -e 's|@''GUARD_PREFIX''@|GL_M4|g' \
      -e 's|@''INCLUDE_NEXT_AS_FIRST_DIRECTIVE''@|include_next|g' \
      -e 's|@''PRAGMA_SYSTEM_HEADER''@|#pragma GCC system_header|g' \
      -e 's|@''PRAGMA_COLUMNS''@||g' \
      -e 's|@''NEXT_AS_FIRST_DIRECTIVE_MATH_H''@|<math.h>|g' \
      -e 's/@''GNULIB_ACOSF''@/0/g' \
      -e 's/@''GNULIB_ACOSL''@/0/g' \
      -e 's/@''GNULIB_ASINF''@/0/g' \
      -e 's/@''GNULIB_ASINL''@/0/g' \
      -e 's/@''GNULIB_ATANF''@/0/g' \
      -e 's/@''GNULIB_ATANL''@/0/g' \
      -e 's/@''GNULIB_ATAN2F''@/0/g' \
      -e 's/@''GNULIB_CBRT''@/0/g' \
      -e 's/@''GNULIB_CBRTF''@/0/g' \
      -e 's/@''GNULIB_CBRTL''@/0/g' \
      -e 's/@''GNULIB_CEIL''@/0/g' \
      -e 's/@''GNULIB_CEILF''@/0/g' \
      -e 's/@''GNULIB_CEILL''@/0/g' \
      -e 's/@''GNULIB_COPYSIGN''@/0/g' \
      -e 's/@''GNULIB_COPYSIGNF''@/0/g' \
      -e 's/@''GNULIB_COPYSIGNL''@/0/g' \
      -e 's/@''GNULIB_COSF''@/0/g' \
      -e 's/@''GNULIB_COSL''@/0/g' \
      -e 's/@''GNULIB_COSHF''@/0/g' \
      -e 's/@''GNULIB_EXPF''@/0/g' \
      -e 's/@''GNULIB_EXPL''@/0/g' \
      -e 's/@''GNULIB_EXP2''@/0/g' \
      -e 's/@''GNULIB_EXP2F''@/0/g' \
      -e 's/@''GNULIB_EXP2L''@/0/g' \
      -e 's/@''GNULIB_EXPM1''@/0/g' \
      -e 's/@''GNULIB_EXPM1F''@/0/g' \
      -e 's/@''GNULIB_EXPM1L''@/0/g' \
      -e 's/@''GNULIB_FABSF''@/0/g' \
      -e 's/@''GNULIB_FABSL''@/0/g' \
      -e 's/@''GNULIB_FLOOR''@/0/g' \
      -e 's/@''GNULIB_FLOORF''@/0/g' \
      -e 's/@''GNULIB_FLOORL''@/0/g' \
      -e 's/@''GNULIB_FMA''@/0/g' \
      -e 's/@''GNULIB_FMAF''@/0/g' \
      -e 's/@''GNULIB_FMAL''@/0/g' \
      -e 's/@''GNULIB_FMOD''@/0/g' \
      -e 's/@''GNULIB_FMODF''@/0/g' \
      -e 's/@''GNULIB_FMODL''@/0/g' \
      -e 's/@''GNULIB_FREXPF''@/0/g' \
      -e 's/@''GNULIB_FREXP''@/1/g' \
      -e 's/@''GNULIB_FREXPL''@/1/g' \
      -e 's/@''GNULIB_HYPOT''@/0/g' \
      -e 's/@''GNULIB_HYPOTF''@/0/g' \
      -e 's/@''GNULIB_HYPOTL''@/0/g' \
      < ../../m4-1.4.17/lib/math.in.h | \
  sed -e 's/@''GNULIB_ILOGB''@/0/g' \
      -e 's/@''GNULIB_ILOGBF''@/0/g' \
      -e 's/@''GNULIB_ILOGBL''@/0/g' \
      -e 's/@''GNULIB_ISFINITE''@/0/g' \
      -e 's/@''GNULIB_ISINF''@/0/g' \
      -e 's/@''GNULIB_ISNAN''@/0/g' \
      -e 's/@''GNULIB_ISNANF''@/0/g' \
      -e 's/@''GNULIB_ISNAND''@/0/g' \
      -e 's/@''GNULIB_ISNANL''@/0/g' \
      -e 's/@''GNULIB_LDEXPF''@/0/g' \
      -e 's/@''GNULIB_LDEXPL''@/0/g' \
      -e 's/@''GNULIB_LOG''@/0/g' \
      -e 's/@''GNULIB_LOGF''@/0/g' \
      -e 's/@''GNULIB_LOGL''@/0/g' \
      -e 's/@''GNULIB_LOG10''@/0/g' \
      -e 's/@''GNULIB_LOG10F''@/0/g' \
      -e 's/@''GNULIB_LOG10L''@/0/g' \
      -e 's/@''GNULIB_LOG1P''@/0/g' \
      -e 's/@''GNULIB_LOG1PF''@/0/g' \
      -e 's/@''GNULIB_LOG1PL''@/0/g' \
      -e 's/@''GNULIB_LOG2''@/0/g' \
      -e 's/@''GNULIB_LOG2F''@/0/g' \
      -e 's/@''GNULIB_LOG2L''@/0/g' \
      -e 's/@''GNULIB_LOGB''@/0/g' \
      -e 's/@''GNULIB_LOGBF''@/0/g' \
      -e 's/@''GNULIB_LOGBL''@/0/g' \
      -e 's/@''GNULIB_MODF''@/0/g' \
      -e 's/@''GNULIB_MODFF''@/0/g' \
      -e 's/@''GNULIB_MODFL''@/0/g' \
      -e 's/@''GNULIB_POWF''@/0/g' \
      -e 's/@''GNULIB_REMAINDER''@/0/g' \
      -e 's/@''GNULIB_REMAINDERF''@/0/g' \
      -e 's/@''GNULIB_REMAINDERL''@/0/g' \
      -e 's/@''GNULIB_RINT''@/0/g' \
      -e 's/@''GNULIB_RINTF''@/0/g' \
      -e 's/@''GNULIB_RINTL''@/0/g' \
      -e 's/@''GNULIB_ROUND''@/0/g' \
      -e 's/@''GNULIB_ROUNDF''@/0/g' \
      -e 's/@''GNULIB_ROUNDL''@/0/g' \
      -e 's/@''GNULIB_SIGNBIT''@/1/g' \
      -e 's/@''GNULIB_SINF''@/0/g' \
      -e 's/@''GNULIB_SINL''@/0/g' \
      -e 's/@''GNULIB_SINHF''@/0/g' \
      -e 's/@''GNULIB_SQRTF''@/0/g' \
      -e 's/@''GNULIB_SQRTL''@/0/g' \
      -e 's/@''GNULIB_TANF''@/0/g' \
      -e 's/@''GNULIB_TANL''@/0/g' \
      -e 's/@''GNULIB_TANHF''@/0/g' \
      -e 's/@''GNULIB_TRUNC''@/0/g' \
      -e 's/@''GNULIB_TRUNCF''@/0/g' \
      -e 's/@''GNULIB_TRUNCL''@/0/g' \
  | \
  sed -e 's|@''HAVE_ACOSF''@|1|g' \
      -e 's|@''HAVE_ACOSL''@|1|g' \
      -e 's|@''HAVE_ASINF''@|1|g' \
      -e 's|@''HAVE_ASINL''@|1|g' \
      -e 's|@''HAVE_ATANF''@|1|g' \
      -e 's|@''HAVE_ATANL''@|1|g' \
      -e 's|@''HAVE_ATAN2F''@|1|g' \
      -e 's|@''HAVE_CBRT''@|1|g' \
      -e 's|@''HAVE_CBRTF''@|1|g' \
      -e 's|@''HAVE_CBRTL''@|1|g' \
      -e 's|@''HAVE_COPYSIGN''@|1|g' \
      -e 's|@''HAVE_COPYSIGNL''@|1|g' \
      -e 's|@''HAVE_COSF''@|1|g' \
      -e 's|@''HAVE_COSL''@|1|g' \
      -e 's|@''HAVE_COSHF''@|1|g' \
      -e 's|@''HAVE_EXPF''@|1|g' \
      -e 's|@''HAVE_EXPL''@|1|g' \
      -e 's|@''HAVE_EXPM1''@|1|g' \
      -e 's|@''HAVE_EXPM1F''@|1|g' \
      -e 's|@''HAVE_FABSF''@|1|g' \
      -e 's|@''HAVE_FABSL''@|1|g' \
      -e 's|@''HAVE_FMA''@|1|g' \
      -e 's|@''HAVE_FMAF''@|1|g' \
      -e 's|@''HAVE_FMAL''@|1|g' \
      -e 's|@''HAVE_FMODF''@|1|g' \
      -e 's|@''HAVE_FMODL''@|1|g' \
      -e 's|@''HAVE_FREXPF''@|1|g' \
      -e 's|@''HAVE_HYPOTF''@|1|g' \
      -e 's|@''HAVE_HYPOTL''@|1|g' \
      -e 's|@''HAVE_ILOGB''@|1|g' \
      -e 's|@''HAVE_ILOGBF''@|1|g' \
      -e 's|@''HAVE_ILOGBL''@|1|g' \
      -e 's|@''HAVE_ISNANF''@|1|g' \
      -e 's|@''HAVE_ISNAND''@|1|g' \
      -e 's|@''HAVE_ISNANL''@|1|g' \
      -e 's|@''HAVE_LDEXPF''@|1|g' \
      -e 's|@''HAVE_LOGF''@|1|g' \
      -e 's|@''HAVE_LOGL''@|1|g' \
      -e 's|@''HAVE_LOG10F''@|1|g' \
      -e 's|@''HAVE_LOG10L''@|1|g' \
      -e 's|@''HAVE_LOG1P''@|1|g' \
      -e 's|@''HAVE_LOG1PF''@|1|g' \
      -e 's|@''HAVE_LOG1PL''@|1|g' \
      -e 's|@''HAVE_LOGBF''@|1|g' \
      -e 's|@''HAVE_LOGBL''@|1|g' \
      -e 's|@''HAVE_MODFF''@|1|g' \
      -e 's|@''HAVE_MODFL''@|1|g' \
      -e 's|@''HAVE_POWF''@|1|g' \
      -e 's|@''HAVE_REMAINDER''@|1|g' \
      -e 's|@''HAVE_REMAINDERF''@|1|g' \
      -e 's|@''HAVE_RINT''@|1|g' \
      -e 's|@''HAVE_RINTL''@|1|g' \
      -e 's|@''HAVE_SINF''@|1|g' \
      -e 's|@''HAVE_SINL''@|1|g' \
      -e 's|@''HAVE_SINHF''@|1|g' \
      -e 's|@''HAVE_SQRTF''@|1|g' \
      -e 's|@''HAVE_SQRTL''@|1|g' \
      -e 's|@''HAVE_TANF''@|1|g' \
      -e 's|@''HAVE_TANL''@|1|g' \
      -e 's|@''HAVE_TANHF''@|1|g' \
      -e 's|@''HAVE_DECL_ACOSL''@|1|g' \
      -e 's|@''HAVE_DECL_ASINL''@|1|g' \
      -e 's|@''HAVE_DECL_ATANL''@|1|g' \
      -e 's|@''HAVE_DECL_CBRTF''@|1|g' \
      -e 's|@''HAVE_DECL_CBRTL''@|1|g' \
      -e 's|@''HAVE_DECL_CEILF''@|1|g' \
      -e 's|@''HAVE_DECL_CEILL''@|1|g' \
      -e 's|@''HAVE_DECL_COPYSIGNF''@|1|g' \
      -e 's|@''HAVE_DECL_COSL''@|1|g' \
      -e 's|@''HAVE_DECL_EXPL''@|1|g' \
      -e 's|@''HAVE_DECL_EXP2''@|1|g' \
      -e 's|@''HAVE_DECL_EXP2F''@|1|g' \
      -e 's|@''HAVE_DECL_EXP2L''@|1|g' \
      -e 's|@''HAVE_DECL_EXPM1L''@|1|g' \
      -e 's|@''HAVE_DECL_FLOORF''@|1|g' \
      -e 's|@''HAVE_DECL_FLOORL''@|1|g' \
      -e 's|@''HAVE_DECL_FREXPL''@|1|g' \
      -e 's|@''HAVE_DECL_LDEXPL''@|1|g' \
      -e 's|@''HAVE_DECL_LOGL''@|1|g' \
      -e 's|@''HAVE_DECL_LOG10L''@|1|g' \
      -e 's|@''HAVE_DECL_LOG2''@|1|g' \
      -e 's|@''HAVE_DECL_LOG2F''@|1|g' \
      -e 's|@''HAVE_DECL_LOG2L''@|1|g' \
      -e 's|@''HAVE_DECL_LOGB''@|1|g' \
      -e 's|@''HAVE_DECL_REMAINDER''@|1|g' \
      -e 's|@''HAVE_DECL_REMAINDERL''@|1|g' \
      -e 's|@''HAVE_DECL_RINTF''@|1|g' \
      -e 's|@''HAVE_DECL_ROUND''@|1|g' \
      -e 's|@''HAVE_DECL_ROUNDF''@|1|g' \
      -e 's|@''HAVE_DECL_ROUNDL''@|1|g' \
      -e 's|@''HAVE_DECL_SINL''@|1|g' \
      -e 's|@''HAVE_DECL_SQRTL''@|1|g' \
      -e 's|@''HAVE_DECL_TANL''@|1|g' \
      -e 's|@''HAVE_DECL_TRUNC''@|1|g' \
      -e 's|@''HAVE_DECL_TRUNCF''@|1|g' \
      -e 's|@''HAVE_DECL_TRUNCL''@|1|g' \
  | \
  sed -e 's|@''REPLACE_CBRTF''@|0|g' \
      -e 's|@''REPLACE_CBRTL''@|0|g' \
      -e 's|@''REPLACE_CEIL''@|0|g' \
      -e 's|@''REPLACE_CEILF''@|0|g' \
      -e 's|@''REPLACE_CEILL''@|0|g' \
      -e 's|@''REPLACE_EXPM1''@|0|g' \
      -e 's|@''REPLACE_EXPM1F''@|0|g' \
      -e 's|@''REPLACE_EXP2''@|0|g' \
      -e 's|@''REPLACE_EXP2L''@|0|g' \
      -e 's|@''REPLACE_FABSL''@|0|g' \
      -e 's|@''REPLACE_FLOOR''@|0|g' \
      -e 's|@''REPLACE_FLOORF''@|0|g' \
      -e 's|@''REPLACE_FLOORL''@|0|g' \
      -e 's|@''REPLACE_FMA''@|0|g' \
      -e 's|@''REPLACE_FMAF''@|0|g' \
      -e 's|@''REPLACE_FMAL''@|0|g' \
      -e 's|@''REPLACE_FMOD''@|0|g' \
      -e 's|@''REPLACE_FMODF''@|0|g' \
      -e 's|@''REPLACE_FMODL''@|0|g' \
      -e 's|@''REPLACE_FREXPF''@|0|g' \
      -e 's|@''REPLACE_FREXP''@|0|g' \
      -e 's|@''REPLACE_FREXPL''@|0|g' \
      -e 's|@''REPLACE_HUGE_VAL''@|0|g' \
      -e 's|@''REPLACE_HYPOT''@|0|g' \
      -e 's|@''REPLACE_HYPOTF''@|0|g' \
      -e 's|@''REPLACE_HYPOTL''@|0|g' \
      -e 's|@''REPLACE_ILOGB''@|0|g' \
      -e 's|@''REPLACE_ILOGBF''@|0|g' \
      -e 's|@''REPLACE_ISFINITE''@|0|g' \
      -e 's|@''REPLACE_ISINF''@|0|g' \
      -e 's|@''REPLACE_ISNAN''@|0|g' \
      -e 's|@''REPLACE_ITOLD''@|0|g' \
      -e 's|@''REPLACE_LDEXPL''@|0|g' \
      -e 's|@''REPLACE_LOG''@|0|g' \
      -e 's|@''REPLACE_LOGF''@|0|g' \
      -e 's|@''REPLACE_LOGL''@|0|g' \
      -e 's|@''REPLACE_LOG10''@|0|g' \
      -e 's|@''REPLACE_LOG10F''@|0|g' \
      -e 's|@''REPLACE_LOG10L''@|0|g' \
      -e 's|@''REPLACE_LOG1P''@|0|g' \
      -e 's|@''REPLACE_LOG1PF''@|0|g' \
      -e 's|@''REPLACE_LOG1PL''@|0|g' \
      -e 's|@''REPLACE_LOG2''@|0|g' \
      -e 's|@''REPLACE_LOG2F''@|0|g' \
      -e 's|@''REPLACE_LOG2L''@|0|g' \
      -e 's|@''REPLACE_LOGB''@|0|g' \
      -e 's|@''REPLACE_LOGBF''@|0|g' \
      -e 's|@''REPLACE_LOGBL''@|0|g' \
      -e 's|@''REPLACE_MODF''@|0|g' \
      -e 's|@''REPLACE_MODFF''@|0|g' \
      -e 's|@''REPLACE_MODFL''@|0|g' \
      -e 's|@''REPLACE_NAN''@|0|g' \
      -e 's|@''REPLACE_REMAINDER''@|0|g' \
      -e 's|@''REPLACE_REMAINDERF''@|0|g' \
      -e 's|@''REPLACE_REMAINDERL''@|0|g' \
      -e 's|@''REPLACE_ROUND''@|0|g' \
      -e 's|@''REPLACE_ROUNDF''@|0|g' \
      -e 's|@''REPLACE_ROUNDL''@|0|g' \
      -e 's|@''REPLACE_SIGNBIT''@|0|g' \
      -e 's|@''REPLACE_SIGNBIT_USING_GCC''@|1|g' \
      -e 's|@''REPLACE_SQRTL''@|0|g' \
      -e 's|@''REPLACE_TRUNC''@|0|g' \
      -e 's|@''REPLACE_TRUNCF''@|0|g' \
      -e 's|@''REPLACE_TRUNCL''@|0|g' \
      -e '/definitions of _GL_FUNCDECL_RPL/r c++defs.h' \
      -e '/definition of _GL_ARG_NONNULL/r arg-nonnull.h' \
      -e '/definition of _GL_WARN_ON_USE/r warn-on-use.h'; \
} > math.h-t && \
mv math.h-t math.h
rm -f signal.h-t signal.h && \
{ echo '/* DO NOT EDIT! GENERATED AUTOMATICALLY! */' && \
  sed -e 's|@''GUARD_PREFIX''@|GL_M4|g' \
      -e 's|@''INCLUDE_NEXT''@|include_next|g' \
      -e 's|@''PRAGMA_SYSTEM_HEADER''@|#pragma GCC system_header|g' \
      -e 's|@''PRAGMA_COLUMNS''@||g' \
      -e 's|@''NEXT_SIGNAL_H''@|<signal.h>|g' \
      -e 's|@''GNULIB_PTHREAD_SIGMASK''@|0|g' \
      -e 's|@''GNULIB_RAISE''@|1|g' \
      -e 's/@''GNULIB_SIGNAL_H_SIGPIPE''@/1/g' \
      -e 's/@''GNULIB_SIGPROCMASK''@/1/g' \
      -e 's/@''GNULIB_SIGACTION''@/1/g' \
      -e 's|@''HAVE_POSIX_SIGNALBLOCKING''@|1|g' \
      -e 's|@''HAVE_PTHREAD_SIGMASK''@|1|g' \
      -e 's|@''HAVE_RAISE''@|1|g' \
      -e 's|@''HAVE_SIGSET_T''@|1|g' \
      -e 's|@''HAVE_SIGINFO_T''@|1|g' \
      -e 's|@''HAVE_SIGACTION''@|1|g' \
      -e 's|@''HAVE_STRUCT_SIGACTION_SA_SIGACTION''@|1|g' \
      -e 's|@''HAVE_TYPE_VOLATILE_SIG_ATOMIC_T''@|1|g' \
      -e 's|@''HAVE_SIGHANDLER_T''@|1|g' \
      -e 's|@''REPLACE_PTHREAD_SIGMASK''@|0|g' \
      -e 's|@''REPLACE_RAISE''@|0|g' \
      -e '/definitions of _GL_FUNCDECL_RPL/r c++defs.h' \
      -e '/definition of _GL_ARG_NONNULL/r arg-nonnull.h' \
      -e '/definition of _GL_WARN_ON_USE/r warn-on-use.h' \
      < ../../m4-1.4.17/lib/signal.in.h; \
} > signal.h-t && \
mv signal.h-t signal.h
rm -f unused-parameter.h-t unused-parameter.h && \
sed -n -e '/GL_UNUSED_PARAMETER/,$p' \
  < ../../m4-1.4.17/build-aux/snippet/unused-parameter.h \
  > unused-parameter.h-t && \
mv unused-parameter.h-t unused-parameter.h
rm -f spawn.h-t spawn.h && \
{ echo '/* DO NOT EDIT! GENERATED AUTOMATICALLY! */'; \
  sed -e 's|@''GUARD_PREFIX''@|GL_M4|g' \
      -e 's|@''HAVE_SPAWN_H''@|1|g' \
      -e 's|@''INCLUDE_NEXT''@|include_next|g' \
      -e 's|@''PRAGMA_SYSTEM_HEADER''@|#pragma GCC system_header|g' \
      -e 's|@''PRAGMA_COLUMNS''@||g' \
      -e 's|@''NEXT_SPAWN_H''@|<spawn.h>|g' \
      -e 's/@''GNULIB_POSIX_SPAWN''@/0/g' \
      -e 's/@''GNULIB_POSIX_SPAWNP''@/1/g' \
      -e 's/@''GNULIB_POSIX_SPAWN_FILE_ACTIONS_INIT''@/1/g' \
      -e 's/@''GNULIB_POSIX_SPAWN_FILE_ACTIONS_ADDCLOSE''@/1/g' \
      -e 's/@''GNULIB_POSIX_SPAWN_FILE_ACTIONS_ADDDUP2''@/1/g' \
      -e 's/@''GNULIB_POSIX_SPAWN_FILE_ACTIONS_ADDOPEN''@/1/g' \
      -e 's/@''GNULIB_POSIX_SPAWN_FILE_ACTIONS_DESTROY''@/1/g' \
      -e 's/@''GNULIB_POSIX_SPAWNATTR_INIT''@/1/g' \
      -e 's/@''GNULIB_POSIX_SPAWNATTR_GETFLAGS''@/0/g' \
      -e 's/@''GNULIB_POSIX_SPAWNATTR_SETFLAGS''@/1/g' \
      -e 's/@''GNULIB_POSIX_SPAWNATTR_GETPGROUP''@/0/g' \
      -e 's/@''GNULIB_POSIX_SPAWNATTR_SETPGROUP''@/0/g' \
      -e 's/@''GNULIB_POSIX_SPAWNATTR_GETSCHEDPARAM''@/0/g' \
      -e 's/@''GNULIB_POSIX_SPAWNATTR_SETSCHEDPARAM''@/0/g' \
      -e 's/@''GNULIB_POSIX_SPAWNATTR_GETSCHEDPOLICY''@/0/g' \
      -e 's/@''GNULIB_POSIX_SPAWNATTR_SETSCHEDPOLICY''@/0/g' \
      -e 's/@''GNULIB_POSIX_SPAWNATTR_GETSIGDEFAULT''@/0/g' \
      -e 's/@''GNULIB_POSIX_SPAWNATTR_SETSIGDEFAULT''@/0/g' \
      -e 's/@''GNULIB_POSIX_SPAWNATTR_GETSIGMASK''@/0/g' \
      -e 's/@''GNULIB_POSIX_SPAWNATTR_SETSIGMASK''@/1/g' \
      -e 's/@''GNULIB_POSIX_SPAWNATTR_DESTROY''@/1/g' \
      -e 's|@''HAVE_POSIX_SPAWN''@|1|g' \
      -e 's|@''HAVE_POSIX_SPAWNATTR_T''@|1|g' \
      -e 's|@''HAVE_POSIX_SPAWN_FILE_ACTIONS_T''@|1|g' \
      -e 's|@''REPLACE_POSIX_SPAWN''@|0|g' \
      -e 's|@''REPLACE_POSIX_SPAWN_FILE_ACTIONS_ADDCLOSE''@|0|g' \
      -e 's|@''REPLACE_POSIX_SPAWN_FILE_ACTIONS_ADDDUP2''@|0|g' \
      -e 's|@''REPLACE_POSIX_SPAWN_FILE_ACTIONS_ADDOPEN''@|0|g' \
      -e '/definitions of _GL_FUNCDECL_RPL/r c++defs.h' \
      -e '/definition of _GL_ARG_NONNULL/r arg-nonnull.h' \
      -e '/definition of _GL_WARN_ON_USE/r warn-on-use.h' \
      < ../../m4-1.4.17/lib/spawn.in.h; \
} > spawn.h-t && \
mv spawn.h-t spawn.h
rm -f stdio.h-t stdio.h && \
{ echo '/* DO NOT EDIT! GENERATED AUTOMATICALLY! */' && \
  sed -e 's|@''GUARD_PREFIX''@|GL_M4|g' \
      -e 's|@''INCLUDE_NEXT''@|include_next|g' \
      -e 's|@''PRAGMA_SYSTEM_HEADER''@|#pragma GCC system_header|g' \
      -e 's|@''PRAGMA_COLUMNS''@||g' \
      -e 's|@''NEXT_STDIO_H''@|<stdio.h>|g' \
      -e 's/@''GNULIB_DPRINTF''@/0/g' \
      -e 's/@''GNULIB_FCLOSE''@/1/g' \
      -e 's/@''GNULIB_FDOPEN''@/IN_M4_GNULIB_TESTS/g' \
      -e 's/@''GNULIB_FFLUSH''@/1/g' \
      -e 's/@''GNULIB_FGETC''@/1/g' \
      -e 's/@''GNULIB_FGETS''@/1/g' \
      -e 's/@''GNULIB_FOPEN''@/1/g' \
      -e 's/@''GNULIB_FPRINTF''@/1/g' \
      -e 's/@''GNULIB_FPRINTF_POSIX''@/0/g' \
      -e 's/@''GNULIB_FPURGE''@/1/g' \
      -e 's/@''GNULIB_FPUTC''@/1/g' \
      -e 's/@''GNULIB_FPUTS''@/1/g' \
      -e 's/@''GNULIB_FREAD''@/1/g' \
      -e 's/@''GNULIB_FREOPEN''@/0/g' \
      -e 's/@''GNULIB_FSCANF''@/1/g' \
      -e 's/@''GNULIB_FSEEK''@/1/g' \
      -e 's/@''GNULIB_FSEEKO''@/1/g' \
      -e 's/@''GNULIB_FTELL''@/1/g' \
      -e 's/@''GNULIB_FTELLO''@/1/g' \
      -e 's/@''GNULIB_FWRITE''@/1/g' \
      -e 's/@''GNULIB_GETC''@/1/g' \
      -e 's/@''GNULIB_GETCHAR''@/1/g' \
      -e 's/@''GNULIB_GETDELIM''@/0/g' \
      -e 's/@''GNULIB_GETLINE''@/0/g' \
      -e 's/@''GNULIB_OBSTACK_PRINTF''@/0/g' \
      -e 's/@''GNULIB_OBSTACK_PRINTF_POSIX''@/0/g' \
      -e 's/@''GNULIB_PCLOSE''@/0/g' \
      -e 's/@''GNULIB_PERROR''@/0/g' \
      -e 's/@''GNULIB_POPEN''@/0/g' \
      -e 's/@''GNULIB_PRINTF''@/1/g' \
      -e 's/@''GNULIB_PRINTF_POSIX''@/0/g' \
      -e 's/@''GNULIB_PUTC''@/1/g' \
      -e 's/@''GNULIB_PUTCHAR''@/1/g' \
      -e 's/@''GNULIB_PUTS''@/1/g' \
      -e 's/@''GNULIB_REMOVE''@/0/g' \
      -e 's/@''GNULIB_RENAME''@/1/g' \
      -e 's/@''GNULIB_RENAMEAT''@/0/g' \
      -e 's/@''GNULIB_SCANF''@/1/g' \
      -e 's/@''GNULIB_SNPRINTF''@/1/g' \
      -e 's/@''GNULIB_SPRINTF_POSIX''@/0/g' \
      -e 's/@''GNULIB_STDIO_H_NONBLOCKING''@/0/g' \
      -e 's/@''GNULIB_STDIO_H_SIGPIPE''@/1/g' \
      -e 's/@''GNULIB_TMPFILE''@/0/g' \
      -e 's/@''GNULIB_VASPRINTF''@/1/g' \
      -e 's/@''GNULIB_VDPRINTF''@/0/g' \
      -e 's/@''GNULIB_VFPRINTF''@/1/g' \
      -e 's/@''GNULIB_VFPRINTF_POSIX''@/0/g' \
      -e 's/@''GNULIB_VFSCANF''@/0/g' \
      -e 's/@''GNULIB_VSCANF''@/0/g' \
      -e 's/@''GNULIB_VPRINTF''@/1/g' \
      -e 's/@''GNULIB_VPRINTF_POSIX''@/0/g' \
      -e 's/@''GNULIB_VSNPRINTF''@/0/g' \
      -e 's/@''GNULIB_VSPRINTF_POSIX''@/0/g' \
      < ../../m4-1.4.17/lib/stdio.in.h | \
  sed -e 's|@''HAVE_DECL_FPURGE''@|0|g' \
      -e 's|@''HAVE_DECL_FSEEKO''@|1|g' \
      -e 's|@''HAVE_DECL_FTELLO''@|1|g' \
      -e 's|@''HAVE_DECL_GETDELIM''@|1|g' \
      -e 's|@''HAVE_DECL_GETLINE''@|1|g' \
      -e 's|@''HAVE_DECL_OBSTACK_PRINTF''@|1|g' \
      -e 's|@''HAVE_DECL_SNPRINTF''@|1|g' \
      -e 's|@''HAVE_DECL_VSNPRINTF''@|1|g' \
      -e 's|@''HAVE_DPRINTF''@|1|g' \
      -e 's|@''HAVE_FSEEKO''@|1|g' \
      -e 's|@''HAVE_FTELLO''@|1|g' \
      -e 's|@''HAVE_PCLOSE''@|1|g' \
      -e 's|@''HAVE_POPEN''@|1|g' \
      -e 's|@''HAVE_RENAMEAT''@|1|g' \
      -e 's|@''HAVE_VASPRINTF''@|1|g' \
      -e 's|@''HAVE_VDPRINTF''@|1|g' \
      -e 's|@''REPLACE_DPRINTF''@|0|g' \
      -e 's|@''REPLACE_FCLOSE''@|1|g' \
      -e 's|@''REPLACE_FDOPEN''@|0|g' \
      -e 's|@''REPLACE_FFLUSH''@|1|g' \
      -e 's|@''REPLACE_FOPEN''@|0|g' \
      -e 's|@''REPLACE_FPRINTF''@|0|g' \
      -e 's|@''REPLACE_FPURGE''@|0|g' \
      -e 's|@''REPLACE_FREOPEN''@|0|g' \
      -e 's|@''REPLACE_FSEEK''@|1|g' \
      -e 's|@''REPLACE_FSEEKO''@|1|g' \
      -e 's|@''REPLACE_FTELL''@|0|g' \
      -e 's|@''REPLACE_FTELLO''@|0|g' \
      -e 's|@''REPLACE_GETDELIM''@|0|g' \
      -e 's|@''REPLACE_GETLINE''@|0|g' \
      -e 's|@''REPLACE_OBSTACK_PRINTF''@|0|g' \
      -e 's|@''REPLACE_PERROR''@|0|g' \
      -e 's|@''REPLACE_POPEN''@|0|g' \
      -e 's|@''REPLACE_PRINTF''@|0|g' \
      -e 's|@''REPLACE_REMOVE''@|0|g' \
      -e 's|@''REPLACE_RENAME''@|0|g' \
      -e 's|@''REPLACE_RENAMEAT''@|0|g' \
      -e 's|@''REPLACE_SNPRINTF''@|0|g' \
      -e 's|@''REPLACE_SPRINTF''@|0|g' \
      -e 's|@''REPLACE_STDIO_READ_FUNCS''@|0|g' \
      -e 's|@''REPLACE_STDIO_WRITE_FUNCS''@|0|g' \
      -e 's|@''REPLACE_TMPFILE''@|0|g' \
      -e 's|@''REPLACE_VASPRINTF''@|1|g' \
      -e 's|@''REPLACE_VDPRINTF''@|0|g' \
      -e 's|@''REPLACE_VFPRINTF''@|0|g' \
      -e 's|@''REPLACE_VPRINTF''@|0|g' \
      -e 's|@''REPLACE_VSNPRINTF''@|0|g' \
      -e 's|@''REPLACE_VSPRINTF''@|0|g' \
      -e 's|@''ASM_SYMBOL_PREFIX''@|""|g' \
      -e '/definitions of _GL_FUNCDECL_RPL/r c++defs.h' \
      -e '/definition of _GL_ARG_NONNULL/r arg-nonnull.h' \
      -e '/definition of _GL_WARN_ON_USE/r warn-on-use.h'; \
} > stdio.h-t && \
mv stdio.h-t stdio.h
rm -f stdlib.h-t stdlib.h && \
{ echo '/* DO NOT EDIT! GENERATED AUTOMATICALLY! */' && \
  sed -e 's|@''GUARD_PREFIX''@|GL_M4|g' \
      -e 's|@''INCLUDE_NEXT''@|include_next|g' \
      -e 's|@''PRAGMA_SYSTEM_HEADER''@|#pragma GCC system_header|g' \
      -e 's|@''PRAGMA_COLUMNS''@||g' \
      -e 's|@''NEXT_STDLIB_H''@|<stdlib.h>|g' \
      -e 's/@''GNULIB__EXIT''@/0/g' \
      -e 's/@''GNULIB_ATOLL''@/0/g' \
      -e 's/@''GNULIB_CALLOC_POSIX''@/0/g' \
      -e 's/@''GNULIB_CANONICALIZE_FILE_NAME''@/1/g' \
      -e 's/@''GNULIB_GETLOADAVG''@/0/g' \
      -e 's/@''GNULIB_GETSUBOPT''@/0/g' \
      -e 's/@''GNULIB_GRANTPT''@/0/g' \
      -e 's/@''GNULIB_MALLOC_POSIX''@/1/g' \
      -e 's/@''GNULIB_MBTOWC''@/1/g' \
      -e 's/@''GNULIB_MKDTEMP''@/1/g' \
      -e 's/@''GNULIB_MKOSTEMP''@/0/g' \
      -e 's/@''GNULIB_MKOSTEMPS''@/0/g' \
      -e 's/@''GNULIB_MKSTEMP''@/1/g' \
      -e 's/@''GNULIB_MKSTEMPS''@/0/g' \
      -e 's/@''GNULIB_POSIX_OPENPT''@/0/g' \
      -e 's/@''GNULIB_PTSNAME''@/0/g' \
      -e 's/@''GNULIB_PTSNAME_R''@/0/g' \
      -e 's/@''GNULIB_PUTENV''@/IN_M4_GNULIB_TESTS/g' \
      -e 's/@''GNULIB_RANDOM''@/0/g' \
      -e 's/@''GNULIB_RANDOM_R''@/0/g' \
      -e 's/@''GNULIB_REALLOC_POSIX''@/0/g' \
      -e 's/@''GNULIB_REALPATH''@/1/g' \
      -e 's/@''GNULIB_RPMATCH''@/0/g' \
      -e 's/@''GNULIB_SECURE_GETENV''@/1/g' \
      -e 's/@''GNULIB_SETENV''@/IN_M4_GNULIB_TESTS/g' \
      -e 's/@''GNULIB_STRTOD''@/1/g' \
      -e 's/@''GNULIB_STRTOLL''@/0/g' \
      -e 's/@''GNULIB_STRTOULL''@/0/g' \
      -e 's/@''GNULIB_SYSTEM_POSIX''@/0/g' \
      -e 's/@''GNULIB_UNLOCKPT''@/0/g' \
      -e 's/@''GNULIB_UNSETENV''@/IN_M4_GNULIB_TESTS/g' \
      -e 's/@''GNULIB_WCTOMB''@/IN_M4_GNULIB_TESTS/g' \
      < ../../m4-1.4.17/lib/stdlib.in.h | \
  sed -e 's|@''HAVE__EXIT''@|1|g' \
      -e 's|@''HAVE_ATOLL''@|1|g' \
      -e 's|@''HAVE_CANONICALIZE_FILE_NAME''@|1|g' \
      -e 's|@''HAVE_DECL_GETLOADAVG''@|1|g' \
      -e 's|@''HAVE_GETSUBOPT''@|1|g' \
      -e 's|@''HAVE_GRANTPT''@|1|g' \
      -e 's|@''HAVE_MKDTEMP''@|1|g' \
      -e 's|@''HAVE_MKOSTEMP''@|1|g' \
      -e 's|@''HAVE_MKOSTEMPS''@|1|g' \
      -e 's|@''HAVE_MKSTEMP''@|1|g' \
      -e 's|@''HAVE_MKSTEMPS''@|1|g' \
      -e 's|@''HAVE_POSIX_OPENPT''@|1|g' \
      -e 's|@''HAVE_PTSNAME''@|1|g' \
      -e 's|@''HAVE_PTSNAME_R''@|1|g' \
      -e 's|@''HAVE_RANDOM''@|1|g' \
      -e 's|@''HAVE_RANDOM_H''@|1|g' \
      -e 's|@''HAVE_RANDOM_R''@|1|g' \
      -e 's|@''HAVE_REALPATH''@|1|g' \
      -e 's|@''HAVE_RPMATCH''@|1|g' \
      -e 's|@''HAVE_SECURE_GETENV''@|1|g' \
      -e 's|@''HAVE_DECL_SETENV''@|1|g' \
      -e 's|@''HAVE_STRTOD''@|1|g' \
      -e 's|@''HAVE_STRTOLL''@|1|g' \
      -e 's|@''HAVE_STRTOULL''@|1|g' \
      -e 's|@''HAVE_STRUCT_RANDOM_DATA''@|1|g' \
      -e 's|@''HAVE_SYS_LOADAVG_H''@|0|g' \
      -e 's|@''HAVE_UNLOCKPT''@|1|g' \
      -e 's|@''HAVE_DECL_UNSETENV''@|1|g' \
      -e 's|@''REPLACE_CALLOC''@|0|g' \
      -e 's|@''REPLACE_CANONICALIZE_FILE_NAME''@|0|g' \
      -e 's|@''REPLACE_MALLOC''@|0|g' \
      -e 's|@''REPLACE_MBTOWC''@|0|g' \
      -e 's|@''REPLACE_MKSTEMP''@|0|g' \
      -e 's|@''REPLACE_PTSNAME''@|0|g' \
      -e 's|@''REPLACE_PTSNAME_R''@|0|g' \
      -e 's|@''REPLACE_PUTENV''@|0|g' \
      -e 's|@''REPLACE_RANDOM_R''@|0|g' \
      -e 's|@''REPLACE_REALLOC''@|0|g' \
      -e 's|@''REPLACE_REALPATH''@|0|g' \
      -e 's|@''REPLACE_SETENV''@|0|g' \
      -e 's|@''REPLACE_STRTOD''@|0|g' \
      -e 's|@''REPLACE_UNSETENV''@|0|g' \
      -e 's|@''REPLACE_WCTOMB''@|0|g' \
      -e '/definitions of _GL_FUNCDECL_RPL/r c++defs.h' \
      -e '/definition of _Noreturn/r ../../m4-1.4.17/build-aux/snippet/_Noreturn.h' \
      -e '/definition of _GL_ARG_NONNULL/r arg-nonnull.h' \
      -e '/definition of _GL_WARN_ON_USE/r warn-on-use.h'; \
} > stdlib.h-t && \
mv stdlib.h-t stdlib.h
rm -f string.h-t string.h && \
{ echo '/* DO NOT EDIT! GENERATED AUTOMATICALLY! */' && \
  sed -e 's|@''GUARD_PREFIX''@|GL_M4|g' \
      -e 's|@''INCLUDE_NEXT''@|include_next|g' \
      -e 's|@''PRAGMA_SYSTEM_HEADER''@|#pragma GCC system_header|g' \
      -e 's|@''PRAGMA_COLUMNS''@||g' \
      -e 's|@''NEXT_STRING_H''@|<string.h>|g' \
      -e 's/@''GNULIB_FFSL''@/0/g' \
      -e 's/@''GNULIB_FFSLL''@/0/g' \
      -e 's/@''GNULIB_MBSLEN''@/0/g' \
      -e 's/@''GNULIB_MBSNLEN''@/0/g' \
      -e 's/@''GNULIB_MBSCHR''@/0/g' \
      -e 's/@''GNULIB_MBSRCHR''@/0/g' \
      -e 's/@''GNULIB_MBSSTR''@/0/g' \
      -e 's/@''GNULIB_MBSCASECMP''@/0/g' \
      -e 's/@''GNULIB_MBSNCASECMP''@/0/g' \
      -e 's/@''GNULIB_MBSPCASECMP''@/0/g' \
      -e 's/@''GNULIB_MBSCASESTR''@/0/g' \
      -e 's/@''GNULIB_MBSCSPN''@/0/g' \
      -e 's/@''GNULIB_MBSPBRK''@/0/g' \
      -e 's/@''GNULIB_MBSSPN''@/0/g' \
      -e 's/@''GNULIB_MBSSEP''@/0/g' \
      -e 's/@''GNULIB_MBSTOK_R''@/0/g' \
      -e 's/@''GNULIB_MEMCHR''@/1/g' \
      -e 's/@''GNULIB_MEMMEM''@/0/g' \
      -e 's/@''GNULIB_MEMPCPY''@/0/g' \
      -e 's/@''GNULIB_MEMRCHR''@/0/g' \
      -e 's/@''GNULIB_RAWMEMCHR''@/1/g' \
      -e 's/@''GNULIB_STPCPY''@/0/g' \
      -e 's/@''GNULIB_STPNCPY''@/0/g' \
      -e 's/@''GNULIB_STRCHRNUL''@/1/g' \
      -e 's/@''GNULIB_STRDUP''@/IN_M4_GNULIB_TESTS/g' \
      -e 's/@''GNULIB_STRNCAT''@/0/g' \
      -e 's/@''GNULIB_STRNDUP''@/1/g' \
      -e 's/@''GNULIB_STRNLEN''@/1/g' \
      -e 's/@''GNULIB_STRPBRK''@/0/g' \
      -e 's/@''GNULIB_STRSEP''@/0/g' \
      -e 's/@''GNULIB_STRSTR''@/1/g' \
      -e 's/@''GNULIB_STRCASESTR''@/0/g' \
      -e 's/@''GNULIB_STRTOK_R''@/0/g' \
      -e 's/@''GNULIB_STRERROR''@/1/g' \
      -e 's/@''GNULIB_STRERROR_R''@/0/g' \
      -e 's/@''GNULIB_STRSIGNAL''@/1/g' \
      -e 's/@''GNULIB_STRVERSCMP''@/0/g' \
      < ../../m4-1.4.17/lib/string.in.h | \
  sed -e 's|@''HAVE_FFSL''@|1|g' \
      -e 's|@''HAVE_FFSLL''@|1|g' \
      -e 's|@''HAVE_MBSLEN''@|0|g' \
      -e 's|@''HAVE_MEMCHR''@|1|g' \
      -e 's|@''HAVE_DECL_MEMMEM''@|1|g' \
      -e 's|@''HAVE_MEMPCPY''@|1|g' \
      -e 's|@''HAVE_DECL_MEMRCHR''@|1|g' \
      -e 's|@''HAVE_RAWMEMCHR''@|1|g' \
      -e 's|@''HAVE_STPCPY''@|1|g' \
      -e 's|@''HAVE_STPNCPY''@|1|g' \
      -e 's|@''HAVE_STRCHRNUL''@|1|g' \
      -e 's|@''HAVE_DECL_STRDUP''@|1|g' \
      -e 's|@''HAVE_DECL_STRNDUP''@|1|g' \
      -e 's|@''HAVE_DECL_STRNLEN''@|1|g' \
      -e 's|@''HAVE_STRPBRK''@|1|g' \
      -e 's|@''HAVE_STRSEP''@|1|g' \
      -e 's|@''HAVE_STRCASESTR''@|1|g' \
      -e 's|@''HAVE_DECL_STRTOK_R''@|1|g' \
      -e 's|@''HAVE_DECL_STRERROR_R''@|1|g' \
      -e 's|@''HAVE_DECL_STRSIGNAL''@|1|g' \
      -e 's|@''HAVE_STRVERSCMP''@|1|g' \
      -e 's|@''REPLACE_STPNCPY''@|0|g' \
      -e 's|@''REPLACE_MEMCHR''@|0|g' \
      -e 's|@''REPLACE_MEMMEM''@|0|g' \
      -e 's|@''REPLACE_STRCASESTR''@|0|g' \
      -e 's|@''REPLACE_STRCHRNUL''@|0|g' \
      -e 's|@''REPLACE_STRDUP''@|0|g' \
      -e 's|@''REPLACE_STRSTR''@|0|g' \
      -e 's|@''REPLACE_STRERROR''@|0|g' \
      -e 's|@''REPLACE_STRERROR_R''@|0|g' \
      -e 's|@''REPLACE_STRNCAT''@|0|g' \
      -e 's|@''REPLACE_STRNDUP''@|0|g' \
      -e 's|@''REPLACE_STRNLEN''@|0|g' \
      -e 's|@''REPLACE_STRSIGNAL''@|0|g' \
      -e 's|@''REPLACE_STRTOK_R''@|0|g' \
      -e 's|@''UNDEFINE_STRTOK_R''@|0|g' \
      -e '/definitions of _GL_FUNCDECL_RPL/r c++defs.h' \
      -e '/definition of _GL_ARG_NONNULL/r arg-nonnull.h' \
      -e '/definition of _GL_WARN_ON_USE/r warn-on-use.h'; \
      < ../../m4-1.4.17/lib/string.in.h; \
} > string.h-t && \
mv string.h-t string.h
/bin/mkdir -p sys
rm -f sys/stat.h-t sys/stat.h && \
{ echo '/* DO NOT EDIT! GENERATED AUTOMATICALLY! */'; \
  sed -e 's|@''GUARD_PREFIX''@|GL_M4|g' \
      -e 's|@''INCLUDE_NEXT''@|include_next|g' \
      -e 's|@''PRAGMA_SYSTEM_HEADER''@|#pragma GCC system_header|g' \
      -e 's|@''PRAGMA_COLUMNS''@||g' \
      -e 's|@''NEXT_SYS_STAT_H''@|<sys/stat.h>|g' \
      -e 's|@''WINDOWS_64_BIT_ST_SIZE''@|0|g' \
      -e 's/@''GNULIB_FCHMODAT''@/0/g' \
      -e 's/@''GNULIB_FSTAT''@/1/g' \
      -e 's/@''GNULIB_FSTATAT''@/0/g' \
      -e 's/@''GNULIB_FUTIMENS''@/0/g' \
      -e 's/@''GNULIB_LCHMOD''@/0/g' \
      -e 's/@''GNULIB_LSTAT''@/1/g' \
      -e 's/@''GNULIB_MKDIRAT''@/0/g' \
      -e 's/@''GNULIB_MKFIFO''@/0/g' \
      -e 's/@''GNULIB_MKFIFOAT''@/0/g' \
      -e 's/@''GNULIB_MKNOD''@/0/g' \
      -e 's/@''GNULIB_MKNODAT''@/0/g' \
      -e 's/@''GNULIB_STAT''@/1/g' \
      -e 's/@''GNULIB_UTIMENSAT''@/0/g' \
      -e 's|@''HAVE_FCHMODAT''@|1|g' \
      -e 's|@''HAVE_FSTATAT''@|1|g' \
      -e 's|@''HAVE_FUTIMENS''@|1|g' \
      -e 's|@''HAVE_LCHMOD''@|1|g' \
      -e 's|@''HAVE_LSTAT''@|1|g' \
      -e 's|@''HAVE_MKDIRAT''@|1|g' \
      -e 's|@''HAVE_MKFIFO''@|1|g' \
      -e 's|@''HAVE_MKFIFOAT''@|1|g' \
      -e 's|@''HAVE_MKNOD''@|1|g' \
      -e 's|@''HAVE_MKNODAT''@|1|g' \
      -e 's|@''HAVE_UTIMENSAT''@|1|g' \
      -e 's|@''REPLACE_FSTAT''@|0|g' \
      -e 's|@''REPLACE_FSTATAT''@|0|g' \
      -e 's|@''REPLACE_FUTIMENS''@|0|g' \
      -e 's|@''REPLACE_LSTAT''@|0|g' \
      -e 's|@''REPLACE_MKDIR''@|0|g' \
      -e 's|@''REPLACE_MKFIFO''@|0|g' \
      -e 's|@''REPLACE_MKNOD''@|0|g' \
      -e 's|@''REPLACE_STAT''@|0|g' \
      -e 's|@''REPLACE_UTIMENSAT''@|0|g' \
      -e '/definitions of _GL_FUNCDECL_RPL/r c++defs.h' \
      -e '/definition of _GL_ARG_NONNULL/r arg-nonnull.h' \
      -e '/definition of _GL_WARN_ON_USE/r warn-on-use.h' \
      < ../../m4-1.4.17/lib/sys_stat.in.h; \
} > sys/stat.h-t && \
mv sys/stat.h-t sys/stat.h
/bin/mkdir -p sys
rm -f sys/time.h-t sys/time.h && \
{ echo '/* DO NOT EDIT! GENERATED AUTOMATICALLY! */'; \
  sed -e 's|@''GUARD_PREFIX''@|GL_M4|g' \
      -e 's/@''HAVE_SYS_TIME_H''@/1/g' \
      -e 's|@''INCLUDE_NEXT''@|include_next|g' \
      -e 's|@''PRAGMA_SYSTEM_HEADER''@|#pragma GCC system_header|g' \
      -e 's|@''PRAGMA_COLUMNS''@||g' \
      -e 's|@''NEXT_SYS_TIME_H''@|<sys/time.h>|g' \
      -e 's/@''GNULIB_GETTIMEOFDAY''@/1/g' \
      -e 's|@''HAVE_WINSOCK2_H''@|0|g' \
      -e 's/@''HAVE_GETTIMEOFDAY''@/1/g' \
      -e 's/@''HAVE_STRUCT_TIMEVAL''@/1/g' \
      -e 's/@''REPLACE_GETTIMEOFDAY''@/0/g' \
      -e 's/@''REPLACE_STRUCT_TIMEVAL''@/0/g' \
      -e '/definitions of _GL_FUNCDECL_RPL/r c++defs.h' \
      -e '/definition of _GL_ARG_NONNULL/r arg-nonnull.h' \
      -e '/definition of _GL_WARN_ON_USE/r warn-on-use.h' \
      < ../../m4-1.4.17/lib/sys_time.in.h; \
} > sys/time.h-t && \
mv sys/time.h-t sys/time.h
/bin/mkdir -p sys
rm -f sys/types.h-t sys/types.h && \
{ echo '/* DO NOT EDIT! GENERATED AUTOMATICALLY! */'; \
  sed -e 's|@''GUARD_PREFIX''@|GL_M4|g' \
      -e 's|@''INCLUDE_NEXT''@|include_next|g' \
      -e 's|@''PRAGMA_SYSTEM_HEADER''@|#pragma GCC system_header|g' \
      -e 's|@''PRAGMA_COLUMNS''@||g' \
      -e 's|@''NEXT_SYS_TYPES_H''@|<sys/types.h>|g' \
      -e 's|@''WINDOWS_64_BIT_OFF_T''@|0|g' \
      < ../../m4-1.4.17/lib/sys_types.in.h; \
} > sys/types.h-t && \
mv sys/types.h-t sys/types.h
/bin/mkdir -p sys
rm -f sys/wait.h-t sys/wait.h && \
{ echo '/* DO NOT EDIT! GENERATED AUTOMATICALLY! */'; \
  sed -e 's|@''GUARD_PREFIX''@|GL_M4|g' \
      -e 's|@''INCLUDE_NEXT''@|include_next|g' \
      -e 's|@''PRAGMA_SYSTEM_HEADER''@|#pragma GCC system_header|g' \
      -e 's|@''PRAGMA_COLUMNS''@||g' \
      -e 's|@''NEXT_SYS_WAIT_H''@|<sys/wait.h>|g' \
      -e 's/@''GNULIB_WAITPID''@/1/g' \
      -e '/definitions of _GL_FUNCDECL_RPL/r c++defs.h' \
      -e '/definition of _GL_WARN_ON_USE/r warn-on-use.h' \
      < ../../m4-1.4.17/lib/sys_wait.in.h; \
} > sys/wait.h-t && \
mv sys/wait.h-t sys/wait.h
rm -f time.h-t time.h && \
{ echo '/* DO NOT EDIT! GENERATED AUTOMATICALLY! */' && \
  sed -e 's|@''GUARD_PREFIX''@|GL_M4|g' \
      -e 's|@''INCLUDE_NEXT''@|include_next|g' \
      -e 's|@''PRAGMA_SYSTEM_HEADER''@|#pragma GCC system_header|g' \
      -e 's|@''PRAGMA_COLUMNS''@||g' \
      -e 's|@''NEXT_TIME_H''@|<time.h>|g' \
      -e 's/@''GNULIB_MKTIME''@/0/g' \
      -e 's/@''GNULIB_NANOSLEEP''@/0/g' \
      -e 's/@''GNULIB_STRPTIME''@/0/g' \
      -e 's/@''GNULIB_TIMEGM''@/0/g' \
      -e 's/@''GNULIB_TIME_R''@/0/g' \
      -e 's|@''HAVE_DECL_LOCALTIME_R''@|1|g' \
      -e 's|@''HAVE_NANOSLEEP''@|1|g' \
      -e 's|@''HAVE_STRPTIME''@|1|g' \
      -e 's|@''HAVE_TIMEGM''@|1|g' \
      -e 's|@''REPLACE_LOCALTIME_R''@|GNULIB_PORTCHECK|g' \
      -e 's|@''REPLACE_MKTIME''@|GNULIB_PORTCHECK|g' \
      -e 's|@''REPLACE_NANOSLEEP''@|GNULIB_PORTCHECK|g' \
      -e 's|@''REPLACE_TIMEGM''@|GNULIB_PORTCHECK|g' \
      -e 's|@''PTHREAD_H_DEFINES_STRUCT_TIMESPEC''@|0|g' \
      -e 's|@''SYS_TIME_H_DEFINES_STRUCT_TIMESPEC''@|0|g' \
      -e 's|@''TIME_H_DEFINES_STRUCT_TIMESPEC''@|1|g' \
      -e '/definitions of _GL_FUNCDECL_RPL/r c++defs.h' \
      -e '/definition of _GL_ARG_NONNULL/r arg-nonnull.h' \
      -e '/definition of _GL_WARN_ON_USE/r warn-on-use.h' \
      < ../../m4-1.4.17/lib/time.in.h; \
} > time.h-t && \
mv time.h-t time.h
rm -f unistd.h-t unistd.h && \
{ echo '/* DO NOT EDIT! GENERATED AUTOMATICALLY! */'; \
  sed -e 's|@''GUARD_PREFIX''@|GL_M4|g' \
      -e 's|@''HAVE_UNISTD_H''@|1|g' \
      -e 's|@''INCLUDE_NEXT''@|include_next|g' \
      -e 's|@''PRAGMA_SYSTEM_HEADER''@|#pragma GCC system_header|g' \
      -e 's|@''PRAGMA_COLUMNS''@||g' \
      -e 's|@''NEXT_UNISTD_H''@|<unistd.h>|g' \
      -e 's|@''WINDOWS_64_BIT_OFF_T''@|0|g' \
      -e 's/@''GNULIB_CHDIR''@/1/g' \
      -e 's/@''GNULIB_CHOWN''@/0/g' \
      -e 's/@''GNULIB_CLOSE''@/1/g' \
      -e 's/@''GNULIB_DUP''@/IN_M4_GNULIB_TESTS/g' \
      -e 's/@''GNULIB_DUP2''@/1/g' \
      -e 's/@''GNULIB_DUP3''@/0/g' \
      -e 's/@''GNULIB_ENVIRON''@/1/g' \
      -e 's/@''GNULIB_EUIDACCESS''@/0/g' \
      -e 's/@''GNULIB_FACCESSAT''@/0/g' \
      -e 's/@''GNULIB_FCHDIR''@/0/g' \
      -e 's/@''GNULIB_FCHOWNAT''@/0/g' \
      -e 's/@''GNULIB_FDATASYNC''@/0/g' \
      -e 's/@''GNULIB_FSYNC''@/0/g' \
      -e 's/@''GNULIB_FTRUNCATE''@/0/g' \
      -e 's/@''GNULIB_GETCWD''@/IN_M4_GNULIB_TESTS/g' \
      -e 's/@''GNULIB_GETDOMAINNAME''@/0/g' \
      -e 's/@''GNULIB_GETDTABLESIZE''@/1/g' \
      -e 's/@''GNULIB_GETGROUPS''@/0/g' \
      -e 's/@''GNULIB_GETHOSTNAME''@/0/g' \
      -e 's/@''GNULIB_GETLOGIN''@/0/g' \
      -e 's/@''GNULIB_GETLOGIN_R''@/0/g' \
      -e 's/@''GNULIB_GETPAGESIZE''@/IN_M4_GNULIB_TESTS/g' \
      -e 's/@''GNULIB_GETUSERSHELL''@/0/g' \
      -e 's/@''GNULIB_GROUP_MEMBER''@/0/g' \
      -e 's/@''GNULIB_ISATTY''@/0/g' \
      -e 's/@''GNULIB_LCHOWN''@/0/g' \
      -e 's/@''GNULIB_LINK''@/IN_M4_GNULIB_TESTS/g' \
      -e 's/@''GNULIB_LINKAT''@/0/g' \
      -e 's/@''GNULIB_LSEEK''@/1/g' \
      -e 's/@''GNULIB_PIPE''@/0/g' \
      -e 's/@''GNULIB_PIPE2''@/1/g' \
      -e 's/@''GNULIB_PREAD''@/0/g' \
      -e 's/@''GNULIB_PWRITE''@/0/g' \
      -e 's/@''GNULIB_READ''@/0/g' \
      -e 's/@''GNULIB_READLINK''@/1/g' \
      -e 's/@''GNULIB_READLINKAT''@/0/g' \
      -e 's/@''GNULIB_RMDIR''@/1/g' \
      -e 's/@''GNULIB_SETHOSTNAME''@/0/g' \
      -e 's/@''GNULIB_SLEEP''@/IN_M4_GNULIB_TESTS/g' \
      -e 's/@''GNULIB_SYMLINK''@/IN_M4_GNULIB_TESTS/g' \
      -e 's/@''GNULIB_SYMLINKAT''@/0/g' \
      -e 's/@''GNULIB_TTYNAME_R''@/0/g' \
      -e 's/@''GNULIB_UNISTD_H_GETOPT''@/0/g' \
      -e 's/@''GNULIB_UNISTD_H_NONBLOCKING''@/0/g' \
      -e 's/@''GNULIB_UNISTD_H_SIGPIPE''@/1/g' \
      -e 's/@''GNULIB_UNLINK''@/0/g' \
      -e 's/@''GNULIB_UNLINKAT''@/0/g' \
      -e 's/@''GNULIB_USLEEP''@/0/g' \
      -e 's/@''GNULIB_WRITE''@/IN_M4_GNULIB_TESTS/g' \
      < ../../m4-1.4.17/lib/unistd.in.h | \
  sed -e 's|@''HAVE_CHOWN''@|1|g' \
      -e 's|@''HAVE_DUP2''@|1|g' \
      -e 's|@''HAVE_DUP3''@|1|g' \
      -e 's|@''HAVE_EUIDACCESS''@|1|g' \
      -e 's|@''HAVE_FACCESSAT''@|1|g' \
      -e 's|@''HAVE_FCHDIR''@|1|g' \
      -e 's|@''HAVE_FCHOWNAT''@|1|g' \
      -e 's|@''HAVE_FDATASYNC''@|1|g' \
      -e 's|@''HAVE_FSYNC''@|1|g' \
      -e 's|@''HAVE_FTRUNCATE''@|1|g' \
      -e 's|@''HAVE_GETDTABLESIZE''@|1|g' \
      -e 's|@''HAVE_GETGROUPS''@|1|g' \
      -e 's|@''HAVE_GETHOSTNAME''@|1|g' \
      -e 's|@''HAVE_GETLOGIN''@|1|g' \
      -e 's|@''HAVE_GETPAGESIZE''@|1|g' \
      -e 's|@''HAVE_GROUP_MEMBER''@|1|g' \
      -e 's|@''HAVE_LCHOWN''@|1|g' \
      -e 's|@''HAVE_LINK''@|1|g' \
      -e 's|@''HAVE_LINKAT''@|1|g' \
      -e 's|@''HAVE_PIPE''@|1|g' \
      -e 's|@''HAVE_PIPE2''@|1|g' \
      -e 's|@''HAVE_PREAD''@|1|g' \
      -e 's|@''HAVE_PWRITE''@|1|g' \
      -e 's|@''HAVE_READLINK''@|1|g' \
      -e 's|@''HAVE_READLINKAT''@|1|g' \
      -e 's|@''HAVE_SETHOSTNAME''@|1|g' \
      -e 's|@''HAVE_SLEEP''@|1|g' \
      -e 's|@''HAVE_SYMLINK''@|1|g' \
      -e 's|@''HAVE_SYMLINKAT''@|1|g' \
      -e 's|@''HAVE_UNLINKAT''@|1|g' \
      -e 's|@''HAVE_USLEEP''@|1|g' \
      -e 's|@''HAVE_DECL_ENVIRON''@|1|g' \
      -e 's|@''HAVE_DECL_FCHDIR''@|1|g' \
      -e 's|@''HAVE_DECL_FDATASYNC''@|1|g' \
      -e 's|@''HAVE_DECL_GETDOMAINNAME''@|1|g' \
      -e 's|@''HAVE_DECL_GETLOGIN_R''@|1|g' \
      -e 's|@''HAVE_DECL_GETPAGESIZE''@|1|g' \
      -e 's|@''HAVE_DECL_GETUSERSHELL''@|1|g' \
      -e 's|@''HAVE_DECL_SETHOSTNAME''@|1|g' \
      -e 's|@''HAVE_DECL_TTYNAME_R''@|1|g' \
      -e 's|@''HAVE_OS_H''@|0|g' \
      -e 's|@''HAVE_SYS_PARAM_H''@|0|g' \
  | \
  sed -e 's|@''REPLACE_CHOWN''@|0|g' \
      -e 's|@''REPLACE_CLOSE''@|0|g' \
      -e 's|@''REPLACE_DUP''@|0|g' \
      -e 's|@''REPLACE_DUP2''@|0|g' \
      -e 's|@''REPLACE_FCHOWNAT''@|0|g' \
      -e 's|@''REPLACE_FTRUNCATE''@|0|g' \
      -e 's|@''REPLACE_GETCWD''@|0|g' \
      -e 's|@''REPLACE_GETDOMAINNAME''@|0|g' \
      -e 's|@''REPLACE_GETLOGIN_R''@|0|g' \
      -e 's|@''REPLACE_GETGROUPS''@|0|g' \
      -e 's|@''REPLACE_GETPAGESIZE''@|0|g' \
      -e 's|@''REPLACE_ISATTY''@|0|g' \
      -e 's|@''REPLACE_LCHOWN''@|0|g' \
      -e 's|@''REPLACE_LINK''@|0|g' \
      -e 's|@''REPLACE_LINKAT''@|0|g' \
      -e 's|@''REPLACE_LSEEK''@|0|g' \
      -e 's|@''REPLACE_PREAD''@|0|g' \
      -e 's|@''REPLACE_PWRITE''@|0|g' \
      -e 's|@''REPLACE_READ''@|0|g' \
      -e 's|@''REPLACE_READLINK''@|0|g' \
      -e 's|@''REPLACE_RMDIR''@|0|g' \
      -e 's|@''REPLACE_SLEEP''@|0|g' \
      -e 's|@''REPLACE_SYMLINK''@|0|g' \
      -e 's|@''REPLACE_TTYNAME_R''@|0|g' \
      -e 's|@''REPLACE_UNLINK''@|0|g' \
      -e 's|@''REPLACE_UNLINKAT''@|0|g' \
      -e 's|@''REPLACE_USLEEP''@|0|g' \
      -e 's|@''REPLACE_WRITE''@|0|g' \
      -e 's|@''UNISTD_H_HAVE_WINSOCK2_H''@|0|g' \
      -e 's|@''UNISTD_H_HAVE_WINSOCK2_H_AND_USE_SOCKETS''@|0|g' \
      -e '/definitions of _GL_FUNCDECL_RPL/r c++defs.h' \
      -e '/definition of _GL_ARG_NONNULL/r arg-nonnull.h' \
      -e '/definition of _GL_WARN_ON_USE/r warn-on-use.h'; \
} > unistd.h-t && \
mv unistd.h-t unistd.h
rm -f wchar.h-t wchar.h && \
{ echo '/* DO NOT EDIT! GENERATED AUTOMATICALLY! */'; \
  sed -e 's|@''GUARD_PREFIX''@|GL_M4|g' \
      -e 's|@''INCLUDE_NEXT''@|include_next|g' \
      -e 's|@''PRAGMA_SYSTEM_HEADER''@|#pragma GCC system_header|g' \
      -e 's|@''PRAGMA_COLUMNS''@||g' \
      -e 's|@''HAVE_FEATURES_H''@|1|g' \
      -e 's|@''NEXT_WCHAR_H''@|<wchar.h>|g' \
      -e 's|@''HAVE_WCHAR_H''@|1|g' \
      -e 's/@''GNULIB_BTOWC''@/1/g' \
      -e 's/@''GNULIB_WCTOB''@/IN_M4_GNULIB_TESTS/g' \
      -e 's/@''GNULIB_MBSINIT''@/1/g' \
      -e 's/@''GNULIB_MBRTOWC''@/1/g' \
      -e 's/@''GNULIB_MBRLEN''@/0/g' \
      -e 's/@''GNULIB_MBSRTOWCS''@/0/g' \
      -e 's/@''GNULIB_MBSNRTOWCS''@/0/g' \
      -e 's/@''GNULIB_WCRTOMB''@/1/g' \
      -e 's/@''GNULIB_WCSRTOMBS''@/0/g' \
      -e 's/@''GNULIB_WCSNRTOMBS''@/0/g' \
      -e 's/@''GNULIB_WCWIDTH''@/0/g' \
      -e 's/@''GNULIB_WMEMCHR''@/0/g' \
      -e 's/@''GNULIB_WMEMCMP''@/0/g' \
      -e 's/@''GNULIB_WMEMCPY''@/0/g' \
      -e 's/@''GNULIB_WMEMMOVE''@/0/g' \
      -e 's/@''GNULIB_WMEMSET''@/0/g' \
      -e 's/@''GNULIB_WCSLEN''@/0/g' \
      -e 's/@''GNULIB_WCSNLEN''@/0/g' \
      -e 's/@''GNULIB_WCSCPY''@/0/g' \
      -e 's/@''GNULIB_WCPCPY''@/0/g' \
      -e 's/@''GNULIB_WCSNCPY''@/0/g' \
      -e 's/@''GNULIB_WCPNCPY''@/0/g' \
      -e 's/@''GNULIB_WCSCAT''@/0/g' \
      -e 's/@''GNULIB_WCSNCAT''@/0/g' \
      -e 's/@''GNULIB_WCSCMP''@/0/g' \
      -e 's/@''GNULIB_WCSNCMP''@/0/g' \
      -e 's/@''GNULIB_WCSCASECMP''@/0/g' \
      -e 's/@''GNULIB_WCSNCASECMP''@/0/g' \
      -e 's/@''GNULIB_WCSCOLL''@/0/g' \
      -e 's/@''GNULIB_WCSXFRM''@/0/g' \
      -e 's/@''GNULIB_WCSDUP''@/0/g' \
      -e 's/@''GNULIB_WCSCHR''@/0/g' \
      -e 's/@''GNULIB_WCSRCHR''@/0/g' \
      -e 's/@''GNULIB_WCSCSPN''@/0/g' \
      -e 's/@''GNULIB_WCSSPN''@/0/g' \
      -e 's/@''GNULIB_WCSPBRK''@/0/g' \
      -e 's/@''GNULIB_WCSSTR''@/0/g' \
      -e 's/@''GNULIB_WCSTOK''@/0/g' \
      -e 's/@''GNULIB_WCSWIDTH''@/0/g' \
      < ../../m4-1.4.17/lib/wchar.in.h | \
  sed -e 's|@''HAVE_WINT_T''@|1|g' \
      -e 's|@''HAVE_BTOWC''@|1|g' \
      -e 's|@''HAVE_MBSINIT''@|1|g' \
      -e 's|@''HAVE_MBRTOWC''@|1|g' \
      -e 's|@''HAVE_MBRLEN''@|1|g' \
      -e 's|@''HAVE_MBSRTOWCS''@|1|g' \
      -e 's|@''HAVE_MBSNRTOWCS''@|1|g' \
      -e 's|@''HAVE_WCRTOMB''@|1|g' \
      -e 's|@''HAVE_WCSRTOMBS''@|1|g' \
      -e 's|@''HAVE_WCSNRTOMBS''@|1|g' \
      -e 's|@''HAVE_WMEMCHR''@|1|g' \
      -e 's|@''HAVE_WMEMCMP''@|1|g' \
      -e 's|@''HAVE_WMEMCPY''@|1|g' \
      -e 's|@''HAVE_WMEMMOVE''@|1|g' \
      -e 's|@''HAVE_WMEMSET''@|1|g' \
      -e 's|@''HAVE_WCSLEN''@|1|g' \
      -e 's|@''HAVE_WCSNLEN''@|1|g' \
      -e 's|@''HAVE_WCSCPY''@|1|g' \
      -e 's|@''HAVE_WCPCPY''@|1|g' \
      -e 's|@''HAVE_WCSNCPY''@|1|g' \
      -e 's|@''HAVE_WCPNCPY''@|1|g' \
      -e 's|@''HAVE_WCSCAT''@|1|g' \
      -e 's|@''HAVE_WCSNCAT''@|1|g' \
      -e 's|@''HAVE_WCSCMP''@|1|g' \
      -e 's|@''HAVE_WCSNCMP''@|1|g' \
      -e 's|@''HAVE_WCSCASECMP''@|1|g' \
      -e 's|@''HAVE_WCSNCASECMP''@|1|g' \
      -e 's|@''HAVE_WCSCOLL''@|1|g' \
      -e 's|@''HAVE_WCSXFRM''@|1|g' \
      -e 's|@''HAVE_WCSDUP''@|1|g' \
      -e 's|@''HAVE_WCSCHR''@|1|g' \
      -e 's|@''HAVE_WCSRCHR''@|1|g' \
      -e 's|@''HAVE_WCSCSPN''@|1|g' \
      -e 's|@''HAVE_WCSSPN''@|1|g' \
      -e 's|@''HAVE_WCSPBRK''@|1|g' \
      -e 's|@''HAVE_WCSSTR''@|1|g' \
      -e 's|@''HAVE_WCSTOK''@|1|g' \
      -e 's|@''HAVE_WCSWIDTH''@|1|g' \
      -e 's|@''HAVE_DECL_WCTOB''@|1|g' \
      -e 's|@''HAVE_DECL_WCWIDTH''@|1|g' \
  | \
  sed -e 's|@''REPLACE_MBSTATE_T''@|0|g' \
      -e 's|@''REPLACE_BTOWC''@|0|g' \
      -e 's|@''REPLACE_WCTOB''@|0|g' \
      -e 's|@''REPLACE_MBSINIT''@|0|g' \
      -e 's|@''REPLACE_MBRTOWC''@|0|g' \
      -e 's|@''REPLACE_MBRLEN''@|0|g' \
      -e 's|@''REPLACE_MBSRTOWCS''@|0|g' \
      -e 's|@''REPLACE_MBSNRTOWCS''@|0|g' \
      -e 's|@''REPLACE_WCRTOMB''@|0|g' \
      -e 's|@''REPLACE_WCSRTOMBS''@|0|g' \
      -e 's|@''REPLACE_WCSNRTOMBS''@|0|g' \
      -e 's|@''REPLACE_WCWIDTH''@|0|g' \
      -e 's|@''REPLACE_WCSWIDTH''@|0|g' \
      -e '/definitions of _GL_FUNCDECL_RPL/r c++defs.h' \
      -e '/definition of _GL_ARG_NONNULL/r arg-nonnull.h' \
      -e '/definition of _GL_WARN_ON_USE/r warn-on-use.h'; \
} > wchar.h-t && \
mv wchar.h-t wchar.h
rm -f wctype.h-t wctype.h && \
{ echo '/* DO NOT EDIT! GENERATED AUTOMATICALLY! */'; \
  sed -e 's|@''GUARD_PREFIX''@|GL_M4|g' \
      -e 's/@''HAVE_WCTYPE_H''@/1/g' \
      -e 's|@''INCLUDE_NEXT''@|include_next|g' \
      -e 's|@''PRAGMA_SYSTEM_HEADER''@|#pragma GCC system_header|g' \
      -e 's|@''PRAGMA_COLUMNS''@||g' \
      -e 's|@''NEXT_WCTYPE_H''@|<wctype.h>|g' \
      -e 's/@''GNULIB_ISWBLANK''@/0/g' \
      -e 's/@''GNULIB_WCTYPE''@/0/g' \
      -e 's/@''GNULIB_ISWCTYPE''@/0/g' \
      -e 's/@''GNULIB_WCTRANS''@/0/g' \
      -e 's/@''GNULIB_TOWCTRANS''@/0/g' \
      -e 's/@''HAVE_ISWBLANK''@/1/g' \
      -e 's/@''HAVE_ISWCNTRL''@/1/g' \
      -e 's/@''HAVE_WCTYPE_T''@/1/g' \
      -e 's/@''HAVE_WCTRANS_T''@/1/g' \
      -e 's/@''HAVE_WINT_T''@/1/g' \
      -e 's/@''REPLACE_ISWBLANK''@/0/g' \
      -e 's/@''REPLACE_ISWCNTRL''@/0/g' \
      -e 's/@''REPLACE_TOWLOWER''@/0/g' \
      -e '/definitions of _GL_FUNCDECL_RPL/r c++defs.h' \
      -e '/definition of _GL_WARN_ON_USE/r warn-on-use.h' \
      < ../../m4-1.4.17/lib/wctype.in.h; \
} > wctype.h-t && \
mv wctype.h-t wctype.h
make  all-am
make[3]: Entering directory '/home/bert/build_qemu_images/clfs_cross_tools/system/mips64-64/sources/step_6_m4-1.4.17-build/lib'
depbase=`echo gl_avltree_oset.o | sed 's|[^/]*$|.deps/&|;s|\.o$||'`;\
gcc -std=gnu99  -I. -I../../m4-1.4.17/lib     -g -O2 -MT gl_avltree_oset.o -MD -MP -MF $depbase.Tpo -c -o gl_avltree_oset.o ../../m4-1.4.17/lib/gl_avltree_oset.c &&\
mv -f $depbase.Tpo $depbase.Po
depbase=`echo binary-io.o | sed 's|[^/]*$|.deps/&|;s|\.o$||'`;\
gcc -std=gnu99  -I. -I../../m4-1.4.17/lib     -g -O2 -MT binary-io.o -MD -MP -MF $depbase.Tpo -c -o binary-io.o ../../m4-1.4.17/lib/binary-io.c &&\
mv -f $depbase.Tpo $depbase.Po
depbase=`echo c-ctype.o | sed 's|[^/]*$|.deps/&|;s|\.o$||'`;\
gcc -std=gnu99  -I. -I../../m4-1.4.17/lib     -g -O2 -MT c-ctype.o -MD -MP -MF $depbase.Tpo -c -o c-ctype.o ../../m4-1.4.17/lib/c-ctype.c &&\
mv -f $depbase.Tpo $depbase.Po
depbase=`echo c-stack.o | sed 's|[^/]*$|.deps/&|;s|\.o$||'`;\
gcc -std=gnu99  -I. -I../../m4-1.4.17/lib     -g -O2 -MT c-stack.o -MD -MP -MF $depbase.Tpo -c -o c-stack.o ../../m4-1.4.17/lib/c-stack.c &&\
mv -f $depbase.Tpo $depbase.Po
depbase=`echo c-strcasecmp.o | sed 's|[^/]*$|.deps/&|;s|\.o$||'`;\
gcc -std=gnu99  -I. -I../../m4-1.4.17/lib     -g -O2 -MT c-strcasecmp.o -MD -MP -MF $depbase.Tpo -c -o c-strcasecmp.o ../../m4-1.4.17/lib/c-strcasecmp.c &&\
mv -f $depbase.Tpo $depbase.Po
depbase=`echo c-strncasecmp.o | sed 's|[^/]*$|.deps/&|;s|\.o$||'`;\
gcc -std=gnu99  -I. -I../../m4-1.4.17/lib     -g -O2 -MT c-strncasecmp.o -MD -MP -MF $depbase.Tpo -c -o c-strncasecmp.o ../../m4-1.4.17/lib/c-strncasecmp.c &&\
mv -f $depbase.Tpo $depbase.Po
depbase=`echo clean-temp.o | sed 's|[^/]*$|.deps/&|;s|\.o$||'`;\
gcc -std=gnu99  -I. -I../../m4-1.4.17/lib     -g -O2 -MT clean-temp.o -MD -MP -MF $depbase.Tpo -c -o clean-temp.o ../../m4-1.4.17/lib/clean-temp.c &&\
mv -f $depbase.Tpo $depbase.Po
depbase=`echo cloexec.o | sed 's|[^/]*$|.deps/&|;s|\.o$||'`;\
gcc -std=gnu99  -I. -I../../m4-1.4.17/lib     -g -O2 -MT cloexec.o -MD -MP -MF $depbase.Tpo -c -o cloexec.o ../../m4-1.4.17/lib/cloexec.c &&\
mv -f $depbase.Tpo $depbase.Po
depbase=`echo close-stream.o | sed 's|[^/]*$|.deps/&|;s|\.o$||'`;\
gcc -std=gnu99  -I. -I../../m4-1.4.17/lib     -g -O2 -MT close-stream.o -MD -MP -MF $depbase.Tpo -c -o close-stream.o ../../m4-1.4.17/lib/close-stream.c &&\
mv -f $depbase.Tpo $depbase.Po
depbase=`echo closein.o | sed 's|[^/]*$|.deps/&|;s|\.o$||'`;\
gcc -std=gnu99  -I. -I../../m4-1.4.17/lib     -g -O2 -MT closein.o -MD -MP -MF $depbase.Tpo -c -o closein.o ../../m4-1.4.17/lib/closein.c &&\
mv -f $depbase.Tpo $depbase.Po
depbase=`echo closeout.o | sed 's|[^/]*$|.deps/&|;s|\.o$||'`;\
gcc -std=gnu99  -I. -I../../m4-1.4.17/lib     -g -O2 -MT closeout.o -MD -MP -MF $depbase.Tpo -c -o closeout.o ../../m4-1.4.17/lib/closeout.c &&\
mv -f $depbase.Tpo $depbase.Po
depbase=`echo dirname.o | sed 's|[^/]*$|.deps/&|;s|\.o$||'`;\
gcc -std=gnu99  -I. -I../../m4-1.4.17/lib     -g -O2 -MT dirname.o -MD -MP -MF $depbase.Tpo -c -o dirname.o ../../m4-1.4.17/lib/dirname.c &&\
mv -f $depbase.Tpo $depbase.Po
depbase=`echo basename.o | sed 's|[^/]*$|.deps/&|;s|\.o$||'`;\
gcc -std=gnu99  -I. -I../../m4-1.4.17/lib     -g -O2 -MT basename.o -MD -MP -MF $depbase.Tpo -c -o basename.o ../../m4-1.4.17/lib/basename.c &&\
mv -f $depbase.Tpo $depbase.Po
depbase=`echo dirname-lgpl.o | sed 's|[^/]*$|.deps/&|;s|\.o$||'`;\
gcc -std=gnu99  -I. -I../../m4-1.4.17/lib     -g -O2 -MT dirname-lgpl.o -MD -MP -MF $depbase.Tpo -c -o dirname-lgpl.o ../../m4-1.4.17/lib/dirname-lgpl.c &&\
mv -f $depbase.Tpo $depbase.Po
depbase=`echo basename-lgpl.o | sed 's|[^/]*$|.deps/&|;s|\.o$||'`;\
gcc -std=gnu99  -I. -I../../m4-1.4.17/lib     -g -O2 -MT basename-lgpl.o -MD -MP -MF $depbase.Tpo -c -o basename-lgpl.o ../../m4-1.4.17/lib/basename-lgpl.c &&\
mv -f $depbase.Tpo $depbase.Po
depbase=`echo stripslash.o | sed 's|[^/]*$|.deps/&|;s|\.o$||'`;\
gcc -std=gnu99  -I. -I../../m4-1.4.17/lib     -g -O2 -MT stripslash.o -MD -MP -MF $depbase.Tpo -c -o stripslash.o ../../m4-1.4.17/lib/stripslash.c &&\
mv -f $depbase.Tpo $depbase.Po
depbase=`echo execute.o | sed 's|[^/]*$|.deps/&|;s|\.o$||'`;\
gcc -std=gnu99  -I. -I../../m4-1.4.17/lib     -g -O2 -MT execute.o -MD -MP -MF $depbase.Tpo -c -o execute.o ../../m4-1.4.17/lib/execute.c &&\
mv -f $depbase.Tpo $depbase.Po
depbase=`echo exitfail.o | sed 's|[^/]*$|.deps/&|;s|\.o$||'`;\
gcc -std=gnu99  -I. -I../../m4-1.4.17/lib     -g -O2 -MT exitfail.o -MD -MP -MF $depbase.Tpo -c -o exitfail.o ../../m4-1.4.17/lib/exitfail.c &&\
mv -f $depbase.Tpo $depbase.Po
depbase=`echo fatal-signal.o | sed 's|[^/]*$|.deps/&|;s|\.o$||'`;\
gcc -std=gnu99  -I. -I../../m4-1.4.17/lib     -g -O2 -MT fatal-signal.o -MD -MP -MF $depbase.Tpo -c -o fatal-signal.o ../../m4-1.4.17/lib/fatal-signal.c &&\
mv -f $depbase.Tpo $depbase.Po
depbase=`echo fd-hook.o | sed 's|[^/]*$|.deps/&|;s|\.o$||'`;\
gcc -std=gnu99  -I. -I../../m4-1.4.17/lib     -g -O2 -MT fd-hook.o -MD -MP -MF $depbase.Tpo -c -o fd-hook.o ../../m4-1.4.17/lib/fd-hook.c &&\
mv -f $depbase.Tpo $depbase.Po
depbase=`echo fd-safer-flag.o | sed 's|[^/]*$|.deps/&|;s|\.o$||'`;\
gcc -std=gnu99  -I. -I../../m4-1.4.17/lib     -g -O2 -MT fd-safer-flag.o -MD -MP -MF $depbase.Tpo -c -o fd-safer-flag.o ../../m4-1.4.17/lib/fd-safer-flag.c &&\
mv -f $depbase.Tpo $depbase.Po
depbase=`echo dup-safer-flag.o | sed 's|[^/]*$|.deps/&|;s|\.o$||'`;\
gcc -std=gnu99  -I. -I../../m4-1.4.17/lib     -g -O2 -MT dup-safer-flag.o -MD -MP -MF $depbase.Tpo -c -o dup-safer-flag.o ../../m4-1.4.17/lib/dup-safer-flag.c &&\
mv -f $depbase.Tpo $depbase.Po
depbase=`echo filenamecat.o | sed 's|[^/]*$|.deps/&|;s|\.o$||'`;\
gcc -std=gnu99  -I. -I../../m4-1.4.17/lib     -g -O2 -MT filenamecat.o -MD -MP -MF $depbase.Tpo -c -o filenamecat.o ../../m4-1.4.17/lib/filenamecat.c &&\
mv -f $depbase.Tpo $depbase.Po
depbase=`echo filenamecat-lgpl.o | sed 's|[^/]*$|.deps/&|;s|\.o$||'`;\
gcc -std=gnu99  -I. -I../../m4-1.4.17/lib     -g -O2 -MT filenamecat-lgpl.o -MD -MP -MF $depbase.Tpo -c -o filenamecat-lgpl.o ../../m4-1.4.17/lib/filenamecat-lgpl.c &&\
mv -f $depbase.Tpo $depbase.Po
depbase=`echo fopen-safer.o | sed 's|[^/]*$|.deps/&|;s|\.o$||'`;\
gcc -std=gnu99  -I. -I../../m4-1.4.17/lib     -g -O2 -MT fopen-safer.o -MD -MP -MF $depbase.Tpo -c -o fopen-safer.o ../../m4-1.4.17/lib/fopen-safer.c &&\
mv -f $depbase.Tpo $depbase.Po
depbase=`echo freading.o | sed 's|[^/]*$|.deps/&|;s|\.o$||'`;\
gcc -std=gnu99  -I. -I../../m4-1.4.17/lib     -g -O2 -MT freading.o -MD -MP -MF $depbase.Tpo -c -o freading.o ../../m4-1.4.17/lib/freading.c &&\
mv -f $depbase.Tpo $depbase.Po
depbase=`echo gl_linkedhash_list.o | sed 's|[^/]*$|.deps/&|;s|\.o$||'`;\
gcc -std=gnu99  -I. -I../../m4-1.4.17/lib     -g -O2 -MT gl_linkedhash_list.o -MD -MP -MF $depbase.Tpo -c -o gl_linkedhash_list.o ../../m4-1.4.17/lib/gl_linkedhash_list.c &&\
mv -f $depbase.Tpo $depbase.Po
depbase=`echo gl_list.o | sed 's|[^/]*$|.deps/&|;s|\.o$||'`;\
gcc -std=gnu99  -I. -I../../m4-1.4.17/lib     -g -O2 -MT gl_list.o -MD -MP -MF $depbase.Tpo -c -o gl_list.o ../../m4-1.4.17/lib/gl_list.c &&\
mv -f $depbase.Tpo $depbase.Po
depbase=`echo localcharset.o | sed 's|[^/]*$|.deps/&|;s|\.o$||'`;\
gcc -std=gnu99  -I. -I../../m4-1.4.17/lib     -g -O2 -MT localcharset.o -MD -MP -MF $depbase.Tpo -c -o localcharset.o ../../m4-1.4.17/lib/localcharset.c &&\
mv -f $depbase.Tpo $depbase.Po
depbase=`echo glthread/lock.o | sed 's|[^/]*$|.deps/&|;s|\.o$||'`;\
gcc -std=gnu99  -I. -I../../m4-1.4.17/lib     -g -O2 -MT glthread/lock.o -MD -MP -MF $depbase.Tpo -c -o glthread/lock.o ../../m4-1.4.17/lib/glthread/lock.c &&\
mv -f $depbase.Tpo $depbase.Po
depbase=`echo malloca.o | sed 's|[^/]*$|.deps/&|;s|\.o$||'`;\
gcc -std=gnu99  -I. -I../../m4-1.4.17/lib     -g -O2 -MT malloca.o -MD -MP -MF $depbase.Tpo -c -o malloca.o ../../m4-1.4.17/lib/malloca.c &&\
mv -f $depbase.Tpo $depbase.Po
depbase=`echo math.o | sed 's|[^/]*$|.deps/&|;s|\.o$||'`;\
gcc -std=gnu99  -I. -I../../m4-1.4.17/lib     -g -O2 -MT math.o -MD -MP -MF $depbase.Tpo -c -o math.o ../../m4-1.4.17/lib/math.c &&\
mv -f $depbase.Tpo $depbase.Po
depbase=`echo memchr2.o | sed 's|[^/]*$|.deps/&|;s|\.o$||'`;\
gcc -std=gnu99  -I. -I../../m4-1.4.17/lib     -g -O2 -MT memchr2.o -MD -MP -MF $depbase.Tpo -c -o memchr2.o ../../m4-1.4.17/lib/memchr2.c &&\
mv -f $depbase.Tpo $depbase.Po
depbase=`echo gl_oset.o | sed 's|[^/]*$|.deps/&|;s|\.o$||'`;\
gcc -std=gnu99  -I. -I../../m4-1.4.17/lib     -g -O2 -MT gl_oset.o -MD -MP -MF $depbase.Tpo -c -o gl_oset.o ../../m4-1.4.17/lib/gl_oset.c &&\
mv -f $depbase.Tpo $depbase.Po
depbase=`echo pipe2.o | sed 's|[^/]*$|.deps/&|;s|\.o$||'`;\
gcc -std=gnu99  -I. -I../../m4-1.4.17/lib     -g -O2 -MT pipe2.o -MD -MP -MF $depbase.Tpo -c -o pipe2.o ../../m4-1.4.17/lib/pipe2.c &&\
mv -f $depbase.Tpo $depbase.Po
depbase=`echo pipe2-safer.o | sed 's|[^/]*$|.deps/&|;s|\.o$||'`;\
gcc -std=gnu99  -I. -I../../m4-1.4.17/lib     -g -O2 -MT pipe2-safer.o -MD -MP -MF $depbase.Tpo -c -o pipe2-safer.o ../../m4-1.4.17/lib/pipe2-safer.c &&\
mv -f $depbase.Tpo $depbase.Po
depbase=`echo printf-frexp.o | sed 's|[^/]*$|.deps/&|;s|\.o$||'`;\
gcc -std=gnu99  -I. -I../../m4-1.4.17/lib     -g -O2 -MT printf-frexp.o -MD -MP -MF $depbase.Tpo -c -o printf-frexp.o ../../m4-1.4.17/lib/printf-frexp.c &&\
mv -f $depbase.Tpo $depbase.Po
depbase=`echo printf-frexpl.o | sed 's|[^/]*$|.deps/&|;s|\.o$||'`;\
gcc -std=gnu99  -I. -I../../m4-1.4.17/lib     -g -O2 -MT printf-frexpl.o -MD -MP -MF $depbase.Tpo -c -o printf-frexpl.o ../../m4-1.4.17/lib/printf-frexpl.c &&\
mv -f $depbase.Tpo $depbase.Po
depbase=`echo progname.o | sed 's|[^/]*$|.deps/&|;s|\.o$||'`;\
gcc -std=gnu99  -I. -I../../m4-1.4.17/lib     -g -O2 -MT progname.o -MD -MP -MF $depbase.Tpo -c -o progname.o ../../m4-1.4.17/lib/progname.c &&\
mv -f $depbase.Tpo $depbase.Po
depbase=`echo quotearg.o | sed 's|[^/]*$|.deps/&|;s|\.o$||'`;\
gcc -std=gnu99  -I. -I../../m4-1.4.17/lib     -g -O2 -MT quotearg.o -MD -MP -MF $depbase.Tpo -c -o quotearg.o ../../m4-1.4.17/lib/quotearg.c &&\
mv -f $depbase.Tpo $depbase.Po
depbase=`echo sig-handler.o | sed 's|[^/]*$|.deps/&|;s|\.o$||'`;\
gcc -std=gnu99  -I. -I../../m4-1.4.17/lib     -g -O2 -MT sig-handler.o -MD -MP -MF $depbase.Tpo -c -o sig-handler.o ../../m4-1.4.17/lib/sig-handler.c &&\
mv -f $depbase.Tpo $depbase.Po
depbase=`echo spawn-pipe.o | sed 's|[^/]*$|.deps/&|;s|\.o$||'`;\
gcc -std=gnu99  -I. -I../../m4-1.4.17/lib     -g -O2 -MT spawn-pipe.o -MD -MP -MF $depbase.Tpo -c -o spawn-pipe.o ../../m4-1.4.17/lib/spawn-pipe.c &&\
mv -f $depbase.Tpo $depbase.Po
depbase=`echo mkstemp-safer.o | sed 's|[^/]*$|.deps/&|;s|\.o$||'`;\
gcc -std=gnu99  -I. -I../../m4-1.4.17/lib     -g -O2 -MT mkstemp-safer.o -MD -MP -MF $depbase.Tpo -c -o mkstemp-safer.o ../../m4-1.4.17/lib/mkstemp-safer.c &&\
mv -f $depbase.Tpo $depbase.Po
depbase=`echo tempname.o | sed 's|[^/]*$|.deps/&|;s|\.o$||'`;\
gcc -std=gnu99  -I. -I../../m4-1.4.17/lib     -g -O2 -MT tempname.o -MD -MP -MF $depbase.Tpo -c -o tempname.o ../../m4-1.4.17/lib/tempname.c &&\
mv -f $depbase.Tpo $depbase.Po
depbase=`echo glthread/threadlib.o | sed 's|[^/]*$|.deps/&|;s|\.o$||'`;\
gcc -std=gnu99  -I. -I../../m4-1.4.17/lib     -g -O2 -MT glthread/threadlib.o -MD -MP -MF $depbase.Tpo -c -o glthread/threadlib.o ../../m4-1.4.17/lib/glthread/threadlib.c &&\
mv -f $depbase.Tpo $depbase.Po
depbase=`echo glthread/tls.o | sed 's|[^/]*$|.deps/&|;s|\.o$||'`;\
gcc -std=gnu99  -I. -I../../m4-1.4.17/lib     -g -O2 -MT glthread/tls.o -MD -MP -MF $depbase.Tpo -c -o glthread/tls.o ../../m4-1.4.17/lib/glthread/tls.c &&\
mv -f $depbase.Tpo $depbase.Po
depbase=`echo tmpdir.o | sed 's|[^/]*$|.deps/&|;s|\.o$||'`;\
gcc -std=gnu99  -I. -I../../m4-1.4.17/lib     -g -O2 -MT tmpdir.o -MD -MP -MF $depbase.Tpo -c -o tmpdir.o ../../m4-1.4.17/lib/tmpdir.c &&\
mv -f $depbase.Tpo $depbase.Po
depbase=`echo unistd.o | sed 's|[^/]*$|.deps/&|;s|\.o$||'`;\
gcc -std=gnu99  -I. -I../../m4-1.4.17/lib     -g -O2 -MT unistd.o -MD -MP -MF $depbase.Tpo -c -o unistd.o ../../m4-1.4.17/lib/unistd.c &&\
mv -f $depbase.Tpo $depbase.Po
depbase=`echo dup-safer.o | sed 's|[^/]*$|.deps/&|;s|\.o$||'`;\
gcc -std=gnu99  -I. -I../../m4-1.4.17/lib     -g -O2 -MT dup-safer.o -MD -MP -MF $depbase.Tpo -c -o dup-safer.o ../../m4-1.4.17/lib/dup-safer.c &&\
mv -f $depbase.Tpo $depbase.Po
depbase=`echo fd-safer.o | sed 's|[^/]*$|.deps/&|;s|\.o$||'`;\
gcc -std=gnu99  -I. -I../../m4-1.4.17/lib     -g -O2 -MT fd-safer.o -MD -MP -MF $depbase.Tpo -c -o fd-safer.o ../../m4-1.4.17/lib/fd-safer.c &&\
mv -f $depbase.Tpo $depbase.Po
depbase=`echo pipe-safer.o | sed 's|[^/]*$|.deps/&|;s|\.o$||'`;\
gcc -std=gnu99  -I. -I../../m4-1.4.17/lib     -g -O2 -MT pipe-safer.o -MD -MP -MF $depbase.Tpo -c -o pipe-safer.o ../../m4-1.4.17/lib/pipe-safer.c &&\
mv -f $depbase.Tpo $depbase.Po
depbase=`echo verror.o | sed 's|[^/]*$|.deps/&|;s|\.o$||'`;\
gcc -std=gnu99  -I. -I../../m4-1.4.17/lib     -g -O2 -MT verror.o -MD -MP -MF $depbase.Tpo -c -o verror.o ../../m4-1.4.17/lib/verror.c &&\
mv -f $depbase.Tpo $depbase.Po
depbase=`echo version-etc.o | sed 's|[^/]*$|.deps/&|;s|\.o$||'`;\
gcc -std=gnu99  -I. -I../../m4-1.4.17/lib     -g -O2 -MT version-etc.o -MD -MP -MF $depbase.Tpo -c -o version-etc.o ../../m4-1.4.17/lib/version-etc.c &&\
mv -f $depbase.Tpo $depbase.Po
depbase=`echo version-etc-fsf.o | sed 's|[^/]*$|.deps/&|;s|\.o$||'`;\
gcc -std=gnu99  -I. -I../../m4-1.4.17/lib     -g -O2 -MT version-etc-fsf.o -MD -MP -MF $depbase.Tpo -c -o version-etc-fsf.o ../../m4-1.4.17/lib/version-etc-fsf.c &&\
mv -f $depbase.Tpo $depbase.Po
depbase=`echo wait-process.o | sed 's|[^/]*$|.deps/&|;s|\.o$||'`;\
gcc -std=gnu99  -I. -I../../m4-1.4.17/lib     -g -O2 -MT wait-process.o -MD -MP -MF $depbase.Tpo -c -o wait-process.o ../../m4-1.4.17/lib/wait-process.c &&\
mv -f $depbase.Tpo $depbase.Po
depbase=`echo wctype-h.o | sed 's|[^/]*$|.deps/&|;s|\.o$||'`;\
gcc -std=gnu99  -I. -I../../m4-1.4.17/lib     -g -O2 -MT wctype-h.o -MD -MP -MF $depbase.Tpo -c -o wctype-h.o ../../m4-1.4.17/lib/wctype-h.c &&\
mv -f $depbase.Tpo $depbase.Po
depbase=`echo xmalloc.o | sed 's|[^/]*$|.deps/&|;s|\.o$||'`;\
gcc -std=gnu99  -I. -I../../m4-1.4.17/lib     -g -O2 -MT xmalloc.o -MD -MP -MF $depbase.Tpo -c -o xmalloc.o ../../m4-1.4.17/lib/xmalloc.c &&\
mv -f $depbase.Tpo $depbase.Po
depbase=`echo xalloc-die.o | sed 's|[^/]*$|.deps/&|;s|\.o$||'`;\
gcc -std=gnu99  -I. -I../../m4-1.4.17/lib     -g -O2 -MT xalloc-die.o -MD -MP -MF $depbase.Tpo -c -o xalloc-die.o ../../m4-1.4.17/lib/xalloc-die.c &&\
mv -f $depbase.Tpo $depbase.Po
depbase=`echo gl_xlist.o | sed 's|[^/]*$|.deps/&|;s|\.o$||'`;\
gcc -std=gnu99  -I. -I../../m4-1.4.17/lib     -g -O2 -MT gl_xlist.o -MD -MP -MF $depbase.Tpo -c -o gl_xlist.o ../../m4-1.4.17/lib/gl_xlist.c &&\
mv -f $depbase.Tpo $depbase.Po
depbase=`echo xmalloca.o | sed 's|[^/]*$|.deps/&|;s|\.o$||'`;\
gcc -std=gnu99  -I. -I../../m4-1.4.17/lib     -g -O2 -MT xmalloca.o -MD -MP -MF $depbase.Tpo -c -o xmalloca.o ../../m4-1.4.17/lib/xmalloca.c &&\
mv -f $depbase.Tpo $depbase.Po
depbase=`echo gl_xoset.o | sed 's|[^/]*$|.deps/&|;s|\.o$||'`;\
gcc -std=gnu99  -I. -I../../m4-1.4.17/lib     -g -O2 -MT gl_xoset.o -MD -MP -MF $depbase.Tpo -c -o gl_xoset.o ../../m4-1.4.17/lib/gl_xoset.c &&\
mv -f $depbase.Tpo $depbase.Po
depbase=`echo xprintf.o | sed 's|[^/]*$|.deps/&|;s|\.o$||'`;\
gcc -std=gnu99  -I. -I../../m4-1.4.17/lib     -g -O2 -MT xprintf.o -MD -MP -MF $depbase.Tpo -c -o xprintf.o ../../m4-1.4.17/lib/xprintf.c &&\
mv -f $depbase.Tpo $depbase.Po
depbase=`echo xsize.o | sed 's|[^/]*$|.deps/&|;s|\.o$||'`;\
gcc -std=gnu99  -I. -I../../m4-1.4.17/lib     -g -O2 -MT xsize.o -MD -MP -MF $depbase.Tpo -c -o xsize.o ../../m4-1.4.17/lib/xsize.c &&\
mv -f $depbase.Tpo $depbase.Po
depbase=`echo xstrndup.o | sed 's|[^/]*$|.deps/&|;s|\.o$||'`;\
gcc -std=gnu99  -I. -I../../m4-1.4.17/lib     -g -O2 -MT xstrndup.o -MD -MP -MF $depbase.Tpo -c -o xstrndup.o ../../m4-1.4.17/lib/xstrndup.c &&\
mv -f $depbase.Tpo $depbase.Po
depbase=`echo xvasprintf.o | sed 's|[^/]*$|.deps/&|;s|\.o$||'`;\
gcc -std=gnu99  -I. -I../../m4-1.4.17/lib     -g -O2 -MT xvasprintf.o -MD -MP -MF $depbase.Tpo -c -o xvasprintf.o ../../m4-1.4.17/lib/xvasprintf.c &&\
mv -f $depbase.Tpo $depbase.Po
depbase=`echo xasprintf.o | sed 's|[^/]*$|.deps/&|;s|\.o$||'`;\
gcc -std=gnu99  -I. -I../../m4-1.4.17/lib     -g -O2 -MT xasprintf.o -MD -MP -MF $depbase.Tpo -c -o xasprintf.o ../../m4-1.4.17/lib/xasprintf.c &&\
mv -f $depbase.Tpo $depbase.Po
depbase=`echo asnprintf.o | sed 's|[^/]*$|.deps/&|;s|\.o$||'`;\
gcc -std=gnu99  -I. -I../../m4-1.4.17/lib     -g -O2 -MT asnprintf.o -MD -MP -MF $depbase.Tpo -c -o asnprintf.o ../../m4-1.4.17/lib/asnprintf.c &&\
mv -f $depbase.Tpo $depbase.Po
depbase=`echo asprintf.o | sed 's|[^/]*$|.deps/&|;s|\.o$||'`;\
gcc -std=gnu99  -I. -I../../m4-1.4.17/lib     -g -O2 -MT asprintf.o -MD -MP -MF $depbase.Tpo -c -o asprintf.o ../../m4-1.4.17/lib/asprintf.c &&\
mv -f $depbase.Tpo $depbase.Po
depbase=`echo fclose.o | sed 's|[^/]*$|.deps/&|;s|\.o$||'`;\
gcc -std=gnu99  -I. -I../../m4-1.4.17/lib     -g -O2 -MT fclose.o -MD -MP -MF $depbase.Tpo -c -o fclose.o ../../m4-1.4.17/lib/fclose.c &&\
mv -f $depbase.Tpo $depbase.Po
depbase=`echo fcntl.o | sed 's|[^/]*$|.deps/&|;s|\.o$||'`;\
gcc -std=gnu99  -I. -I../../m4-1.4.17/lib     -g -O2 -MT fcntl.o -MD -MP -MF $depbase.Tpo -c -o fcntl.o ../../m4-1.4.17/lib/fcntl.c &&\
mv -f $depbase.Tpo $depbase.Po
depbase=`echo fflush.o | sed 's|[^/]*$|.deps/&|;s|\.o$||'`;\
gcc -std=gnu99  -I. -I../../m4-1.4.17/lib     -g -O2 -MT fflush.o -MD -MP -MF $depbase.Tpo -c -o fflush.o ../../m4-1.4.17/lib/fflush.c &&\
mv -f $depbase.Tpo $depbase.Po
depbase=`echo fpurge.o | sed 's|[^/]*$|.deps/&|;s|\.o$||'`;\
gcc -std=gnu99  -I. -I../../m4-1.4.17/lib     -g -O2 -MT fpurge.o -MD -MP -MF $depbase.Tpo -c -o fpurge.o ../../m4-1.4.17/lib/fpurge.c &&\
mv -f $depbase.Tpo $depbase.Po
depbase=`echo freadahead.o | sed 's|[^/]*$|.deps/&|;s|\.o$||'`;\
gcc -std=gnu99  -I. -I../../m4-1.4.17/lib     -g -O2 -MT freadahead.o -MD -MP -MF $depbase.Tpo -c -o freadahead.o ../../m4-1.4.17/lib/freadahead.c &&\
mv -f $depbase.Tpo $depbase.Po
depbase=`echo fseek.o | sed 's|[^/]*$|.deps/&|;s|\.o$||'`;\
gcc -std=gnu99  -I. -I../../m4-1.4.17/lib     -g -O2 -MT fseek.o -MD -MP -MF $depbase.Tpo -c -o fseek.o ../../m4-1.4.17/lib/fseek.c &&\
mv -f $depbase.Tpo $depbase.Po
depbase=`echo fseeko.o | sed 's|[^/]*$|.deps/&|;s|\.o$||'`;\
gcc -std=gnu99  -I. -I../../m4-1.4.17/lib     -g -O2 -MT fseeko.o -MD -MP -MF $depbase.Tpo -c -o fseeko.o ../../m4-1.4.17/lib/fseeko.c &&\
mv -f $depbase.Tpo $depbase.Po
depbase=`echo isnanl.o | sed 's|[^/]*$|.deps/&|;s|\.o$||'`;\
gcc -std=gnu99  -I. -I../../m4-1.4.17/lib     -g -O2 -MT isnanl.o -MD -MP -MF $depbase.Tpo -c -o isnanl.o ../../m4-1.4.17/lib/isnanl.c &&\
mv -f $depbase.Tpo $depbase.Po
depbase=`echo printf-args.o | sed 's|[^/]*$|.deps/&|;s|\.o$||'`;\
gcc -std=gnu99  -I. -I../../m4-1.4.17/lib     -g -O2 -MT printf-args.o -MD -MP -MF $depbase.Tpo -c -o printf-args.o ../../m4-1.4.17/lib/printf-args.c &&\
mv -f $depbase.Tpo $depbase.Po
depbase=`echo printf-parse.o | sed 's|[^/]*$|.deps/&|;s|\.o$||'`;\
gcc -std=gnu99  -I. -I../../m4-1.4.17/lib     -g -O2 -MT printf-parse.o -MD -MP -MF $depbase.Tpo -c -o printf-parse.o ../../m4-1.4.17/lib/printf-parse.c &&\
mv -f $depbase.Tpo $depbase.Po
depbase=`echo vasnprintf.o | sed 's|[^/]*$|.deps/&|;s|\.o$||'`;\
gcc -std=gnu99  -I. -I../../m4-1.4.17/lib     -g -O2 -MT vasnprintf.o -MD -MP -MF $depbase.Tpo -c -o vasnprintf.o ../../m4-1.4.17/lib/vasnprintf.c &&\
mv -f $depbase.Tpo $depbase.Po
depbase=`echo vasprintf.o | sed 's|[^/]*$|.deps/&|;s|\.o$||'`;\
gcc -std=gnu99  -I. -I../../m4-1.4.17/lib     -g -O2 -MT vasprintf.o -MD -MP -MF $depbase.Tpo -c -o vasprintf.o ../../m4-1.4.17/lib/vasprintf.c &&\
mv -f $depbase.Tpo $depbase.Po
rm -f libm4.a
ar cru libm4.a gl_avltree_oset.o binary-io.o c-ctype.o c-stack.o c-strcasecmp.o c-strncasecmp.o clean-temp.o cloexec.o close-stream.o closein.o closeout.o dirname.o basename.o dirname-lgpl.o basename-lgpl.o stripslash.o execute.o exitfail.o fatal-signal.o fd-hook.o fd-safer-flag.o dup-safer-flag.o filenamecat.o filenamecat-lgpl.o fopen-safer.o freading.o gl_linkedhash_list.o gl_list.o localcharset.o glthread/lock.o malloca.o math.o memchr2.o gl_oset.o pipe2.o pipe2-safer.o printf-frexp.o printf-frexpl.o progname.o quotearg.o sig-handler.o spawn-pipe.o mkstemp-safer.o tempname.o glthread/threadlib.o glthread/tls.o tmpdir.o unistd.o dup-safer.o fd-safer.o pipe-safer.o verror.o version-etc.o version-etc-fsf.o wait-process.o wctype-h.o xmalloc.o xalloc-die.o gl_xlist.o xmalloca.o gl_xoset.o xprintf.o xsize.o xstrndup.o xvasprintf.o xasprintf.o asnprintf.o asprintf.o fclose.o fcntl.o fflush.o fpurge.o freadahead.o fseek.o fseeko.o isnanl.o printf-args.o printf-parse.o vasnprintf.o vasprintf.o
ranlib libm4.a
rm -f t-charset.alias charset.alias && \
/bin/bash ../../m4-1.4.17/lib/config.charset 'x86_64-unknown-linux-gnu' > t-charset.alias && \
mv t-charset.alias charset.alias
rm -f t-ref-add.sed ref-add.sed && \
sed -e '/^#/d' -e 's/@''PACKAGE''@/m4/g' ../../m4-1.4.17/lib/ref-add.sin > t-ref-add.sed && \
mv t-ref-add.sed ref-add.sed
rm -f t-ref-del.sed ref-del.sed && \
sed -e '/^#/d' -e 's/@''PACKAGE''@/m4/g' ../../m4-1.4.17/lib/ref-del.sin > t-ref-del.sed && \
mv t-ref-del.sed ref-del.sed
make[3]: Leaving directory '/home/bert/build_qemu_images/clfs_cross_tools/system/mips64-64/sources/step_6_m4-1.4.17-build/lib'
make[2]: Leaving directory '/home/bert/build_qemu_images/clfs_cross_tools/system/mips64-64/sources/step_6_m4-1.4.17-build/lib'
Making all in src
make[2]: Entering directory '/home/bert/build_qemu_images/clfs_cross_tools/system/mips64-64/sources/step_6_m4-1.4.17-build/src'
depbase=`echo m4.o | sed 's|[^/]*$|.deps/&|;s|\.o$||'`;\
gcc -std=gnu99    -I../../m4-1.4.17/lib -I../lib    -g -O2 -MT m4.o -MD -MP -MF $depbase.Tpo -c -o m4.o ../../m4-1.4.17/src/m4.c &&\
mv -f $depbase.Tpo $depbase.Po
depbase=`echo builtin.o | sed 's|[^/]*$|.deps/&|;s|\.o$||'`;\
gcc -std=gnu99    -I../../m4-1.4.17/lib -I../lib    -g -O2 -MT builtin.o -MD -MP -MF $depbase.Tpo -c -o builtin.o ../../m4-1.4.17/src/builtin.c &&\
mv -f $depbase.Tpo $depbase.Po
depbase=`echo debug.o | sed 's|[^/]*$|.deps/&|;s|\.o$||'`;\
gcc -std=gnu99    -I../../m4-1.4.17/lib -I../lib    -g -O2 -MT debug.o -MD -MP -MF $depbase.Tpo -c -o debug.o ../../m4-1.4.17/src/debug.c &&\
mv -f $depbase.Tpo $depbase.Po
depbase=`echo eval.o | sed 's|[^/]*$|.deps/&|;s|\.o$||'`;\
gcc -std=gnu99    -I../../m4-1.4.17/lib -I../lib    -g -O2 -MT eval.o -MD -MP -MF $depbase.Tpo -c -o eval.o ../../m4-1.4.17/src/eval.c &&\
mv -f $depbase.Tpo $depbase.Po
depbase=`echo format.o | sed 's|[^/]*$|.deps/&|;s|\.o$||'`;\
gcc -std=gnu99    -I../../m4-1.4.17/lib -I../lib    -g -O2 -MT format.o -MD -MP -MF $depbase.Tpo -c -o format.o ../../m4-1.4.17/src/format.c &&\
mv -f $depbase.Tpo $depbase.Po
depbase=`echo freeze.o | sed 's|[^/]*$|.deps/&|;s|\.o$||'`;\
gcc -std=gnu99    -I../../m4-1.4.17/lib -I../lib    -g -O2 -MT freeze.o -MD -MP -MF $depbase.Tpo -c -o freeze.o ../../m4-1.4.17/src/freeze.c &&\
mv -f $depbase.Tpo $depbase.Po
depbase=`echo input.o | sed 's|[^/]*$|.deps/&|;s|\.o$||'`;\
gcc -std=gnu99    -I../../m4-1.4.17/lib -I../lib    -g -O2 -MT input.o -MD -MP -MF $depbase.Tpo -c -o input.o ../../m4-1.4.17/src/input.c &&\
mv -f $depbase.Tpo $depbase.Po
depbase=`echo macro.o | sed 's|[^/]*$|.deps/&|;s|\.o$||'`;\
gcc -std=gnu99    -I../../m4-1.4.17/lib -I../lib    -g -O2 -MT macro.o -MD -MP -MF $depbase.Tpo -c -o macro.o ../../m4-1.4.17/src/macro.c &&\
mv -f $depbase.Tpo $depbase.Po
depbase=`echo output.o | sed 's|[^/]*$|.deps/&|;s|\.o$||'`;\
gcc -std=gnu99    -I../../m4-1.4.17/lib -I../lib    -g -O2 -MT output.o -MD -MP -MF $depbase.Tpo -c -o output.o ../../m4-1.4.17/src/output.c &&\
mv -f $depbase.Tpo $depbase.Po
depbase=`echo path.o | sed 's|[^/]*$|.deps/&|;s|\.o$||'`;\
gcc -std=gnu99    -I../../m4-1.4.17/lib -I../lib    -g -O2 -MT path.o -MD -MP -MF $depbase.Tpo -c -o path.o ../../m4-1.4.17/src/path.c &&\
mv -f $depbase.Tpo $depbase.Po
depbase=`echo symtab.o | sed 's|[^/]*$|.deps/&|;s|\.o$||'`;\
gcc -std=gnu99    -I../../m4-1.4.17/lib -I../lib    -g -O2 -MT symtab.o -MD -MP -MF $depbase.Tpo -c -o symtab.o ../../m4-1.4.17/src/symtab.c &&\
mv -f $depbase.Tpo $depbase.Po
gcc -std=gnu99   -g -O2   -o m4 m4.o builtin.o debug.o eval.o format.o freeze.o input.o macro.o output.o path.o symtab.o ../lib/libm4.a    
make[2]: Leaving directory '/home/bert/build_qemu_images/clfs_cross_tools/system/mips64-64/sources/step_6_m4-1.4.17-build/src'
Making all in doc
make[2]: Entering directory '/home/bert/build_qemu_images/clfs_cross_tools/system/mips64-64/sources/step_6_m4-1.4.17-build/doc'
make[2]: Nothing to be done for 'all'.
make[2]: Leaving directory '/home/bert/build_qemu_images/clfs_cross_tools/system/mips64-64/sources/step_6_m4-1.4.17-build/doc'
Making all in checks
make[2]: Entering directory '/home/bert/build_qemu_images/clfs_cross_tools/system/mips64-64/sources/step_6_m4-1.4.17-build/checks'
make[2]: Nothing to be done for 'all'.
make[2]: Leaving directory '/home/bert/build_qemu_images/clfs_cross_tools/system/mips64-64/sources/step_6_m4-1.4.17-build/checks'
Making all in tests
make[2]: Entering directory '/home/bert/build_qemu_images/clfs_cross_tools/system/mips64-64/sources/step_6_m4-1.4.17-build/tests'
rm -f c++defs.h-t c++defs.h && \
sed -n -e '/_GL_CXXDEFS/,$p' \
  < ../../m4-1.4.17/build-aux/snippet/c++defs.h \
  > c++defs.h-t && \
mv c++defs.h-t c++defs.h
rm -f arg-nonnull.h-t arg-nonnull.h && \
sed -n -e '/GL_ARG_NONNULL/,$p' \
  < ../../m4-1.4.17/build-aux/snippet/arg-nonnull.h \
  > arg-nonnull.h-t && \
mv arg-nonnull.h-t arg-nonnull.h
rm -f warn-on-use.h-t warn-on-use.h && \
sed -n -e '/^.ifndef/,$p' \
  < ../../m4-1.4.17/build-aux/snippet/warn-on-use.h \
  > warn-on-use.h-t && \
mv warn-on-use.h-t warn-on-use.h
rm -f dirent.h-t dirent.h && \
{ echo '/* DO NOT EDIT! GENERATED AUTOMATICALLY! */'; \
  sed -e 's|@''GUARD_PREFIX''@|GL_M4|g' \
      -e 's|@''HAVE_DIRENT_H''@|1|g' \
      -e 's|@''INCLUDE_NEXT''@|include_next|g' \
      -e 's|@''PRAGMA_SYSTEM_HEADER''@|#pragma GCC system_header|g' \
      -e 's|@''PRAGMA_COLUMNS''@||g' \
      -e 's|@''NEXT_DIRENT_H''@|<dirent.h>|g' \
      -e 's/@''GNULIB_OPENDIR''@/IN_M4_GNULIB_TESTS/g' \
      -e 's/@''GNULIB_READDIR''@/IN_M4_GNULIB_TESTS/g' \
      -e 's/@''GNULIB_REWINDDIR''@/0/g' \
      -e 's/@''GNULIB_CLOSEDIR''@/IN_M4_GNULIB_TESTS/g' \
      -e 's/@''GNULIB_DIRFD''@/0/g' \
      -e 's/@''GNULIB_FDOPENDIR''@/0/g' \
      -e 's/@''GNULIB_SCANDIR''@/0/g' \
      -e 's/@''GNULIB_ALPHASORT''@/0/g' \
      -e 's/@''HAVE_OPENDIR''@/1/g' \
      -e 's/@''HAVE_READDIR''@/1/g' \
      -e 's/@''HAVE_REWINDDIR''@/1/g' \
      -e 's/@''HAVE_CLOSEDIR''@/1/g' \
      -e 's|@''HAVE_DECL_DIRFD''@|1|g' \
      -e 's|@''HAVE_DECL_FDOPENDIR''@|1|g' \
      -e 's|@''HAVE_FDOPENDIR''@|1|g' \
      -e 's|@''HAVE_SCANDIR''@|1|g' \
      -e 's|@''HAVE_ALPHASORT''@|1|g' \
      -e 's|@''REPLACE_OPENDIR''@|0|g' \
      -e 's|@''REPLACE_CLOSEDIR''@|0|g' \
      -e 's|@''REPLACE_DIRFD''@|0|g' \
      -e 's|@''REPLACE_FDOPENDIR''@|0|g' \
      -e '/definitions of _GL_FUNCDECL_RPL/r c++defs.h' \
      -e '/definition of _GL_ARG_NONNULL/r arg-nonnull.h' \
      -e '/definition of _GL_WARN_ON_USE/r warn-on-use.h' \
      < ../../m4-1.4.17/tests/dirent.in.h; \
} > dirent.h-t && \
mv dirent.h-t dirent.h
rm -f inttypes.h-t inttypes.h && \
{ echo '/* DO NOT EDIT! GENERATED AUTOMATICALLY! */'; \
  sed -e 's/@''HAVE_INTTYPES_H''@/1/g' \
      -e 's|@''INCLUDE_NEXT''@|include_next|g' \
      -e 's|@''PRAGMA_SYSTEM_HEADER''@|#pragma GCC system_header|g' \
      -e 's|@''PRAGMA_COLUMNS''@||g' \
      -e 's|@''NEXT_INTTYPES_H''@|<inttypes.h>|g' \
      -e 's/@''PRI_MACROS_BROKEN''@/0/g' \
      -e 's/@''APPLE_UNIVERSAL_BUILD''@/0/g' \
      -e 's/@''HAVE_LONG_LONG_INT''@/1/g' \
      -e 's/@''HAVE_UNSIGNED_LONG_LONG_INT''@/1/g' \
      -e 's/@''PRIPTR_PREFIX''@/"l"/g' \
      -e 's/@''GNULIB_IMAXABS''@/0/g' \
      -e 's/@''GNULIB_IMAXDIV''@/0/g' \
      -e 's/@''GNULIB_STRTOIMAX''@/0/g' \
      -e 's/@''GNULIB_STRTOUMAX''@/0/g' \
      -e 's/@''HAVE_DECL_IMAXABS''@/1/g' \
      -e 's/@''HAVE_DECL_IMAXDIV''@/1/g' \
      -e 's/@''HAVE_DECL_STRTOIMAX''@/1/g' \
      -e 's/@''HAVE_DECL_STRTOUMAX''@/1/g' \
      -e 's/@''REPLACE_STRTOIMAX''@/0/g' \
      -e 's/@''INT32_MAX_LT_INTMAX_MAX''@/1/g' \
      -e 's/@''INT64_MAX_EQ_LONG_MAX''@/1/g' \
      -e 's/@''UINT32_MAX_LT_UINTMAX_MAX''@/1/g' \
      -e 's/@''UINT64_MAX_EQ_ULONG_MAX''@/1/g' \
      -e '/definitions of _GL_FUNCDECL_RPL/r c++defs.h' \
      -e '/definition of _GL_ARG_NONNULL/r arg-nonnull.h' \
      -e '/definition of _GL_WARN_ON_USE/r warn-on-use.h' \
      < ../../m4-1.4.17/tests/inttypes.in.h; \
} > inttypes.h-t && \
mv inttypes.h-t inttypes.h
rm -f test-posix_spawn1.sh-t test-posix_spawn1.sh && \
cp ../../m4-1.4.17/tests/test-posix_spawn1.in.sh test-posix_spawn1.sh-t && \
mv test-posix_spawn1.sh-t test-posix_spawn1.sh
rm -f test-posix_spawn2.sh-t test-posix_spawn2.sh && \
cp ../../m4-1.4.17/tests/test-posix_spawn2.in.sh test-posix_spawn2.sh-t && \
mv test-posix_spawn2.sh-t test-posix_spawn2.sh
rm -f unused-parameter.h-t unused-parameter.h && \
sed -n -e '/GL_UNUSED_PARAMETER/,$p' \
  < ../../m4-1.4.17/build-aux/snippet/unused-parameter.h \
  > unused-parameter.h-t && \
mv unused-parameter.h-t unused-parameter.h
make  all-recursive
make[3]: Entering directory '/home/bert/build_qemu_images/clfs_cross_tools/system/mips64-64/sources/step_6_m4-1.4.17-build/tests'
Making all in .
make[4]: Entering directory '/home/bert/build_qemu_images/clfs_cross_tools/system/mips64-64/sources/step_6_m4-1.4.17-build/tests'
make[4]: Nothing to be done for 'all-am'.
make[4]: Leaving directory '/home/bert/build_qemu_images/clfs_cross_tools/system/mips64-64/sources/step_6_m4-1.4.17-build/tests'
make[3]: Leaving directory '/home/bert/build_qemu_images/clfs_cross_tools/system/mips64-64/sources/step_6_m4-1.4.17-build/tests'
make[2]: Leaving directory '/home/bert/build_qemu_images/clfs_cross_tools/system/mips64-64/sources/step_6_m4-1.4.17-build/tests'
make[1]: Leaving directory '/home/bert/build_qemu_images/clfs_cross_tools/system/mips64-64/sources/step_6_m4-1.4.17-build'
