This file contains any messages produced by compilers while
running configure, to aid debugging if configure makes a mistake.

It was created by isl configure 0.12.2, which was
generated by GNU Autoconf 2.69.  Invocation command line was

  $ ../isl-0.12.2/configure --prefix=/cross-tools --disable-static --with-gmp-prefix=/cross-tools

## --------- ##
## Platform. ##
## --------- ##

hostname = debian
uname -m = x86_64
uname -r = 3.16.0-4-amd64
uname -s = Linux
uname -v = #1 SMP Debian 3.16.7-ckt11-1+deb8u4 (2015-09-19)

/usr/bin/uname -p = unknown
/bin/uname -X     = unknown

/bin/arch              = unknown
/usr/bin/arch -k       = unknown
/usr/convex/getsysinfo = unknown
/usr/bin/hostinfo      = unknown
/bin/machine           = unknown
/usr/bin/oslevel       = unknown
/bin/universe          = unknown

PATH: /cross-tools/bin
PATH: /usr/local/sbin
PATH: /usr/local/bin
PATH: /usr/sbin
PATH: /usr/bin
PATH: /sbin
PATH: /bin


## ----------- ##
## Core tests. ##
## ----------- ##

configure:2879: checking for a BSD-compatible install
configure:2947: result: /usr/bin/install -c
configure:2958: checking whether build environment is sane
configure:3008: result: yes
configure:3149: checking for a thread-safe mkdir -p
configure:3188: result: /bin/mkdir -p
configure:3201: checking for gawk
configure:3217: found /usr/bin/gawk
configure:3228: result: gawk
configure:3239: checking whether make sets $(MAKE)
configure:3261: result: yes
configure:3352: checking whether make supports nested variables
configure:3369: result: yes
configure:3443: checking for gcc
configure:3459: found /usr/bin/gcc
configure:3470: result: gcc
configure:3699: checking for C compiler version
configure:3708: gcc --version >&5
gcc (Debian 4.9.2-10) 4.9.2
Copyright (C) 2014 Free Software Foundation, Inc.
This is free software; see the source for copying conditions.  There is NO
warranty; not even for MERCHANTABILITY or FITNESS FOR A PARTICULAR PURPOSE.

configure:3719: $? = 0
configure:3708: gcc -v >&5
Using built-in specs.
COLLECT_GCC=gcc
COLLECT_LTO_WRAPPER=/usr/lib/gcc/x86_64-linux-gnu/4.9/lto-wrapper
Target: x86_64-linux-gnu
Configured with: ../src/configure -v --with-pkgversion='Debian 4.9.2-10' --with-bugurl=file:///usr/share/doc/gcc-4.9/README.Bugs --enable-languages=c,c++,java,go,d,fortran,objc,obj-c++ --prefix=/usr --program-suffix=-4.9 --enable-shared --enable-linker-build-id --libexecdir=/usr/lib --without-included-gettext --enable-threads=posix --with-gxx-include-dir=/usr/include/c++/4.9 --libdir=/usr/lib --enable-nls --with-sysroot=/ --enable-clocale=gnu --enable-libstdcxx-debug --enable-libstdcxx-time=yes --enable-gnu-unique-object --disable-vtable-verify --enable-plugin --with-system-zlib --disable-browser-plugin --enable-java-awt=gtk --enable-gtk-cairo --with-java-home=/usr/lib/jvm/java-1.5.0-gcj-4.9-amd64/jre --enable-java-home --with-jvm-root-dir=/usr/lib/jvm/java-1.5.0-gcj-4.9-amd64 --with-jvm-jar-dir=/usr/lib/jvm-exports/java-1.5.0-gcj-4.9-amd64 --with-arch-directory=amd64 --with-ecj-jar=/usr/share/java/eclipse-ecj.jar --enable-objc-gc --enable-multiarch --with-arch-32=i586 --with-abi=m64 --with-multilib-list=m32,m64,mx32 --enable-multilib --with-tune=generic --enable-checking=release --build=x86_64-linux-gnu --host=x86_64-linux-gnu --target=x86_64-linux-gnu
Thread model: posix
gcc version 4.9.2 (Debian 4.9.2-10) 
configure:3719: $? = 0
configure:3708: gcc -V >&5
gcc: error: unrecognized command line option '-V'
gcc: fatal error: no input files
compilation terminated.
configure:3719: $? = 4
configure:3708: gcc -qversion >&5
gcc: error: unrecognized command line option '-qversion'
gcc: fatal error: no input files
compilation terminated.
configure:3719: $? = 4
configure:3739: checking whether the C compiler works
configure:3761: gcc   -Wl,-rpath,/cross-tools/lib conftest.c  >&5
configure:3765: $? = 0
configure:3813: result: yes
configure:3816: checking for C compiler default output file name
configure:3818: result: a.out
configure:3824: checking for suffix of executables
configure:3831: gcc -o conftest   -Wl,-rpath,/cross-tools/lib conftest.c  >&5
configure:3835: $? = 0
configure:3857: result: 
configure:3879: checking whether we are cross compiling
configure:3887: gcc -o conftest   -Wl,-rpath,/cross-tools/lib conftest.c  >&5
configure:3891: $? = 0
configure:3898: ./conftest
configure:3902: $? = 0
configure:3917: result: no
configure:3922: checking for suffix of object files
configure:3944: gcc -c   conftest.c >&5
configure:3948: $? = 0
configure:3969: result: o
configure:3973: checking whether we are using the GNU C compiler
configure:3992: gcc -c   conftest.c >&5
configure:3992: $? = 0
configure:4001: result: yes
configure:4010: checking whether gcc accepts -g
configure:4030: gcc -c -g  conftest.c >&5
configure:4030: $? = 0
configure:4071: result: yes
configure:4088: checking for gcc option to accept ISO C89
configure:4151: gcc  -c -g -O2  conftest.c >&5
configure:4151: $? = 0
configure:4164: result: none needed
configure:4195: checking for style of include used by make
configure:4223: result: GNU
configure:4249: checking dependency style of gcc
configure:4360: result: gcc3
configure:4433: checking for g++
configure:4449: found /usr/bin/g++
configure:4460: result: g++
configure:4487: checking for C++ compiler version
configure:4496: g++ --version >&5
g++ (Debian 4.9.2-10) 4.9.2
Copyright (C) 2014 Free Software Foundation, Inc.
This is free software; see the source for copying conditions.  There is NO
warranty; not even for MERCHANTABILITY or FITNESS FOR A PARTICULAR PURPOSE.

configure:4507: $? = 0
configure:4496: g++ -v >&5
Using built-in specs.
COLLECT_GCC=g++
COLLECT_LTO_WRAPPER=/usr/lib/gcc/x86_64-linux-gnu/4.9/lto-wrapper
Target: x86_64-linux-gnu
Configured with: ../src/configure -v --with-pkgversion='Debian 4.9.2-10' --with-bugurl=file:///usr/share/doc/gcc-4.9/README.Bugs --enable-languages=c,c++,java,go,d,fortran,objc,obj-c++ --prefix=/usr --program-suffix=-4.9 --enable-shared --enable-linker-build-id --libexecdir=/usr/lib --without-included-gettext --enable-threads=posix --with-gxx-include-dir=/usr/include/c++/4.9 --libdir=/usr/lib --enable-nls --with-sysroot=/ --enable-clocale=gnu --enable-libstdcxx-debug --enable-libstdcxx-time=yes --enable-gnu-unique-object --disable-vtable-verify --enable-plugin --with-system-zlib --disable-browser-plugin --enable-java-awt=gtk --enable-gtk-cairo --with-java-home=/usr/lib/jvm/java-1.5.0-gcj-4.9-amd64/jre --enable-java-home --with-jvm-root-dir=/usr/lib/jvm/java-1.5.0-gcj-4.9-amd64 --with-jvm-jar-dir=/usr/lib/jvm-exports/java-1.5.0-gcj-4.9-amd64 --with-arch-directory=amd64 --with-ecj-jar=/usr/share/java/eclipse-ecj.jar --enable-objc-gc --enable-multiarch --with-arch-32=i586 --with-abi=m64 --with-multilib-list=m32,m64,mx32 --enable-multilib --with-tune=generic --enable-checking=release --build=x86_64-linux-gnu --host=x86_64-linux-gnu --target=x86_64-linux-gnu
Thread model: posix
gcc version 4.9.2 (Debian 4.9.2-10) 
configure:4507: $? = 0
configure:4496: g++ -V >&5
g++: error: unrecognized command line option '-V'
g++: fatal error: no input files
compilation terminated.
configure:4507: $? = 4
configure:4496: g++ -qversion >&5
g++: error: unrecognized command line option '-qversion'
g++: fatal error: no input files
compilation terminated.
configure:4507: $? = 4
configure:4511: checking whether we are using the GNU C++ compiler
configure:4530: g++ -c   conftest.cpp >&5
configure:4530: $? = 0
configure:4539: result: yes
configure:4548: checking whether g++ accepts -g
configure:4568: g++ -c -g  conftest.cpp >&5
configure:4568: $? = 0
configure:4609: result: yes
configure:4634: checking dependency style of g++
configure:4745: result: gcc3
configure:4763: checking for C compiler vendor
configure:4787: gcc -c -g -O2  conftest.c >&5
conftest.c: In function 'main':
conftest.c:17:7: error: 'thisisanerror' undeclared (first use in this function)
       thisisanerror;
       ^
conftest.c:17:7: note: each undeclared identifier is reported only once for each function it appears in
configure:4787: $? = 1
configure: failed program was:
| /* confdefs.h */
| #define PACKAGE_NAME "isl"
| #define PACKAGE_TARNAME "isl"
| #define PACKAGE_VERSION "0.12.2"
| #define PACKAGE_STRING "isl 0.12.2"
| #define PACKAGE_BUGREPORT "isl-development@googlegroups.com"
| #define PACKAGE_URL ""
| #define PACKAGE "isl"
| #define VERSION "0.12.2"
| /* end confdefs.h.  */
| 
| int
| main ()
| {
| 
| #if !(defined(__ICC) || defined(__ECC) || defined(__INTEL_COMPILER))
|       thisisanerror;
| #endif
| 
|   ;
|   return 0;
| }
configure:4787: gcc -c -g -O2  conftest.c >&5
conftest.c: In function 'main':
conftest.c:17:7: error: 'thisisanerror' undeclared (first use in this function)
       thisisanerror;
       ^
conftest.c:17:7: note: each undeclared identifier is reported only once for each function it appears in
configure:4787: $? = 1
configure: failed program was:
| /* confdefs.h */
| #define PACKAGE_NAME "isl"
| #define PACKAGE_TARNAME "isl"
| #define PACKAGE_VERSION "0.12.2"
| #define PACKAGE_STRING "isl 0.12.2"
| #define PACKAGE_BUGREPORT "isl-development@googlegroups.com"
| #define PACKAGE_URL ""
| #define PACKAGE "isl"
| #define VERSION "0.12.2"
| /* end confdefs.h.  */
| 
| int
| main ()
| {
| 
| #if !(defined(__xlc__) || defined(__xlC__) || defined(__IBMC__) || defined(__IBMCPP__))
|       thisisanerror;
| #endif
| 
|   ;
|   return 0;
| }
configure:4787: gcc -c -g -O2  conftest.c >&5
conftest.c: In function 'main':
conftest.c:17:7: error: 'thisisanerror' undeclared (first use in this function)
       thisisanerror;
       ^
conftest.c:17:7: note: each undeclared identifier is reported only once for each function it appears in
configure:4787: $? = 1
configure: failed program was:
| /* confdefs.h */
| #define PACKAGE_NAME "isl"
| #define PACKAGE_TARNAME "isl"
| #define PACKAGE_VERSION "0.12.2"
| #define PACKAGE_STRING "isl 0.12.2"
| #define PACKAGE_BUGREPORT "isl-development@googlegroups.com"
| #define PACKAGE_URL ""
| #define PACKAGE "isl"
| #define VERSION "0.12.2"
| /* end confdefs.h.  */
| 
| int
| main ()
| {
| 
| #if !(defined(__PATHCC__) || defined(__PATHSCALE__))
|       thisisanerror;
| #endif
| 
|   ;
|   return 0;
| }
configure:4787: gcc -c -g -O2  conftest.c >&5
conftest.c: In function 'main':
conftest.c:17:7: error: 'thisisanerror' undeclared (first use in this function)
       thisisanerror;
       ^
conftest.c:17:7: note: each undeclared identifier is reported only once for each function it appears in
configure:4787: $? = 1
configure: failed program was:
| /* confdefs.h */
| #define PACKAGE_NAME "isl"
| #define PACKAGE_TARNAME "isl"
| #define PACKAGE_VERSION "0.12.2"
| #define PACKAGE_STRING "isl 0.12.2"
| #define PACKAGE_BUGREPORT "isl-development@googlegroups.com"
| #define PACKAGE_URL ""
| #define PACKAGE "isl"
| #define VERSION "0.12.2"
| /* end confdefs.h.  */
| 
| int
| main ()
| {
| 
| #if !(defined(__clang__))
|       thisisanerror;
| #endif
| 
|   ;
|   return 0;
| }
configure:4787: gcc -c -g -O2  conftest.c >&5
configure:4787: $? = 0
configure:4794: result: gnu
configure:4801: checking build system type
configure:4815: result: x86_64-unknown-linux-gnu
configure:4835: checking host system type
configure:4848: result: x86_64-unknown-linux-gnu
configure:5124: checking whether C compiler accepts -malign-double
configure:5143: gcc -c -malign-double  conftest.c >&5
configure:5143: $? = 0
configure:5153: result: yes
configure:5163: checking whether C compiler accepts -fstrict-aliasing
configure:5182: gcc -c -fstrict-aliasing  conftest.c >&5
configure:5182: $? = 0
configure:5192: result: yes
configure:5202: checking whether C compiler accepts -ffast-math
configure:5221: gcc -c -ffast-math  conftest.c >&5
configure:5221: $? = 0
configure:5231: result: yes
configure:5252: checking for gcc architecture flag
configure:5254: result: 
configure:5276: checking for x86 cpuid 0 output
configure:5305: gcc -o conftest -O3 -fomit-frame-pointer -malign-double -fstrict-aliasing -ffast-math  -Wl,-rpath,/cross-tools/lib conftest.c  >&5
configure:5305: $? = 0
configure:5305: ./conftest
configure:5305: $? = 0
configure:5315: result: d:756e6547:6c65746e:49656e69
configure:5331: checking for x86 cpuid 1 output
configure:5360: gcc -o conftest -O3 -fomit-frame-pointer -malign-double -fstrict-aliasing -ffast-math  -Wl,-rpath,/cross-tools/lib conftest.c  >&5
configure:5360: $? = 0
configure:5360: ./conftest
configure:5360: $? = 0
configure:5370: result: 1067a:2010800:8d282201:fabfbff
configure:5584: checking whether C compiler accepts -march=pentium3
configure:5599: gcc -c -march=pentium3  conftest.c >&5
conftest.c:1:0: error: CPU you selected does not support x86-64 instruction set
 /* confdefs.h */
 ^
conftest.c:1:0: error: CPU you selected does not support x86-64 instruction set
configure:5599: $? = 1
configure: failed program was:
| /* confdefs.h */
| #define PACKAGE_NAME "isl"
| #define PACKAGE_TARNAME "isl"
| #define PACKAGE_VERSION "0.12.2"
| #define PACKAGE_STRING "isl 0.12.2"
| #define PACKAGE_BUGREPORT "isl-development@googlegroups.com"
| #define PACKAGE_URL ""
| #define PACKAGE "isl"
| #define VERSION "0.12.2"
| /* end confdefs.h.  */
| 
| int
| main ()
| {
| 
|   ;
|   return 0;
| }
configure:5607: result: no
configure:5584: checking whether C compiler accepts -mcpu=pentium3
configure:5599: gcc -c -mcpu=pentium3  conftest.c >&5
gcc: warning: '-mcpu=' is deprecated; use '-mtune=' or '-march=' instead
conftest.c:1:0: error: CPU you selected does not support x86-64 instruction set
 /* confdefs.h */
 ^
configure:5599: $? = 1
configure: failed program was:
| /* confdefs.h */
| #define PACKAGE_NAME "isl"
| #define PACKAGE_TARNAME "isl"
| #define PACKAGE_VERSION "0.12.2"
| #define PACKAGE_STRING "isl 0.12.2"
| #define PACKAGE_BUGREPORT "isl-development@googlegroups.com"
| #define PACKAGE_URL ""
| #define PACKAGE "isl"
| #define VERSION "0.12.2"
| /* end confdefs.h.  */
| 
| int
| main ()
| {
| 
|   ;
|   return 0;
| }
configure:5607: result: no
configure:5584: checking whether C compiler accepts -mpentium3
configure:5599: gcc -c -mpentium3  conftest.c >&5
gcc: error: unrecognized command line option '-mpentium3'
configure:5599: $? = 1
configure: failed program was:
| /* confdefs.h */
| #define PACKAGE_NAME "isl"
| #define PACKAGE_TARNAME "isl"
| #define PACKAGE_VERSION "0.12.2"
| #define PACKAGE_STRING "isl 0.12.2"
| #define PACKAGE_BUGREPORT "isl-development@googlegroups.com"
| #define PACKAGE_URL ""
| #define PACKAGE "isl"
| #define VERSION "0.12.2"
| /* end confdefs.h.  */
| 
| int
| main ()
| {
| 
|   ;
|   return 0;
| }
configure:5607: result: no
configure:5584: checking whether C compiler accepts -march=pentiumpro
configure:5599: gcc -c -march=pentiumpro  conftest.c >&5
conftest.c:1:0: error: CPU you selected does not support x86-64 instruction set
 /* confdefs.h */
 ^
conftest.c:1:0: error: CPU you selected does not support x86-64 instruction set
configure:5599: $? = 1
configure: failed program was:
| /* confdefs.h */
| #define PACKAGE_NAME "isl"
| #define PACKAGE_TARNAME "isl"
| #define PACKAGE_VERSION "0.12.2"
| #define PACKAGE_STRING "isl 0.12.2"
| #define PACKAGE_BUGREPORT "isl-development@googlegroups.com"
| #define PACKAGE_URL ""
| #define PACKAGE "isl"
| #define VERSION "0.12.2"
| /* end confdefs.h.  */
| 
| int
| main ()
| {
| 
|   ;
|   return 0;
| }
configure:5607: result: no
configure:5584: checking whether C compiler accepts -mcpu=pentiumpro
configure:5599: gcc -c -mcpu=pentiumpro  conftest.c >&5
gcc: warning: '-mcpu=' is deprecated; use '-mtune=' or '-march=' instead
conftest.c:1:0: error: CPU you selected does not support x86-64 instruction set
 /* confdefs.h */
 ^
configure:5599: $? = 1
configure: failed program was:
| /* confdefs.h */
| #define PACKAGE_NAME "isl"
| #define PACKAGE_TARNAME "isl"
| #define PACKAGE_VERSION "0.12.2"
| #define PACKAGE_STRING "isl 0.12.2"
| #define PACKAGE_BUGREPORT "isl-development@googlegroups.com"
| #define PACKAGE_URL ""
| #define PACKAGE "isl"
| #define VERSION "0.12.2"
| /* end confdefs.h.  */
| 
| int
| main ()
| {
| 
|   ;
|   return 0;
| }
configure:5607: result: no
configure:5584: checking whether C compiler accepts -mpentiumpro
configure:5599: gcc -c -mpentiumpro  conftest.c >&5
gcc: error: unrecognized command line option '-mpentiumpro'
configure:5599: $? = 1
configure: failed program was:
| /* confdefs.h */
| #define PACKAGE_NAME "isl"
| #define PACKAGE_TARNAME "isl"
| #define PACKAGE_VERSION "0.12.2"
| #define PACKAGE_STRING "isl 0.12.2"
| #define PACKAGE_BUGREPORT "isl-development@googlegroups.com"
| #define PACKAGE_URL ""
| #define PACKAGE "isl"
| #define VERSION "0.12.2"
| /* end confdefs.h.  */
| 
| int
| main ()
| {
| 
|   ;
|   return 0;
| }
configure:5607: result: no
configure:5624: checking for gcc architecture flag
configure:5626: result: unknown
configure:5658: checking whether C compiler accepts -O3 -fomit-frame-pointer -malign-double -fstrict-aliasing -ffast-math
configure:5673: gcc -c -O3 -fomit-frame-pointer -malign-double -fstrict-aliasing -ffast-math  conftest.c >&5
configure:5673: $? = 0
configure:5681: result: yes
configure:5701: checking whether the compiler supports function __attribute__((__warn_unused_result__))
configure:5719: gcc -c -O3 -fomit-frame-pointer -malign-double -fstrict-aliasing -ffast-math  conftest.c >&5
configure:5719: $? = 0
configure:5726: result: yes
configure:5735: checking for __attribute__
configure:5757: gcc -c -O3 -fomit-frame-pointer -malign-double -fstrict-aliasing -ffast-math  conftest.c >&5
configure:5757: $? = 0
configure:5766: result: yes
configure:5821: checking how to print strings
configure:5848: result: printf
configure:5869: checking for a sed that does not truncate output
configure:5933: result: /bin/sed
configure:5951: checking for grep that handles long lines and -e
configure:6009: result: /bin/grep
configure:6014: checking for egrep
configure:6076: result: /bin/grep -E
configure:6081: checking for fgrep
configure:6143: result: /bin/grep -F
configure:6178: checking for ld used by gcc
configure:6245: result: /usr/bin/ld
configure:6252: checking if the linker (/usr/bin/ld) is GNU ld
configure:6267: result: yes
configure:6279: checking for BSD- or MS-compatible name lister (nm)
configure:6328: result: /usr/bin/nm -B
configure:6458: checking the name lister (/usr/bin/nm -B) interface
configure:6465: gcc -c -O3 -fomit-frame-pointer -malign-double -fstrict-aliasing -ffast-math  conftest.c >&5
configure:6468: /usr/bin/nm -B "conftest.o"
configure:6471: output
0000000000000000 B some_variable
configure:6478: result: BSD nm
configure:6481: checking whether ln -s works
configure:6485: result: yes
configure:6493: checking the maximum length of command line arguments
configure:6624: result: 1572864
configure:6672: checking how to convert x86_64-unknown-linux-gnu file names to x86_64-unknown-linux-gnu format
configure:6712: result: func_convert_file_noop
configure:6719: checking how to convert x86_64-unknown-linux-gnu file names to toolchain format
configure:6739: result: func_convert_file_noop
configure:6746: checking for /usr/bin/ld option to reload object files
configure:6753: result: -r
configure:6827: checking for objdump
configure:6843: found /usr/bin/objdump
configure:6854: result: objdump
configure:6886: checking how to recognize dependent libraries
configure:7083: result: pass_all
configure:7168: checking for dlltool
configure:7198: result: no
configure:7228: checking how to associate runtime and link libraries
configure:7255: result: printf %s\n
configure:7315: checking for ar
configure:7331: found /usr/bin/ar
configure:7342: result: ar
configure:7379: checking for archiver @FILE support
configure:7396: gcc -c -O3 -fomit-frame-pointer -malign-double -fstrict-aliasing -ffast-math  conftest.c >&5
configure:7396: $? = 0
configure:7399: ar cru libconftest.a @conftest.lst >&5
configure:7402: $? = 0
configure:7407: ar cru libconftest.a @conftest.lst >&5
ar: conftest.o: No such file or directory
configure:7410: $? = 1
configure:7422: result: @
configure:7480: checking for strip
configure:7496: found /usr/bin/strip
configure:7507: result: strip
configure:7579: checking for ranlib
configure:7595: found /usr/bin/ranlib
configure:7606: result: ranlib
configure:7708: checking command to parse /usr/bin/nm -B output from gcc object
configure:7861: gcc -c -O3 -fomit-frame-pointer -malign-double -fstrict-aliasing -ffast-math  conftest.c >&5
configure:7864: $? = 0
configure:7868: /usr/bin/nm -B conftest.o \| sed -n -e 's/^.*[ ]\([ABCDGIRSTW][ABCDGIRSTW]*\)[ ][ ]*\([_A-Za-z][_A-Za-z0-9]*\)$/\1 \2 \2/p' | sed '/ __gnu_lto/d' \> conftest.nm
configure:7871: $? = 0
configure:7937: gcc -o conftest -O3 -fomit-frame-pointer -malign-double -fstrict-aliasing -ffast-math  -Wl,-rpath,/cross-tools/lib conftest.c conftstm.o >&5
configure:7940: $? = 0
configure:7978: result: ok
configure:8025: checking for sysroot
configure:8055: result: no
configure:8175: gcc -c -O3 -fomit-frame-pointer -malign-double -fstrict-aliasing -ffast-math  conftest.c >&5
configure:8178: $? = 0
configure:8368: checking for mt
configure:8384: found /bin/mt
configure:8395: result: mt
configure:8418: checking if mt is a manifest tool
configure:8424: mt '-?'
configure:8432: result: no
configure:9074: checking how to run the C preprocessor
configure:9105: gcc -E  conftest.c
configure:9105: $? = 0
configure:9119: gcc -E  conftest.c
conftest.c:13:28: fatal error: ac_nonexistent.h: No such file or directory
 #include <ac_nonexistent.h>
                            ^
compilation terminated.
configure:9119: $? = 1
configure: failed program was:
| /* confdefs.h */
| #define PACKAGE_NAME "isl"
| #define PACKAGE_TARNAME "isl"
| #define PACKAGE_VERSION "0.12.2"
| #define PACKAGE_STRING "isl 0.12.2"
| #define PACKAGE_BUGREPORT "isl-development@googlegroups.com"
| #define PACKAGE_URL ""
| #define PACKAGE "isl"
| #define VERSION "0.12.2"
| #define GCC_WARN_UNUSED_RESULT __attribute__((__warn_unused_result__))
| #define HAVE___ATTRIBUTE__ 1
| /* end confdefs.h.  */
| #include <ac_nonexistent.h>
configure:9144: result: gcc -E
configure:9164: gcc -E  conftest.c
configure:9164: $? = 0
configure:9178: gcc -E  conftest.c
conftest.c:13:28: fatal error: ac_nonexistent.h: No such file or directory
 #include <ac_nonexistent.h>
                            ^
compilation terminated.
configure:9178: $? = 1
configure: failed program was:
| /* confdefs.h */
| #define PACKAGE_NAME "isl"
| #define PACKAGE_TARNAME "isl"
| #define PACKAGE_VERSION "0.12.2"
| #define PACKAGE_STRING "isl 0.12.2"
| #define PACKAGE_BUGREPORT "isl-development@googlegroups.com"
| #define PACKAGE_URL ""
| #define PACKAGE "isl"
| #define VERSION "0.12.2"
| #define GCC_WARN_UNUSED_RESULT __attribute__((__warn_unused_result__))
| #define HAVE___ATTRIBUTE__ 1
| /* end confdefs.h.  */
| #include <ac_nonexistent.h>
configure:9207: checking for ANSI C header files
configure:9227: gcc -c -O3 -fomit-frame-pointer -malign-double -fstrict-aliasing -ffast-math  conftest.c >&5
configure:9227: $? = 0
configure:9300: gcc -o conftest -O3 -fomit-frame-pointer -malign-double -fstrict-aliasing -ffast-math  -Wl,-rpath,/cross-tools/lib conftest.c  >&5
configure:9300: $? = 0
configure:9300: ./conftest
configure:9300: $? = 0
configure:9311: result: yes
configure:9324: checking for sys/types.h
configure:9324: gcc -c -O3 -fomit-frame-pointer -malign-double -fstrict-aliasing -ffast-math  conftest.c >&5
configure:9324: $? = 0
configure:9324: result: yes
configure:9324: checking for sys/stat.h
configure:9324: gcc -c -O3 -fomit-frame-pointer -malign-double -fstrict-aliasing -ffast-math  conftest.c >&5
configure:9324: $? = 0
configure:9324: result: yes
configure:9324: checking for stdlib.h
configure:9324: gcc -c -O3 -fomit-frame-pointer -malign-double -fstrict-aliasing -ffast-math  conftest.c >&5
configure:9324: $? = 0
configure:9324: result: yes
configure:9324: checking for string.h
configure:9324: gcc -c -O3 -fomit-frame-pointer -malign-double -fstrict-aliasing -ffast-math  conftest.c >&5
configure:9324: $? = 0
configure:9324: result: yes
configure:9324: checking for memory.h
configure:9324: gcc -c -O3 -fomit-frame-pointer -malign-double -fstrict-aliasing -ffast-math  conftest.c >&5
configure:9324: $? = 0
configure:9324: result: yes
configure:9324: checking for strings.h
configure:9324: gcc -c -O3 -fomit-frame-pointer -malign-double -fstrict-aliasing -ffast-math  conftest.c >&5
configure:9324: $? = 0
configure:9324: result: yes
configure:9324: checking for inttypes.h
configure:9324: gcc -c -O3 -fomit-frame-pointer -malign-double -fstrict-aliasing -ffast-math  conftest.c >&5
configure:9324: $? = 0
configure:9324: result: yes
configure:9324: checking for stdint.h
configure:9324: gcc -c -O3 -fomit-frame-pointer -malign-double -fstrict-aliasing -ffast-math  conftest.c >&5
configure:9324: $? = 0
configure:9324: result: yes
configure:9324: checking for unistd.h
configure:9324: gcc -c -O3 -fomit-frame-pointer -malign-double -fstrict-aliasing -ffast-math  conftest.c >&5
configure:9324: $? = 0
configure:9324: result: yes
configure:9338: checking for dlfcn.h
configure:9338: gcc -c -O3 -fomit-frame-pointer -malign-double -fstrict-aliasing -ffast-math  conftest.c >&5
configure:9338: $? = 0
configure:9338: result: yes
configure:9553: checking for objdir
configure:9568: result: .libs
configure:9839: checking if gcc supports -fno-rtti -fno-exceptions
configure:9857: gcc -c -O3 -fomit-frame-pointer -malign-double -fstrict-aliasing -ffast-math  -fno-rtti -fno-exceptions conftest.c >&5
cc1: warning: command line option '-fno-rtti' is valid for C++/ObjC++ but not for C
configure:9861: $? = 0
configure:9874: result: no
configure:10222: checking for gcc option to produce PIC
configure:10229: result: -fPIC -DPIC
configure:10237: checking if gcc PIC flag -fPIC -DPIC works
configure:10255: gcc -c -O3 -fomit-frame-pointer -malign-double -fstrict-aliasing -ffast-math  -fPIC -DPIC -DPIC conftest.c >&5
configure:10259: $? = 0
configure:10272: result: yes
configure:10301: checking if gcc static flag -static works
configure:10329: result: yes
configure:10344: checking if gcc supports -c -o file.o
configure:10365: gcc -c -O3 -fomit-frame-pointer -malign-double -fstrict-aliasing -ffast-math  -o out/conftest2.o conftest.c >&5
configure:10369: $? = 0
configure:10391: result: yes
configure:10399: checking if gcc supports -c -o file.o
configure:10446: result: yes
configure:10479: checking whether the gcc linker (/usr/bin/ld -m elf_x86_64) supports shared libraries
configure:11627: result: yes
configure:11664: checking whether -lc should be explicitly linked in
configure:11672: gcc -c -O3 -fomit-frame-pointer -malign-double -fstrict-aliasing -ffast-math  conftest.c >&5
configure:11675: $? = 0
configure:11690: gcc -shared  -fPIC -DPIC conftest.o  -v -Wl,-soname -Wl,conftest -o conftest 2\>\&1 \| /bin/grep  -lc  \>/dev/null 2\>\&1
configure:11693: $? = 0
configure:11707: result: no
configure:11867: checking dynamic linker characteristics
configure:12394: gcc -o conftest -O3 -fomit-frame-pointer -malign-double -fstrict-aliasing -ffast-math  -Wl,-rpath,/cross-tools/lib -Wl,-rpath -Wl,/foo conftest.c  >&5
configure:12394: $? = 0
configure:12605: result: GNU/Linux ld.so
configure:12712: checking how to hardcode library paths into programs
configure:12737: result: immediate
configure:13285: checking whether stripping libraries is possible
configure:13290: result: yes
configure:13325: checking if libtool supports shared libraries
configure:13327: result: yes
configure:13330: checking whether to build shared libraries
configure:13351: result: yes
configure:13354: checking whether to build static libraries
configure:13358: result: no
configure:13381: checking how to run the C++ preprocessor
configure:13408: g++ -E  conftest.cpp
configure:13408: $? = 0
configure:13422: g++ -E  conftest.cpp
conftest.cpp:25:28: fatal error: ac_nonexistent.h: No such file or directory
 #include <ac_nonexistent.h>
                            ^
compilation terminated.
configure:13422: $? = 1
configure: failed program was:
| /* confdefs.h */
| #define PACKAGE_NAME "isl"
| #define PACKAGE_TARNAME "isl"
| #define PACKAGE_VERSION "0.12.2"
| #define PACKAGE_STRING "isl 0.12.2"
| #define PACKAGE_BUGREPORT "isl-development@googlegroups.com"
| #define PACKAGE_URL ""
| #define PACKAGE "isl"
| #define VERSION "0.12.2"
| #define GCC_WARN_UNUSED_RESULT __attribute__((__warn_unused_result__))
| #define HAVE___ATTRIBUTE__ 1
| #define STDC_HEADERS 1
| #define HAVE_SYS_TYPES_H 1
| #define HAVE_SYS_STAT_H 1
| #define HAVE_STDLIB_H 1
| #define HAVE_STRING_H 1
| #define HAVE_MEMORY_H 1
| #define HAVE_STRINGS_H 1
| #define HAVE_INTTYPES_H 1
| #define HAVE_STDINT_H 1
| #define HAVE_UNISTD_H 1
| #define HAVE_DLFCN_H 1
| #define LT_OBJDIR ".libs/"
| /* end confdefs.h.  */
| #include <ac_nonexistent.h>
configure:13447: result: g++ -E
configure:13467: g++ -E  conftest.cpp
configure:13467: $? = 0
configure:13481: g++ -E  conftest.cpp
conftest.cpp:25:28: fatal error: ac_nonexistent.h: No such file or directory
 #include <ac_nonexistent.h>
                            ^
compilation terminated.
configure:13481: $? = 1
configure: failed program was:
| /* confdefs.h */
| #define PACKAGE_NAME "isl"
| #define PACKAGE_TARNAME "isl"
| #define PACKAGE_VERSION "0.12.2"
| #define PACKAGE_STRING "isl 0.12.2"
| #define PACKAGE_BUGREPORT "isl-development@googlegroups.com"
| #define PACKAGE_URL ""
| #define PACKAGE "isl"
| #define VERSION "0.12.2"
| #define GCC_WARN_UNUSED_RESULT __attribute__((__warn_unused_result__))
| #define HAVE___ATTRIBUTE__ 1
| #define STDC_HEADERS 1
| #define HAVE_SYS_TYPES_H 1
| #define HAVE_SYS_STAT_H 1
| #define HAVE_STDLIB_H 1
| #define HAVE_STRING_H 1
| #define HAVE_MEMORY_H 1
| #define HAVE_STRINGS_H 1
| #define HAVE_INTTYPES_H 1
| #define HAVE_STDINT_H 1
| #define HAVE_UNISTD_H 1
| #define HAVE_DLFCN_H 1
| #define LT_OBJDIR ".libs/"
| /* end confdefs.h.  */
| #include <ac_nonexistent.h>
configure:13650: checking for ld used by g++
configure:13717: result: /usr/bin/ld -m elf_x86_64
configure:13724: checking if the linker (/usr/bin/ld -m elf_x86_64) is GNU ld
configure:13739: result: yes
configure:13794: checking whether the g++ linker (/usr/bin/ld -m elf_x86_64) supports shared libraries
configure:14792: result: yes
configure:14828: g++ -c -g -O2  conftest.cpp >&5
configure:14831: $? = 0
configure:15352: checking for g++ option to produce PIC
configure:15359: result: -fPIC -DPIC
configure:15367: checking if g++ PIC flag -fPIC -DPIC works
configure:15385: g++ -c -g -O2  -fPIC -DPIC -DPIC conftest.cpp >&5
configure:15389: $? = 0
configure:15402: result: yes
configure:15425: checking if g++ static flag -static works
configure:15453: result: yes
configure:15465: checking if g++ supports -c -o file.o
configure:15486: g++ -c -g -O2  -o out/conftest2.o conftest.cpp >&5
configure:15490: $? = 0
configure:15512: result: yes
configure:15517: checking if g++ supports -c -o file.o
configure:15564: result: yes
configure:15594: checking whether the g++ linker (/usr/bin/ld -m elf_x86_64) supports shared libraries
configure:15630: result: yes
configure:15771: checking dynamic linker characteristics
configure:16436: result: GNU/Linux ld.so
configure:16489: checking how to hardcode library paths into programs
configure:16514: result: immediate
configure:16578: checking for perl
configure:16594: found /usr/bin/perl
configure:16605: result: perl
configure:16615: checking for pdflatex
configure:16645: result: no
configure:16652: checking for pod2html
configure:16668: found /usr/bin/pod2html
configure:16679: result: pod2html
configure:16698: checking for stdint types
configure:16721: gcc -c   conftest.c >&5
configure:16721: $? = 0
configure:16765: result: stdint.h (shortcircuit)
configure:17152: result: make use of stdint.h in include/isl/stdint.h (assuming C99 compatible system)
configure:17242: checking which gmp to use
configure:17244: result: system
configure:17266: checking gmp.h usability
configure:17266: gcc -c -O3 -fomit-frame-pointer -malign-double -fstrict-aliasing -ffast-math -I/cross-tools/include  conftest.c >&5
configure:17266: $? = 0
configure:17266: result: yes
configure:17266: checking gmp.h presence
configure:17266: gcc -E -I/cross-tools/include  conftest.c
configure:17266: $? = 0
configure:17266: result: yes
configure:17266: checking for gmp.h
configure:17266: result: yes
configure:17274: checking for main in -lgmp
configure:17293: gcc -o conftest -O3 -fomit-frame-pointer -malign-double -fstrict-aliasing -ffast-math -I/cross-tools/include  -L/cross-tools/lib -Wl,-rpath,/cross-tools/lib conftest.c -lgmp  -lgmp  >&5
configure:17293: $? = 0
configure:17302: result: yes
configure:17330: gcc -o conftest -O3 -fomit-frame-pointer -malign-double -fstrict-aliasing -ffast-math -I/cross-tools/include  -L/cross-tools/lib -Wl,-rpath,/cross-tools/lib conftest.c -lgmp -lgmp  >&5
configure:17330: $? = 0
configure:17353: checking whether mp_get_memory_functions is declared
configure:17353: gcc -c -O3 -fomit-frame-pointer -malign-double -fstrict-aliasing -ffast-math -I/cross-tools/include  conftest.c >&5
configure:17353: $? = 0
configure:17353: result: yes
configure:17400: gcc -o conftest -O3 -fomit-frame-pointer -malign-double -fstrict-aliasing -ffast-math -I/cross-tools/include  -L/cross-tools/lib -Wl,-rpath,/cross-tools/lib conftest.c -lgmp  >&5
configure:17400: $? = 0
configure:17400: ./conftest
configure:17400: $? = 0
configure:17425: checking whether ffs is declared
configure:17425: gcc -c -O3 -fomit-frame-pointer -malign-double -fstrict-aliasing -ffast-math  conftest.c >&5
configure:17425: $? = 0
configure:17425: result: yes
configure:17437: checking whether __builtin_ffs is declared
configure:17437: gcc -c -O3 -fomit-frame-pointer -malign-double -fstrict-aliasing -ffast-math  conftest.c >&5
configure:17437: $? = 0
configure:17437: result: yes
configure:17531: checking which piplib to use
configure:17533: result: no
configure:17716: checking which clang to use
configure:17718: result: no
configure:18107: checking for C compiler vendor
configure:18138: result: gnu
configure:18159: checking our pkgconfig libname
configure:18167: result: isl
configure:18170: checking our pkgconfig version
configure:18178: result: 0.12.2
configure:18181: checking our pkgconfig_libdir
configure:18188: result: ${libdir}/pkgconfig
configure:18191: result: expanded our pkgconfig_libdir... /cross-tools/lib/pkgconfig
configure:18195: checking our pkgconfig_libfile
configure:18201: result: isl.pc
configure:18208: checking our package / suffix
configure:18212: result: isl / 
configure:18215: checking our pkgconfig description
configure:18222: result: isl Library
configure:18225: checking our pkgconfig requires
configure:18230: result: 
configure:18233: checking our pkgconfig ext libs
configure:18240: result: -lisl -lgmp
configure:18243: checking our pkgconfig cppflags
configure:18248: result: -I/cross-tools/include
configure:18251: checking our pkgconfig ldflags
configure:18256: result: -L/cross-tools/lib
configure:18296: result: noninstalled pkgconfig -L /home/bert/build_qemu_images/clfs_cross_tools/system/alpha/sources/step_12_isl-0.12.2-build/.libs
configure:18331: result: noninstalled pkgconfig -I /home/bert/build_qemu_images/clfs_cross_tools/system/alpha/sources/step_12_isl-0.12.2-build/../isl-0.12.2/include
configure:18538: creating ./config.status

## ---------------------- ##
## Running config.status. ##
## ---------------------- ##

This file was extended by isl config.status 0.12.2, which was
generated by GNU Autoconf 2.69.  Invocation command line was

  CONFIG_FILES    = 
  CONFIG_HEADERS  = 
  CONFIG_LINKS    = 
  CONFIG_COMMANDS = 
  $ ./config.status 

on debian

config.status:1226: creating Makefile
config.status:1226: creating doc/Makefile
config.status:1226: creating bound_test.sh
config.status:1226: creating codegen_test.sh
config.status:1226: creating pip_test.sh
config.status:1226: creating isl_config.h
config.status:1226: creating include/isl/config.h
config.status:1440: executing depfiles commands
config.status:1440: executing libtool commands
config.status:1440: executing include/isl/stdint.h commands
config.status:2187: creating include/isl/stdint.h : _ISL_INCLUDE_ISL_STDINT_H
config.status:1440: executing isl.pc commands
config.status:2669: creating isl.pc.in
config.status:2692: creating isl.pc
config.status:2718: creating isl-uninstalled.pc
config.status:2748: creating isl-uninstalled.sh

## ---------------- ##
## Cache variables. ##
## ---------------- ##

ac_cv_build=x86_64-unknown-linux-gnu
ac_cv_c_compiler_gnu=yes
ac_cv_cxx_compiler_gnu=yes
ac_cv_env_CCC_set=
ac_cv_env_CCC_value=
ac_cv_env_CC_set=
ac_cv_env_CC_value=
ac_cv_env_CFLAGS_set=
ac_cv_env_CFLAGS_value=
ac_cv_env_CPPFLAGS_set=
ac_cv_env_CPPFLAGS_value=
ac_cv_env_CPP_set=
ac_cv_env_CPP_value=
ac_cv_env_CXXCPP_set=
ac_cv_env_CXXCPP_value=
ac_cv_env_CXXFLAGS_set=
ac_cv_env_CXXFLAGS_value=
ac_cv_env_CXX_set=
ac_cv_env_CXX_value=
ac_cv_env_LDFLAGS_set=set
ac_cv_env_LDFLAGS_value=-Wl,-rpath,/cross-tools/lib
ac_cv_env_LIBS_set=
ac_cv_env_LIBS_value=
ac_cv_env_build_alias_set=
ac_cv_env_build_alias_value=
ac_cv_env_host_alias_set=
ac_cv_env_host_alias_value=
ac_cv_env_target_alias_set=
ac_cv_env_target_alias_value=
ac_cv_have_decl___builtin_ffs=yes
ac_cv_have_decl_ffs=yes
ac_cv_have_decl_mp_get_memory_functions=yes
ac_cv_header_dlfcn_h=yes
ac_cv_header_gmp_h=yes
ac_cv_header_inttypes_h=yes
ac_cv_header_memory_h=yes
ac_cv_header_stdc=yes
ac_cv_header_stdint=stdint.h
ac_cv_header_stdint_h=yes
ac_cv_header_stdint_t=stdint.h
ac_cv_header_stdlib_h=yes
ac_cv_header_string_h=yes
ac_cv_header_strings_h=yes
ac_cv_header_sys_stat_h=yes
ac_cv_header_sys_types_h=yes
ac_cv_header_unistd_h=yes
ac_cv_host=x86_64-unknown-linux-gnu
ac_cv_lib_gmp_main=yes
ac_cv_objext=o
ac_cv_path_EGREP='/bin/grep -E'
ac_cv_path_FGREP='/bin/grep -F'
ac_cv_path_GREP=/bin/grep
ac_cv_path_SED=/bin/sed
ac_cv_path_install='/usr/bin/install -c'
ac_cv_path_mkdir=/bin/mkdir
ac_cv_prog_AWK=gawk
ac_cv_prog_CPP='gcc -E'
ac_cv_prog_CXXCPP='g++ -E'
ac_cv_prog_PERL=perl
ac_cv_prog_POD2HTML=pod2html
ac_cv_prog_ac_ct_AR=ar
ac_cv_prog_ac_ct_CC=gcc
ac_cv_prog_ac_ct_CXX=g++
ac_cv_prog_ac_ct_MANIFEST_TOOL=mt
ac_cv_prog_ac_ct_OBJDUMP=objdump
ac_cv_prog_ac_ct_RANLIB=ranlib
ac_cv_prog_ac_ct_STRIP=strip
ac_cv_prog_cc_c89=
ac_cv_prog_cc_g=yes
ac_cv_prog_cxx_g=yes
ac_cv_prog_make_make_set=yes
ac_cv_stdint_message='using gnu compiler gcc (Debian 4.9.2-10) 4.9.2'
ac_cv_stdint_result='(assuming C99 compatible system)'
am_cv_CC_dependencies_compiler_type=gcc3
am_cv_CXX_dependencies_compiler_type=gcc3
am_cv_make_support_nested_variables=yes
ax_cv___attribute__=yes
ax_cv_c_compiler_vendor=gnu
ax_cv_c_flags__O3__fomit_frame_pointer__malign_double__fstrict_aliasing__ffast_math=yes
ax_cv_c_flags__ffast_math=yes
ax_cv_c_flags__fstrict_aliasing=yes
ax_cv_c_flags__malign_double=yes
ax_cv_c_flags__march_pentium3=no
ax_cv_c_flags__march_pentiumpro=no
ax_cv_c_flags__mcpu_pentium3=no
ax_cv_c_flags__mcpu_pentiumpro=no
ax_cv_c_flags__mpentium3=no
ax_cv_c_flags__mpentiumpro=no
ax_cv_gcc_archflag=unknown
ax_cv_gcc_warn_unused_result=yes
ax_cv_gcc_x86_cpuid_0=d:756e6547:6c65746e:49656e69
ax_cv_gcc_x86_cpuid_1=1067a:2010800:8d282201:fabfbff
lt_cv_ar_at_file=@
lt_cv_archive_cmds_need_lc=no
lt_cv_deplibs_check_method=pass_all
lt_cv_file_magic_cmd='$MAGIC_CMD'
lt_cv_file_magic_test_file=
lt_cv_ld_reload_flag=-r
lt_cv_nm_interface='BSD nm'
lt_cv_objdir=.libs
lt_cv_path_LD=/usr/bin/ld
lt_cv_path_LDCXX='/usr/bin/ld -m elf_x86_64'
lt_cv_path_NM='/usr/bin/nm -B'
lt_cv_path_mainfest_tool=no
lt_cv_prog_compiler_c_o=yes
lt_cv_prog_compiler_c_o_CXX=yes
lt_cv_prog_compiler_pic='-fPIC -DPIC'
lt_cv_prog_compiler_pic_CXX='-fPIC -DPIC'
lt_cv_prog_compiler_pic_works=yes
lt_cv_prog_compiler_pic_works_CXX=yes
lt_cv_prog_compiler_rtti_exceptions=no
lt_cv_prog_compiler_static_works=yes
lt_cv_prog_compiler_static_works_CXX=yes
lt_cv_prog_gnu_ld=yes
lt_cv_prog_gnu_ldcxx=yes
lt_cv_sharedlib_from_linklib_cmd='printf %s\n'
lt_cv_shlibpath_overrides_runpath=no
lt_cv_sys_global_symbol_pipe='sed -n -e '\''s/^.*[	 ]\([ABCDGIRSTW][ABCDGIRSTW]*\)[	 ][	 ]*\([_A-Za-z][_A-Za-z0-9]*\)$/\1 \2 \2/p'\'' | sed '\''/ __gnu_lto/d'\'''
lt_cv_sys_global_symbol_to_c_name_address='sed -n -e '\''s/^: \(.*\) .*$/  {"\1", (void *) 0},/p'\'' -e '\''s/^[ABCDGIRSTW][ABCDGIRSTW]* .* \(.*\)$/  {"\1", (void *) \&\1},/p'\'''
lt_cv_sys_global_symbol_to_c_name_address_lib_prefix='sed -n -e '\''s/^: \(.*\) .*$/  {"\1", (void *) 0},/p'\'' -e '\''s/^[ABCDGIRSTW][ABCDGIRSTW]* .* \(lib.*\)$/  {"\1", (void *) \&\1},/p'\'' -e '\''s/^[ABCDGIRSTW][ABCDGIRSTW]* .* \(.*\)$/  {"lib\1", (void *) \&\1},/p'\'''
lt_cv_sys_global_symbol_to_cdecl='sed -n -e '\''s/^T .* \(.*\)$/extern int \1();/p'\'' -e '\''s/^[ABCDGIRSTW][ABCDGIRSTW]* .* \(.*\)$/extern char \1;/p'\'''
lt_cv_sys_global_symbol_to_import=
lt_cv_sys_max_cmd_len=1572864
lt_cv_to_host_file_cmd=func_convert_file_noop
lt_cv_to_tool_file_cmd=func_convert_file_noop

## ----------------- ##
## Output variables. ##
## ----------------- ##

ACLOCAL='${SHELL} /home/bert/build_qemu_images/clfs_cross_tools/system/alpha/sources/isl-0.12.2/missing --run aclocal-1.11'
AMDEPBACKSLASH='\'
AMDEP_FALSE='#'
AMDEP_TRUE=''
AMTAR='$${TAR-tar}'
AM_BACKSLASH='\'
AM_DEFAULT_V='$(AM_DEFAULT_VERBOSITY)'
AM_DEFAULT_VERBOSITY='0'
AM_V='$(V)'
AR='ar'
AUTOCONF='${SHELL} /home/bert/build_qemu_images/clfs_cross_tools/system/alpha/sources/isl-0.12.2/missing --run autoconf'
AUTOHEADER='${SHELL} /home/bert/build_qemu_images/clfs_cross_tools/system/alpha/sources/isl-0.12.2/missing --run autoheader'
AUTOMAKE='${SHELL} /home/bert/build_qemu_images/clfs_cross_tools/system/alpha/sources/isl-0.12.2/missing --run automake-1.11'
AWK='gawk'
CC='gcc'
CCDEPMODE='depmode=gcc3'
CFLAGS='-O3 -fomit-frame-pointer -malign-double -fstrict-aliasing -ffast-math'
CLANG_CXXFLAGS=''
CLANG_LDFLAGS=''
CLANG_LIBS=''
CPP='gcc -E'
CPPFLAGS=''
CXX='g++'
CXXCPP='g++ -E'
CXXDEPMODE='depmode=gcc3'
CXXFLAGS='-g -O2'
CYGPATH_W='echo'
DEFS='-DHAVE_CONFIG_H'
DEPDIR='.deps'
DLLTOOL='false'
DSYMUTIL=''
DUMPBIN=''
ECHO_C=''
ECHO_N='-n'
ECHO_T=''
EGREP='/bin/grep -E'
EXEEXT=''
FGREP='/bin/grep -F'
GENERATE_DOC_FALSE=''
GENERATE_DOC_TRUE='#'
GIT_HEAD=''
GIT_HEAD_ID='isl-0.12.2'
GIT_HEAD_VERSION='isl-0.12.2'
GMP_CPPFLAGS='-I/cross-tools/include'
GMP_LDFLAGS='-L/cross-tools/lib'
GMP_LIBS='-lgmp'
GREP='/bin/grep'
HAVE_CLANG_FALSE=''
HAVE_CLANG_TRUE='#'
HAVE_PIPLIB_FALSE=''
HAVE_PIPLIB_TRUE='#'
INSTALL_DATA='${INSTALL} -m 644'
INSTALL_PROGRAM='${INSTALL}'
INSTALL_SCRIPT='${INSTALL}'
INSTALL_STRIP_PROGRAM='$(install_sh) -c -s'
LD='/usr/bin/ld -m elf_x86_64'
LDFLAGS='-Wl,-rpath,/cross-tools/lib'
LIBOBJS=''
LIBS=''
LIBTOOL='$(SHELL) $(top_builddir)/libtool'
LIB_CLANG_EDIT=''
LIPO=''
LN_S='ln -s'
LTLIBOBJS=''
MAKEINFO='${SHELL} /home/bert/build_qemu_images/clfs_cross_tools/system/alpha/sources/isl-0.12.2/missing --run makeinfo'
MANIFEST_TOOL=':'
MKDIR_P='/bin/mkdir -p'
NEED_GET_MEMORY_FUNCTIONS_FALSE=''
NEED_GET_MEMORY_FUNCTIONS_TRUE='#'
NM='/usr/bin/nm -B'
NMEDIT=''
OBJDUMP='objdump'
OBJEXT='o'
OTOOL64=''
OTOOL=''
PACKAGE='isl'
PACKAGE_BUGREPORT='isl-development@googlegroups.com'
PACKAGE_NAME='isl'
PACKAGE_STRING='isl 0.12.2'
PACKAGE_TARNAME='isl'
PACKAGE_URL=''
PACKAGE_VERSION='0.12.2'
PATH_SEPARATOR=':'
PDFLATEX=''
PERL='perl'
PIPLIB_CPPFLAGS=''
PIPLIB_LDFLAGS=''
PIPLIB_LIBS=''
POD2HTML='pod2html'
PRTDIAG=''
RANLIB='ranlib'
SED='/bin/sed'
SET_MAKE=''
SHELL='/bin/bash'
STRIP='strip'
VERSION='0.12.2'
WARNING_FLAGS=''
ac_ct_AR='ar'
ac_ct_CC='gcc'
ac_ct_CXX='g++'
ac_ct_DUMPBIN=''
am__EXEEXT_FALSE=''
am__EXEEXT_TRUE='#'
am__fastdepCC_FALSE='#'
am__fastdepCC_TRUE=''
am__fastdepCXX_FALSE='#'
am__fastdepCXX_TRUE=''
am__include='include'
am__isrc=' -I$(srcdir)'
am__leading_dot='.'
am__nodep='_no'
am__quote=''
am__tar='$${TAR-tar} chof - "$$tardir"'
am__untar='$${TAR-tar} xf -'
bindir='${exec_prefix}/bin'
build='x86_64-unknown-linux-gnu'
build_alias=''
build_cpu='x86_64'
build_os='linux-gnu'
build_vendor='unknown'
datadir='${datarootdir}'
datarootdir='${prefix}/share'
docdir='${datarootdir}/doc/${PACKAGE_TARNAME}'
dvidir='${docdir}'
exec_prefix='${prefix}'
host='x86_64-unknown-linux-gnu'
host_alias=''
host_cpu='x86_64'
host_os='linux-gnu'
host_vendor='unknown'
htmldir='${docdir}'
includedir='${prefix}/include'
infodir='${datarootdir}/info'
install_sh='${SHELL} /home/bert/build_qemu_images/clfs_cross_tools/system/alpha/sources/isl-0.12.2/install-sh'
libdir='${exec_prefix}/lib'
libexecdir='${exec_prefix}/libexec'
llvm_config_found=''
localedir='${datarootdir}/locale'
localstatedir='${prefix}/var'
mandir='${datarootdir}/man'
mkdir_p='/bin/mkdir -p'
oldincludedir='/usr/include'
pdfdir='${docdir}'
pkgconfig_libdir='${libdir}/pkgconfig'
pkgconfig_libfile='isl.pc'
prefix='/cross-tools'
program_transform_name='s,x,x,'
psdir='${docdir}'
sbindir='${exec_prefix}/sbin'
sharedstatedir='${prefix}/com'
sysconfdir='${prefix}/etc'
target_alias=''
versioninfo='12:2:2'

## ----------- ##
## confdefs.h. ##
## ----------- ##

/* confdefs.h */
#define PACKAGE_NAME "isl"
#define PACKAGE_TARNAME "isl"
#define PACKAGE_VERSION "0.12.2"
#define PACKAGE_STRING "isl 0.12.2"
#define PACKAGE_BUGREPORT "isl-development@googlegroups.com"
#define PACKAGE_URL ""
#define PACKAGE "isl"
#define VERSION "0.12.2"
#define GCC_WARN_UNUSED_RESULT __attribute__((__warn_unused_result__))
#define HAVE___ATTRIBUTE__ 1
#define STDC_HEADERS 1
#define HAVE_SYS_TYPES_H 1
#define HAVE_SYS_STAT_H 1
#define HAVE_STDLIB_H 1
#define HAVE_STRING_H 1
#define HAVE_MEMORY_H 1
#define HAVE_STRINGS_H 1
#define HAVE_INTTYPES_H 1
#define HAVE_STDINT_H 1
#define HAVE_UNISTD_H 1
#define HAVE_DLFCN_H 1
#define LT_OBJDIR ".libs/"
#define HAVE_LIBGMP 1
#define HAVE_DECL_MP_GET_MEMORY_FUNCTIONS 1
#define HAVE_DECL_FFS 1
#define HAVE_DECL___BUILTIN_FFS 1

configure: exit 0
