Making all in .
make[1]: Entering directory '/home/bert/build_qemu_images/clfs_cross_tools/system/mips64-64/sources/step_13_cloog-0.18.2-build'
  CC     libcloog_isl_la-block.lo
  CC     libcloog_isl_la-clast.lo
  CC     libcloog_isl_la-matrix.lo
  CC     libcloog_isl_la-state.lo
  CC     libcloog_isl_la-input.lo
  CC     libcloog_isl_la-int.lo
  CC     libcloog_isl_la-loop.lo
  CC     libcloog_isl_la-names.lo
  CC     libcloog_isl_la-options.lo
  CC     libcloog_isl_la-pprint.lo
  CC     libcloog_isl_la-program.lo
  CC     libcloog_isl_la-statement.lo
  CC     libcloog_isl_la-stride.lo
  CC     libcloog_isl_la-union_domain.lo
  CC     libcloog_isl_la-version.lo
  CC     libcloog_isl_la-domain.lo
  CC     libcloog_isl_la-constraints.lo
  CC     libcloog_isl_la-backend.lo
  CCLD   libcloog-isl.la
  CC     cloog.o
  CCLD   cloog
make[1]: Leaving directory '/home/bert/build_qemu_images/clfs_cross_tools/system/mips64-64/sources/step_13_cloog-0.18.2-build'
Making all in doc
make[1]: Entering directory '/home/bert/build_qemu_images/clfs_cross_tools/system/mips64-64/sources/step_13_cloog-0.18.2-build/doc'
make[1]: Nothing to be done for 'all'.
make[1]: Leaving directory '/home/bert/build_qemu_images/clfs_cross_tools/system/mips64-64/sources/step_13_cloog-0.18.2-build/doc'
Making all in test
make[1]: Entering directory '/home/bert/build_qemu_images/clfs_cross_tools/system/mips64-64/sources/step_13_cloog-0.18.2-build/test'
  CC     generate_test.o
cd ..; make  libcloog-isl.la
make[2]: Entering directory '/home/bert/build_qemu_images/clfs_cross_tools/system/mips64-64/sources/step_13_cloog-0.18.2-build'
make[2]: 'libcloog-isl.la' is up to date.
make[2]: Leaving directory '/home/bert/build_qemu_images/clfs_cross_tools/system/mips64-64/sources/step_13_cloog-0.18.2-build'
  CCLD   generate_test
make[1]: Leaving directory '/home/bert/build_qemu_images/clfs_cross_tools/system/mips64-64/sources/step_13_cloog-0.18.2-build/test'
